[INFO] 07:48:42 CommApplication - Loading configuration at C:\Users\Gerar\Desktop\ServerSetup - Copy\PhotonRealtimeServer\UberStrok.Realtime.Server.Comm\bin\uberstrok.realtime.server.json
[INFO] 07:48:42 CommApplication - uberstrok.realtime.server.json loaded ->
[INFO] 07:48:42 CommApplication - 	CompositeHashes(0)
[INFO] 07:48:42 CommApplication - 	JunkHashes(0)
[INFO] 07:48:42 CommApplication - 	HeartbeatTimeout = 5
[INFO] 07:48:42 CommApplication - 	HeartbeatInterval = 5
[DEBUG] 07:48:42 SocketCommunicaion - Starting web socket.
[DEBUG] 07:48:42 SocketCommunicaion - Web Socket Initialised
[INFO] 07:48:44 CommApplication - Setup CommApplication... Complete
[INFO] 07:49:12 CommApplication - Accepted new connection at 127.0.0.1:65048.
[INFO] 07:49:12 CommPeer - Authenticating AAAAJwAAAABl0/cG:02ab143681602ecd45697e28046b2b0727a5cb4230c145b30fedae4cf3dc509d at 127.0.0.1:65048
[DEBUG] 07:49:12 CommPeer - Retrieving User from http://127.0.0.1:5000/2.0/
[DEBUG] 07:49:12 LobbyRoom - CommPeer joined the room 39
[ERROR] 07:49:13 CommPeer - Error while handling request on CommPeerOperationHandler -> :1
System.IO.DirectoryNotFoundException: Could not find a part of the path 'C:\UberBeatDB\Database.json'.
   at System.IO.__Error.WinIOError(Int32 errorCode, String maybeFullPath)
   at System.IO.FileStream.Init(String path, FileMode mode, FileAccess access, Int32 rights, Boolean useRights, FileShare share, Int32 bufferSize, FileOptions options, SECURITY_ATTRIBUTES secAttrs, String msgPath, Boolean bFromProxy, Boolean useLongPath, Boolean checkHost)
   at System.IO.FileStream..ctor(String path, FileMode mode, FileAccess access, FileShare share, Int32 bufferSize, FileOptions options, String msgPath, Boolean bFromProxy, Boolean useLongPath, Boolean checkHost)
   at System.IO.StreamWriter.CreateFile(String path, Boolean append, Boolean checkHost)
   at System.IO.StreamWriter..ctor(String path, Boolean append, Encoding encoding, Int32 bufferSize, Boolean checkHost)
   at System.IO.File.InternalWriteAllText(String path, String contents, Encoding encoding, Boolean checkHost)
   at UberStrok.Realtime.Server.Comm.UberBeat.UberBeatManager..ctor() in C:\Users\Gerar\Desktop\UberServer-4.8.7-discord-alts-fix\src\UberStrok.Realtime.Server.Comm\UberBeat\UberBeatManager.cs:line 66
   at UberStrok.Realtime.Server.Comm.LobbyRoom.CheckMute(CommPeer peer, Boolean nottick) in C:\Users\Gerar\Desktop\UberServer-4.8.7-discord-alts-fix\src\UberStrok.Realtime.Server.Comm\LobbyRoom.cs:line 80
   at UberStrok.Realtime.Server.Comm.LobbyRoom.Join(CommPeer peer) in C:\Users\Gerar\Desktop\UberServer-4.8.7-discord-alts-fix\src\UberStrok.Realtime.Server.Comm\LobbyRoom.cs:line 59
   at UberStrok.Realtime.Server.Comm.CommPeerOperationHandler.OnAuthenticationRequest(CommPeer peer, String authToken, String magicHash, Boolean isMac) in C:\Users\Gerar\Desktop\UberServer-4.8.7-discord-alts-fix\src\UberStrok.Realtime.Server.Comm\CommPeerOperationHandler.cs:line 27
   at UberStrok.Realtime.Server.Comm.BaseCommPeerOperationHandler.AuthenticationRequest(CommPeer peer, MemoryStream bytes) in C:\Users\Gerar\Desktop\UberServer-4.8.7-discord-alts-fix\src\UberStrok.Realtime.Server.Comm\Core\BaseCommPeerOperationHandler.cs:line 44
   at UberStrok.Realtime.Server.Comm.BaseCommPeerOperationHandler.OnOperationRequest(CommPeer peer, Byte opCode, MemoryStream bytes) in C:\Users\Gerar\Desktop\UberServer-4.8.7-discord-alts-fix\src\UberStrok.Realtime.Server.Comm\Core\BaseCommPeerOperationHandler.cs:line 25
   at OperationHandler`1.OnOperationRequest(Peer peer, Byte opCode, MemoryStream bytes) in C:\Users\Gerar\Desktop\UberServer-4.8.7-discord-alts-fix\src\UberStrok.Realtime.Server\OperationHandler.cs:line 44
   at Peer.OnOperationRequest(OperationRequest operationRequest, SendParameters sendParameters) in C:\Users\Gerar\Desktop\UberServer-4.8.7-discord-alts-fix\src\UberStrok.Realtime.Server\Peer.cs:line 233
[DEBUG] 07:49:32 LobbyRoom - Command executed by User Venom Phoenix:?msg all Wow
[ERROR] 07:49:40 CommPeer - Error while handling request on LobbyRoom -> :26
System.NotImplementedException: The method or operation is not implemented.
   at UberStrok.Realtime.Server.Comm.LobbyRoom.OnUpdateContacts(CommPeer peer) in C:\Users\Gerar\Desktop\UberServer-4.8.7-discord-alts-fix\src\UberStrok.Realtime.Server.Comm\LobbyRoom.Handler.cs:line 644
   at UberStrok.Realtime.Server.Comm.BaseLobbyRoomOperationHandler.UpdateContacts(CommPeer peer, MemoryStream bytes) in C:\Users\Gerar\Desktop\UberServer-4.8.7-discord-alts-fix\src\UberStrok.Realtime.Server.Comm\Core\BaseLobbyRoomOperationHandler.cs:line 342
   at UberStrok.Realtime.Server.Comm.BaseLobbyRoomOperationHandler.OnOperationRequest(CommPeer peer, Byte opCode, MemoryStream bytes) in C:\Users\Gerar\Desktop\UberServer-4.8.7-discord-alts-fix\src\UberStrok.Realtime.Server.Comm\Core\BaseLobbyRoomOperationHandler.cs:line 152
   at OperationHandler`1.OnOperationRequest(Peer peer, Byte opCode, MemoryStream bytes) in C:\Users\Gerar\Desktop\UberServer-4.8.7-discord-alts-fix\src\UberStrok.Realtime.Server\OperationHandler.cs:line 44
   at Peer.OnOperationRequest(OperationRequest operationRequest, SendParameters sendParameters) in C:\Users\Gerar\Desktop\UberServer-4.8.7-discord-alts-fix\src\UberStrok.Realtime.Server\Peer.cs:line 233
[DEBUG] 07:49:49 LobbyRoom - Command executed by User Venom Phoenix:?ban 39
[DEBUG] 07:50:01 LobbyRoom - Command executed by User Venom Phoenix:?ban 1
[ERROR] 07:50:01 LobbyRoom - Failed to ban user.
System.NullReferenceException: Object reference not set to an instance of an object.
   at UberStrok.Realtime.Server.Comm.LobbyRoom.DoBan(CommPeer peer, Int32 cmid) in C:\Users\Gerar\Desktop\UberServer-4.8.7-discord-alts-fix\src\UberStrok.Realtime.Server.Comm\LobbyRoom.Handler.cs:line 652
[DEBUG] 07:50:05 LobbyRoom - Command executed by User Venom Phoenix:?ban 2
[ERROR] 07:50:05 LobbyRoom - Failed to ban user.
System.NullReferenceException: Object reference not set to an instance of an object.
   at UberStrok.Realtime.Server.Comm.LobbyRoom.DoBan(CommPeer peer, Int32 cmid) in C:\Users\Gerar\Desktop\UberServer-4.8.7-discord-alts-fix\src\UberStrok.Realtime.Server.Comm\LobbyRoom.Handler.cs:line 652
[ERROR] 07:50:10 CommPeer - Error while handling request on LobbyRoom -> :26
System.NotImplementedException: The method or operation is not implemented.
   at UberStrok.Realtime.Server.Comm.LobbyRoom.OnUpdateContacts(CommPeer peer) in C:\Users\Gerar\Desktop\UberServer-4.8.7-discord-alts-fix\src\UberStrok.Realtime.Server.Comm\LobbyRoom.Handler.cs:line 644
   at UberStrok.Realtime.Server.Comm.BaseLobbyRoomOperationHandler.UpdateContacts(CommPeer peer, MemoryStream bytes) in C:\Users\Gerar\Desktop\UberServer-4.8.7-discord-alts-fix\src\UberStrok.Realtime.Server.Comm\Core\BaseLobbyRoomOperationHandler.cs:line 342
   at UberStrok.Realtime.Server.Comm.BaseLobbyRoomOperationHandler.OnOperationRequest(CommPeer peer, Byte opCode, MemoryStream bytes) in C:\Users\Gerar\Desktop\UberServer-4.8.7-discord-alts-fix\src\UberStrok.Realtime.Server.Comm\Core\BaseLobbyRoomOperationHandler.cs:line 152
   at OperationHandler`1.OnOperationRequest(Peer peer, Byte opCode, MemoryStream bytes) in C:\Users\Gerar\Desktop\UberServer-4.8.7-discord-alts-fix\src\UberStrok.Realtime.Server\OperationHandler.cs:line 44
   at Peer.OnOperationRequest(OperationRequest operationRequest, SendParameters sendParameters) in C:\Users\Gerar\Desktop\UberServer-4.8.7-discord-alts-fix\src\UberStrok.Realtime.Server\Peer.cs:line 233
[ERROR] 07:50:40 CommPeer - Error while handling request on LobbyRoom -> :26
System.NotImplementedException: The method or operation is not implemented.
   at UberStrok.Realtime.Server.Comm.LobbyRoom.OnUpdateContacts(CommPeer peer) in C:\Users\Gerar\Desktop\UberServer-4.8.7-discord-alts-fix\src\UberStrok.Realtime.Server.Comm\LobbyRoom.Handler.cs:line 644
   at UberStrok.Realtime.Server.Comm.BaseLobbyRoomOperationHandler.UpdateContacts(CommPeer peer, MemoryStream bytes) in C:\Users\Gerar\Desktop\UberServer-4.8.7-discord-alts-fix\src\UberStrok.Realtime.Server.Comm\Core\BaseLobbyRoomOperationHandler.cs:line 342
   at UberStrok.Realtime.Server.Comm.BaseLobbyRoomOperationHandler.OnOperationRequest(CommPeer peer, Byte opCode, MemoryStream bytes) in C:\Users\Gerar\Desktop\UberServer-4.8.7-discord-alts-fix\src\UberStrok.Realtime.Server.Comm\Core\BaseLobbyRoomOperationHandler.cs:line 152
   at OperationHandler`1.OnOperationRequest(Peer peer, Byte opCode, MemoryStream bytes) in C:\Users\Gerar\Desktop\UberServer-4.8.7-discord-alts-fix\src\UberStrok.Realtime.Server\OperationHandler.cs:line 44
   at Peer.OnOperationRequest(OperationRequest operationRequest, SendParameters sendParameters) in C:\Users\Gerar\Desktop\UberServer-4.8.7-discord-alts-fix\src\UberStrok.Realtime.Server\Peer.cs:line 233
[ERROR] 07:51:10 CommPeer - Error while handling request on LobbyRoom -> :26
System.NotImplementedException: The method or operation is not implemented.
   at UberStrok.Realtime.Server.Comm.LobbyRoom.OnUpdateContacts(CommPeer peer) in C:\Users\Gerar\Desktop\UberServer-4.8.7-discord-alts-fix\src\UberStrok.Realtime.Server.Comm\LobbyRoom.Handler.cs:line 644
   at UberStrok.Realtime.Server.Comm.BaseLobbyRoomOperationHandler.UpdateContacts(CommPeer peer, MemoryStream bytes) in C:\Users\Gerar\Desktop\UberServer-4.8.7-discord-alts-fix\src\UberStrok.Realtime.Server.Comm\Core\BaseLobbyRoomOperationHandler.cs:line 342
   at UberStrok.Realtime.Server.Comm.BaseLobbyRoomOperationHandler.OnOperationRequest(CommPeer peer, Byte opCode, MemoryStream bytes) in C:\Users\Gerar\Desktop\UberServer-4.8.7-discord-alts-fix\src\UberStrok.Realtime.Server.Comm\Core\BaseLobbyRoomOperationHandler.cs:line 152
   at OperationHandler`1.OnOperationRequest(Peer peer, Byte opCode, MemoryStream bytes) in C:\Users\Gerar\Desktop\UberServer-4.8.7-discord-alts-fix\src\UberStrok.Realtime.Server\OperationHandler.cs:line 44
   at Peer.OnOperationRequest(OperationRequest operationRequest, SendParameters sendParameters) in C:\Users\Gerar\Desktop\UberServer-4.8.7-discord-alts-fix\src\UberStrok.Realtime.Server\Peer.cs:line 233
[DEBUG] 07:51:21 LobbyRoom - Command executed by User Venom Phoenix:?unban 160
[ERROR] 07:51:21 LobbyRoom - Failed to ban user.
System.NullReferenceException: Object reference not set to an instance of an object.
   at UberStrok.Realtime.Server.Comm.LobbyRoom.DoUnban(CommPeer peer, Int32 cmid) in C:\Users\Gerar\Desktop\UberServer-4.8.7-discord-alts-fix\src\UberStrok.Realtime.Server.Comm\LobbyRoom.Handler.cs:line 685
[ERROR] 07:51:40 CommPeer - Error while handling request on LobbyRoom -> :26
System.NotImplementedException: The method or operation is not implemented.
   at UberStrok.Realtime.Server.Comm.LobbyRoom.OnUpdateContacts(CommPeer peer) in C:\Users\Gerar\Desktop\UberServer-4.8.7-discord-alts-fix\src\UberStrok.Realtime.Server.Comm\LobbyRoom.Handler.cs:line 644
   at UberStrok.Realtime.Server.Comm.BaseLobbyRoomOperationHandler.UpdateContacts(CommPeer peer, MemoryStream bytes) in C:\Users\Gerar\Desktop\UberServer-4.8.7-discord-alts-fix\src\UberStrok.Realtime.Server.Comm\Core\BaseLobbyRoomOperationHandler.cs:line 342
   at UberStrok.Realtime.Server.Comm.BaseLobbyRoomOperationHandler.OnOperationRequest(CommPeer peer, Byte opCode, MemoryStream bytes) in C:\Users\Gerar\Desktop\UberServer-4.8.7-discord-alts-fix\src\UberStrok.Realtime.Server.Comm\Core\BaseLobbyRoomOperationHandler.cs:line 152
   at OperationHandler`1.OnOperationRequest(Peer peer, Byte opCode, MemoryStream bytes) in C:\Users\Gerar\Desktop\UberServer-4.8.7-discord-alts-fix\src\UberStrok.Realtime.Server\OperationHandler.cs:line 44
   at Peer.OnOperationRequest(OperationRequest operationRequest, SendParameters sendParameters) in C:\Users\Gerar\Desktop\UberServer-4.8.7-discord-alts-fix\src\UberStrok.Realtime.Server\Peer.cs:line 233
[INFO] 07:51:56 CommApplication - TearDown CommApplication... Complete
[INFO] 07:51:56 LobbyRoom - 39 Disconnected ManagedDisconnect -> 
[DEBUG] 07:51:56 LobbyRoom - CommPeer left the room 39
