[INFO] 09:43:08 CommApplication - Loading configuration at C:\Users\Gerar\Desktop\LocalHostUberStrikeServer\UberServer-4.8.7\ServerSetup\PhotonRealtimeServer\UberStrok.Realtime.Server.Comm\bin\uberstrok.realtime.server.json
[INFO] 09:43:08 CommApplication - uberstrok.realtime.server.json loaded ->
[INFO] 09:43:08 CommApplication - 	CompositeHashes(0)
[INFO] 09:43:08 CommApplication - 	JunkHashes(0)
[INFO] 09:43:08 CommApplication - 	HeartbeatTimeout = 5
[INFO] 09:43:08 CommApplication - 	HeartbeatInterval = 5
[DEBUG] 09:43:08 SocketCommunicaion - Starting web socket.
[DEBUG] 09:43:08 SocketCommunicaion - Web Socket Initialised
[INFO] 09:43:09 CommApplication - Setup CommApplication... Complete
[INFO] 09:43:22 CommApplication - Accepted new connection at 127.0.0.1:49679.
[INFO] 09:43:22 CommPeer - Authenticating AAAAJwAAAABlqzD5:d766e56d57f0a0cbbb4b411acd20c05cab9d64472f6d79f4cf92043e0ecc9109 at 127.0.0.1:49679
[DEBUG] 09:43:23 CommPeer - Retrieving User from http://127.0.0.1:5000/2.0/
[DEBUG] 09:43:23 LobbyRoom - CommPeer joined the room 39
[ERROR] 09:43:23 CommPeer - Error while handling request on CommPeerOperationHandler -> :1
System.IO.DirectoryNotFoundException: Could not find a part of the path 'C:\UberBeatDB\Database.json'.
   at System.IO.__Error.WinIOError(Int32 errorCode, String maybeFullPath)
   at System.IO.FileStream.Init(String path, FileMode mode, FileAccess access, Int32 rights, Boolean useRights, FileShare share, Int32 bufferSize, FileOptions options, SECURITY_ATTRIBUTES secAttrs, String msgPath, Boolean bFromProxy, Boolean useLongPath, Boolean checkHost)
   at System.IO.FileStream..ctor(String path, FileMode mode, FileAccess access, FileShare share, Int32 bufferSize, FileOptions options, String msgPath, Boolean bFromProxy, Boolean useLongPath, Boolean checkHost)
   at System.IO.StreamWriter.CreateFile(String path, Boolean append, Boolean checkHost)
   at System.IO.StreamWriter..ctor(String path, Boolean append, Encoding encoding, Int32 bufferSize, Boolean checkHost)
   at System.IO.File.InternalWriteAllText(String path, String contents, Encoding encoding, Boolean checkHost)
   at UberStrok.Realtime.Server.Comm.UberBeat.UberBeatManager..ctor() in C:\Users\Gerar\Desktop\LocalHostUberStrikeServer\UberServer-4.8.7\src\UberStrok.Realtime.Server.Comm\UberBeat\UberBeatManager.cs:line 44
   at UberStrok.Realtime.Server.Comm.LobbyRoom.CheckMute(CommPeer peer, Boolean nottick) in C:\Users\Gerar\Desktop\LocalHostUberStrikeServer\UberServer-4.8.7\src\UberStrok.Realtime.Server.Comm\LobbyRoom.cs:line 80
   at UberStrok.Realtime.Server.Comm.LobbyRoom.Join(CommPeer peer) in C:\Users\Gerar\Desktop\LocalHostUberStrikeServer\UberServer-4.8.7\src\UberStrok.Realtime.Server.Comm\LobbyRoom.cs:line 59
   at UberStrok.Realtime.Server.Comm.CommPeerOperationHandler.OnAuthenticationRequest(CommPeer peer, String authToken, String magicHash, Boolean isMac) in C:\Users\Gerar\Desktop\LocalHostUberStrikeServer\UberServer-4.8.7\src\UberStrok.Realtime.Server.Comm\CommPeerOperationHandler.cs:line 27
   at UberStrok.Realtime.Server.Comm.BaseCommPeerOperationHandler.AuthenticationRequest(CommPeer peer, MemoryStream bytes) in C:\Users\Gerar\Desktop\LocalHostUberStrikeServer\UberServer-4.8.7\src\UberStrok.Realtime.Server.Comm\Core\BaseCommPeerOperationHandler.cs:line 44
   at UberStrok.Realtime.Server.Comm.BaseCommPeerOperationHandler.OnOperationRequest(CommPeer peer, Byte opCode, MemoryStream bytes) in C:\Users\Gerar\Desktop\LocalHostUberStrikeServer\UberServer-4.8.7\src\UberStrok.Realtime.Server.Comm\Core\BaseCommPeerOperationHandler.cs:line 25
   at OperationHandler`1.OnOperationRequest(Peer peer, Byte opCode, MemoryStream bytes) in C:\Users\Gerar\Desktop\LocalHostUberStrikeServer\UberServer-4.8.7\src\UberStrok.Realtime.Server\OperationHandler.cs:line 44
   at Peer.OnOperationRequest(OperationRequest operationRequest, SendParameters sendParameters) in C:\Users\Gerar\Desktop\LocalHostUberStrikeServer\UberServer-4.8.7\src\UberStrok.Realtime.Server\Peer.cs:line 233
[DEBUG] 09:43:30 LobbyRoom - Command executed by User Cryophoenix:?help
[DEBUG] 09:43:37 LobbyRoom - Command executed by User Cryophoenix:?ban 2
[ERROR] 09:43:37 LobbyRoom - Failed to ban user.
System.NullReferenceException: Object reference not set to an instance of an object.
   at UberStrok.Realtime.Server.Comm.LobbyRoom.DoBan(CommPeer peer, Int32 cmid) in C:\Users\Gerar\Desktop\LocalHostUberStrikeServer\UberServer-4.8.7\src\UberStrok.Realtime.Server.Comm\LobbyRoom.Handler.cs:line 653
[DEBUG] 09:43:45 LobbyRoom - Command executed by User Cryophoenix:?ban 39
[ERROR] 09:43:51 CommPeer - Error while handling request on LobbyRoom -> :26
System.NotImplementedException: The method or operation is not implemented.
   at UberStrok.Realtime.Server.Comm.LobbyRoom.OnUpdateContacts(CommPeer peer) in C:\Users\Gerar\Desktop\LocalHostUberStrikeServer\UberServer-4.8.7\src\UberStrok.Realtime.Server.Comm\LobbyRoom.Handler.cs:line 643
   at UberStrok.Realtime.Server.Comm.BaseLobbyRoomOperationHandler.UpdateContacts(CommPeer peer, MemoryStream bytes) in C:\Users\Gerar\Desktop\LocalHostUberStrikeServer\UberServer-4.8.7\src\UberStrok.Realtime.Server.Comm\Core\BaseLobbyRoomOperationHandler.cs:line 342
   at UberStrok.Realtime.Server.Comm.BaseLobbyRoomOperationHandler.OnOperationRequest(CommPeer peer, Byte opCode, MemoryStream bytes) in C:\Users\Gerar\Desktop\LocalHostUberStrikeServer\UberServer-4.8.7\src\UberStrok.Realtime.Server.Comm\Core\BaseLobbyRoomOperationHandler.cs:line 152
   at OperationHandler`1.OnOperationRequest(Peer peer, Byte opCode, MemoryStream bytes) in C:\Users\Gerar\Desktop\LocalHostUberStrikeServer\UberServer-4.8.7\src\UberStrok.Realtime.Server\OperationHandler.cs:line 44
   at Peer.OnOperationRequest(OperationRequest operationRequest, SendParameters sendParameters) in C:\Users\Gerar\Desktop\LocalHostUberStrikeServer\UberServer-4.8.7\src\UberStrok.Realtime.Server\Peer.cs:line 233
[DEBUG] 09:44:12 LobbyRoom - Command executed by User Cryophoenix:?msg all Wow
[ERROR] 09:44:21 CommPeer - Error while handling request on LobbyRoom -> :26
System.NotImplementedException: The method or operation is not implemented.
   at UberStrok.Realtime.Server.Comm.LobbyRoom.OnUpdateContacts(CommPeer peer) in C:\Users\Gerar\Desktop\LocalHostUberStrikeServer\UberServer-4.8.7\src\UberStrok.Realtime.Server.Comm\LobbyRoom.Handler.cs:line 643
   at UberStrok.Realtime.Server.Comm.BaseLobbyRoomOperationHandler.UpdateContacts(CommPeer peer, MemoryStream bytes) in C:\Users\Gerar\Desktop\LocalHostUberStrikeServer\UberServer-4.8.7\src\UberStrok.Realtime.Server.Comm\Core\BaseLobbyRoomOperationHandler.cs:line 342
   at UberStrok.Realtime.Server.Comm.BaseLobbyRoomOperationHandler.OnOperationRequest(CommPeer peer, Byte opCode, MemoryStream bytes) in C:\Users\Gerar\Desktop\LocalHostUberStrikeServer\UberServer-4.8.7\src\UberStrok.Realtime.Server.Comm\Core\BaseLobbyRoomOperationHandler.cs:line 152
   at OperationHandler`1.OnOperationRequest(Peer peer, Byte opCode, MemoryStream bytes) in C:\Users\Gerar\Desktop\LocalHostUberStrikeServer\UberServer-4.8.7\src\UberStrok.Realtime.Server\OperationHandler.cs:line 44
   at Peer.OnOperationRequest(OperationRequest operationRequest, SendParameters sendParameters) in C:\Users\Gerar\Desktop\LocalHostUberStrikeServer\UberServer-4.8.7\src\UberStrok.Realtime.Server\Peer.cs:line 233
[DEBUG] 09:44:25 LobbyRoom - Command executed by User Cryophoenix:?msg 39 Wow
[INFO] 09:45:03 LobbyRoom - 39 Disconnected TimeoutDisconnect -> 
000000000E5FF3B0 Sent: 162661250 now: 162688703 (diff: 27453 >= max: 30000) new rtt timeout: 3200 since last touch:28469
Disc: Seq: 54 CH: 255 RTT: 7 VAR: 7 Now: 162688703 Sent: 162661250 Diff: 27453 Resends: 9
Resend: Seq: 54 CH: 255 RTT: 7 VAR: 7 Now: 162684640 Timeout: 3200 Resend: 9
Resend: Seq: 54 CH: 255 RTT: 7 VAR: 7 Now: 162680578 Timeout: 3200 Resend: 8
Resend: Seq: 54 CH: 255 RTT: 7 VAR: 7 Now: 162676515 Timeout: 3200 Resend: 7
Resend: Seq: 54 CH: 255 RTT: 7 VAR: 7 Now: 162672453 Timeout: 3200 Resend: 6
Resend: Seq: 54 CH: 255 RTT: 7 VAR: 7 Now: 162668390 Timeout: 3200 Resend: 5
Resend: Seq: 54 CH: 255 RTT: 7 VAR: 7 Now: 162664328 Timeout: 3200 Resend: 4
Resend: Seq: 54 CH: 255 RTT: 7 VAR: 7 Now: 162662703 Timeout: 1600 Resend: 3
Resend: Seq: 54 CH: 255 RTT: 7 VAR: 7 Now: 162661890 Timeout: 800 Resend: 2
Resend: Seq: 54 CH: 255 RTT: 7 VAR: 7 Now: 162661468 Timeout: 400 Resend: 1
   ACK: Seq: 53 CH: 255 RTT: 7 VAR: 7 Now: 162660234 Sent: 162660234 Diff: 0
   ACK: Seq: 52 CH: 255 RTT: 7 VAR: 7 Now: 162659187 Sent: 162659187 Diff: 0
   ACK: Seq: 51 CH: 255 RTT: 7 VAR: 7 Now: 162658140 Sent: 162658140 Diff: 0
   ACK: Seq: 50 CH: 255 RTT: 7 VAR: 7 Now: 162656234 Sent: 162656234 Diff: 0
   ACK: Seq: 49 CH: 255 RTT: 7 VAR: 7 Now: 162655203 Sent: 162655203 Diff: 0
   ACK: Seq: 48 CH: 255 RTT: 7 VAR: 7 Now: 162654171 Sent: 162654171 Diff: 0
   ACK: Seq: 47 CH: 255 RTT: 7 VAR: 7 Now: 162653140 Sent: 162653140 Diff: 0
   ACK: Seq: 46 CH: 255 RTT: 7 VAR: 7 Now: 162651765 Sent: 162651765 Diff: 0
   ACK: Seq: 24 CH: 0 RTT: 7 VAR: 7 Now: 162650750 Sent: 162650750 Diff: 0
   ACK: Seq: 23 CH: 0 RTT: 7 VAR: 7 Now: 162650750 Sent: 162650750 Diff: 0
   ACK: Seq: 45 CH: 255 RTT: 7 VAR: 7 Now: 162650578 Sent: 162650578 Diff: 0
   ACK: Seq: 44 CH: 255 RTT: 7 VAR: 7 Now: 162649546 Sent: 162649546 Diff: 0
   ACK: Seq: 43 CH: 255 RTT: 7 VAR: 7 Now: 162648125 Sent: 162648125 Diff: 0
   ACK: Seq: 42 CH: 255 RTT: 7 VAR: 7 Now: 162646234 Sent: 162646234 Diff: 0
   ACK: Seq: 41 CH: 255 RTT: 7 VAR: 7 Now: 162645187 Sent: 162645187 Diff: 0
   ACK: Seq: 40 CH: 255 RTT: 7 VAR: 7 Now: 162644156 Sent: 162644156 Diff: 0
   ACK: Seq: 39 CH: 255 RTT: 7 VAR: 7 Now: 162643125 Sent: 162643125 Diff: 0
   ACK: Seq: 38 CH: 255 RTT: 7 VAR: 7 Now: 162641343 Sent: 162641343 Diff: 0
   ACK: Seq: 37 CH: 255 RTT: 7 VAR: 7 Now: 162640296 Sent: 162640296 Diff: 0
   ACK: Seq: 22 CH: 0 RTT: 7 VAR: 7 Now: 162638265 Sent: 162638265 Diff: 0
   ACK: Seq: 36 CH: 255 RTT: 7 VAR: 7 Now: 162638125 Sent: 162638125 Diff: 0
   ACK: Seq: 35 CH: 255 RTT: 7 VAR: 7 Now: 162636250 Sent: 162636250 Diff: 0
   ACK: Seq: 34 CH: 255 RTT: 7 VAR: 7 Now: 162635218 Sent: 162635218 Diff: 0
   ACK: Seq: 33 CH: 255 RTT: 7 VAR: 7 Now: 162634187 Sent: 162634187 Diff: 0
   ACK: Seq: 32 CH: 255 RTT: 7 VAR: 7 Now: 162633156 Sent: 162633156 Diff: 0
   ACK: Seq: 31 CH: 255 RTT: 7 VAR: 7 Now: 162631250 Sent: 162631250 Diff: 0
   ACK: Seq: 30 CH: 255 RTT: 7 VAR: 7 Now: 162630218 Sent: 162630218 Diff: 0
   ACK: Seq: 29 CH: 255 RTT: 7 VAR: 7 Now: 162629187 Sent: 162629187 Diff: 0
   ACK: Seq: 28 CH: 255 RTT: 7 VAR: 7 Now: 162628140 Sent: 162628140 Diff: 0
   ACK: Seq: 27 CH: 255 RTT: 7 VAR: 7 Now: 162626234 Sent: 162626234 Diff: 0
   ACK: Seq: 26 CH: 255 RTT: 7 VAR: 7 Now: 162625203 Sent: 162625203 Diff: 0
   ACK: Seq: 25 CH: 255 RTT: 7 VAR: 7 Now: 162624171 Sent: 162624171 Diff: 0
   ACK: Seq: 24 CH: 255 RTT: 7 VAR: 7 Now: 162623125 Sent: 162623125 Diff: 0
   ACK: Seq: 23 CH: 255 RTT: 7 VAR: 7 Now: 162621625 Sent: 162621625 Diff: 0
   ACK: Seq: 22 CH: 255 RTT: 7 VAR: 7 Now: 162620593 Sent: 162620593 Diff: 0
   ACK: Seq: 21 CH: 255 RTT: 7 VAR: 7 Now: 162619562 Sent: 162619562 Diff: 0
   ACK: Seq: 20 CH: 255 RTT: 7 VAR: 7 Now: 162618156 Sent: 162618156 Diff: 0
   ACK: Seq: 19 CH: 255 RTT: 7 VAR: 7 Now: 162616328 Sent: 162616328 Diff: 0
   ACK: Seq: 18 CH: 255 RTT: 7 VAR: 7 Now: 162615296 Sent: 162615296 Diff: 0
   ACK: Seq: 17 CH: 255 RTT: 7 VAR: 7 Now: 162614265 Sent: 162614265 Diff: 0
[DEBUG] 09:45:03 LobbyRoom - CommPeer left the room 39
[INFO] 09:48:39 CommApplication - TearDown CommApplication... Complete
[INFO] 09:49:20 CommApplication - Loading configuration at C:\Users\Gerar\Desktop\LocalHostUberStrikeServer\UberServer-4.8.7\ServerSetup\PhotonRealtimeServer\UberStrok.Realtime.Server.Comm\bin\uberstrok.realtime.server.json
[INFO] 09:49:20 CommApplication - uberstrok.realtime.server.json loaded ->
[INFO] 09:49:20 CommApplication - 	CompositeHashes(0)
[INFO] 09:49:20 CommApplication - 	JunkHashes(0)
[INFO] 09:49:20 CommApplication - 	HeartbeatTimeout = 5
[INFO] 09:49:20 CommApplication - 	HeartbeatInterval = 5
[DEBUG] 09:49:20 SocketCommunicaion - Starting web socket.
[DEBUG] 09:49:20 SocketCommunicaion - Web Socket Initialised
[INFO] 09:49:21 CommApplication - Setup CommApplication... Complete
[INFO] 09:49:35 CommApplication - Accepted new connection at 127.0.0.1:63578.
[INFO] 09:49:35 CommPeer - Authenticating AAAAJwAAAABlqzSn:1bdadfc4feda3419ecb8d1525009fd8bc7b6cfe9b57a0d346076892415e31802 at 127.0.0.1:63578
[DEBUG] 09:49:35 CommPeer - Retrieving User from http://127.0.0.1:5000/2.0/
[DEBUG] 09:49:35 LobbyRoom - CommPeer joined the room 39
[ERROR] 09:49:35 CommPeer - Error while handling request on CommPeerOperationHandler -> :1
System.IO.DirectoryNotFoundException: Could not find a part of the path 'C:\UberBeatDB\Database.json'.
   at System.IO.__Error.WinIOError(Int32 errorCode, String maybeFullPath)
   at System.IO.FileStream.Init(String path, FileMode mode, FileAccess access, Int32 rights, Boolean useRights, FileShare share, Int32 bufferSize, FileOptions options, SECURITY_ATTRIBUTES secAttrs, String msgPath, Boolean bFromProxy, Boolean useLongPath, Boolean checkHost)
   at System.IO.FileStream..ctor(String path, FileMode mode, FileAccess access, FileShare share, Int32 bufferSize, FileOptions options, String msgPath, Boolean bFromProxy, Boolean useLongPath, Boolean checkHost)
   at System.IO.StreamWriter.CreateFile(String path, Boolean append, Boolean checkHost)
   at System.IO.StreamWriter..ctor(String path, Boolean append, Encoding encoding, Int32 bufferSize, Boolean checkHost)
   at System.IO.File.InternalWriteAllText(String path, String contents, Encoding encoding, Boolean checkHost)
   at UberStrok.Realtime.Server.Comm.UberBeat.UberBeatManager..ctor() in C:\Users\Gerar\Desktop\LocalHostUberStrikeServer\UberServer-4.8.7\src\UberStrok.Realtime.Server.Comm\UberBeat\UberBeatManager.cs:line 44
   at UberStrok.Realtime.Server.Comm.LobbyRoom.CheckMute(CommPeer peer, Boolean nottick) in C:\Users\Gerar\Desktop\LocalHostUberStrikeServer\UberServer-4.8.7\src\UberStrok.Realtime.Server.Comm\LobbyRoom.cs:line 80
   at UberStrok.Realtime.Server.Comm.LobbyRoom.Join(CommPeer peer) in C:\Users\Gerar\Desktop\LocalHostUberStrikeServer\UberServer-4.8.7\src\UberStrok.Realtime.Server.Comm\LobbyRoom.cs:line 59
   at UberStrok.Realtime.Server.Comm.CommPeerOperationHandler.OnAuthenticationRequest(CommPeer peer, String authToken, String magicHash, Boolean isMac) in C:\Users\Gerar\Desktop\LocalHostUberStrikeServer\UberServer-4.8.7\src\UberStrok.Realtime.Server.Comm\CommPeerOperationHandler.cs:line 27
   at UberStrok.Realtime.Server.Comm.BaseCommPeerOperationHandler.AuthenticationRequest(CommPeer peer, MemoryStream bytes) in C:\Users\Gerar\Desktop\LocalHostUberStrikeServer\UberServer-4.8.7\src\UberStrok.Realtime.Server.Comm\Core\BaseCommPeerOperationHandler.cs:line 44
   at UberStrok.Realtime.Server.Comm.BaseCommPeerOperationHandler.OnOperationRequest(CommPeer peer, Byte opCode, MemoryStream bytes) in C:\Users\Gerar\Desktop\LocalHostUberStrikeServer\UberServer-4.8.7\src\UberStrok.Realtime.Server.Comm\Core\BaseCommPeerOperationHandler.cs:line 25
   at OperationHandler`1.OnOperationRequest(Peer peer, Byte opCode, MemoryStream bytes) in C:\Users\Gerar\Desktop\LocalHostUberStrikeServer\UberServer-4.8.7\src\UberStrok.Realtime.Server\OperationHandler.cs:line 44
   at Peer.OnOperationRequest(OperationRequest operationRequest, SendParameters sendParameters) in C:\Users\Gerar\Desktop\LocalHostUberStrikeServer\UberServer-4.8.7\src\UberStrok.Realtime.Server\Peer.cs:line 233
[DEBUG] 09:49:39 LobbyRoom - Command executed by User Cryophoenix:?msg all Wow
[DEBUG] 09:49:51 LobbyRoom - Command executed by User Cryophoenix:?ban 39
[ERROR] 09:49:51 LobbyRoom - Failed to ban user.
System.ServiceModel.EndpointNotFoundException: There was no endpoint listening at http://127.0.0.1:5000/2.0/ModerationWebService that could accept the message. This is often caused by an incorrect address or SOAP action. See InnerException, if present, for more details. ---> System.Net.WebException: The remote server returned an error: (404) Not Found.
   at System.Net.HttpWebRequest.GetResponse()
   at System.ServiceModel.Channels.HttpChannelFactory`1.HttpRequestChannel.HttpChannelRequest.WaitForReply(TimeSpan timeout)
   --- End of inner exception stack trace ---

Server stack trace: 
   at System.ServiceModel.Channels.HttpChannelUtilities.ProcessGetResponseWebException(WebException webException, HttpWebRequest request, HttpAbortReason abortReason)
   at System.ServiceModel.Channels.HttpChannelFactory`1.HttpRequestChannel.HttpChannelRequest.WaitForReply(TimeSpan timeout)
   at System.ServiceModel.Channels.RequestChannel.Request(Message message, TimeSpan timeout)
   at System.ServiceModel.Dispatcher.RequestChannelBinder.Request(Message message, TimeSpan timeout)
   at System.ServiceModel.Channels.ServiceChannel.Call(String action, Boolean oneway, ProxyOperationRuntime operation, Object[] ins, Object[] outs, TimeSpan timeout)
   at System.ServiceModel.Channels.ServiceChannelProxy.InvokeService(IMethodCallMessage methodCall, ProxyOperationRuntime operation)
   at System.ServiceModel.Channels.ServiceChannelProxy.Invoke(IMessage message)

Exception rethrown at [0]: 
   at System.Runtime.Remoting.Proxies.RealProxy.HandleReturnMessage(IMessage reqMsg, IMessage retMsg)
   at System.Runtime.Remoting.Proxies.RealProxy.PrivateInvoke(MessageData& msgData, Int32 type)
   at UberStrok.WebServices.Contracts.IModerationWebServiceContract.Ban(Byte[] data)
   at UberStrok.WebServices.Client.ModerationWebServiceClient.Ban(String serviceAuth, Int32 cmid) in C:\Users\Gerar\Desktop\LocalHostUberStrikeServer\UberServer-4.8.7\src\UberStrok.WebServices.Client\ModerationWebServiceClient.cs:line 34
   at Peer.Ban() in C:\Users\Gerar\Desktop\LocalHostUberStrikeServer\UberServer-4.8.7\src\UberStrok.Realtime.Server\Peer.cs:line 186
   at UberStrok.Realtime.Server.Comm.LobbyRoom.DoBan(CommPeer peer, Int32 cmid) in C:\Users\Gerar\Desktop\LocalHostUberStrikeServer\UberServer-4.8.7\src\UberStrok.Realtime.Server.Comm\LobbyRoom.Handler.cs:line 653
[INFO] 09:49:51 LobbyRoom - 39 Disconnected ClientDisconnect -> 
[DEBUG] 09:49:51 LobbyRoom - CommPeer left the room 39
[INFO] 09:50:09 CommApplication - Accepted new connection at 127.0.0.1:50558.
[INFO] 09:50:09 CommPeer - Authenticating AAAAJwAAAABlqzSo:31373ddd0804928b309cddb1d204449aad266dbe92142993df7a5b7d0fa0d4b6 at 127.0.0.1:50558
[DEBUG] 09:50:09 CommPeer - Retrieving User from http://127.0.0.1:5000/2.0/
[DEBUG] 09:50:09 LobbyRoom - CommPeer joined the room 39
[ERROR] 09:50:09 CommPeer - Error while handling request on CommPeerOperationHandler -> :1
System.IO.DirectoryNotFoundException: Could not find a part of the path 'C:\UberBeatDB\Database.json'.
   at System.IO.__Error.WinIOError(Int32 errorCode, String maybeFullPath)
   at System.IO.FileStream.Init(String path, FileMode mode, FileAccess access, Int32 rights, Boolean useRights, FileShare share, Int32 bufferSize, FileOptions options, SECURITY_ATTRIBUTES secAttrs, String msgPath, Boolean bFromProxy, Boolean useLongPath, Boolean checkHost)
   at System.IO.FileStream..ctor(String path, FileMode mode, FileAccess access, FileShare share, Int32 bufferSize, FileOptions options, String msgPath, Boolean bFromProxy, Boolean useLongPath, Boolean checkHost)
   at System.IO.StreamWriter.CreateFile(String path, Boolean append, Boolean checkHost)
   at System.IO.StreamWriter..ctor(String path, Boolean append, Encoding encoding, Int32 bufferSize, Boolean checkHost)
   at System.IO.File.InternalWriteAllText(String path, String contents, Encoding encoding, Boolean checkHost)
   at UberStrok.Realtime.Server.Comm.UberBeat.UberBeatManager..ctor() in C:\Users\Gerar\Desktop\LocalHostUberStrikeServer\UberServer-4.8.7\src\UberStrok.Realtime.Server.Comm\UberBeat\UberBeatManager.cs:line 44
   at UberStrok.Realtime.Server.Comm.LobbyRoom.CheckMute(CommPeer peer, Boolean nottick) in C:\Users\Gerar\Desktop\LocalHostUberStrikeServer\UberServer-4.8.7\src\UberStrok.Realtime.Server.Comm\LobbyRoom.cs:line 80
   at UberStrok.Realtime.Server.Comm.LobbyRoom.Join(CommPeer peer) in C:\Users\Gerar\Desktop\LocalHostUberStrikeServer\UberServer-4.8.7\src\UberStrok.Realtime.Server.Comm\LobbyRoom.cs:line 59
   at UberStrok.Realtime.Server.Comm.CommPeerOperationHandler.OnAuthenticationRequest(CommPeer peer, String authToken, String magicHash, Boolean isMac) in C:\Users\Gerar\Desktop\LocalHostUberStrikeServer\UberServer-4.8.7\src\UberStrok.Realtime.Server.Comm\CommPeerOperationHandler.cs:line 27
   at UberStrok.Realtime.Server.Comm.BaseCommPeerOperationHandler.AuthenticationRequest(CommPeer peer, MemoryStream bytes) in C:\Users\Gerar\Desktop\LocalHostUberStrikeServer\UberServer-4.8.7\src\UberStrok.Realtime.Server.Comm\Core\BaseCommPeerOperationHandler.cs:line 44
   at UberStrok.Realtime.Server.Comm.BaseCommPeerOperationHandler.OnOperationRequest(CommPeer peer, Byte opCode, MemoryStream bytes) in C:\Users\Gerar\Desktop\LocalHostUberStrikeServer\UberServer-4.8.7\src\UberStrok.Realtime.Server.Comm\Core\BaseCommPeerOperationHandler.cs:line 25
   at OperationHandler`1.OnOperationRequest(Peer peer, Byte opCode, MemoryStream bytes) in C:\Users\Gerar\Desktop\LocalHostUberStrikeServer\UberServer-4.8.7\src\UberStrok.Realtime.Server\OperationHandler.cs:line 44
   at Peer.OnOperationRequest(OperationRequest operationRequest, SendParameters sendParameters) in C:\Users\Gerar\Desktop\LocalHostUberStrikeServer\UberServer-4.8.7\src\UberStrok.Realtime.Server\Peer.cs:line 233
[INFO] 09:50:50 CommApplication - Accepted new connection at 127.0.0.1:55818.
[INFO] 09:50:50 CommPeer - Authenticating AAAAJwAAAABlqzSp:550cb5c1cbb8c4cf37fd3330b7551c739821b832b60396e04e2cfb9e88267416 at 127.0.0.1:55818
[DEBUG] 09:50:50 CommPeer - Retrieving User from http://127.0.0.1:5000/2.0/
[DEBUG] 09:50:50 LobbyRoom - CommPeer left the room 39
[DEBUG] 09:50:50 LobbyRoom - CommPeer joined the room 39
[ERROR] 09:50:50 CommPeer - Error while handling request on CommPeerOperationHandler -> :1
System.IO.DirectoryNotFoundException: Could not find a part of the path 'C:\UberBeatDB\Database.json'.
   at System.IO.__Error.WinIOError(Int32 errorCode, String maybeFullPath)
   at System.IO.FileStream.Init(String path, FileMode mode, FileAccess access, Int32 rights, Boolean useRights, FileShare share, Int32 bufferSize, FileOptions options, SECURITY_ATTRIBUTES secAttrs, String msgPath, Boolean bFromProxy, Boolean useLongPath, Boolean checkHost)
   at System.IO.FileStream..ctor(String path, FileMode mode, FileAccess access, FileShare share, Int32 bufferSize, FileOptions options, String msgPath, Boolean bFromProxy, Boolean useLongPath, Boolean checkHost)
   at System.IO.StreamWriter.CreateFile(String path, Boolean append, Boolean checkHost)
   at System.IO.StreamWriter..ctor(String path, Boolean append, Encoding encoding, Int32 bufferSize, Boolean checkHost)
   at System.IO.File.InternalWriteAllText(String path, String contents, Encoding encoding, Boolean checkHost)
   at UberStrok.Realtime.Server.Comm.UberBeat.UberBeatManager..ctor() in C:\Users\Gerar\Desktop\LocalHostUberStrikeServer\UberServer-4.8.7\src\UberStrok.Realtime.Server.Comm\UberBeat\UberBeatManager.cs:line 44
   at UberStrok.Realtime.Server.Comm.LobbyRoom.CheckMute(CommPeer peer, Boolean nottick) in C:\Users\Gerar\Desktop\LocalHostUberStrikeServer\UberServer-4.8.7\src\UberStrok.Realtime.Server.Comm\LobbyRoom.cs:line 80
   at UberStrok.Realtime.Server.Comm.LobbyRoom.Join(CommPeer peer) in C:\Users\Gerar\Desktop\LocalHostUberStrikeServer\UberServer-4.8.7\src\UberStrok.Realtime.Server.Comm\LobbyRoom.cs:line 59
   at UberStrok.Realtime.Server.Comm.CommPeerOperationHandler.OnAuthenticationRequest(CommPeer peer, String authToken, String magicHash, Boolean isMac) in C:\Users\Gerar\Desktop\LocalHostUberStrikeServer\UberServer-4.8.7\src\UberStrok.Realtime.Server.Comm\CommPeerOperationHandler.cs:line 27
   at UberStrok.Realtime.Server.Comm.BaseCommPeerOperationHandler.AuthenticationRequest(CommPeer peer, MemoryStream bytes) in C:\Users\Gerar\Desktop\LocalHostUberStrikeServer\UberServer-4.8.7\src\UberStrok.Realtime.Server.Comm\Core\BaseCommPeerOperationHandler.cs:line 44
   at UberStrok.Realtime.Server.Comm.BaseCommPeerOperationHandler.OnOperationRequest(CommPeer peer, Byte opCode, MemoryStream bytes) in C:\Users\Gerar\Desktop\LocalHostUberStrikeServer\UberServer-4.8.7\src\UberStrok.Realtime.Server.Comm\Core\BaseCommPeerOperationHandler.cs:line 25
   at OperationHandler`1.OnOperationRequest(Peer peer, Byte opCode, MemoryStream bytes) in C:\Users\Gerar\Desktop\LocalHostUberStrikeServer\UberServer-4.8.7\src\UberStrok.Realtime.Server\OperationHandler.cs:line 44
   at Peer.OnOperationRequest(OperationRequest operationRequest, SendParameters sendParameters) in C:\Users\Gerar\Desktop\LocalHostUberStrikeServer\UberServer-4.8.7\src\UberStrok.Realtime.Server\Peer.cs:line 233
[DEBUG] 09:51:10 LobbyRoom - Command executed by User Cryophoenix:?msg all
[DEBUG] 09:51:15 LobbyRoom - Command executed by User Cryophoenix:?msg all T
[ERROR] 09:51:19 CommPeer - Error while handling request on LobbyRoom -> :26
System.NotImplementedException: The method or operation is not implemented.
   at UberStrok.Realtime.Server.Comm.LobbyRoom.OnUpdateContacts(CommPeer peer) in C:\Users\Gerar\Desktop\LocalHostUberStrikeServer\UberServer-4.8.7\src\UberStrok.Realtime.Server.Comm\LobbyRoom.Handler.cs:line 643
   at UberStrok.Realtime.Server.Comm.BaseLobbyRoomOperationHandler.UpdateContacts(CommPeer peer, MemoryStream bytes) in C:\Users\Gerar\Desktop\LocalHostUberStrikeServer\UberServer-4.8.7\src\UberStrok.Realtime.Server.Comm\Core\BaseLobbyRoomOperationHandler.cs:line 342
   at UberStrok.Realtime.Server.Comm.BaseLobbyRoomOperationHandler.OnOperationRequest(CommPeer peer, Byte opCode, MemoryStream bytes) in C:\Users\Gerar\Desktop\LocalHostUberStrikeServer\UberServer-4.8.7\src\UberStrok.Realtime.Server.Comm\Core\BaseLobbyRoomOperationHandler.cs:line 152
   at OperationHandler`1.OnOperationRequest(Peer peer, Byte opCode, MemoryStream bytes) in C:\Users\Gerar\Desktop\LocalHostUberStrikeServer\UberServer-4.8.7\src\UberStrok.Realtime.Server\OperationHandler.cs:line 44
   at Peer.OnOperationRequest(OperationRequest operationRequest, SendParameters sendParameters) in C:\Users\Gerar\Desktop\LocalHostUberStrikeServer\UberServer-4.8.7\src\UberStrok.Realtime.Server\Peer.cs:line 233
[INFO] 09:51:43 LobbyRoom - 39 Disconnected ManagedDisconnect -> 
[DEBUG] 09:51:43 LobbyRoom - CommPeer left the room 39
[INFO] 09:51:43 CommApplication - TearDown CommApplication... Complete
