[INFO] 09:39:27 CommApplication - Loading configuration at C:\Users\Gerar\Desktop\ServerSetup\PhotonRealtimeServer\UberStrok.Realtime.Server.Comm\bin\uberstrok.realtime.server.json
[INFO] 09:39:27 CommApplication - uberstrok.realtime.server.json loaded ->
[INFO] 09:39:27 CommApplication - 	CompositeHashes(0)
[INFO] 09:39:27 CommApplication - 	JunkHashes(0)
[INFO] 09:39:27 CommApplication - 	HeartbeatTimeout = 5
[INFO] 09:39:27 CommApplication - 	HeartbeatInterval = 5
[DEBUG] 09:39:28 SocketCommunicaion - Starting web socket.
[DEBUG] 09:39:28 SocketCommunicaion - Web Socket Initialised
[INFO] 09:39:29 CommApplication - Setup CommApplication... Complete
[INFO] 09:42:44 CommApplication - Accepted new connection at 127.0.0.1:50277.
[INFO] 09:42:44 CommPeer - Authenticating AAAAJwAAAABlxD+i:35f4c85cf2d8b5d28e8b1c7f6f4a36767d68e4ec23541193c2015ce8565fd786 at 127.0.0.1:50277
[DEBUG] 09:42:44 CommPeer - Retrieving User from http://127.0.0.1:5000/2.0/
[DEBUG] 09:42:44 LobbyRoom - CommPeer joined the room 39
[ERROR] 09:42:44 CommPeer - Error while handling request on CommPeerOperationHandler -> :1
System.IO.DirectoryNotFoundException: Could not find a part of the path 'C:\UberBeatDB\Mute.txt'.
   at System.IO.__Error.WinIOError(Int32 errorCode, String maybeFullPath)
   at System.IO.FileStream.Init(String path, FileMode mode, FileAccess access, Int32 rights, Boolean useRights, FileShare share, Int32 bufferSize, FileOptions options, SECURITY_ATTRIBUTES secAttrs, String msgPath, Boolean bFromProxy, Boolean useLongPath, Boolean checkHost)
   at System.IO.FileStream..ctor(String path, FileMode mode, FileAccess access, FileShare share, Int32 bufferSize, FileOptions options, String msgPath, Boolean bFromProxy, Boolean useLongPath, Boolean checkHost)
   at System.IO.StreamReader..ctor(String path, Encoding encoding, Boolean detectEncodingFromByteOrderMarks, Int32 bufferSize, Boolean checkHost)
   at System.IO.StreamReader..ctor(String path, Encoding encoding)
   at System.IO.File.InternalReadAllLines(String path, Encoding encoding)
   at UberStrok.Realtime.Server.Comm.LobbyRoom.CheckMute(CommPeer peer, Boolean nottick) in C:\Users\Gerar\Desktop\LocalHostUberStrikeServer\UberServer-4.8.7 - Copy\src\UberStrok.Realtime.Server.Comm\LobbyRoom.cs:line 83
   at UberStrok.Realtime.Server.Comm.LobbyRoom.Join(CommPeer peer) in C:\Users\Gerar\Desktop\LocalHostUberStrikeServer\UberServer-4.8.7 - Copy\src\UberStrok.Realtime.Server.Comm\LobbyRoom.cs:line 61
   at UberStrok.Realtime.Server.Comm.CommPeerOperationHandler.OnAuthenticationRequest(CommPeer peer, String authToken, String magicHash, Boolean isMac) in C:\Users\Gerar\Desktop\LocalHostUberStrikeServer\UberServer-4.8.7 - Copy\src\UberStrok.Realtime.Server.Comm\CommPeerOperationHandler.cs:line 27
   at UberStrok.Realtime.Server.Comm.BaseCommPeerOperationHandler.AuthenticationRequest(CommPeer peer, MemoryStream bytes) in C:\Users\Gerar\Desktop\LocalHostUberStrikeServer\UberServer-4.8.7 - Copy\src\UberStrok.Realtime.Server.Comm\Core\BaseCommPeerOperationHandler.cs:line 44
   at UberStrok.Realtime.Server.Comm.BaseCommPeerOperationHandler.OnOperationRequest(CommPeer peer, Byte opCode, MemoryStream bytes) in C:\Users\Gerar\Desktop\LocalHostUberStrikeServer\UberServer-4.8.7 - Copy\src\UberStrok.Realtime.Server.Comm\Core\BaseCommPeerOperationHandler.cs:line 25
   at OperationHandler`1.OnOperationRequest(Peer peer, Byte opCode, MemoryStream bytes) in C:\Users\Gerar\Desktop\LocalHostUberStrikeServer\UberServer-4.8.7 - Copy\src\UberStrok.Realtime.Server\OperationHandler.cs:line 44
   at Peer.OnOperationRequest(OperationRequest operationRequest, SendParameters sendParameters) in C:\Users\Gerar\Desktop\LocalHostUberStrikeServer\UberServer-4.8.7 - Copy\src\UberStrok.Realtime.Server\Peer.cs:line 233
[INFO] 09:44:14 LobbyRoom - 39 Disconnected TimeoutDisconnect -> 
000000000A1E22E0 Sent: 133762250 now: 133789718 (diff: 27468 >= max: 30000) new rtt timeout: 3200 since last touch:28484
Disc: Seq: 47 CH: 255 RTT: 12 VAR: 17 Now: 133789718 Sent: 133762250 Diff: 27468 Resends: 9
Resend: Seq: 47 CH: 255 RTT: 12 VAR: 17 Now: 133785656 Timeout: 3200 Resend: 9
Resend: Seq: 47 CH: 255 RTT: 12 VAR: 17 Now: 133781593 Timeout: 3200 Resend: 8
Resend: Seq: 47 CH: 255 RTT: 12 VAR: 17 Now: 133777531 Timeout: 3200 Resend: 7
Resend: Seq: 47 CH: 255 RTT: 12 VAR: 17 Now: 133773468 Timeout: 3200 Resend: 6
Resend: Seq: 47 CH: 255 RTT: 12 VAR: 17 Now: 133769406 Timeout: 3200 Resend: 5
Resend: Seq: 47 CH: 255 RTT: 12 VAR: 17 Now: 133765343 Timeout: 3200 Resend: 4
Resend: Seq: 47 CH: 255 RTT: 12 VAR: 17 Now: 133763703 Timeout: 1600 Resend: 3
Resend: Seq: 47 CH: 255 RTT: 12 VAR: 17 Now: 133762890 Timeout: 800 Resend: 2
Resend: Seq: 47 CH: 255 RTT: 12 VAR: 17 Now: 133762468 Timeout: 400 Resend: 1
   ACK: Seq: 46 CH: 255 RTT: 12 VAR: 17 Now: 133760187 Sent: 133760187 Diff: 0
   ACK: Seq: 45 CH: 255 RTT: 13 VAR: 18 Now: 133759140 Sent: 133759078 Diff: 62
   ACK: Seq: 6 CH: 0 RTT: 7 VAR: 7 Now: 133758062 Sent: 133758062 Diff: 0
   ACK: Seq: 44 CH: 255 RTT: 7 VAR: 7 Now: 133757218 Sent: 133757218 Diff: 0
   ACK: Seq: 43 CH: 255 RTT: 7 VAR: 7 Now: 133756187 Sent: 133756187 Diff: 0
   ACK: Seq: 42 CH: 255 RTT: 7 VAR: 7 Now: 133755140 Sent: 133755140 Diff: 0
   ACK: Seq: 41 CH: 255 RTT: 7 VAR: 7 Now: 133754093 Sent: 133754093 Diff: 0
   ACK: Seq: 40 CH: 255 RTT: 7 VAR: 7 Now: 133752218 Sent: 133752218 Diff: 0
   ACK: Seq: 39 CH: 255 RTT: 7 VAR: 7 Now: 133751187 Sent: 133751187 Diff: 0
   ACK: Seq: 38 CH: 255 RTT: 7 VAR: 7 Now: 133750156 Sent: 133750156 Diff: 0
   ACK: Seq: 37 CH: 255 RTT: 7 VAR: 7 Now: 133749125 Sent: 133749125 Diff: 0
   ACK: Seq: 36 CH: 255 RTT: 7 VAR: 7 Now: 133747218 Sent: 133747218 Diff: 0
   ACK: Seq: 35 CH: 255 RTT: 7 VAR: 7 Now: 133746171 Sent: 133746171 Diff: 0
   ACK: Seq: 34 CH: 255 RTT: 7 VAR: 8 Now: 133745140 Sent: 133745140 Diff: 0
   ACK: Seq: 33 CH: 255 RTT: 7 VAR: 9 Now: 133744109 Sent: 133744109 Diff: 0
   ACK: Seq: 32 CH: 255 RTT: 7 VAR: 10 Now: 133742234 Sent: 133742234 Diff: 0
   ACK: Seq: 31 CH: 255 RTT: 8 VAR: 11 Now: 133741203 Sent: 133741203 Diff: 0
   ACK: Seq: 30 CH: 255 RTT: 9 VAR: 11 Now: 133740156 Sent: 133740156 Diff: 0
   ACK: Seq: 29 CH: 255 RTT: 10 VAR: 12 Now: 133739125 Sent: 133739125 Diff: 0
   ACK: Seq: 28 CH: 255 RTT: 11 VAR: 13 Now: 133737218 Sent: 133737203 Diff: 15
   ACK: Seq: 27 CH: 255 RTT: 11 VAR: 15 Now: 133736171 Sent: 133736171 Diff: 0
   ACK: Seq: 26 CH: 255 RTT: 12 VAR: 17 Now: 133735140 Sent: 133735140 Diff: 0
   ACK: Seq: 25 CH: 255 RTT: 13 VAR: 18 Now: 133734109 Sent: 133734109 Diff: 0
   ACK: Seq: 24 CH: 255 RTT: 14 VAR: 19 Now: 133732234 Sent: 133732234 Diff: 0
   ACK: Seq: 23 CH: 255 RTT: 15 VAR: 21 Now: 133731171 Sent: 133731171 Diff: 0
   ACK: Seq: 22 CH: 255 RTT: 17 VAR: 24 Now: 133730156 Sent: 133730156 Diff: 0
   ACK: Seq: 21 CH: 255 RTT: 19 VAR: 26 Now: 133729109 Sent: 133729109 Diff: 0
   ACK: Seq: 20 CH: 255 RTT: 21 VAR: 29 Now: 133727781 Sent: 133727781 Diff: 0
   ACK: Seq: 19 CH: 255 RTT: 23 VAR: 31 Now: 133726750 Sent: 133726750 Diff: 0
   ACK: Seq: 18 CH: 255 RTT: 26 VAR: 34 Now: 133725734 Sent: 133725718 Diff: 16
   ACK: Seq: 17 CH: 255 RTT: 27 VAR: 42 Now: 133724703 Sent: 133724703 Diff: 0
   ACK: Seq: 5 CH: 0 RTT: 30 VAR: 48 Now: 133723687 Sent: 133723687 Diff: 0
   ACK: Seq: 16 CH: 255 RTT: 34 VAR: 54 Now: 133722359 Sent: 133722359 Diff: 0
   ACK: Seq: 4 CH: 0 RTT: 38 VAR: 61 Now: 133721343 Sent: 133721343 Diff: 0
   ACK: Seq: 15 CH: 255 RTT: 43 VAR: 69 Now: 133720968 Sent: 133720968 Diff: 0
   ACK: Seq: 14 CH: 255 RTT: 49 VAR: 78 Now: 133719921 Sent: 133719921 Diff: 0
   ACK: Seq: 13 CH: 255 RTT: 56 VAR: 88 Now: 133718890 Sent: 133718890 Diff: 0
   ACK: Seq: 12 CH: 255 RTT: 63 VAR: 98 Now: 133716968 Sent: 133716968 Diff: 0
   ACK: Seq: 11 CH: 255 RTT: 71 VAR: 110 Now: 133715937 Sent: 133715937 Diff: 0
   ACK: Seq: 10 CH: 255 RTT: 81 VAR: 123 Now: 133714906 Sent: 133714906 Diff: 0
[DEBUG] 09:44:14 LobbyRoom - CommPeer left the room 39
[INFO] 09:54:04 CommApplication - Accepted new connection at 127.0.0.1:65467.
[INFO] 09:54:04 CommPeer - Authenticating AAAAJwAAAABlxD+j:de19d4b5bb4315005cc17b80304b637dbb445aad441d591b467408b4faecbcc7 at 127.0.0.1:65467
[DEBUG] 09:54:04 CommPeer - Retrieving User from http://127.0.0.1:5000/2.0/
[DEBUG] 09:54:04 LobbyRoom - CommPeer joined the room 39
[ERROR] 09:54:04 CommPeer - Error while handling request on CommPeerOperationHandler -> :1
System.IO.DirectoryNotFoundException: Could not find a part of the path 'C:\UberBeatDB\Mute.txt'.
   at System.IO.__Error.WinIOError(Int32 errorCode, String maybeFullPath)
   at System.IO.FileStream.Init(String path, FileMode mode, FileAccess access, Int32 rights, Boolean useRights, FileShare share, Int32 bufferSize, FileOptions options, SECURITY_ATTRIBUTES secAttrs, String msgPath, Boolean bFromProxy, Boolean useLongPath, Boolean checkHost)
   at System.IO.FileStream..ctor(String path, FileMode mode, FileAccess access, FileShare share, Int32 bufferSize, FileOptions options, String msgPath, Boolean bFromProxy, Boolean useLongPath, Boolean checkHost)
   at System.IO.StreamReader..ctor(String path, Encoding encoding, Boolean detectEncodingFromByteOrderMarks, Int32 bufferSize, Boolean checkHost)
   at System.IO.StreamReader..ctor(String path, Encoding encoding)
   at System.IO.File.InternalReadAllLines(String path, Encoding encoding)
   at UberStrok.Realtime.Server.Comm.LobbyRoom.CheckMute(CommPeer peer, Boolean nottick) in C:\Users\Gerar\Desktop\LocalHostUberStrikeServer\UberServer-4.8.7 - Copy\src\UberStrok.Realtime.Server.Comm\LobbyRoom.cs:line 83
   at UberStrok.Realtime.Server.Comm.LobbyRoom.Join(CommPeer peer) in C:\Users\Gerar\Desktop\LocalHostUberStrikeServer\UberServer-4.8.7 - Copy\src\UberStrok.Realtime.Server.Comm\LobbyRoom.cs:line 61
   at UberStrok.Realtime.Server.Comm.CommPeerOperationHandler.OnAuthenticationRequest(CommPeer peer, String authToken, String magicHash, Boolean isMac) in C:\Users\Gerar\Desktop\LocalHostUberStrikeServer\UberServer-4.8.7 - Copy\src\UberStrok.Realtime.Server.Comm\CommPeerOperationHandler.cs:line 27
   at UberStrok.Realtime.Server.Comm.BaseCommPeerOperationHandler.AuthenticationRequest(CommPeer peer, MemoryStream bytes) in C:\Users\Gerar\Desktop\LocalHostUberStrikeServer\UberServer-4.8.7 - Copy\src\UberStrok.Realtime.Server.Comm\Core\BaseCommPeerOperationHandler.cs:line 44
   at UberStrok.Realtime.Server.Comm.BaseCommPeerOperationHandler.OnOperationRequest(CommPeer peer, Byte opCode, MemoryStream bytes) in C:\Users\Gerar\Desktop\LocalHostUberStrikeServer\UberServer-4.8.7 - Copy\src\UberStrok.Realtime.Server.Comm\Core\BaseCommPeerOperationHandler.cs:line 25
   at OperationHandler`1.OnOperationRequest(Peer peer, Byte opCode, MemoryStream bytes) in C:\Users\Gerar\Desktop\LocalHostUberStrikeServer\UberServer-4.8.7 - Copy\src\UberStrok.Realtime.Server\OperationHandler.cs:line 44
   at Peer.OnOperationRequest(OperationRequest operationRequest, SendParameters sendParameters) in C:\Users\Gerar\Desktop\LocalHostUberStrikeServer\UberServer-4.8.7 - Copy\src\UberStrok.Realtime.Server\Peer.cs:line 233
[ERROR] 09:56:25 CommPeer - Error while handling request on LobbyRoom -> :25
System.NotImplementedException: The method or operation is not implemented.
   at UberStrok.Realtime.Server.Comm.LobbyRoom.OnUpdateAllActors(CommPeer peer) in C:\Users\Gerar\Desktop\LocalHostUberStrikeServer\UberServer-4.8.7 - Copy\src\UberStrok.Realtime.Server.Comm\LobbyRoom.Handler.cs:line 648
   at UberStrok.Realtime.Server.Comm.BaseLobbyRoomOperationHandler.UpdateAllActors(CommPeer peer, MemoryStream bytes) in C:\Users\Gerar\Desktop\LocalHostUberStrikeServer\UberServer-4.8.7 - Copy\src\UberStrok.Realtime.Server.Comm\Core\BaseLobbyRoomOperationHandler.cs:line 337
   at UberStrok.Realtime.Server.Comm.BaseLobbyRoomOperationHandler.OnOperationRequest(CommPeer peer, Byte opCode, MemoryStream bytes) in C:\Users\Gerar\Desktop\LocalHostUberStrikeServer\UberServer-4.8.7 - Copy\src\UberStrok.Realtime.Server.Comm\Core\BaseLobbyRoomOperationHandler.cs:line 149
   at OperationHandler`1.OnOperationRequest(Peer peer, Byte opCode, MemoryStream bytes) in C:\Users\Gerar\Desktop\LocalHostUberStrikeServer\UberServer-4.8.7 - Copy\src\UberStrok.Realtime.Server\OperationHandler.cs:line 44
   at Peer.OnOperationRequest(OperationRequest operationRequest, SendParameters sendParameters) in C:\Users\Gerar\Desktop\LocalHostUberStrikeServer\UberServer-4.8.7 - Copy\src\UberStrok.Realtime.Server\Peer.cs:line 233
[ERROR] 09:56:39 CommPeer - Error while handling request on LobbyRoom -> :26
System.NotImplementedException: The method or operation is not implemented.
   at UberStrok.Realtime.Server.Comm.LobbyRoom.OnUpdateContacts(CommPeer peer) in C:\Users\Gerar\Desktop\LocalHostUberStrikeServer\UberServer-4.8.7 - Copy\src\UberStrok.Realtime.Server.Comm\LobbyRoom.Handler.cs:line 657
   at UberStrok.Realtime.Server.Comm.BaseLobbyRoomOperationHandler.UpdateContacts(CommPeer peer, MemoryStream bytes) in C:\Users\Gerar\Desktop\LocalHostUberStrikeServer\UberServer-4.8.7 - Copy\src\UberStrok.Realtime.Server.Comm\Core\BaseLobbyRoomOperationHandler.cs:line 342
   at UberStrok.Realtime.Server.Comm.BaseLobbyRoomOperationHandler.OnOperationRequest(CommPeer peer, Byte opCode, MemoryStream bytes) in C:\Users\Gerar\Desktop\LocalHostUberStrikeServer\UberServer-4.8.7 - Copy\src\UberStrok.Realtime.Server.Comm\Core\BaseLobbyRoomOperationHandler.cs:line 152
   at OperationHandler`1.OnOperationRequest(Peer peer, Byte opCode, MemoryStream bytes) in C:\Users\Gerar\Desktop\LocalHostUberStrikeServer\UberServer-4.8.7 - Copy\src\UberStrok.Realtime.Server\OperationHandler.cs:line 44
   at Peer.OnOperationRequest(OperationRequest operationRequest, SendParameters sendParameters) in C:\Users\Gerar\Desktop\LocalHostUberStrikeServer\UberServer-4.8.7 - Copy\src\UberStrok.Realtime.Server\Peer.cs:line 233
[DEBUG] 09:58:08 LobbyRoom - Command executed by User $ Taplioware $:?msg 39 Test
[ERROR] 09:58:27 CommPeer - Error while handling request on LobbyRoom -> :13
System.IO.DirectoryNotFoundException: Could not find a part of the path 'C:\UberBeatDB\Mute.txt'.
   at System.IO.__Error.WinIOError(Int32 errorCode, String maybeFullPath)
   at System.IO.FileStream.Init(String path, FileMode mode, FileAccess access, Int32 rights, Boolean useRights, FileShare share, Int32 bufferSize, FileOptions options, SECURITY_ATTRIBUTES secAttrs, String msgPath, Boolean bFromProxy, Boolean useLongPath, Boolean checkHost)
   at System.IO.FileStream..ctor(String path, FileMode mode, FileAccess access, FileShare share, Int32 bufferSize, FileOptions options, String msgPath, Boolean bFromProxy, Boolean useLongPath, Boolean checkHost)
   at System.IO.StreamReader..ctor(String path, Encoding encoding, Boolean detectEncodingFromByteOrderMarks, Int32 bufferSize, Boolean checkHost)
   at System.IO.StreamReader..ctor(String path, Encoding encoding)
   at System.IO.File.InternalReadAllLines(String path, Encoding encoding)
   at UberStrok.Realtime.Server.Comm.LobbyRoom.OnModerationUnMutePlayer(CommPeer mutedPeer) in C:\Users\Gerar\Desktop\LocalHostUberStrikeServer\UberServer-4.8.7 - Copy\src\UberStrok.Realtime.Server.Comm\LobbyRoom.Handler.cs:line 481
   at UberStrok.Realtime.Server.Comm.LobbyRoom.OnModerationMutePlayer(CommPeer peer, Int32 durationInMinutes, Int32 mutedCmid, Boolean disableChat) in C:\Users\Gerar\Desktop\LocalHostUberStrikeServer\UberServer-4.8.7 - Copy\src\UberStrok.Realtime.Server.Comm\LobbyRoom.Handler.cs:line 458
   at UberStrok.Realtime.Server.Comm.BaseLobbyRoomOperationHandler.ModerationMutePlayer(CommPeer peer, MemoryStream bytes) in C:\Users\Gerar\Desktop\LocalHostUberStrikeServer\UberServer-4.8.7 - Copy\src\UberStrok.Realtime.Server.Comm\Core\BaseLobbyRoomOperationHandler.cs:line 264
   at UberStrok.Realtime.Server.Comm.BaseLobbyRoomOperationHandler.OnOperationRequest(CommPeer peer, Byte opCode, MemoryStream bytes) in C:\Users\Gerar\Desktop\LocalHostUberStrikeServer\UberServer-4.8.7 - Copy\src\UberStrok.Realtime.Server.Comm\Core\BaseLobbyRoomOperationHandler.cs:line 113
   at OperationHandler`1.OnOperationRequest(Peer peer, Byte opCode, MemoryStream bytes) in C:\Users\Gerar\Desktop\LocalHostUberStrikeServer\UberServer-4.8.7 - Copy\src\UberStrok.Realtime.Server\OperationHandler.cs:line 44
   at Peer.OnOperationRequest(OperationRequest operationRequest, SendParameters sendParameters) in C:\Users\Gerar\Desktop\LocalHostUberStrikeServer\UberServer-4.8.7 - Copy\src\UberStrok.Realtime.Server\Peer.cs:line 233
[ERROR] 09:58:29 CommPeer - Error while handling request on LobbyRoom -> :13
System.IO.DirectoryNotFoundException: Could not find a part of the path 'C:\UberBeatDB\Mute.txt'.
   at System.IO.__Error.WinIOError(Int32 errorCode, String maybeFullPath)
   at System.IO.FileStream.Init(String path, FileMode mode, FileAccess access, Int32 rights, Boolean useRights, FileShare share, Int32 bufferSize, FileOptions options, SECURITY_ATTRIBUTES secAttrs, String msgPath, Boolean bFromProxy, Boolean useLongPath, Boolean checkHost)
   at System.IO.FileStream..ctor(String path, FileMode mode, FileAccess access, FileShare share, Int32 bufferSize, FileOptions options, String msgPath, Boolean bFromProxy, Boolean useLongPath, Boolean checkHost)
   at System.IO.StreamReader..ctor(String path, Encoding encoding, Boolean detectEncodingFromByteOrderMarks, Int32 bufferSize, Boolean checkHost)
   at System.IO.StreamReader..ctor(String path, Encoding encoding)
   at System.IO.File.InternalReadAllLines(String path, Encoding encoding)
   at UberStrok.Realtime.Server.Comm.LobbyRoom.OnModerationUnMutePlayer(CommPeer mutedPeer) in C:\Users\Gerar\Desktop\LocalHostUberStrikeServer\UberServer-4.8.7 - Copy\src\UberStrok.Realtime.Server.Comm\LobbyRoom.Handler.cs:line 481
   at UberStrok.Realtime.Server.Comm.LobbyRoom.OnModerationMutePlayer(CommPeer peer, Int32 durationInMinutes, Int32 mutedCmid, Boolean disableChat) in C:\Users\Gerar\Desktop\LocalHostUberStrikeServer\UberServer-4.8.7 - Copy\src\UberStrok.Realtime.Server.Comm\LobbyRoom.Handler.cs:line 458
   at UberStrok.Realtime.Server.Comm.BaseLobbyRoomOperationHandler.ModerationMutePlayer(CommPeer peer, MemoryStream bytes) in C:\Users\Gerar\Desktop\LocalHostUberStrikeServer\UberServer-4.8.7 - Copy\src\UberStrok.Realtime.Server.Comm\Core\BaseLobbyRoomOperationHandler.cs:line 264
   at UberStrok.Realtime.Server.Comm.BaseLobbyRoomOperationHandler.OnOperationRequest(CommPeer peer, Byte opCode, MemoryStream bytes) in C:\Users\Gerar\Desktop\LocalHostUberStrikeServer\UberServer-4.8.7 - Copy\src\UberStrok.Realtime.Server.Comm\Core\BaseLobbyRoomOperationHandler.cs:line 113
   at OperationHandler`1.OnOperationRequest(Peer peer, Byte opCode, MemoryStream bytes) in C:\Users\Gerar\Desktop\LocalHostUberStrikeServer\UberServer-4.8.7 - Copy\src\UberStrok.Realtime.Server\OperationHandler.cs:line 44
   at Peer.OnOperationRequest(OperationRequest operationRequest, SendParameters sendParameters) in C:\Users\Gerar\Desktop\LocalHostUberStrikeServer\UberServer-4.8.7 - Copy\src\UberStrok.Realtime.Server\Peer.cs:line 233
[INFO] 09:58:33 LobbyRoom - 39 Disconnected ClientDisconnect -> 
[DEBUG] 09:58:33 LobbyRoom - CommPeer left the room 39
[INFO] 09:58:52 CommApplication - TearDown CommApplication... Complete
