[INFO] 10:48:19 CommApplication - Loading configuration at C:\Users\Gerar\Desktop\ServerSetup - Copy\PhotonRealtimeServer\UberStrok.Realtime.Server.Comm\bin\uberstrok.realtime.server.json
[INFO] 10:48:19 CommApplication - uberstrok.realtime.server.json loaded ->
[INFO] 10:48:19 CommApplication - 	CompositeHashes(0)
[INFO] 10:48:19 CommApplication - 	JunkHashes(0)
[INFO] 10:48:19 CommApplication - 	HeartbeatTimeout = 5
[INFO] 10:48:19 CommApplication - 	HeartbeatInterval = 5
[INFO] 10:48:19 CommApplication - TearDown CommApplication... Complete
[INFO] 10:48:33 CommApplication - Loading configuration at C:\Users\Gerar\Desktop\ServerSetup - Copy\PhotonRealtimeServer\UberStrok.Realtime.Server.Comm\bin\uberstrok.realtime.server.json
[INFO] 10:48:33 CommApplication - uberstrok.realtime.server.json loaded ->
[INFO] 10:48:33 CommApplication - 	CompositeHashes(0)
[INFO] 10:48:33 CommApplication - 	JunkHashes(0)
[INFO] 10:48:33 CommApplication - 	HeartbeatTimeout = 5
[INFO] 10:48:33 CommApplication - 	HeartbeatInterval = 5
[INFO] 10:48:33 CommApplication - TearDown CommApplication... Complete
[INFO] 10:49:05 CommApplication - Loading configuration at C:\Users\Gerar\Desktop\ServerSetup - Copy\PhotonRealtimeServer\UberStrok.Realtime.Server.Comm\bin\uberstrok.realtime.server.json
[INFO] 10:49:05 CommApplication - uberstrok.realtime.server.json loaded ->
[INFO] 10:49:05 CommApplication - 	CompositeHashes(0)
[INFO] 10:49:05 CommApplication - 	JunkHashes(0)
[INFO] 10:49:05 CommApplication - 	HeartbeatTimeout = 5
[INFO] 10:49:05 CommApplication - 	HeartbeatInterval = 5
[INFO] 10:49:06 CommApplication - TearDown CommApplication... Complete
[INFO] 10:49:32 CommApplication - Loading configuration at C:\Users\Gerar\Desktop\ServerSetup - Copy\PhotonRealtimeServer\UberStrok.Realtime.Server.Comm\bin\uberstrok.realtime.server.json
[INFO] 10:49:32 CommApplication - uberstrok.realtime.server.json loaded ->
[INFO] 10:49:32 CommApplication - 	CompositeHashes(0)
[INFO] 10:49:32 CommApplication - 	JunkHashes(0)
[INFO] 10:49:32 CommApplication - 	HeartbeatTimeout = 5
[INFO] 10:49:32 CommApplication - 	HeartbeatInterval = 5
[INFO] 10:49:32 CommApplication - TearDown CommApplication... Complete
