[INFO] 08:22:33 CommApplication - Loading configuration at C:\Users\Gerar\Desktop\LocalHostUberStrikeServer\UberServer-4.8.7 - Copy\ServerSetup\PhotonRealtimeServer\UberStrok.Realtime.Server.Comm\bin\uberstrok.realtime.server.json
[INFO] 08:22:33 CommApplication - uberstrok.realtime.server.json loaded ->
[INFO] 08:22:33 CommApplication - 	CompositeHashes(0)
[INFO] 08:22:33 CommApplication - 	JunkHashes(0)
[INFO] 08:22:33 CommApplication - 	HeartbeatTimeout = 5
[INFO] 08:22:33 CommApplication - 	HeartbeatInterval = 5
[INFO] 08:22:34 CommApplication - TearDown CommApplication... Complete
[INFO] 08:22:47 CommApplication - Loading configuration at C:\Users\Gerar\Desktop\LocalHostUberStrikeServer\UberServer-4.8.7 - Copy\ServerSetup\PhotonRealtimeServer\UberStrok.Realtime.Server.Comm\bin\uberstrok.realtime.server.json
[INFO] 08:22:48 CommApplication - uberstrok.realtime.server.json loaded ->
[INFO] 08:22:48 CommApplication - 	CompositeHashes(0)
[INFO] 08:22:48 CommApplication - 	JunkHashes(0)
[INFO] 08:22:48 CommApplication - 	HeartbeatTimeout = 5
[INFO] 08:22:48 CommApplication - 	HeartbeatInterval = 5
[INFO] 08:22:48 CommApplication - TearDown CommApplication... Complete
[INFO] 08:23:52 CommApplication - Loading configuration at C:\Users\Gerar\Desktop\LocalHostUberStrikeServer\UberServer-4.8.7 - Copy\ServerSetup\PhotonRealtimeServer\UberStrok.Realtime.Server.Comm\bin\uberstrok.realtime.server.json
[INFO] 08:23:52 CommApplication - uberstrok.realtime.server.json loaded ->
[INFO] 08:23:52 CommApplication - 	CompositeHashes(0)
[INFO] 08:23:52 CommApplication - 	JunkHashes(0)
[INFO] 08:23:52 CommApplication - 	HeartbeatTimeout = 5
[INFO] 08:23:52 CommApplication - 	HeartbeatInterval = 5
[INFO] 08:23:52 CommApplication - TearDown CommApplication... Complete
[INFO] 08:24:01 CommApplication - Loading configuration at C:\Users\Gerar\Desktop\LocalHostUberStrikeServer\UberServer-4.8.7 - Copy\ServerSetup\PhotonRealtimeServer\UberStrok.Realtime.Server.Comm\bin\uberstrok.realtime.server.json
[INFO] 08:24:01 CommApplication - uberstrok.realtime.server.json loaded ->
[INFO] 08:24:01 CommApplication - 	CompositeHashes(0)
[INFO] 08:24:01 CommApplication - 	JunkHashes(0)
[INFO] 08:24:01 CommApplication - 	HeartbeatTimeout = 5
[INFO] 08:24:01 CommApplication - 	HeartbeatInterval = 5
[INFO] 08:24:01 CommApplication - TearDown CommApplication... Complete
[INFO] 08:24:07 CommApplication - Loading configuration at C:\Users\Gerar\Desktop\LocalHostUberStrikeServer\UberServer-4.8.7 - Copy\ServerSetup\PhotonRealtimeServer\UberStrok.Realtime.Server.Comm\bin\uberstrok.realtime.server.json
[INFO] 08:24:07 CommApplication - uberstrok.realtime.server.json loaded ->
[INFO] 08:24:07 CommApplication - 	CompositeHashes(0)
[INFO] 08:24:07 CommApplication - 	JunkHashes(0)
[INFO] 08:24:07 CommApplication - 	HeartbeatTimeout = 5
[INFO] 08:24:07 CommApplication - 	HeartbeatInterval = 5
[INFO] 08:24:07 CommApplication - TearDown CommApplication... Complete
[INFO] 08:26:12 CommApplication - Loading configuration at C:\Users\Gerar\Desktop\ServerSetup\PhotonRealtimeServer\UberStrok.Realtime.Server.Comm\bin\uberstrok.realtime.server.json
[INFO] 08:26:12 CommApplication - uberstrok.realtime.server.json loaded ->
[INFO] 08:26:12 CommApplication - 	CompositeHashes(0)
[INFO] 08:26:12 CommApplication - 	JunkHashes(0)
[INFO] 08:26:12 CommApplication - 	HeartbeatTimeout = 5
[INFO] 08:26:12 CommApplication - 	HeartbeatInterval = 5
[DEBUG] 08:26:12 SocketCommunicaion - Starting web socket.
[DEBUG] 08:26:12 SocketCommunicaion - Web Socket Initialised
[INFO] 08:26:14 CommApplication - Setup CommApplication... Complete
[INFO] 08:27:36 CommApplication - Accepted new connection at 127.0.0.1:58731.
[INFO] 08:27:36 CommPeer - Authenticating AAAAJwAAAABlwDmG:d6766a5d10b4642922466a351c0b8c2946bf44acee547cccc3bec14a4390cb7f at 127.0.0.1:58731
[DEBUG] 08:27:36 CommPeer - Retrieving User from http://127.0.0.1:5000/2.0/
[DEBUG] 08:27:36 LobbyRoom - CommPeer joined the room 39
[ERROR] 08:27:36 CommPeer - Error while handling request on CommPeerOperationHandler -> :1
System.IO.DirectoryNotFoundException: Could not find a part of the path 'C:\UberBeatDB\Mute.txt'.
   at System.IO.__Error.WinIOError(Int32 errorCode, String maybeFullPath)
   at System.IO.FileStream.Init(String path, FileMode mode, FileAccess access, Int32 rights, Boolean useRights, FileShare share, Int32 bufferSize, FileOptions options, SECURITY_ATTRIBUTES secAttrs, String msgPath, Boolean bFromProxy, Boolean useLongPath, Boolean checkHost)
   at System.IO.FileStream..ctor(String path, FileMode mode, FileAccess access, FileShare share, Int32 bufferSize, FileOptions options, String msgPath, Boolean bFromProxy, Boolean useLongPath, Boolean checkHost)
   at System.IO.StreamReader..ctor(String path, Encoding encoding, Boolean detectEncodingFromByteOrderMarks, Int32 bufferSize, Boolean checkHost)
   at System.IO.StreamReader..ctor(String path, Encoding encoding)
   at System.IO.File.InternalReadAllLines(String path, Encoding encoding)
   at UberStrok.Realtime.Server.Comm.LobbyRoom.CheckMute(CommPeer peer, Boolean nottick) in C:\Users\Gerar\Desktop\LocalHostUberStrikeServer\UberServer-4.8.7 - Copy\src\UberStrok.Realtime.Server.Comm\LobbyRoom.cs:line 83
   at UberStrok.Realtime.Server.Comm.LobbyRoom.Join(CommPeer peer) in C:\Users\Gerar\Desktop\LocalHostUberStrikeServer\UberServer-4.8.7 - Copy\src\UberStrok.Realtime.Server.Comm\LobbyRoom.cs:line 61
   at UberStrok.Realtime.Server.Comm.CommPeerOperationHandler.OnAuthenticationRequest(CommPeer peer, String authToken, String magicHash, Boolean isMac) in C:\Users\Gerar\Desktop\LocalHostUberStrikeServer\UberServer-4.8.7 - Copy\src\UberStrok.Realtime.Server.Comm\CommPeerOperationHandler.cs:line 27
   at UberStrok.Realtime.Server.Comm.BaseCommPeerOperationHandler.AuthenticationRequest(CommPeer peer, MemoryStream bytes) in C:\Users\Gerar\Desktop\LocalHostUberStrikeServer\UberServer-4.8.7 - Copy\src\UberStrok.Realtime.Server.Comm\Core\BaseCommPeerOperationHandler.cs:line 44
   at UberStrok.Realtime.Server.Comm.BaseCommPeerOperationHandler.OnOperationRequest(CommPeer peer, Byte opCode, MemoryStream bytes) in C:\Users\Gerar\Desktop\LocalHostUberStrikeServer\UberServer-4.8.7 - Copy\src\UberStrok.Realtime.Server.Comm\Core\BaseCommPeerOperationHandler.cs:line 25
   at OperationHandler`1.OnOperationRequest(Peer peer, Byte opCode, MemoryStream bytes) in C:\Users\Gerar\Desktop\LocalHostUberStrikeServer\UberServer-4.8.7 - Copy\src\UberStrok.Realtime.Server\OperationHandler.cs:line 44
   at Peer.OnOperationRequest(OperationRequest operationRequest, SendParameters sendParameters) in C:\Users\Gerar\Desktop\LocalHostUberStrikeServer\UberServer-4.8.7 - Copy\src\UberStrok.Realtime.Server\Peer.cs:line 233
[DEBUG] 08:27:51 LobbyRoom - Command executed by User Wholesome Vibes:?help
[DEBUG] 08:27:56 LobbyRoom - Command executed by User Wholesome Vibes:?ban 39
[INFO] 08:27:56 LobbyRoom - 39 Disconnected ClientDisconnect -> 
[DEBUG] 08:27:56 LobbyRoom - CommPeer left the room 39
[INFO] 08:28:14 CommApplication - Accepted new connection at 127.0.0.1:53079.
[INFO] 08:28:14 CommPeer - Authenticating AAAAJwAAAABlwDmH:191fd384cbea292406f4c595332be6f4b49ae8d0f5660e28fc7f049de498be76 at 127.0.0.1:53079
[DEBUG] 08:28:14 CommPeer - Retrieving User from http://127.0.0.1:5000/2.0/
[DEBUG] 08:28:14 LobbyRoom - CommPeer joined the room 39
[ERROR] 08:28:14 CommPeer - Error while handling request on CommPeerOperationHandler -> :1
System.IO.DirectoryNotFoundException: Could not find a part of the path 'C:\UberBeatDB\Mute.txt'.
   at System.IO.__Error.WinIOError(Int32 errorCode, String maybeFullPath)
   at System.IO.FileStream.Init(String path, FileMode mode, FileAccess access, Int32 rights, Boolean useRights, FileShare share, Int32 bufferSize, FileOptions options, SECURITY_ATTRIBUTES secAttrs, String msgPath, Boolean bFromProxy, Boolean useLongPath, Boolean checkHost)
   at System.IO.FileStream..ctor(String path, FileMode mode, FileAccess access, FileShare share, Int32 bufferSize, FileOptions options, String msgPath, Boolean bFromProxy, Boolean useLongPath, Boolean checkHost)
   at System.IO.StreamReader..ctor(String path, Encoding encoding, Boolean detectEncodingFromByteOrderMarks, Int32 bufferSize, Boolean checkHost)
   at System.IO.StreamReader..ctor(String path, Encoding encoding)
   at System.IO.File.InternalReadAllLines(String path, Encoding encoding)
   at UberStrok.Realtime.Server.Comm.LobbyRoom.CheckMute(CommPeer peer, Boolean nottick) in C:\Users\Gerar\Desktop\LocalHostUberStrikeServer\UberServer-4.8.7 - Copy\src\UberStrok.Realtime.Server.Comm\LobbyRoom.cs:line 83
   at UberStrok.Realtime.Server.Comm.LobbyRoom.Join(CommPeer peer) in C:\Users\Gerar\Desktop\LocalHostUberStrikeServer\UberServer-4.8.7 - Copy\src\UberStrok.Realtime.Server.Comm\LobbyRoom.cs:line 61
   at UberStrok.Realtime.Server.Comm.CommPeerOperationHandler.OnAuthenticationRequest(CommPeer peer, String authToken, String magicHash, Boolean isMac) in C:\Users\Gerar\Desktop\LocalHostUberStrikeServer\UberServer-4.8.7 - Copy\src\UberStrok.Realtime.Server.Comm\CommPeerOperationHandler.cs:line 27
   at UberStrok.Realtime.Server.Comm.BaseCommPeerOperationHandler.AuthenticationRequest(CommPeer peer, MemoryStream bytes) in C:\Users\Gerar\Desktop\LocalHostUberStrikeServer\UberServer-4.8.7 - Copy\src\UberStrok.Realtime.Server.Comm\Core\BaseCommPeerOperationHandler.cs:line 44
   at UberStrok.Realtime.Server.Comm.BaseCommPeerOperationHandler.OnOperationRequest(CommPeer peer, Byte opCode, MemoryStream bytes) in C:\Users\Gerar\Desktop\LocalHostUberStrikeServer\UberServer-4.8.7 - Copy\src\UberStrok.Realtime.Server.Comm\Core\BaseCommPeerOperationHandler.cs:line 25
   at OperationHandler`1.OnOperationRequest(Peer peer, Byte opCode, MemoryStream bytes) in C:\Users\Gerar\Desktop\LocalHostUberStrikeServer\UberServer-4.8.7 - Copy\src\UberStrok.Realtime.Server\OperationHandler.cs:line 44
   at Peer.OnOperationRequest(OperationRequest operationRequest, SendParameters sendParameters) in C:\Users\Gerar\Desktop\LocalHostUberStrikeServer\UberServer-4.8.7 - Copy\src\UberStrok.Realtime.Server\Peer.cs:line 233
[ERROR] 08:28:43 CommPeer - Error while handling request on LobbyRoom -> :26
System.NotImplementedException: The method or operation is not implemented.
   at UberStrok.Realtime.Server.Comm.LobbyRoom.OnUpdateContacts(CommPeer peer) in C:\Users\Gerar\Desktop\LocalHostUberStrikeServer\UberServer-4.8.7 - Copy\src\UberStrok.Realtime.Server.Comm\LobbyRoom.Handler.cs:line 657
   at UberStrok.Realtime.Server.Comm.BaseLobbyRoomOperationHandler.UpdateContacts(CommPeer peer, MemoryStream bytes) in C:\Users\Gerar\Desktop\LocalHostUberStrikeServer\UberServer-4.8.7 - Copy\src\UberStrok.Realtime.Server.Comm\Core\BaseLobbyRoomOperationHandler.cs:line 342
   at UberStrok.Realtime.Server.Comm.BaseLobbyRoomOperationHandler.OnOperationRequest(CommPeer peer, Byte opCode, MemoryStream bytes) in C:\Users\Gerar\Desktop\LocalHostUberStrikeServer\UberServer-4.8.7 - Copy\src\UberStrok.Realtime.Server.Comm\Core\BaseLobbyRoomOperationHandler.cs:line 152
   at OperationHandler`1.OnOperationRequest(Peer peer, Byte opCode, MemoryStream bytes) in C:\Users\Gerar\Desktop\LocalHostUberStrikeServer\UberServer-4.8.7 - Copy\src\UberStrok.Realtime.Server\OperationHandler.cs:line 44
   at Peer.OnOperationRequest(OperationRequest operationRequest, SendParameters sendParameters) in C:\Users\Gerar\Desktop\LocalHostUberStrikeServer\UberServer-4.8.7 - Copy\src\UberStrok.Realtime.Server\Peer.cs:line 233
[ERROR] 08:28:49 CommPeer - Error while handling request on LobbyRoom -> :25
System.NotImplementedException: The method or operation is not implemented.
   at UberStrok.Realtime.Server.Comm.LobbyRoom.OnUpdateAllActors(CommPeer peer) in C:\Users\Gerar\Desktop\LocalHostUberStrikeServer\UberServer-4.8.7 - Copy\src\UberStrok.Realtime.Server.Comm\LobbyRoom.Handler.cs:line 648
   at UberStrok.Realtime.Server.Comm.BaseLobbyRoomOperationHandler.UpdateAllActors(CommPeer peer, MemoryStream bytes) in C:\Users\Gerar\Desktop\LocalHostUberStrikeServer\UberServer-4.8.7 - Copy\src\UberStrok.Realtime.Server.Comm\Core\BaseLobbyRoomOperationHandler.cs:line 337
   at UberStrok.Realtime.Server.Comm.BaseLobbyRoomOperationHandler.OnOperationRequest(CommPeer peer, Byte opCode, MemoryStream bytes) in C:\Users\Gerar\Desktop\LocalHostUberStrikeServer\UberServer-4.8.7 - Copy\src\UberStrok.Realtime.Server.Comm\Core\BaseLobbyRoomOperationHandler.cs:line 149
   at OperationHandler`1.OnOperationRequest(Peer peer, Byte opCode, MemoryStream bytes) in C:\Users\Gerar\Desktop\LocalHostUberStrikeServer\UberServer-4.8.7 - Copy\src\UberStrok.Realtime.Server\OperationHandler.cs:line 44
   at Peer.OnOperationRequest(OperationRequest operationRequest, SendParameters sendParameters) in C:\Users\Gerar\Desktop\LocalHostUberStrikeServer\UberServer-4.8.7 - Copy\src\UberStrok.Realtime.Server\Peer.cs:line 233
[DEBUG] 08:29:07 LobbyRoom - Command executed by User Wholesome Vibes:?msg all Wow
[INFO] 08:29:44 LobbyRoom - 39 Disconnected ManagedDisconnect -> 
[DEBUG] 08:29:44 LobbyRoom - CommPeer left the room 39
[INFO] 08:29:44 CommApplication - TearDown CommApplication... Complete
