[INFO] 07:41:07 CommApplication - Loading configuration at C:\Users\Gerar\Desktop\ServerSetup - Copy\PhotonRealtimeServer\UberStrok.Realtime.Server.Comm\bin\uberstrok.realtime.server.json
[INFO] 07:41:07 CommApplication - uberstrok.realtime.server.json loaded ->
[INFO] 07:41:07 CommApplication - 	CompositeHashes(0)
[INFO] 07:41:07 CommApplication - 	JunkHashes(0)
[INFO] 07:41:07 CommApplication - 	HeartbeatTimeout = 5
[INFO] 07:41:07 CommApplication - 	HeartbeatInterval = 5
[DEBUG] 07:41:07 SocketCommunicaion - Starting web socket.
[DEBUG] 07:41:07 SocketCommunicaion - Web Socket Initialised
[INFO] 07:41:08 CommApplication - Setup CommApplication... Complete
[INFO] 07:42:06 CommApplication - Accepted new connection at 127.0.0.1:61525.
[INFO] 07:42:06 CommPeer - Authenticating AAAInwAAAABl1phd:0e1203e8d25037380b28d6473d1d670fd86804e76e3648a34506db2d08d6cb5a at 127.0.0.1:61525
[DEBUG] 07:42:06 CommPeer - Retrieving User from http://127.0.0.1:5000/2.0/
[DEBUG] 07:42:07 LobbyRoom - CommPeer joined the room 2207
[ERROR] 07:42:07 CommPeer - Error while handling request on CommPeerOperationHandler -> :1
System.IO.DirectoryNotFoundException: Could not find a part of the path 'C:\UberBeatDB\Database.json'.
   at System.IO.__Error.WinIOError(Int32 errorCode, String maybeFullPath)
   at System.IO.FileStream.Init(String path, FileMode mode, FileAccess access, Int32 rights, Boolean useRights, FileShare share, Int32 bufferSize, FileOptions options, SECURITY_ATTRIBUTES secAttrs, String msgPath, Boolean bFromProxy, Boolean useLongPath, Boolean checkHost)
   at System.IO.FileStream..ctor(String path, FileMode mode, FileAccess access, FileShare share, Int32 bufferSize, FileOptions options, String msgPath, Boolean bFromProxy, Boolean useLongPath, Boolean checkHost)
   at System.IO.StreamWriter.CreateFile(String path, Boolean append, Boolean checkHost)
   at System.IO.StreamWriter..ctor(String path, Boolean append, Encoding encoding, Int32 bufferSize, Boolean checkHost)
   at System.IO.File.InternalWriteAllText(String path, String contents, Encoding encoding, Boolean checkHost)
   at UberStrok.Realtime.Server.Comm.UberBeat.UberBeatManager..ctor() in C:\Users\Gerar\Desktop\LocalHostUberStrikeServer\UberServer-4.8.7\src\UberStrok.Realtime.Server.Comm\UberBeat\UberBeatManager.cs:line 44
   at UberStrok.Realtime.Server.Comm.LobbyRoom.CheckMute(CommPeer peer, Boolean nottick) in C:\Users\Gerar\Desktop\LocalHostUberStrikeServer\UberServer-4.8.7\src\UberStrok.Realtime.Server.Comm\LobbyRoom.cs:line 80
   at UberStrok.Realtime.Server.Comm.LobbyRoom.Join(CommPeer peer) in C:\Users\Gerar\Desktop\LocalHostUberStrikeServer\UberServer-4.8.7\src\UberStrok.Realtime.Server.Comm\LobbyRoom.cs:line 59
   at UberStrok.Realtime.Server.Comm.CommPeerOperationHandler.OnAuthenticationRequest(CommPeer peer, String authToken, String magicHash, Boolean isMac) in C:\Users\Gerar\Desktop\LocalHostUberStrikeServer\UberServer-4.8.7\src\UberStrok.Realtime.Server.Comm\CommPeerOperationHandler.cs:line 27
   at UberStrok.Realtime.Server.Comm.BaseCommPeerOperationHandler.AuthenticationRequest(CommPeer peer, MemoryStream bytes) in C:\Users\Gerar\Desktop\LocalHostUberStrikeServer\UberServer-4.8.7\src\UberStrok.Realtime.Server.Comm\Core\BaseCommPeerOperationHandler.cs:line 44
   at UberStrok.Realtime.Server.Comm.BaseCommPeerOperationHandler.OnOperationRequest(CommPeer peer, Byte opCode, MemoryStream bytes) in C:\Users\Gerar\Desktop\LocalHostUberStrikeServer\UberServer-4.8.7\src\UberStrok.Realtime.Server.Comm\Core\BaseCommPeerOperationHandler.cs:line 25
   at OperationHandler`1.OnOperationRequest(Peer peer, Byte opCode, MemoryStream bytes) in C:\Users\Gerar\Desktop\LocalHostUberStrikeServer\UberServer-4.8.7\src\UberStrok.Realtime.Server\OperationHandler.cs:line 44
   at Peer.OnOperationRequest(OperationRequest operationRequest, SendParameters sendParameters) in C:\Users\Gerar\Desktop\LocalHostUberStrikeServer\UberServer-4.8.7\src\UberStrok.Realtime.Server\Peer.cs:line 233
[DEBUG] 07:42:27 LobbyRoom - Command executed by User Dorki1g:?help
[ERROR] 07:42:35 CommPeer - Error while handling request on LobbyRoom -> :26
System.NotImplementedException: The method or operation is not implemented.
   at UberStrok.Realtime.Server.Comm.LobbyRoom.OnUpdateContacts(CommPeer peer) in C:\Users\Gerar\Desktop\LocalHostUberStrikeServer\UberServer-4.8.7\src\UberStrok.Realtime.Server.Comm\LobbyRoom.Handler.cs:line 641
   at UberStrok.Realtime.Server.Comm.BaseLobbyRoomOperationHandler.UpdateContacts(CommPeer peer, MemoryStream bytes) in C:\Users\Gerar\Desktop\LocalHostUberStrikeServer\UberServer-4.8.7\src\UberStrok.Realtime.Server.Comm\Core\BaseLobbyRoomOperationHandler.cs:line 342
   at UberStrok.Realtime.Server.Comm.BaseLobbyRoomOperationHandler.OnOperationRequest(CommPeer peer, Byte opCode, MemoryStream bytes) in C:\Users\Gerar\Desktop\LocalHostUberStrikeServer\UberServer-4.8.7\src\UberStrok.Realtime.Server.Comm\Core\BaseLobbyRoomOperationHandler.cs:line 152
   at OperationHandler`1.OnOperationRequest(Peer peer, Byte opCode, MemoryStream bytes) in C:\Users\Gerar\Desktop\LocalHostUberStrikeServer\UberServer-4.8.7\src\UberStrok.Realtime.Server\OperationHandler.cs:line 44
   at Peer.OnOperationRequest(OperationRequest operationRequest, SendParameters sendParameters) in C:\Users\Gerar\Desktop\LocalHostUberStrikeServer\UberServer-4.8.7\src\UberStrok.Realtime.Server\Peer.cs:line 233
[DEBUG] 07:42:49 LobbyRoom - Command executed by User Dorki1g:?ban 2207
[DEBUG] 07:42:52 LobbyRoom - Command executed by User Dorki1g:?ban 39
[ERROR] 07:42:52 LobbyRoom - Failed to ban user.
System.ServiceModel.EndpointNotFoundException: There was no endpoint listening at http://127.0.0.1:5000/2.0/ModerationWebService that could accept the message. This is often caused by an incorrect address or SOAP action. See InnerException, if present, for more details. ---> System.Net.WebException: The remote server returned an error: (404) Not Found.
   at System.Net.HttpWebRequest.GetResponse()
   at System.ServiceModel.Channels.HttpChannelFactory`1.HttpRequestChannel.HttpChannelRequest.WaitForReply(TimeSpan timeout)
   --- End of inner exception stack trace ---

Server stack trace: 
   at System.ServiceModel.Channels.HttpChannelUtilities.ProcessGetResponseWebException(WebException webException, HttpWebRequest request, HttpAbortReason abortReason)
   at System.ServiceModel.Channels.HttpChannelFactory`1.HttpRequestChannel.HttpChannelRequest.WaitForReply(TimeSpan timeout)
   at System.ServiceModel.Channels.RequestChannel.Request(Message message, TimeSpan timeout)
   at System.ServiceModel.Dispatcher.RequestChannelBinder.Request(Message message, TimeSpan timeout)
   at System.ServiceModel.Channels.ServiceChannel.Call(String action, Boolean oneway, ProxyOperationRuntime operation, Object[] ins, Object[] outs, TimeSpan timeout)
   at System.ServiceModel.Channels.ServiceChannelProxy.InvokeService(IMethodCallMessage methodCall, ProxyOperationRuntime operation)
   at System.ServiceModel.Channels.ServiceChannelProxy.Invoke(IMessage message)

Exception rethrown at [0]: 
   at System.Runtime.Remoting.Proxies.RealProxy.HandleReturnMessage(IMessage reqMsg, IMessage retMsg)
   at System.Runtime.Remoting.Proxies.RealProxy.PrivateInvoke(MessageData& msgData, Int32 type)
   at UberStrok.WebServices.Contracts.IModerationWebServiceContract.BanCmid(Byte[] data)
   at UberStrok.WebServices.Client.ModerationWebServiceClient.BanCmid(String authToken, Int32 cmid) in C:\Users\Gerar\Desktop\LocalHostUberStrikeServer\UberServer-4.8.7\src\UberStrok.WebServices.Client\ModerationWebServiceClient.cs:line 47
   at UberStrok.Realtime.Server.Comm.LobbyRoom.DoBan(CommPeer peer, Int32 cmid) in C:\Users\Gerar\Desktop\LocalHostUberStrikeServer\UberServer-4.8.7\src\UberStrok.Realtime.Server.Comm\LobbyRoom.Handler.cs:line 649
[ERROR] 07:43:05 CommPeer - Error while handling request on LobbyRoom -> :26
System.NotImplementedException: The method or operation is not implemented.
   at UberStrok.Realtime.Server.Comm.LobbyRoom.OnUpdateContacts(CommPeer peer) in C:\Users\Gerar\Desktop\LocalHostUberStrikeServer\UberServer-4.8.7\src\UberStrok.Realtime.Server.Comm\LobbyRoom.Handler.cs:line 641
   at UberStrok.Realtime.Server.Comm.BaseLobbyRoomOperationHandler.UpdateContacts(CommPeer peer, MemoryStream bytes) in C:\Users\Gerar\Desktop\LocalHostUberStrikeServer\UberServer-4.8.7\src\UberStrok.Realtime.Server.Comm\Core\BaseLobbyRoomOperationHandler.cs:line 342
   at UberStrok.Realtime.Server.Comm.BaseLobbyRoomOperationHandler.OnOperationRequest(CommPeer peer, Byte opCode, MemoryStream bytes) in C:\Users\Gerar\Desktop\LocalHostUberStrikeServer\UberServer-4.8.7\src\UberStrok.Realtime.Server.Comm\Core\BaseLobbyRoomOperationHandler.cs:line 152
   at OperationHandler`1.OnOperationRequest(Peer peer, Byte opCode, MemoryStream bytes) in C:\Users\Gerar\Desktop\LocalHostUberStrikeServer\UberServer-4.8.7\src\UberStrok.Realtime.Server\OperationHandler.cs:line 44
   at Peer.OnOperationRequest(OperationRequest operationRequest, SendParameters sendParameters) in C:\Users\Gerar\Desktop\LocalHostUberStrikeServer\UberServer-4.8.7\src\UberStrok.Realtime.Server\Peer.cs:line 233
[ERROR] 07:43:35 CommPeer - Error while handling request on LobbyRoom -> :26
System.NotImplementedException: The method or operation is not implemented.
   at UberStrok.Realtime.Server.Comm.LobbyRoom.OnUpdateContacts(CommPeer peer) in C:\Users\Gerar\Desktop\LocalHostUberStrikeServer\UberServer-4.8.7\src\UberStrok.Realtime.Server.Comm\LobbyRoom.Handler.cs:line 641
   at UberStrok.Realtime.Server.Comm.BaseLobbyRoomOperationHandler.UpdateContacts(CommPeer peer, MemoryStream bytes) in C:\Users\Gerar\Desktop\LocalHostUberStrikeServer\UberServer-4.8.7\src\UberStrok.Realtime.Server.Comm\Core\BaseLobbyRoomOperationHandler.cs:line 342
   at UberStrok.Realtime.Server.Comm.BaseLobbyRoomOperationHandler.OnOperationRequest(CommPeer peer, Byte opCode, MemoryStream bytes) in C:\Users\Gerar\Desktop\LocalHostUberStrikeServer\UberServer-4.8.7\src\UberStrok.Realtime.Server.Comm\Core\BaseLobbyRoomOperationHandler.cs:line 152
   at OperationHandler`1.OnOperationRequest(Peer peer, Byte opCode, MemoryStream bytes) in C:\Users\Gerar\Desktop\LocalHostUberStrikeServer\UberServer-4.8.7\src\UberStrok.Realtime.Server\OperationHandler.cs:line 44
   at Peer.OnOperationRequest(OperationRequest operationRequest, SendParameters sendParameters) in C:\Users\Gerar\Desktop\LocalHostUberStrikeServer\UberServer-4.8.7\src\UberStrok.Realtime.Server\Peer.cs:line 233
[INFO] 07:44:15 LobbyRoom - 2207 Disconnected TimeoutDisconnect -> 
00000000004F14D0 Sent: 605114921 now: 605142421 (diff: 27500 >= max: 30000) new rtt timeout: 3200 since last touch:28515
Disc: Seq: 53 CH: 255 RTT: 7 VAR: 7 Now: 605142421 Sent: 605114921 Diff: 27500 Resends: 9
Resend: Seq: 53 CH: 255 RTT: 7 VAR: 7 Now: 605138359 Timeout: 3200 Resend: 9
Resend: Seq: 53 CH: 255 RTT: 7 VAR: 7 Now: 605134281 Timeout: 3200 Resend: 8
Resend: Seq: 53 CH: 255 RTT: 7 VAR: 7 Now: 605130218 Timeout: 3200 Resend: 7
Resend: Seq: 53 CH: 255 RTT: 7 VAR: 7 Now: 605126156 Timeout: 3200 Resend: 6
Resend: Seq: 53 CH: 255 RTT: 7 VAR: 7 Now: 605122078 Timeout: 3200 Resend: 5
Resend: Seq: 53 CH: 255 RTT: 7 VAR: 7 Now: 605118000 Timeout: 3200 Resend: 4
Resend: Seq: 53 CH: 255 RTT: 7 VAR: 7 Now: 605116390 Timeout: 1600 Resend: 3
Resend: Seq: 53 CH: 255 RTT: 7 VAR: 7 Now: 605115578 Timeout: 800 Resend: 2
Resend: Seq: 53 CH: 255 RTT: 7 VAR: 7 Now: 605115156 Timeout: 400 Resend: 1
   ACK: Seq: 52 CH: 255 RTT: 7 VAR: 7 Now: 605113890 Sent: 605113890 Diff: 0
   ACK: Seq: 51 CH: 255 RTT: 7 VAR: 7 Now: 605112859 Sent: 605112859 Diff: 0
   ACK: Seq: 197 CH: 0 RTT: 7 VAR: 7 Now: 605110843 Sent: 605110843 Diff: 0
   ACK: Seq: 196 CH: 0 RTT: 7 VAR: 7 Now: 605110828 Sent: 605110828 Diff: 0
   ACK: Seq: 195 CH: 0 RTT: 7 VAR: 7 Now: 605110828 Sent: 605110828 Diff: 0
   ACK: Seq: 194 CH: 0 RTT: 7 VAR: 7 Now: 605110828 Sent: 605110828 Diff: 0
   ACK: Seq: 193 CH: 0 RTT: 7 VAR: 7 Now: 605110828 Sent: 605110828 Diff: 0
   ACK: Seq: 192 CH: 0 RTT: 7 VAR: 7 Now: 605110828 Sent: 605110828 Diff: 0
   ACK: Seq: 191 CH: 0 RTT: 7 VAR: 7 Now: 605110828 Sent: 605110828 Diff: 0
   ACK: Seq: 190 CH: 0 RTT: 7 VAR: 7 Now: 605110828 Sent: 605110828 Diff: 0
   ACK: Seq: 189 CH: 0 RTT: 7 VAR: 7 Now: 605110828 Sent: 605110828 Diff: 0
   ACK: Seq: 50 CH: 255 RTT: 7 VAR: 7 Now: 605109921 Sent: 605109921 Diff: 0
   ACK: Seq: 49 CH: 255 RTT: 7 VAR: 7 Now: 605107859 Sent: 605107859 Diff: 0
   ACK: Seq: 188 CH: 0 RTT: 7 VAR: 7 Now: 605105859 Sent: 605105859 Diff: 0
   ACK: Seq: 187 CH: 0 RTT: 7 VAR: 7 Now: 605105828 Sent: 605105828 Diff: 0
   ACK: Seq: 186 CH: 0 RTT: 7 VAR: 7 Now: 605105828 Sent: 605105828 Diff: 0
   ACK: Seq: 185 CH: 0 RTT: 7 VAR: 7 Now: 605105828 Sent: 605105828 Diff: 0
   ACK: Seq: 184 CH: 0 RTT: 7 VAR: 7 Now: 605105828 Sent: 605105828 Diff: 0
   ACK: Seq: 183 CH: 0 RTT: 7 VAR: 7 Now: 605105828 Sent: 605105828 Diff: 0
   ACK: Seq: 182 CH: 0 RTT: 7 VAR: 7 Now: 605105828 Sent: 605105828 Diff: 0
   ACK: Seq: 181 CH: 0 RTT: 7 VAR: 7 Now: 605105828 Sent: 605105828 Diff: 0
   ACK: Seq: 180 CH: 0 RTT: 7 VAR: 7 Now: 605105828 Sent: 605105828 Diff: 0
   ACK: Seq: 48 CH: 255 RTT: 7 VAR: 7 Now: 605105515 Sent: 605105515 Diff: 0
   ACK: Seq: 47 CH: 255 RTT: 7 VAR: 7 Now: 605104500 Sent: 605104500 Diff: 0
   ACK: Seq: 46 CH: 255 RTT: 7 VAR: 7 Now: 605102843 Sent: 605102843 Diff: 0
   ACK: Seq: 179 CH: 0 RTT: 7 VAR: 7 Now: 605100843 Sent: 605100843 Diff: 0
   ACK: Seq: 178 CH: 0 RTT: 7 VAR: 7 Now: 605100812 Sent: 605100812 Diff: 0
   ACK: Seq: 177 CH: 0 RTT: 7 VAR: 7 Now: 605100812 Sent: 605100812 Diff: 0
   ACK: Seq: 176 CH: 0 RTT: 7 VAR: 7 Now: 605100812 Sent: 605100812 Diff: 0
   ACK: Seq: 175 CH: 0 RTT: 7 VAR: 7 Now: 605100812 Sent: 605100812 Diff: 0
   ACK: Seq: 174 CH: 0 RTT: 7 VAR: 7 Now: 605100812 Sent: 605100812 Diff: 0
   ACK: Seq: 173 CH: 0 RTT: 7 VAR: 7 Now: 605100812 Sent: 605100812 Diff: 0
   ACK: Seq: 172 CH: 0 RTT: 7 VAR: 7 Now: 605100812 Sent: 605100812 Diff: 0
   ACK: Seq: 171 CH: 0 RTT: 7 VAR: 7 Now: 605100812 Sent: 605100812 Diff: 0
   ACK: Seq: 45 CH: 255 RTT: 7 VAR: 7 Now: 605099906 Sent: 605099906 Diff: 0
   ACK: Seq: 44 CH: 255 RTT: 7 VAR: 7 Now: 605098875 Sent: 605098875 Diff: 0
   ACK: Seq: 170 CH: 0 RTT: 7 VAR: 7 Now: 605095828 Sent: 605095828 Diff: 0
   ACK: Seq: 169 CH: 0 RTT: 7 VAR: 7 Now: 605095812 Sent: 605095812 Diff: 0
   ACK: Seq: 168 CH: 0 RTT: 7 VAR: 7 Now: 605095812 Sent: 605095812 Diff: 0
   ACK: Seq: 167 CH: 0 RTT: 7 VAR: 7 Now: 605095812 Sent: 605095812 Diff: 0
[DEBUG] 07:44:15 LobbyRoom - CommPeer left the room 2207
[INFO] 07:52:29 CommApplication - TearDown CommApplication... Complete
[INFO] 07:53:27 CommApplication - Loading configuration at C:\Users\Gerar\Desktop\ServerSetup - Copy\PhotonRealtimeServer\UberStrok.Realtime.Server.Comm\bin\uberstrok.realtime.server.json
[INFO] 07:53:27 CommApplication - uberstrok.realtime.server.json loaded ->
[INFO] 07:53:27 CommApplication - 	CompositeHashes(0)
[INFO] 07:53:27 CommApplication - 	JunkHashes(0)
[INFO] 07:53:27 CommApplication - 	HeartbeatTimeout = 5
[INFO] 07:53:27 CommApplication - 	HeartbeatInterval = 5
[DEBUG] 07:53:27 SocketCommunicaion - Starting web socket.
[DEBUG] 07:53:27 SocketCommunicaion - Web Socket Initialised
[INFO] 07:53:28 CommApplication - Setup CommApplication... Complete
[INFO] 07:53:44 CommApplication - Accepted new connection at 127.0.0.1:51200.
[INFO] 07:53:44 CommPeer - Authenticating AAAInwAAAABl1phe:4327f8f1d8cab004279c2931e781038cd2a826011b06811e5e4d2378fea90bee at 127.0.0.1:51200
[DEBUG] 07:53:44 CommPeer - Retrieving User from http://127.0.0.1:5000/2.0/
[DEBUG] 07:53:44 LobbyRoom - CommPeer joined the room 2207
[ERROR] 07:53:44 CommPeer - Error while handling request on CommPeerOperationHandler -> :1
System.IO.DirectoryNotFoundException: Could not find a part of the path 'C:\UberBeatDB\Database.json'.
   at System.IO.__Error.WinIOError(Int32 errorCode, String maybeFullPath)
   at System.IO.FileStream.Init(String path, FileMode mode, FileAccess access, Int32 rights, Boolean useRights, FileShare share, Int32 bufferSize, FileOptions options, SECURITY_ATTRIBUTES secAttrs, String msgPath, Boolean bFromProxy, Boolean useLongPath, Boolean checkHost)
   at System.IO.FileStream..ctor(String path, FileMode mode, FileAccess access, FileShare share, Int32 bufferSize, FileOptions options, String msgPath, Boolean bFromProxy, Boolean useLongPath, Boolean checkHost)
   at System.IO.StreamWriter.CreateFile(String path, Boolean append, Boolean checkHost)
   at System.IO.StreamWriter..ctor(String path, Boolean append, Encoding encoding, Int32 bufferSize, Boolean checkHost)
   at System.IO.File.InternalWriteAllText(String path, String contents, Encoding encoding, Boolean checkHost)
   at UberStrok.Realtime.Server.Comm.UberBeat.UberBeatManager..ctor() in C:\Users\Gerar\Desktop\UberServer-4.8.8\src\UberStrok.Realtime.Server.Comm\UberBeat\UberBeatManager.cs:line 66
   at UberStrok.Realtime.Server.Comm.LobbyRoom.CheckMute(CommPeer peer, Boolean nottick) in C:\Users\Gerar\Desktop\UberServer-4.8.8\src\UberStrok.Realtime.Server.Comm\LobbyRoom.cs:line 80
   at UberStrok.Realtime.Server.Comm.LobbyRoom.Join(CommPeer peer) in C:\Users\Gerar\Desktop\UberServer-4.8.8\src\UberStrok.Realtime.Server.Comm\LobbyRoom.cs:line 59
   at UberStrok.Realtime.Server.Comm.CommPeerOperationHandler.OnAuthenticationRequest(CommPeer peer, String authToken, String magicHash, Boolean isMac) in C:\Users\Gerar\Desktop\UberServer-4.8.8\src\UberStrok.Realtime.Server.Comm\CommPeerOperationHandler.cs:line 27
   at UberStrok.Realtime.Server.Comm.BaseCommPeerOperationHandler.AuthenticationRequest(CommPeer peer, MemoryStream bytes) in C:\Users\Gerar\Desktop\UberServer-4.8.8\src\UberStrok.Realtime.Server.Comm\Core\BaseCommPeerOperationHandler.cs:line 44
   at UberStrok.Realtime.Server.Comm.BaseCommPeerOperationHandler.OnOperationRequest(CommPeer peer, Byte opCode, MemoryStream bytes) in C:\Users\Gerar\Desktop\UberServer-4.8.8\src\UberStrok.Realtime.Server.Comm\Core\BaseCommPeerOperationHandler.cs:line 25
   at OperationHandler`1.OnOperationRequest(Peer peer, Byte opCode, MemoryStream bytes) in C:\Users\Gerar\Desktop\UberServer-4.8.8\src\UberStrok.Realtime.Server\OperationHandler.cs:line 44
   at Peer.OnOperationRequest(OperationRequest operationRequest, SendParameters sendParameters) in C:\Users\Gerar\Desktop\UberServer-4.8.8\src\UberStrok.Realtime.Server\Peer.cs:line 233
[DEBUG] 07:54:05 LobbyRoom - Command executed by User Dorki1g:?help
[DEBUG] 07:54:08 LobbyRoom - Command executed by User Dorki1g:?ban 39
[ERROR] 07:54:13 CommPeer - Error while handling request on LobbyRoom -> :26
System.NotImplementedException: The method or operation is not implemented.
   at UberStrok.Realtime.Server.Comm.LobbyRoom.OnUpdateContacts(CommPeer peer) in C:\Users\Gerar\Desktop\UberServer-4.8.8\src\UberStrok.Realtime.Server.Comm\LobbyRoom.Handler.cs:line 644
   at UberStrok.Realtime.Server.Comm.BaseLobbyRoomOperationHandler.UpdateContacts(CommPeer peer, MemoryStream bytes) in C:\Users\Gerar\Desktop\UberServer-4.8.8\src\UberStrok.Realtime.Server.Comm\Core\BaseLobbyRoomOperationHandler.cs:line 342
   at UberStrok.Realtime.Server.Comm.BaseLobbyRoomOperationHandler.OnOperationRequest(CommPeer peer, Byte opCode, MemoryStream bytes) in C:\Users\Gerar\Desktop\UberServer-4.8.8\src\UberStrok.Realtime.Server.Comm\Core\BaseLobbyRoomOperationHandler.cs:line 152
   at OperationHandler`1.OnOperationRequest(Peer peer, Byte opCode, MemoryStream bytes) in C:\Users\Gerar\Desktop\UberServer-4.8.8\src\UberStrok.Realtime.Server\OperationHandler.cs:line 44
   at Peer.OnOperationRequest(OperationRequest operationRequest, SendParameters sendParameters) in C:\Users\Gerar\Desktop\UberServer-4.8.8\src\UberStrok.Realtime.Server\Peer.cs:line 233
[ERROR] 07:54:43 CommPeer - Error while handling request on LobbyRoom -> :26
System.NotImplementedException: The method or operation is not implemented.
   at UberStrok.Realtime.Server.Comm.LobbyRoom.OnUpdateContacts(CommPeer peer) in C:\Users\Gerar\Desktop\UberServer-4.8.8\src\UberStrok.Realtime.Server.Comm\LobbyRoom.Handler.cs:line 644
   at UberStrok.Realtime.Server.Comm.BaseLobbyRoomOperationHandler.UpdateContacts(CommPeer peer, MemoryStream bytes) in C:\Users\Gerar\Desktop\UberServer-4.8.8\src\UberStrok.Realtime.Server.Comm\Core\BaseLobbyRoomOperationHandler.cs:line 342
   at UberStrok.Realtime.Server.Comm.BaseLobbyRoomOperationHandler.OnOperationRequest(CommPeer peer, Byte opCode, MemoryStream bytes) in C:\Users\Gerar\Desktop\UberServer-4.8.8\src\UberStrok.Realtime.Server.Comm\Core\BaseLobbyRoomOperationHandler.cs:line 152
   at OperationHandler`1.OnOperationRequest(Peer peer, Byte opCode, MemoryStream bytes) in C:\Users\Gerar\Desktop\UberServer-4.8.8\src\UberStrok.Realtime.Server\OperationHandler.cs:line 44
   at Peer.OnOperationRequest(OperationRequest operationRequest, SendParameters sendParameters) in C:\Users\Gerar\Desktop\UberServer-4.8.8\src\UberStrok.Realtime.Server\Peer.cs:line 233
[ERROR] 07:55:13 CommPeer - Error while handling request on LobbyRoom -> :26
System.NotImplementedException: The method or operation is not implemented.
   at UberStrok.Realtime.Server.Comm.LobbyRoom.OnUpdateContacts(CommPeer peer) in C:\Users\Gerar\Desktop\UberServer-4.8.8\src\UberStrok.Realtime.Server.Comm\LobbyRoom.Handler.cs:line 644
   at UberStrok.Realtime.Server.Comm.BaseLobbyRoomOperationHandler.UpdateContacts(CommPeer peer, MemoryStream bytes) in C:\Users\Gerar\Desktop\UberServer-4.8.8\src\UberStrok.Realtime.Server.Comm\Core\BaseLobbyRoomOperationHandler.cs:line 342
   at UberStrok.Realtime.Server.Comm.BaseLobbyRoomOperationHandler.OnOperationRequest(CommPeer peer, Byte opCode, MemoryStream bytes) in C:\Users\Gerar\Desktop\UberServer-4.8.8\src\UberStrok.Realtime.Server.Comm\Core\BaseLobbyRoomOperationHandler.cs:line 152
   at OperationHandler`1.OnOperationRequest(Peer peer, Byte opCode, MemoryStream bytes) in C:\Users\Gerar\Desktop\UberServer-4.8.8\src\UberStrok.Realtime.Server\OperationHandler.cs:line 44
   at Peer.OnOperationRequest(OperationRequest operationRequest, SendParameters sendParameters) in C:\Users\Gerar\Desktop\UberServer-4.8.8\src\UberStrok.Realtime.Server\Peer.cs:line 233
[ERROR] 07:55:43 CommPeer - Error while handling request on LobbyRoom -> :26
System.NotImplementedException: The method or operation is not implemented.
   at UberStrok.Realtime.Server.Comm.LobbyRoom.OnUpdateContacts(CommPeer peer) in C:\Users\Gerar\Desktop\UberServer-4.8.8\src\UberStrok.Realtime.Server.Comm\LobbyRoom.Handler.cs:line 644
   at UberStrok.Realtime.Server.Comm.BaseLobbyRoomOperationHandler.UpdateContacts(CommPeer peer, MemoryStream bytes) in C:\Users\Gerar\Desktop\UberServer-4.8.8\src\UberStrok.Realtime.Server.Comm\Core\BaseLobbyRoomOperationHandler.cs:line 342
   at UberStrok.Realtime.Server.Comm.BaseLobbyRoomOperationHandler.OnOperationRequest(CommPeer peer, Byte opCode, MemoryStream bytes) in C:\Users\Gerar\Desktop\UberServer-4.8.8\src\UberStrok.Realtime.Server.Comm\Core\BaseLobbyRoomOperationHandler.cs:line 152
   at OperationHandler`1.OnOperationRequest(Peer peer, Byte opCode, MemoryStream bytes) in C:\Users\Gerar\Desktop\UberServer-4.8.8\src\UberStrok.Realtime.Server\OperationHandler.cs:line 44
   at Peer.OnOperationRequest(OperationRequest operationRequest, SendParameters sendParameters) in C:\Users\Gerar\Desktop\UberServer-4.8.8\src\UberStrok.Realtime.Server\Peer.cs:line 233
[ERROR] 07:56:13 CommPeer - Error while handling request on LobbyRoom -> :26
System.NotImplementedException: The method or operation is not implemented.
   at UberStrok.Realtime.Server.Comm.LobbyRoom.OnUpdateContacts(CommPeer peer) in C:\Users\Gerar\Desktop\UberServer-4.8.8\src\UberStrok.Realtime.Server.Comm\LobbyRoom.Handler.cs:line 644
   at UberStrok.Realtime.Server.Comm.BaseLobbyRoomOperationHandler.UpdateContacts(CommPeer peer, MemoryStream bytes) in C:\Users\Gerar\Desktop\UberServer-4.8.8\src\UberStrok.Realtime.Server.Comm\Core\BaseLobbyRoomOperationHandler.cs:line 342
   at UberStrok.Realtime.Server.Comm.BaseLobbyRoomOperationHandler.OnOperationRequest(CommPeer peer, Byte opCode, MemoryStream bytes) in C:\Users\Gerar\Desktop\UberServer-4.8.8\src\UberStrok.Realtime.Server.Comm\Core\BaseLobbyRoomOperationHandler.cs:line 152
   at OperationHandler`1.OnOperationRequest(Peer peer, Byte opCode, MemoryStream bytes) in C:\Users\Gerar\Desktop\UberServer-4.8.8\src\UberStrok.Realtime.Server\OperationHandler.cs:line 44
   at Peer.OnOperationRequest(OperationRequest operationRequest, SendParameters sendParameters) in C:\Users\Gerar\Desktop\UberServer-4.8.8\src\UberStrok.Realtime.Server\Peer.cs:line 233
[ERROR] 07:56:43 CommPeer - Error while handling request on LobbyRoom -> :26
System.NotImplementedException: The method or operation is not implemented.
   at UberStrok.Realtime.Server.Comm.LobbyRoom.OnUpdateContacts(CommPeer peer) in C:\Users\Gerar\Desktop\UberServer-4.8.8\src\UberStrok.Realtime.Server.Comm\LobbyRoom.Handler.cs:line 644
   at UberStrok.Realtime.Server.Comm.BaseLobbyRoomOperationHandler.UpdateContacts(CommPeer peer, MemoryStream bytes) in C:\Users\Gerar\Desktop\UberServer-4.8.8\src\UberStrok.Realtime.Server.Comm\Core\BaseLobbyRoomOperationHandler.cs:line 342
   at UberStrok.Realtime.Server.Comm.BaseLobbyRoomOperationHandler.OnOperationRequest(CommPeer peer, Byte opCode, MemoryStream bytes) in C:\Users\Gerar\Desktop\UberServer-4.8.8\src\UberStrok.Realtime.Server.Comm\Core\BaseLobbyRoomOperationHandler.cs:line 152
   at OperationHandler`1.OnOperationRequest(Peer peer, Byte opCode, MemoryStream bytes) in C:\Users\Gerar\Desktop\UberServer-4.8.8\src\UberStrok.Realtime.Server\OperationHandler.cs:line 44
   at Peer.OnOperationRequest(OperationRequest operationRequest, SendParameters sendParameters) in C:\Users\Gerar\Desktop\UberServer-4.8.8\src\UberStrok.Realtime.Server\Peer.cs:line 233
[DEBUG] 07:56:48 LobbyRoom - Command executed by User Dorki1g:?ban 2207
[INFO] 07:57:28 LobbyRoom - 2207 Disconnected TimeoutDisconnect -> 
000000000059DA10 Sent: 605907656 now: 605935093 (diff: 27437 >= max: 30000) new rtt timeout: 3200 since last touch:28468
Disc: Seq: 113 CH: 255 RTT: 7 VAR: 7 Now: 605935093 Sent: 605907656 Diff: 27437 Resends: 9
Resend: Seq: 113 CH: 255 RTT: 7 VAR: 7 Now: 605931031 Timeout: 3200 Resend: 9
Resend: Seq: 113 CH: 255 RTT: 7 VAR: 7 Now: 605926968 Timeout: 3200 Resend: 8
Resend: Seq: 113 CH: 255 RTT: 7 VAR: 7 Now: 605922890 Timeout: 3200 Resend: 7
Resend: Seq: 113 CH: 255 RTT: 7 VAR: 7 Now: 605918828 Timeout: 3200 Resend: 6
Resend: Seq: 113 CH: 255 RTT: 7 VAR: 7 Now: 605914765 Timeout: 3200 Resend: 5
Resend: Seq: 113 CH: 255 RTT: 7 VAR: 7 Now: 605910703 Timeout: 3200 Resend: 4
Resend: Seq: 113 CH: 255 RTT: 7 VAR: 7 Now: 605909093 Timeout: 1600 Resend: 3
Resend: Seq: 113 CH: 255 RTT: 7 VAR: 7 Now: 605908281 Timeout: 800 Resend: 2
Resend: Seq: 113 CH: 255 RTT: 7 VAR: 7 Now: 605907875 Timeout: 400 Resend: 1
   ACK: Seq: 112 CH: 255 RTT: 7 VAR: 7 Now: 605906609 Sent: 605906609 Diff: 0
   ACK: Seq: 111 CH: 255 RTT: 7 VAR: 7 Now: 605905578 Sent: 605905578 Diff: 0
   ACK: Seq: 369 CH: 0 RTT: 7 VAR: 7 Now: 605903578 Sent: 605903578 Diff: 0
   ACK: Seq: 368 CH: 0 RTT: 7 VAR: 7 Now: 605903546 Sent: 605903546 Diff: 0
   ACK: Seq: 367 CH: 0 RTT: 7 VAR: 7 Now: 605903546 Sent: 605903546 Diff: 0
   ACK: Seq: 366 CH: 0 RTT: 7 VAR: 7 Now: 605903546 Sent: 605903546 Diff: 0
   ACK: Seq: 365 CH: 0 RTT: 7 VAR: 7 Now: 605903546 Sent: 605903546 Diff: 0
   ACK: Seq: 364 CH: 0 RTT: 7 VAR: 7 Now: 605903546 Sent: 605903546 Diff: 0
   ACK: Seq: 363 CH: 0 RTT: 7 VAR: 7 Now: 605903546 Sent: 605903546 Diff: 0
   ACK: Seq: 362 CH: 0 RTT: 7 VAR: 7 Now: 605903546 Sent: 605903546 Diff: 0
   ACK: Seq: 361 CH: 0 RTT: 7 VAR: 7 Now: 605903546 Sent: 605903546 Diff: 0
   ACK: Seq: 110 CH: 255 RTT: 7 VAR: 7 Now: 605902656 Sent: 605902656 Diff: 0
   ACK: Seq: 109 CH: 255 RTT: 7 VAR: 7 Now: 605901625 Sent: 605901625 Diff: 0
   ACK: Seq: 108 CH: 255 RTT: 7 VAR: 7 Now: 605900578 Sent: 605900578 Diff: 0
   ACK: Seq: 360 CH: 0 RTT: 8 VAR: 8 Now: 605898562 Sent: 605898562 Diff: 0
   ACK: Seq: 359 CH: 0 RTT: 9 VAR: 7 Now: 605898562 Sent: 605898546 Diff: 16
   ACK: Seq: 358 CH: 0 RTT: 9 VAR: 7 Now: 605898562 Sent: 605898546 Diff: 16
   ACK: Seq: 357 CH: 0 RTT: 9 VAR: 7 Now: 605898562 Sent: 605898546 Diff: 16
   ACK: Seq: 356 CH: 0 RTT: 9 VAR: 7 Now: 605898562 Sent: 605898546 Diff: 16
   ACK: Seq: 355 CH: 0 RTT: 9 VAR: 7 Now: 605898562 Sent: 605898546 Diff: 16
   ACK: Seq: 354 CH: 0 RTT: 9 VAR: 7 Now: 605898562 Sent: 605898546 Diff: 16
   ACK: Seq: 353 CH: 0 RTT: 9 VAR: 7 Now: 605898562 Sent: 605898546 Diff: 16
   ACK: Seq: 352 CH: 0 RTT: 8 VAR: 8 Now: 605898562 Sent: 605898546 Diff: 16
   ACK: Seq: 107 CH: 255 RTT: 7 VAR: 7 Now: 605896921 Sent: 605896921 Diff: 0
   ACK: Seq: 351 CH: 0 RTT: 7 VAR: 7 Now: 605894890 Sent: 605894890 Diff: 0
   ACK: Seq: 350 CH: 0 RTT: 7 VAR: 7 Now: 605893562 Sent: 605893562 Diff: 0
   ACK: Seq: 349 CH: 0 RTT: 7 VAR: 7 Now: 605893546 Sent: 605893546 Diff: 0
   ACK: Seq: 348 CH: 0 RTT: 7 VAR: 7 Now: 605893546 Sent: 605893546 Diff: 0
   ACK: Seq: 347 CH: 0 RTT: 7 VAR: 7 Now: 605893546 Sent: 605893546 Diff: 0
   ACK: Seq: 346 CH: 0 RTT: 7 VAR: 7 Now: 605893546 Sent: 605893546 Diff: 0
   ACK: Seq: 345 CH: 0 RTT: 7 VAR: 7 Now: 605893546 Sent: 605893546 Diff: 0
   ACK: Seq: 344 CH: 0 RTT: 7 VAR: 7 Now: 605893546 Sent: 605893546 Diff: 0
   ACK: Seq: 343 CH: 0 RTT: 7 VAR: 7 Now: 605893546 Sent: 605893546 Diff: 0
   ACK: Seq: 342 CH: 0 RTT: 7 VAR: 7 Now: 605893546 Sent: 605893546 Diff: 0
   ACK: Seq: 106 CH: 255 RTT: 7 VAR: 7 Now: 605893109 Sent: 605893109 Diff: 0
   ACK: Seq: 105 CH: 255 RTT: 7 VAR: 7 Now: 605892062 Sent: 605892062 Diff: 0
   ACK: Seq: 104 CH: 255 RTT: 7 VAR: 7 Now: 605890578 Sent: 605890578 Diff: 0
   ACK: Seq: 341 CH: 0 RTT: 7 VAR: 7 Now: 605888578 Sent: 605888578 Diff: 0
   ACK: Seq: 340 CH: 0 RTT: 7 VAR: 7 Now: 605888546 Sent: 605888546 Diff: 0
   ACK: Seq: 339 CH: 0 RTT: 7 VAR: 7 Now: 605888546 Sent: 605888546 Diff: 0
[DEBUG] 07:57:28 LobbyRoom - CommPeer left the room 2207
[INFO] 08:20:07 CommApplication - TearDown CommApplication... Complete
[INFO] 08:20:46 CommApplication - Loading configuration at C:\Users\Gerar\Desktop\ServerSetup - Copy\PhotonRealtimeServer\UberStrok.Realtime.Server.Comm\bin\uberstrok.realtime.server.json
[INFO] 08:20:46 CommApplication - uberstrok.realtime.server.json loaded ->
[INFO] 08:20:46 CommApplication - 	CompositeHashes(0)
[INFO] 08:20:46 CommApplication - 	JunkHashes(0)
[INFO] 08:20:46 CommApplication - 	HeartbeatTimeout = 5
[INFO] 08:20:46 CommApplication - 	HeartbeatInterval = 5
[INFO] 08:20:46 CommApplication - TearDown CommApplication... Complete
[INFO] 08:21:01 CommApplication - Loading configuration at C:\Users\Gerar\Desktop\ServerSetup - Copy\PhotonRealtimeServer\UberStrok.Realtime.Server.Comm\bin\uberstrok.realtime.server.json
[INFO] 08:21:01 CommApplication - uberstrok.realtime.server.json loaded ->
[INFO] 08:21:01 CommApplication - 	CompositeHashes(0)
[INFO] 08:21:01 CommApplication - 	JunkHashes(0)
[INFO] 08:21:01 CommApplication - 	HeartbeatTimeout = 5
[INFO] 08:21:01 CommApplication - 	HeartbeatInterval = 5
[INFO] 08:21:01 CommApplication - TearDown CommApplication... Complete
[INFO] 08:22:00 CommApplication - Loading configuration at C:\Users\Gerar\Desktop\ServerSetup - Copy\PhotonRealtimeServer\UberStrok.Realtime.Server.Comm\bin\uberstrok.realtime.server.json
[INFO] 08:22:00 CommApplication - uberstrok.realtime.server.json loaded ->
[INFO] 08:22:00 CommApplication - 	CompositeHashes(0)
[INFO] 08:22:00 CommApplication - 	JunkHashes(0)
[INFO] 08:22:00 CommApplication - 	HeartbeatTimeout = 5
[INFO] 08:22:00 CommApplication - 	HeartbeatInterval = 5
[INFO] 08:22:00 CommApplication - TearDown CommApplication... Complete
[INFO] 08:23:14 CommApplication - Loading configuration at C:\Users\Gerar\Desktop\ServerSetup - Copy\PhotonRealtimeServer\UberStrok.Realtime.Server.Comm\bin\uberstrok.realtime.server.json
[INFO] 08:23:14 CommApplication - uberstrok.realtime.server.json loaded ->
[INFO] 08:23:14 CommApplication - 	CompositeHashes(0)
[INFO] 08:23:14 CommApplication - 	JunkHashes(0)
[INFO] 08:23:14 CommApplication - 	HeartbeatTimeout = 5
[INFO] 08:23:14 CommApplication - 	HeartbeatInterval = 5
[INFO] 08:23:14 CommApplication - TearDown CommApplication... Complete
[INFO] 08:31:49 CommApplication - Loading configuration at C:\Users\Gerar\Desktop\ServerSetup - Copy\PhotonRealtimeServer\UberStrok.Realtime.Server.Comm\bin\uberstrok.realtime.server.json
[INFO] 08:31:50 CommApplication - uberstrok.realtime.server.json loaded ->
[INFO] 08:31:50 CommApplication - 	CompositeHashes(0)
[INFO] 08:31:50 CommApplication - 	JunkHashes(0)
[INFO] 08:31:50 CommApplication - 	HeartbeatTimeout = 5
[INFO] 08:31:50 CommApplication - 	HeartbeatInterval = 5
[DEBUG] 08:31:50 SocketCommunicaion - Starting web socket.
[DEBUG] 08:31:50 SocketCommunicaion - Web Socket Initialised
[INFO] 08:31:51 CommApplication - Setup CommApplication... Complete
[INFO] 08:32:05 CommApplication - Accepted new connection at 127.0.0.1:50813.
[INFO] 08:32:05 CommPeer - Authenticating AAAInwAAAABl1phf:9fca1438ebdf74bc0b1b222f59eef855d1c9d10b45379c3687b1086a001a413f at 127.0.0.1:50813
[DEBUG] 08:32:05 CommPeer - Retrieving User from http://127.0.0.1:5000/2.0/
[DEBUG] 08:32:05 LobbyRoom - CommPeer joined the room 2207
[DEBUG] 08:32:26 LobbyRoom - Command executed by User Dorki1g:?help
[DEBUG] 08:32:33 LobbyRoom - Command executed by User Dorki1g:?uban 1
[ERROR] 08:32:34 CommPeer - Error while handling request on LobbyRoom -> :26
System.NotImplementedException: The method or operation is not implemented.
   at UberStrok.Realtime.Server.Comm.LobbyRoom.OnUpdateContacts(CommPeer peer) in C:\Users\Gerar\Desktop\UberServer-4.8.8\src\UberStrok.Realtime.Server.Comm\LobbyRoom.Handler.cs:line 601
   at UberStrok.Realtime.Server.Comm.BaseLobbyRoomOperationHandler.UpdateContacts(CommPeer peer, MemoryStream bytes) in C:\Users\Gerar\Desktop\UberServer-4.8.8\src\UberStrok.Realtime.Server.Comm\Core\BaseLobbyRoomOperationHandler.cs:line 342
   at UberStrok.Realtime.Server.Comm.BaseLobbyRoomOperationHandler.OnOperationRequest(CommPeer peer, Byte opCode, MemoryStream bytes) in C:\Users\Gerar\Desktop\UberServer-4.8.8\src\UberStrok.Realtime.Server.Comm\Core\BaseLobbyRoomOperationHandler.cs:line 152
   at OperationHandler`1.OnOperationRequest(Peer peer, Byte opCode, MemoryStream bytes) in C:\Users\Gerar\Desktop\UberServer-4.8.8\src\UberStrok.Realtime.Server\OperationHandler.cs:line 44
   at Peer.OnOperationRequest(OperationRequest operationRequest, SendParameters sendParameters) in C:\Users\Gerar\Desktop\UberServer-4.8.8\src\UberStrok.Realtime.Server\Peer.cs:line 233
[DEBUG] 08:32:41 LobbyRoom - Command executed by User Dorki1g:?eban 0
[DEBUG] 08:32:46 LobbyRoom - Command executed by User Dorki1g:?ban 39
[ERROR] 08:33:04 CommPeer - Error while handling request on LobbyRoom -> :26
System.NotImplementedException: The method or operation is not implemented.
   at UberStrok.Realtime.Server.Comm.LobbyRoom.OnUpdateContacts(CommPeer peer) in C:\Users\Gerar\Desktop\UberServer-4.8.8\src\UberStrok.Realtime.Server.Comm\LobbyRoom.Handler.cs:line 601
   at UberStrok.Realtime.Server.Comm.BaseLobbyRoomOperationHandler.UpdateContacts(CommPeer peer, MemoryStream bytes) in C:\Users\Gerar\Desktop\UberServer-4.8.8\src\UberStrok.Realtime.Server.Comm\Core\BaseLobbyRoomOperationHandler.cs:line 342
   at UberStrok.Realtime.Server.Comm.BaseLobbyRoomOperationHandler.OnOperationRequest(CommPeer peer, Byte opCode, MemoryStream bytes) in C:\Users\Gerar\Desktop\UberServer-4.8.8\src\UberStrok.Realtime.Server.Comm\Core\BaseLobbyRoomOperationHandler.cs:line 152
   at OperationHandler`1.OnOperationRequest(Peer peer, Byte opCode, MemoryStream bytes) in C:\Users\Gerar\Desktop\UberServer-4.8.8\src\UberStrok.Realtime.Server\OperationHandler.cs:line 44
   at Peer.OnOperationRequest(OperationRequest operationRequest, SendParameters sendParameters) in C:\Users\Gerar\Desktop\UberServer-4.8.8\src\UberStrok.Realtime.Server\Peer.cs:line 233
[DEBUG] 08:33:06 LobbyRoom - Command executed by User Dorki1g:?unban 39
[ERROR] 08:33:34 CommPeer - Error while handling request on LobbyRoom -> :26
System.NotImplementedException: The method or operation is not implemented.
   at UberStrok.Realtime.Server.Comm.LobbyRoom.OnUpdateContacts(CommPeer peer) in C:\Users\Gerar\Desktop\UberServer-4.8.8\src\UberStrok.Realtime.Server.Comm\LobbyRoom.Handler.cs:line 601
   at UberStrok.Realtime.Server.Comm.BaseLobbyRoomOperationHandler.UpdateContacts(CommPeer peer, MemoryStream bytes) in C:\Users\Gerar\Desktop\UberServer-4.8.8\src\UberStrok.Realtime.Server.Comm\Core\BaseLobbyRoomOperationHandler.cs:line 342
   at UberStrok.Realtime.Server.Comm.BaseLobbyRoomOperationHandler.OnOperationRequest(CommPeer peer, Byte opCode, MemoryStream bytes) in C:\Users\Gerar\Desktop\UberServer-4.8.8\src\UberStrok.Realtime.Server.Comm\Core\BaseLobbyRoomOperationHandler.cs:line 152
   at OperationHandler`1.OnOperationRequest(Peer peer, Byte opCode, MemoryStream bytes) in C:\Users\Gerar\Desktop\UberServer-4.8.8\src\UberStrok.Realtime.Server\OperationHandler.cs:line 44
   at Peer.OnOperationRequest(OperationRequest operationRequest, SendParameters sendParameters) in C:\Users\Gerar\Desktop\UberServer-4.8.8\src\UberStrok.Realtime.Server\Peer.cs:line 233
[DEBUG] 08:33:37 LobbyRoom - Command executed by User Dorki1g:?hwid 2207
[ERROR] 08:34:04 CommPeer - Error while handling request on LobbyRoom -> :26
System.NotImplementedException: The method or operation is not implemented.
   at UberStrok.Realtime.Server.Comm.LobbyRoom.OnUpdateContacts(CommPeer peer) in C:\Users\Gerar\Desktop\UberServer-4.8.8\src\UberStrok.Realtime.Server.Comm\LobbyRoom.Handler.cs:line 601
   at UberStrok.Realtime.Server.Comm.BaseLobbyRoomOperationHandler.UpdateContacts(CommPeer peer, MemoryStream bytes) in C:\Users\Gerar\Desktop\UberServer-4.8.8\src\UberStrok.Realtime.Server.Comm\Core\BaseLobbyRoomOperationHandler.cs:line 342
   at UberStrok.Realtime.Server.Comm.BaseLobbyRoomOperationHandler.OnOperationRequest(CommPeer peer, Byte opCode, MemoryStream bytes) in C:\Users\Gerar\Desktop\UberServer-4.8.8\src\UberStrok.Realtime.Server.Comm\Core\BaseLobbyRoomOperationHandler.cs:line 152
   at OperationHandler`1.OnOperationRequest(Peer peer, Byte opCode, MemoryStream bytes) in C:\Users\Gerar\Desktop\UberServer-4.8.8\src\UberStrok.Realtime.Server\OperationHandler.cs:line 44
   at Peer.OnOperationRequest(OperationRequest operationRequest, SendParameters sendParameters) in C:\Users\Gerar\Desktop\UberServer-4.8.8\src\UberStrok.Realtime.Server\Peer.cs:line 233
[ERROR] 08:34:34 CommPeer - Error while handling request on LobbyRoom -> :26
System.NotImplementedException: The method or operation is not implemented.
   at UberStrok.Realtime.Server.Comm.LobbyRoom.OnUpdateContacts(CommPeer peer) in C:\Users\Gerar\Desktop\UberServer-4.8.8\src\UberStrok.Realtime.Server.Comm\LobbyRoom.Handler.cs:line 601
   at UberStrok.Realtime.Server.Comm.BaseLobbyRoomOperationHandler.UpdateContacts(CommPeer peer, MemoryStream bytes) in C:\Users\Gerar\Desktop\UberServer-4.8.8\src\UberStrok.Realtime.Server.Comm\Core\BaseLobbyRoomOperationHandler.cs:line 342
   at UberStrok.Realtime.Server.Comm.BaseLobbyRoomOperationHandler.OnOperationRequest(CommPeer peer, Byte opCode, MemoryStream bytes) in C:\Users\Gerar\Desktop\UberServer-4.8.8\src\UberStrok.Realtime.Server.Comm\Core\BaseLobbyRoomOperationHandler.cs:line 152
   at OperationHandler`1.OnOperationRequest(Peer peer, Byte opCode, MemoryStream bytes) in C:\Users\Gerar\Desktop\UberServer-4.8.8\src\UberStrok.Realtime.Server\OperationHandler.cs:line 44
   at Peer.OnOperationRequest(OperationRequest operationRequest, SendParameters sendParameters) in C:\Users\Gerar\Desktop\UberServer-4.8.8\src\UberStrok.Realtime.Server\Peer.cs:line 233
[ERROR] 08:35:04 CommPeer - Error while handling request on LobbyRoom -> :26
System.NotImplementedException: The method or operation is not implemented.
   at UberStrok.Realtime.Server.Comm.LobbyRoom.OnUpdateContacts(CommPeer peer) in C:\Users\Gerar\Desktop\UberServer-4.8.8\src\UberStrok.Realtime.Server.Comm\LobbyRoom.Handler.cs:line 601
   at UberStrok.Realtime.Server.Comm.BaseLobbyRoomOperationHandler.UpdateContacts(CommPeer peer, MemoryStream bytes) in C:\Users\Gerar\Desktop\UberServer-4.8.8\src\UberStrok.Realtime.Server.Comm\Core\BaseLobbyRoomOperationHandler.cs:line 342
   at UberStrok.Realtime.Server.Comm.BaseLobbyRoomOperationHandler.OnOperationRequest(CommPeer peer, Byte opCode, MemoryStream bytes) in C:\Users\Gerar\Desktop\UberServer-4.8.8\src\UberStrok.Realtime.Server.Comm\Core\BaseLobbyRoomOperationHandler.cs:line 152
   at OperationHandler`1.OnOperationRequest(Peer peer, Byte opCode, MemoryStream bytes) in C:\Users\Gerar\Desktop\UberServer-4.8.8\src\UberStrok.Realtime.Server\OperationHandler.cs:line 44
   at Peer.OnOperationRequest(OperationRequest operationRequest, SendParameters sendParameters) in C:\Users\Gerar\Desktop\UberServer-4.8.8\src\UberStrok.Realtime.Server\Peer.cs:line 233
[INFO] 08:35:14 CommApplication - TearDown CommApplication... Complete
[INFO] 08:35:14 LobbyRoom - 2207 Disconnected ManagedDisconnect -> 
[INFO] 08:40:41 CommApplication - Loading configuration at C:\Users\Gerar\Desktop\ServerSetup - Copy\PhotonRealtimeServer\UberStrok.Realtime.Server.Comm\bin\uberstrok.realtime.server.json
[INFO] 08:40:41 CommApplication - uberstrok.realtime.server.json loaded ->
[INFO] 08:40:41 CommApplication - 	CompositeHashes(0)
[INFO] 08:40:41 CommApplication - 	JunkHashes(0)
[INFO] 08:40:41 CommApplication - 	HeartbeatTimeout = 5
[INFO] 08:40:41 CommApplication - 	HeartbeatInterval = 5
[DEBUG] 08:40:42 SocketCommunicaion - Starting web socket.
[DEBUG] 08:40:42 SocketCommunicaion - Web Socket Initialised
[INFO] 08:40:44 CommApplication - Setup CommApplication... Complete
[INFO] 08:40:57 CommApplication - Accepted new connection at 127.0.0.1:50296.
[INFO] 08:40:57 CommPeer - Authenticating AAAInwAAAABl1phg:fb9d5c319529779e3fc96b7a9692d007257786ad364a030294a57cead9789c45 at 127.0.0.1:50296
[DEBUG] 08:40:57 CommPeer - Retrieving User from http://127.0.0.1:5000/2.0/
[DEBUG] 08:40:58 LobbyRoom - CommPeer joined the room 2207
[DEBUG] 08:41:06 LobbyRoom - Command executed by User Dorki1g:?hwid 2207
[ERROR] 08:41:26 CommPeer - Error while handling request on LobbyRoom -> :26
System.NotImplementedException: The method or operation is not implemented.
   at UberStrok.Realtime.Server.Comm.LobbyRoom.OnUpdateContacts(CommPeer peer) in C:\Users\Gerar\Desktop\UberServer-4.8.8\src\UberStrok.Realtime.Server.Comm\LobbyRoom.Handler.cs:line 601
   at UberStrok.Realtime.Server.Comm.BaseLobbyRoomOperationHandler.UpdateContacts(CommPeer peer, MemoryStream bytes) in C:\Users\Gerar\Desktop\UberServer-4.8.8\src\UberStrok.Realtime.Server.Comm\Core\BaseLobbyRoomOperationHandler.cs:line 342
   at UberStrok.Realtime.Server.Comm.BaseLobbyRoomOperationHandler.OnOperationRequest(CommPeer peer, Byte opCode, MemoryStream bytes) in C:\Users\Gerar\Desktop\UberServer-4.8.8\src\UberStrok.Realtime.Server.Comm\Core\BaseLobbyRoomOperationHandler.cs:line 152
   at OperationHandler`1.OnOperationRequest(Peer peer, Byte opCode, MemoryStream bytes) in C:\Users\Gerar\Desktop\UberServer-4.8.8\src\UberStrok.Realtime.Server\OperationHandler.cs:line 44
   at Peer.OnOperationRequest(OperationRequest operationRequest, SendParameters sendParameters) in C:\Users\Gerar\Desktop\UberServer-4.8.8\src\UberStrok.Realtime.Server\Peer.cs:line 233
[ERROR] 08:41:56 CommPeer - Error while handling request on LobbyRoom -> :26
System.NotImplementedException: The method or operation is not implemented.
   at UberStrok.Realtime.Server.Comm.LobbyRoom.OnUpdateContacts(CommPeer peer) in C:\Users\Gerar\Desktop\UberServer-4.8.8\src\UberStrok.Realtime.Server.Comm\LobbyRoom.Handler.cs:line 601
   at UberStrok.Realtime.Server.Comm.BaseLobbyRoomOperationHandler.UpdateContacts(CommPeer peer, MemoryStream bytes) in C:\Users\Gerar\Desktop\UberServer-4.8.8\src\UberStrok.Realtime.Server.Comm\Core\BaseLobbyRoomOperationHandler.cs:line 342
   at UberStrok.Realtime.Server.Comm.BaseLobbyRoomOperationHandler.OnOperationRequest(CommPeer peer, Byte opCode, MemoryStream bytes) in C:\Users\Gerar\Desktop\UberServer-4.8.8\src\UberStrok.Realtime.Server.Comm\Core\BaseLobbyRoomOperationHandler.cs:line 152
   at OperationHandler`1.OnOperationRequest(Peer peer, Byte opCode, MemoryStream bytes) in C:\Users\Gerar\Desktop\UberServer-4.8.8\src\UberStrok.Realtime.Server\OperationHandler.cs:line 44
   at Peer.OnOperationRequest(OperationRequest operationRequest, SendParameters sendParameters) in C:\Users\Gerar\Desktop\UberServer-4.8.8\src\UberStrok.Realtime.Server\Peer.cs:line 233
[ERROR] 08:42:26 CommPeer - Error while handling request on LobbyRoom -> :26
System.NotImplementedException: The method or operation is not implemented.
   at UberStrok.Realtime.Server.Comm.LobbyRoom.OnUpdateContacts(CommPeer peer) in C:\Users\Gerar\Desktop\UberServer-4.8.8\src\UberStrok.Realtime.Server.Comm\LobbyRoom.Handler.cs:line 601
   at UberStrok.Realtime.Server.Comm.BaseLobbyRoomOperationHandler.UpdateContacts(CommPeer peer, MemoryStream bytes) in C:\Users\Gerar\Desktop\UberServer-4.8.8\src\UberStrok.Realtime.Server.Comm\Core\BaseLobbyRoomOperationHandler.cs:line 342
   at UberStrok.Realtime.Server.Comm.BaseLobbyRoomOperationHandler.OnOperationRequest(CommPeer peer, Byte opCode, MemoryStream bytes) in C:\Users\Gerar\Desktop\UberServer-4.8.8\src\UberStrok.Realtime.Server.Comm\Core\BaseLobbyRoomOperationHandler.cs:line 152
   at OperationHandler`1.OnOperationRequest(Peer peer, Byte opCode, MemoryStream bytes) in C:\Users\Gerar\Desktop\UberServer-4.8.8\src\UberStrok.Realtime.Server\OperationHandler.cs:line 44
   at Peer.OnOperationRequest(OperationRequest operationRequest, SendParameters sendParameters) in C:\Users\Gerar\Desktop\UberServer-4.8.8\src\UberStrok.Realtime.Server\Peer.cs:line 233
[INFO] 08:42:37 CommApplication - TearDown CommApplication... Complete
[INFO] 08:42:37 LobbyRoom - 2207 Disconnected ManagedDisconnect -> 
[INFO] 08:47:04 CommApplication - Loading configuration at C:\Users\Gerar\Desktop\ServerSetup - Copy\PhotonRealtimeServer\UberStrok.Realtime.Server.Comm\bin\uberstrok.realtime.server.json
[INFO] 08:47:04 CommApplication - uberstrok.realtime.server.json loaded ->
[INFO] 08:47:04 CommApplication - 	CompositeHashes(0)
[INFO] 08:47:04 CommApplication - 	JunkHashes(0)
[INFO] 08:47:04 CommApplication - 	HeartbeatTimeout = 5
[INFO] 08:47:04 CommApplication - 	HeartbeatInterval = 5
[DEBUG] 08:47:04 SocketCommunicaion - Starting web socket.
[DEBUG] 08:47:04 SocketCommunicaion - Web Socket Initialised
[INFO] 08:47:05 CommApplication - Setup CommApplication... Complete
[INFO] 08:47:31 CommApplication - Accepted new connection at 127.0.0.1:56982.
[INFO] 08:47:31 CommPeer - Authenticating AAAInwAAAABl1phh:6303a28185a0658c7c5ad717f12bcedf9c48429615ede3f77233522b11fcf7ea at 127.0.0.1:56982
[DEBUG] 08:47:31 CommPeer - Retrieving User from http://127.0.0.1:5000/2.0/
[DEBUG] 08:47:32 LobbyRoom - CommPeer joined the room 2207
[DEBUG] 08:47:37 LobbyRoom - Command executed by User Dorki1g:?hwid 2207
[ERROR] 08:48:00 CommPeer - Error while handling request on LobbyRoom -> :26
System.NotImplementedException: The method or operation is not implemented.
   at UberStrok.Realtime.Server.Comm.LobbyRoom.OnUpdateContacts(CommPeer peer) in C:\Users\Gerar\Desktop\UberServer-4.8.8\src\UberStrok.Realtime.Server.Comm\LobbyRoom.Handler.cs:line 601
   at UberStrok.Realtime.Server.Comm.BaseLobbyRoomOperationHandler.UpdateContacts(CommPeer peer, MemoryStream bytes) in C:\Users\Gerar\Desktop\UberServer-4.8.8\src\UberStrok.Realtime.Server.Comm\Core\BaseLobbyRoomOperationHandler.cs:line 342
   at UberStrok.Realtime.Server.Comm.BaseLobbyRoomOperationHandler.OnOperationRequest(CommPeer peer, Byte opCode, MemoryStream bytes) in C:\Users\Gerar\Desktop\UberServer-4.8.8\src\UberStrok.Realtime.Server.Comm\Core\BaseLobbyRoomOperationHandler.cs:line 152
   at OperationHandler`1.OnOperationRequest(Peer peer, Byte opCode, MemoryStream bytes) in C:\Users\Gerar\Desktop\UberServer-4.8.8\src\UberStrok.Realtime.Server\OperationHandler.cs:line 44
   at Peer.OnOperationRequest(OperationRequest operationRequest, SendParameters sendParameters) in C:\Users\Gerar\Desktop\UberServer-4.8.8\src\UberStrok.Realtime.Server\Peer.cs:line 233
[ERROR] 08:48:30 CommPeer - Error while handling request on LobbyRoom -> :26
System.NotImplementedException: The method or operation is not implemented.
   at UberStrok.Realtime.Server.Comm.LobbyRoom.OnUpdateContacts(CommPeer peer) in C:\Users\Gerar\Desktop\UberServer-4.8.8\src\UberStrok.Realtime.Server.Comm\LobbyRoom.Handler.cs:line 601
   at UberStrok.Realtime.Server.Comm.BaseLobbyRoomOperationHandler.UpdateContacts(CommPeer peer, MemoryStream bytes) in C:\Users\Gerar\Desktop\UberServer-4.8.8\src\UberStrok.Realtime.Server.Comm\Core\BaseLobbyRoomOperationHandler.cs:line 342
   at UberStrok.Realtime.Server.Comm.BaseLobbyRoomOperationHandler.OnOperationRequest(CommPeer peer, Byte opCode, MemoryStream bytes) in C:\Users\Gerar\Desktop\UberServer-4.8.8\src\UberStrok.Realtime.Server.Comm\Core\BaseLobbyRoomOperationHandler.cs:line 152
   at OperationHandler`1.OnOperationRequest(Peer peer, Byte opCode, MemoryStream bytes) in C:\Users\Gerar\Desktop\UberServer-4.8.8\src\UberStrok.Realtime.Server\OperationHandler.cs:line 44
   at Peer.OnOperationRequest(OperationRequest operationRequest, SendParameters sendParameters) in C:\Users\Gerar\Desktop\UberServer-4.8.8\src\UberStrok.Realtime.Server\Peer.cs:line 233
[ERROR] 08:49:00 CommPeer - Error while handling request on LobbyRoom -> :26
System.NotImplementedException: The method or operation is not implemented.
   at UberStrok.Realtime.Server.Comm.LobbyRoom.OnUpdateContacts(CommPeer peer) in C:\Users\Gerar\Desktop\UberServer-4.8.8\src\UberStrok.Realtime.Server.Comm\LobbyRoom.Handler.cs:line 601
   at UberStrok.Realtime.Server.Comm.BaseLobbyRoomOperationHandler.UpdateContacts(CommPeer peer, MemoryStream bytes) in C:\Users\Gerar\Desktop\UberServer-4.8.8\src\UberStrok.Realtime.Server.Comm\Core\BaseLobbyRoomOperationHandler.cs:line 342
   at UberStrok.Realtime.Server.Comm.BaseLobbyRoomOperationHandler.OnOperationRequest(CommPeer peer, Byte opCode, MemoryStream bytes) in C:\Users\Gerar\Desktop\UberServer-4.8.8\src\UberStrok.Realtime.Server.Comm\Core\BaseLobbyRoomOperationHandler.cs:line 152
   at OperationHandler`1.OnOperationRequest(Peer peer, Byte opCode, MemoryStream bytes) in C:\Users\Gerar\Desktop\UberServer-4.8.8\src\UberStrok.Realtime.Server\OperationHandler.cs:line 44
   at Peer.OnOperationRequest(OperationRequest operationRequest, SendParameters sendParameters) in C:\Users\Gerar\Desktop\UberServer-4.8.8\src\UberStrok.Realtime.Server\Peer.cs:line 233
[ERROR] 08:49:30 CommPeer - Error while handling request on LobbyRoom -> :26
System.NotImplementedException: The method or operation is not implemented.
   at UberStrok.Realtime.Server.Comm.LobbyRoom.OnUpdateContacts(CommPeer peer) in C:\Users\Gerar\Desktop\UberServer-4.8.8\src\UberStrok.Realtime.Server.Comm\LobbyRoom.Handler.cs:line 601
   at UberStrok.Realtime.Server.Comm.BaseLobbyRoomOperationHandler.UpdateContacts(CommPeer peer, MemoryStream bytes) in C:\Users\Gerar\Desktop\UberServer-4.8.8\src\UberStrok.Realtime.Server.Comm\Core\BaseLobbyRoomOperationHandler.cs:line 342
   at UberStrok.Realtime.Server.Comm.BaseLobbyRoomOperationHandler.OnOperationRequest(CommPeer peer, Byte opCode, MemoryStream bytes) in C:\Users\Gerar\Desktop\UberServer-4.8.8\src\UberStrok.Realtime.Server.Comm\Core\BaseLobbyRoomOperationHandler.cs:line 152
   at OperationHandler`1.OnOperationRequest(Peer peer, Byte opCode, MemoryStream bytes) in C:\Users\Gerar\Desktop\UberServer-4.8.8\src\UberStrok.Realtime.Server\OperationHandler.cs:line 44
   at Peer.OnOperationRequest(OperationRequest operationRequest, SendParameters sendParameters) in C:\Users\Gerar\Desktop\UberServer-4.8.8\src\UberStrok.Realtime.Server\Peer.cs:line 233
[ERROR] 08:50:00 CommPeer - Error while handling request on LobbyRoom -> :26
System.NotImplementedException: The method or operation is not implemented.
   at UberStrok.Realtime.Server.Comm.LobbyRoom.OnUpdateContacts(CommPeer peer) in C:\Users\Gerar\Desktop\UberServer-4.8.8\src\UberStrok.Realtime.Server.Comm\LobbyRoom.Handler.cs:line 601
   at UberStrok.Realtime.Server.Comm.BaseLobbyRoomOperationHandler.UpdateContacts(CommPeer peer, MemoryStream bytes) in C:\Users\Gerar\Desktop\UberServer-4.8.8\src\UberStrok.Realtime.Server.Comm\Core\BaseLobbyRoomOperationHandler.cs:line 342
   at UberStrok.Realtime.Server.Comm.BaseLobbyRoomOperationHandler.OnOperationRequest(CommPeer peer, Byte opCode, MemoryStream bytes) in C:\Users\Gerar\Desktop\UberServer-4.8.8\src\UberStrok.Realtime.Server.Comm\Core\BaseLobbyRoomOperationHandler.cs:line 152
   at OperationHandler`1.OnOperationRequest(Peer peer, Byte opCode, MemoryStream bytes) in C:\Users\Gerar\Desktop\UberServer-4.8.8\src\UberStrok.Realtime.Server\OperationHandler.cs:line 44
   at Peer.OnOperationRequest(OperationRequest operationRequest, SendParameters sendParameters) in C:\Users\Gerar\Desktop\UberServer-4.8.8\src\UberStrok.Realtime.Server\Peer.cs:line 233
[ERROR] 08:50:30 CommPeer - Error while handling request on LobbyRoom -> :26
System.NotImplementedException: The method or operation is not implemented.
   at UberStrok.Realtime.Server.Comm.LobbyRoom.OnUpdateContacts(CommPeer peer) in C:\Users\Gerar\Desktop\UberServer-4.8.8\src\UberStrok.Realtime.Server.Comm\LobbyRoom.Handler.cs:line 601
   at UberStrok.Realtime.Server.Comm.BaseLobbyRoomOperationHandler.UpdateContacts(CommPeer peer, MemoryStream bytes) in C:\Users\Gerar\Desktop\UberServer-4.8.8\src\UberStrok.Realtime.Server.Comm\Core\BaseLobbyRoomOperationHandler.cs:line 342
   at UberStrok.Realtime.Server.Comm.BaseLobbyRoomOperationHandler.OnOperationRequest(CommPeer peer, Byte opCode, MemoryStream bytes) in C:\Users\Gerar\Desktop\UberServer-4.8.8\src\UberStrok.Realtime.Server.Comm\Core\BaseLobbyRoomOperationHandler.cs:line 152
   at OperationHandler`1.OnOperationRequest(Peer peer, Byte opCode, MemoryStream bytes) in C:\Users\Gerar\Desktop\UberServer-4.8.8\src\UberStrok.Realtime.Server\OperationHandler.cs:line 44
   at Peer.OnOperationRequest(OperationRequest operationRequest, SendParameters sendParameters) in C:\Users\Gerar\Desktop\UberServer-4.8.8\src\UberStrok.Realtime.Server\Peer.cs:line 233
[DEBUG] 08:50:41 LobbyRoom - Command executed by User Dorki1g:?windows 2207
[INFO] 08:50:59 CommApplication - TearDown CommApplication... Complete
[INFO] 08:50:59 LobbyRoom - 2207 Disconnected ManagedDisconnect -> 
[INFO] 08:55:37 CommApplication - Loading configuration at C:\Users\Gerar\Desktop\ServerSetup - Copy\PhotonRealtimeServer\UberStrok.Realtime.Server.Comm\bin\uberstrok.realtime.server.json
[INFO] 08:55:37 CommApplication - uberstrok.realtime.server.json loaded ->
[INFO] 08:55:37 CommApplication - 	CompositeHashes(0)
[INFO] 08:55:37 CommApplication - 	JunkHashes(0)
[INFO] 08:55:37 CommApplication - 	HeartbeatTimeout = 5
[INFO] 08:55:37 CommApplication - 	HeartbeatInterval = 5
[DEBUG] 08:55:37 SocketCommunicaion - Starting web socket.
[DEBUG] 08:55:37 SocketCommunicaion - Web Socket Initialised
[INFO] 08:55:38 CommApplication - Setup CommApplication... Complete
[INFO] 08:55:49 CommApplication - Accepted new connection at 127.0.0.1:58706.
[INFO] 08:55:49 CommPeer - Authenticating AAAInwAAAABl1phi:7338c3d2999f892c1cc328db43c6c5083be6f118af8425f0b991b978fa19c7b5 at 127.0.0.1:58706
[DEBUG] 08:55:49 CommPeer - Retrieving User from http://127.0.0.1:5000/2.0/
[DEBUG] 08:55:49 LobbyRoom - CommPeer joined the room 2207
[DEBUG] 08:56:06 LobbyRoom - Command executed by User Dorki1g:?hwid 2207
[ERROR] 08:56:17 CommPeer - Error while handling request on LobbyRoom -> :26
System.NotImplementedException: The method or operation is not implemented.
   at UberStrok.Realtime.Server.Comm.LobbyRoom.OnUpdateContacts(CommPeer peer) in C:\Users\Gerar\Desktop\UberServer-4.8.8\src\UberStrok.Realtime.Server.Comm\LobbyRoom.Handler.cs:line 601
   at UberStrok.Realtime.Server.Comm.BaseLobbyRoomOperationHandler.UpdateContacts(CommPeer peer, MemoryStream bytes) in C:\Users\Gerar\Desktop\UberServer-4.8.8\src\UberStrok.Realtime.Server.Comm\Core\BaseLobbyRoomOperationHandler.cs:line 342
   at UberStrok.Realtime.Server.Comm.BaseLobbyRoomOperationHandler.OnOperationRequest(CommPeer peer, Byte opCode, MemoryStream bytes) in C:\Users\Gerar\Desktop\UberServer-4.8.8\src\UberStrok.Realtime.Server.Comm\Core\BaseLobbyRoomOperationHandler.cs:line 152
   at OperationHandler`1.OnOperationRequest(Peer peer, Byte opCode, MemoryStream bytes) in C:\Users\Gerar\Desktop\UberServer-4.8.8\src\UberStrok.Realtime.Server\OperationHandler.cs:line 44
   at Peer.OnOperationRequest(OperationRequest operationRequest, SendParameters sendParameters) in C:\Users\Gerar\Desktop\UberServer-4.8.8\src\UberStrok.Realtime.Server\Peer.cs:line 233
[ERROR] 08:56:47 CommPeer - Error while handling request on LobbyRoom -> :26
System.NotImplementedException: The method or operation is not implemented.
   at UberStrok.Realtime.Server.Comm.LobbyRoom.OnUpdateContacts(CommPeer peer) in C:\Users\Gerar\Desktop\UberServer-4.8.8\src\UberStrok.Realtime.Server.Comm\LobbyRoom.Handler.cs:line 601
   at UberStrok.Realtime.Server.Comm.BaseLobbyRoomOperationHandler.UpdateContacts(CommPeer peer, MemoryStream bytes) in C:\Users\Gerar\Desktop\UberServer-4.8.8\src\UberStrok.Realtime.Server.Comm\Core\BaseLobbyRoomOperationHandler.cs:line 342
   at UberStrok.Realtime.Server.Comm.BaseLobbyRoomOperationHandler.OnOperationRequest(CommPeer peer, Byte opCode, MemoryStream bytes) in C:\Users\Gerar\Desktop\UberServer-4.8.8\src\UberStrok.Realtime.Server.Comm\Core\BaseLobbyRoomOperationHandler.cs:line 152
   at OperationHandler`1.OnOperationRequest(Peer peer, Byte opCode, MemoryStream bytes) in C:\Users\Gerar\Desktop\UberServer-4.8.8\src\UberStrok.Realtime.Server\OperationHandler.cs:line 44
   at Peer.OnOperationRequest(OperationRequest operationRequest, SendParameters sendParameters) in C:\Users\Gerar\Desktop\UberServer-4.8.8\src\UberStrok.Realtime.Server\Peer.cs:line 233
[ERROR] 08:57:17 CommPeer - Error while handling request on LobbyRoom -> :26
System.NotImplementedException: The method or operation is not implemented.
   at UberStrok.Realtime.Server.Comm.LobbyRoom.OnUpdateContacts(CommPeer peer) in C:\Users\Gerar\Desktop\UberServer-4.8.8\src\UberStrok.Realtime.Server.Comm\LobbyRoom.Handler.cs:line 601
   at UberStrok.Realtime.Server.Comm.BaseLobbyRoomOperationHandler.UpdateContacts(CommPeer peer, MemoryStream bytes) in C:\Users\Gerar\Desktop\UberServer-4.8.8\src\UberStrok.Realtime.Server.Comm\Core\BaseLobbyRoomOperationHandler.cs:line 342
   at UberStrok.Realtime.Server.Comm.BaseLobbyRoomOperationHandler.OnOperationRequest(CommPeer peer, Byte opCode, MemoryStream bytes) in C:\Users\Gerar\Desktop\UberServer-4.8.8\src\UberStrok.Realtime.Server.Comm\Core\BaseLobbyRoomOperationHandler.cs:line 152
   at OperationHandler`1.OnOperationRequest(Peer peer, Byte opCode, MemoryStream bytes) in C:\Users\Gerar\Desktop\UberServer-4.8.8\src\UberStrok.Realtime.Server\OperationHandler.cs:line 44
   at Peer.OnOperationRequest(OperationRequest operationRequest, SendParameters sendParameters) in C:\Users\Gerar\Desktop\UberServer-4.8.8\src\UberStrok.Realtime.Server\Peer.cs:line 233
[ERROR] 08:57:47 CommPeer - Error while handling request on LobbyRoom -> :26
System.NotImplementedException: The method or operation is not implemented.
   at UberStrok.Realtime.Server.Comm.LobbyRoom.OnUpdateContacts(CommPeer peer) in C:\Users\Gerar\Desktop\UberServer-4.8.8\src\UberStrok.Realtime.Server.Comm\LobbyRoom.Handler.cs:line 601
   at UberStrok.Realtime.Server.Comm.BaseLobbyRoomOperationHandler.UpdateContacts(CommPeer peer, MemoryStream bytes) in C:\Users\Gerar\Desktop\UberServer-4.8.8\src\UberStrok.Realtime.Server.Comm\Core\BaseLobbyRoomOperationHandler.cs:line 342
   at UberStrok.Realtime.Server.Comm.BaseLobbyRoomOperationHandler.OnOperationRequest(CommPeer peer, Byte opCode, MemoryStream bytes) in C:\Users\Gerar\Desktop\UberServer-4.8.8\src\UberStrok.Realtime.Server.Comm\Core\BaseLobbyRoomOperationHandler.cs:line 152
   at OperationHandler`1.OnOperationRequest(Peer peer, Byte opCode, MemoryStream bytes) in C:\Users\Gerar\Desktop\UberServer-4.8.8\src\UberStrok.Realtime.Server\OperationHandler.cs:line 44
   at Peer.OnOperationRequest(OperationRequest operationRequest, SendParameters sendParameters) in C:\Users\Gerar\Desktop\UberServer-4.8.8\src\UberStrok.Realtime.Server\Peer.cs:line 233
[INFO] 08:58:39 LobbyRoom - 2207 Disconnected TimeoutDisconnect -> 
000000000D09F4C0 Sent: 609578390 now: 609605859 (diff: 27469 >= max: 30000) new rtt timeout: 3200 since last touch:28484
Disc: Seq: 85 CH: 255 RTT: 7 VAR: 7 Now: 609605859 Sent: 609578390 Diff: 27469 Resends: 9
Resend: Seq: 85 CH: 255 RTT: 7 VAR: 7 Now: 609601781 Timeout: 3200 Resend: 9
Resend: Seq: 85 CH: 255 RTT: 7 VAR: 7 Now: 609597718 Timeout: 3200 Resend: 8
Resend: Seq: 85 CH: 255 RTT: 7 VAR: 7 Now: 609593640 Timeout: 3200 Resend: 7
Resend: Seq: 85 CH: 255 RTT: 7 VAR: 7 Now: 609589578 Timeout: 3200 Resend: 6
Resend: Seq: 85 CH: 255 RTT: 7 VAR: 7 Now: 609585515 Timeout: 3200 Resend: 5
Resend: Seq: 85 CH: 255 RTT: 7 VAR: 7 Now: 609581453 Timeout: 3200 Resend: 4
Resend: Seq: 85 CH: 255 RTT: 7 VAR: 7 Now: 609579828 Timeout: 1600 Resend: 3
Resend: Seq: 85 CH: 255 RTT: 7 VAR: 7 Now: 609579015 Timeout: 800 Resend: 2
Resend: Seq: 85 CH: 255 RTT: 7 VAR: 7 Now: 609578609 Timeout: 400 Resend: 1
   ACK: Seq: 84 CH: 255 RTT: 7 VAR: 7 Now: 609577359 Sent: 609577359 Diff: 0
   ACK: Seq: 83 CH: 255 RTT: 7 VAR: 7 Now: 609575296 Sent: 609575296 Diff: 0
   ACK: Seq: 256 CH: 0 RTT: 7 VAR: 7 Now: 609573296 Sent: 609573296 Diff: 0
   ACK: Seq: 255 CH: 0 RTT: 7 VAR: 7 Now: 609573265 Sent: 609573265 Diff: 0
   ACK: Seq: 254 CH: 0 RTT: 7 VAR: 7 Now: 609573265 Sent: 609573265 Diff: 0
   ACK: Seq: 253 CH: 0 RTT: 7 VAR: 7 Now: 609573265 Sent: 609573265 Diff: 0
   ACK: Seq: 252 CH: 0 RTT: 7 VAR: 7 Now: 609573265 Sent: 609573265 Diff: 0
   ACK: Seq: 251 CH: 0 RTT: 7 VAR: 7 Now: 609573265 Sent: 609573265 Diff: 0
   ACK: Seq: 250 CH: 0 RTT: 7 VAR: 7 Now: 609573265 Sent: 609573265 Diff: 0
   ACK: Seq: 249 CH: 0 RTT: 7 VAR: 7 Now: 609573265 Sent: 609573265 Diff: 0
   ACK: Seq: 248 CH: 0 RTT: 7 VAR: 7 Now: 609573265 Sent: 609573265 Diff: 0
   ACK: Seq: 82 CH: 255 RTT: 7 VAR: 7 Now: 609572375 Sent: 609572375 Diff: 0
   ACK: Seq: 81 CH: 255 RTT: 7 VAR: 7 Now: 609571343 Sent: 609571343 Diff: 0
   ACK: Seq: 80 CH: 255 RTT: 7 VAR: 7 Now: 609570312 Sent: 609570312 Diff: 0
   ACK: Seq: 247 CH: 0 RTT: 7 VAR: 7 Now: 609568296 Sent: 609568296 Diff: 0
   ACK: Seq: 246 CH: 0 RTT: 7 VAR: 7 Now: 609568281 Sent: 609568281 Diff: 0
   ACK: Seq: 245 CH: 0 RTT: 7 VAR: 7 Now: 609568281 Sent: 609568281 Diff: 0
   ACK: Seq: 244 CH: 0 RTT: 7 VAR: 7 Now: 609568281 Sent: 609568281 Diff: 0
   ACK: Seq: 243 CH: 0 RTT: 7 VAR: 7 Now: 609568281 Sent: 609568281 Diff: 0
   ACK: Seq: 242 CH: 0 RTT: 7 VAR: 7 Now: 609568281 Sent: 609568281 Diff: 0
   ACK: Seq: 241 CH: 0 RTT: 7 VAR: 7 Now: 609568281 Sent: 609568281 Diff: 0
   ACK: Seq: 240 CH: 0 RTT: 7 VAR: 7 Now: 609568281 Sent: 609568281 Diff: 0
   ACK: Seq: 239 CH: 0 RTT: 7 VAR: 7 Now: 609568281 Sent: 609568281 Diff: 0
   ACK: Seq: 79 CH: 255 RTT: 7 VAR: 7 Now: 609567375 Sent: 609567375 Diff: 0
   ACK: Seq: 78 CH: 255 RTT: 7 VAR: 7 Now: 609566343 Sent: 609566343 Diff: 0
   ACK: Seq: 77 CH: 255 RTT: 7 VAR: 7 Now: 609565312 Sent: 609565312 Diff: 0
   ACK: Seq: 238 CH: 0 RTT: 7 VAR: 7 Now: 609563296 Sent: 609563296 Diff: 0
   ACK: Seq: 237 CH: 0 RTT: 7 VAR: 7 Now: 609563281 Sent: 609563281 Diff: 0
   ACK: Seq: 236 CH: 0 RTT: 7 VAR: 7 Now: 609563281 Sent: 609563281 Diff: 0
   ACK: Seq: 235 CH: 0 RTT: 7 VAR: 7 Now: 609563281 Sent: 609563281 Diff: 0
   ACK: Seq: 234 CH: 0 RTT: 7 VAR: 7 Now: 609563281 Sent: 609563281 Diff: 0
   ACK: Seq: 233 CH: 0 RTT: 7 VAR: 7 Now: 609563281 Sent: 609563281 Diff: 0
   ACK: Seq: 232 CH: 0 RTT: 7 VAR: 7 Now: 609563281 Sent: 609563281 Diff: 0
   ACK: Seq: 231 CH: 0 RTT: 7 VAR: 7 Now: 609563281 Sent: 609563281 Diff: 0
   ACK: Seq: 230 CH: 0 RTT: 7 VAR: 7 Now: 609563281 Sent: 609563281 Diff: 0
   ACK: Seq: 76 CH: 255 RTT: 7 VAR: 7 Now: 609562390 Sent: 609562390 Diff: 0
   ACK: Seq: 75 CH: 255 RTT: 7 VAR: 7 Now: 609561359 Sent: 609561359 Diff: 0
   ACK: Seq: 74 CH: 255 RTT: 7 VAR: 7 Now: 609560312 Sent: 609560312 Diff: 0
   ACK: Seq: 229 CH: 0 RTT: 7 VAR: 7 Now: 609558296 Sent: 609558296 Diff: 0
   ACK: Seq: 228 CH: 0 RTT: 7 VAR: 7 Now: 609558281 Sent: 609558281 Diff: 0
[DEBUG] 08:58:39 LobbyRoom - CommPeer left the room 2207
[INFO] 09:01:49 CommApplication - Accepted new connection at 127.0.0.1:50504.
[INFO] 09:01:49 CommPeer - Authenticating AAAInwAAAABl1phj:d1d5c84ef58a6958d77681eca32aba63a5a94ce4b7660892b892f6f6d4a137c4 at 127.0.0.1:50504
[DEBUG] 09:01:49 CommPeer - Retrieving User from http://127.0.0.1:5000/2.0/
[DEBUG] 09:01:49 LobbyRoom - CommPeer joined the room 2207
[DEBUG] 09:01:54 LobbyRoom - Command executed by User Dorki1g:?help
[DEBUG] 09:01:59 LobbyRoom - Command executed by User Dorki1g:?emute 2207
[DEBUG] 09:02:07 LobbyRoom - Command executed by User Dorki1g:?emute 2207 1
[ERROR] 09:02:12 CommPeer - Error while handling request on LobbyRoom -> :25
System.NotImplementedException: The method or operation is not implemented.
   at UberStrok.Realtime.Server.Comm.LobbyRoom.OnUpdateAllActors(CommPeer peer) in C:\Users\Gerar\Desktop\UberServer-4.8.8\src\UberStrok.Realtime.Server.Comm\LobbyRoom.Handler.cs:line 592
   at UberStrok.Realtime.Server.Comm.BaseLobbyRoomOperationHandler.UpdateAllActors(CommPeer peer, MemoryStream bytes) in C:\Users\Gerar\Desktop\UberServer-4.8.8\src\UberStrok.Realtime.Server.Comm\Core\BaseLobbyRoomOperationHandler.cs:line 337
   at UberStrok.Realtime.Server.Comm.BaseLobbyRoomOperationHandler.OnOperationRequest(CommPeer peer, Byte opCode, MemoryStream bytes) in C:\Users\Gerar\Desktop\UberServer-4.8.8\src\UberStrok.Realtime.Server.Comm\Core\BaseLobbyRoomOperationHandler.cs:line 149
   at OperationHandler`1.OnOperationRequest(Peer peer, Byte opCode, MemoryStream bytes) in C:\Users\Gerar\Desktop\UberServer-4.8.8\src\UberStrok.Realtime.Server\OperationHandler.cs:line 44
   at Peer.OnOperationRequest(OperationRequest operationRequest, SendParameters sendParameters) in C:\Users\Gerar\Desktop\UberServer-4.8.8\src\UberStrok.Realtime.Server\Peer.cs:line 233
[ERROR] 09:02:18 CommPeer - Error while handling request on LobbyRoom -> :26
System.NotImplementedException: The method or operation is not implemented.
   at UberStrok.Realtime.Server.Comm.LobbyRoom.OnUpdateContacts(CommPeer peer) in C:\Users\Gerar\Desktop\UberServer-4.8.8\src\UberStrok.Realtime.Server.Comm\LobbyRoom.Handler.cs:line 601
   at UberStrok.Realtime.Server.Comm.BaseLobbyRoomOperationHandler.UpdateContacts(CommPeer peer, MemoryStream bytes) in C:\Users\Gerar\Desktop\UberServer-4.8.8\src\UberStrok.Realtime.Server.Comm\Core\BaseLobbyRoomOperationHandler.cs:line 342
   at UberStrok.Realtime.Server.Comm.BaseLobbyRoomOperationHandler.OnOperationRequest(CommPeer peer, Byte opCode, MemoryStream bytes) in C:\Users\Gerar\Desktop\UberServer-4.8.8\src\UberStrok.Realtime.Server.Comm\Core\BaseLobbyRoomOperationHandler.cs:line 152
   at OperationHandler`1.OnOperationRequest(Peer peer, Byte opCode, MemoryStream bytes) in C:\Users\Gerar\Desktop\UberServer-4.8.8\src\UberStrok.Realtime.Server\OperationHandler.cs:line 44
   at Peer.OnOperationRequest(OperationRequest operationRequest, SendParameters sendParameters) in C:\Users\Gerar\Desktop\UberServer-4.8.8\src\UberStrok.Realtime.Server\Peer.cs:line 233
[INFO] 09:03:05 LobbyRoom - 2207 Disconnected TimeoutDisconnect -> 
000000000A0BF040 Sent: 609844843 now: 609872281 (diff: 27438 >= max: 30000) new rtt timeout: 3200 since last touch:28453
Disc: Seq: 26 CH: 255 RTT: 8 VAR: 8 Now: 609872281 Sent: 609844843 Diff: 27438 Resends: 9
Resend: Seq: 26 CH: 255 RTT: 8 VAR: 8 Now: 609868218 Timeout: 3200 Resend: 9
Resend: Seq: 26 CH: 255 RTT: 8 VAR: 8 Now: 609864156 Timeout: 3200 Resend: 8
Resend: Seq: 26 CH: 255 RTT: 8 VAR: 8 Now: 609860093 Timeout: 3200 Resend: 7
Resend: Seq: 26 CH: 255 RTT: 8 VAR: 8 Now: 609856031 Timeout: 3200 Resend: 6
Resend: Seq: 26 CH: 255 RTT: 8 VAR: 8 Now: 609851968 Timeout: 3200 Resend: 5
Resend: Seq: 26 CH: 255 RTT: 8 VAR: 8 Now: 609847906 Timeout: 3200 Resend: 4
Resend: Seq: 26 CH: 255 RTT: 8 VAR: 8 Now: 609846296 Timeout: 1600 Resend: 3
Resend: Seq: 26 CH: 255 RTT: 8 VAR: 8 Now: 609845468 Timeout: 800 Resend: 2
Resend: Seq: 26 CH: 255 RTT: 8 VAR: 8 Now: 609845062 Timeout: 400 Resend: 1
   ACK: Seq: 113 CH: 0 RTT: 8 VAR: 8 Now: 609843828 Sent: 609843828 Diff: 0
   ACK: Seq: 112 CH: 0 RTT: 9 VAR: 7 Now: 609843812 Sent: 609843796 Diff: 16
   ACK: Seq: 111 CH: 0 RTT: 9 VAR: 7 Now: 609843812 Sent: 609843796 Diff: 16
   ACK: Seq: 110 CH: 0 RTT: 9 VAR: 7 Now: 609843812 Sent: 609843796 Diff: 16
   ACK: Seq: 109 CH: 0 RTT: 9 VAR: 7 Now: 609843812 Sent: 609843796 Diff: 16
   ACK: Seq: 108 CH: 0 RTT: 9 VAR: 7 Now: 609843812 Sent: 609843796 Diff: 16
   ACK: Seq: 107 CH: 0 RTT: 9 VAR: 7 Now: 609843812 Sent: 609843796 Diff: 16
   ACK: Seq: 106 CH: 0 RTT: 9 VAR: 7 Now: 609843812 Sent: 609843796 Diff: 16
   ACK: Seq: 105 CH: 0 RTT: 8 VAR: 8 Now: 609843812 Sent: 609843796 Diff: 16
   ACK: Seq: 25 CH: 255 RTT: 7 VAR: 7 Now: 609842890 Sent: 609842890 Diff: 0
   ACK: Seq: 24 CH: 255 RTT: 7 VAR: 7 Now: 609841859 Sent: 609841859 Diff: 0
   ACK: Seq: 23 CH: 255 RTT: 7 VAR: 7 Now: 609840828 Sent: 609840828 Diff: 0
   ACK: Seq: 104 CH: 0 RTT: 7 VAR: 7 Now: 609838812 Sent: 609838812 Diff: 0
   ACK: Seq: 103 CH: 0 RTT: 7 VAR: 7 Now: 609838796 Sent: 609838796 Diff: 0
   ACK: Seq: 102 CH: 0 RTT: 7 VAR: 7 Now: 609838796 Sent: 609838796 Diff: 0
   ACK: Seq: 101 CH: 0 RTT: 7 VAR: 7 Now: 609838796 Sent: 609838796 Diff: 0
   ACK: Seq: 100 CH: 0 RTT: 7 VAR: 7 Now: 609838796 Sent: 609838796 Diff: 0
   ACK: Seq: 99 CH: 0 RTT: 7 VAR: 7 Now: 609838796 Sent: 609838796 Diff: 0
   ACK: Seq: 98 CH: 0 RTT: 7 VAR: 7 Now: 609838796 Sent: 609838796 Diff: 0
   ACK: Seq: 97 CH: 0 RTT: 7 VAR: 7 Now: 609838796 Sent: 609838796 Diff: 0
   ACK: Seq: 96 CH: 0 RTT: 7 VAR: 7 Now: 609838796 Sent: 609838796 Diff: 0
   ACK: Seq: 22 CH: 255 RTT: 7 VAR: 7 Now: 609837906 Sent: 609837906 Diff: 0
   ACK: Seq: 21 CH: 255 RTT: 7 VAR: 7 Now: 609836875 Sent: 609836875 Diff: 0
   ACK: Seq: 20 CH: 255 RTT: 7 VAR: 7 Now: 609835843 Sent: 609835843 Diff: 0
   ACK: Seq: 95 CH: 0 RTT: 7 VAR: 7 Now: 609833828 Sent: 609833828 Diff: 0
   ACK: Seq: 94 CH: 0 RTT: 7 VAR: 7 Now: 609833812 Sent: 609833812 Diff: 0
   ACK: Seq: 93 CH: 0 RTT: 7 VAR: 7 Now: 609833812 Sent: 609833812 Diff: 0
   ACK: Seq: 92 CH: 0 RTT: 7 VAR: 7 Now: 609833812 Sent: 609833812 Diff: 0
   ACK: Seq: 91 CH: 0 RTT: 7 VAR: 7 Now: 609833812 Sent: 609833812 Diff: 0
   ACK: Seq: 90 CH: 0 RTT: 7 VAR: 7 Now: 609833812 Sent: 609833812 Diff: 0
   ACK: Seq: 89 CH: 0 RTT: 7 VAR: 7 Now: 609833812 Sent: 609833812 Diff: 0
   ACK: Seq: 88 CH: 0 RTT: 7 VAR: 7 Now: 609833812 Sent: 609833812 Diff: 0
   ACK: Seq: 87 CH: 0 RTT: 7 VAR: 7 Now: 609833812 Sent: 609833812 Diff: 0
   ACK: Seq: 19 CH: 255 RTT: 7 VAR: 7 Now: 609832906 Sent: 609832906 Diff: 0
   ACK: Seq: 18 CH: 255 RTT: 7 VAR: 7 Now: 609831875 Sent: 609831875 Diff: 0
   ACK: Seq: 17 CH: 255 RTT: 7 VAR: 7 Now: 609830828 Sent: 609830828 Diff: 0
   ACK: Seq: 86 CH: 0 RTT: 7 VAR: 7 Now: 609828812 Sent: 609828812 Diff: 0
   ACK: Seq: 85 CH: 0 RTT: 7 VAR: 7 Now: 609828796 Sent: 609828796 Diff: 0
   ACK: Seq: 84 CH: 0 RTT: 7 VAR: 7 Now: 609828796 Sent: 609828796 Diff: 0
   ACK: Seq: 83 CH: 0 RTT: 7 VAR: 7 Now: 609828796 Sent: 609828796 Diff: 0
[DEBUG] 09:03:05 LobbyRoom - CommPeer left the room 2207
[INFO] 09:15:24 CommApplication - TearDown CommApplication... Complete
