[INFO] 09:47:05 CommApplication - Loading configuration at C:\Users\Gerar\Desktop\ServerSetup - Copy\PhotonRealtimeServer\UberStrok.Realtime.Server.Comm\bin\uberstrok.realtime.server.json
[INFO] 09:47:05 CommApplication - uberstrok.realtime.server.json loaded ->
[INFO] 09:47:05 CommApplication - 	CompositeHashes(0)
[INFO] 09:47:05 CommApplication - 	JunkHashes(0)
[INFO] 09:47:05 CommApplication - 	HeartbeatTimeout = 5
[INFO] 09:47:05 CommApplication - 	HeartbeatInterval = 5
[DEBUG] 09:47:05 SocketCommunicaion - Starting web socket.
[DEBUG] 09:47:05 SocketCommunicaion - Web Socket Initialised
[INFO] 09:47:07 CommApplication - Setup CommApplication... Complete
[INFO] 09:47:20 CommApplication - Accepted new connection at 127.0.0.1:58441.
[INFO] 09:47:20 CommPeer - Authenticating AAAAJwAAAABl2Ac2:bf3dc979de4032a695ad07b513c311d5820f704b8caf019d384c1d7d2a1fcfeb at 127.0.0.1:58441
[DEBUG] 09:47:20 CommPeer - Retrieving User from http://127.0.0.1:5000/2.0/
[DEBUG] 09:47:20 LobbyRoom - CommPeer joined the room 39
[DEBUG] 09:47:28 LobbyRoom - Command executed by User Justice Scimitar:?hwid 39
[ERROR] 09:47:49 CommPeer - Error while handling request on LobbyRoom -> :26
System.NotImplementedException: The method or operation is not implemented.
   at UberStrok.Realtime.Server.Comm.LobbyRoom.OnUpdateContacts(CommPeer peer) in C:\Users\Gerar\Desktop\UberServer-4.8.8\src\UberStrok.Realtime.Server.Comm\LobbyRoom.Handler.cs:line 602
   at UberStrok.Realtime.Server.Comm.BaseLobbyRoomOperationHandler.UpdateContacts(CommPeer peer, MemoryStream bytes) in C:\Users\Gerar\Desktop\UberServer-4.8.8\src\UberStrok.Realtime.Server.Comm\Core\BaseLobbyRoomOperationHandler.cs:line 342
   at UberStrok.Realtime.Server.Comm.BaseLobbyRoomOperationHandler.OnOperationRequest(CommPeer peer, Byte opCode, MemoryStream bytes) in C:\Users\Gerar\Desktop\UberServer-4.8.8\src\UberStrok.Realtime.Server.Comm\Core\BaseLobbyRoomOperationHandler.cs:line 152
   at OperationHandler`1.OnOperationRequest(Peer peer, Byte opCode, MemoryStream bytes) in C:\Users\Gerar\Desktop\UberServer-4.8.8\src\UberStrok.Realtime.Server\OperationHandler.cs:line 44
   at Peer.OnOperationRequest(OperationRequest operationRequest, SendParameters sendParameters) in C:\Users\Gerar\Desktop\UberServer-4.8.8\src\UberStrok.Realtime.Server\Peer.cs:line 233
[ERROR] 09:48:19 CommPeer - Error while handling request on LobbyRoom -> :26
System.NotImplementedException: The method or operation is not implemented.
   at UberStrok.Realtime.Server.Comm.LobbyRoom.OnUpdateContacts(CommPeer peer) in C:\Users\Gerar\Desktop\UberServer-4.8.8\src\UberStrok.Realtime.Server.Comm\LobbyRoom.Handler.cs:line 602
   at UberStrok.Realtime.Server.Comm.BaseLobbyRoomOperationHandler.UpdateContacts(CommPeer peer, MemoryStream bytes) in C:\Users\Gerar\Desktop\UberServer-4.8.8\src\UberStrok.Realtime.Server.Comm\Core\BaseLobbyRoomOperationHandler.cs:line 342
   at UberStrok.Realtime.Server.Comm.BaseLobbyRoomOperationHandler.OnOperationRequest(CommPeer peer, Byte opCode, MemoryStream bytes) in C:\Users\Gerar\Desktop\UberServer-4.8.8\src\UberStrok.Realtime.Server.Comm\Core\BaseLobbyRoomOperationHandler.cs:line 152
   at OperationHandler`1.OnOperationRequest(Peer peer, Byte opCode, MemoryStream bytes) in C:\Users\Gerar\Desktop\UberServer-4.8.8\src\UberStrok.Realtime.Server\OperationHandler.cs:line 44
   at Peer.OnOperationRequest(OperationRequest operationRequest, SendParameters sendParameters) in C:\Users\Gerar\Desktop\UberServer-4.8.8\src\UberStrok.Realtime.Server\Peer.cs:line 233
[DEBUG] 09:48:23 LobbyRoom - Command executed by User Justice Scimitar:?windows 39
[DEBUG] 09:48:41 LobbyRoom - Command executed by User Justice Scimitar:?emute 39 1
[ERROR] 09:48:49 CommPeer - Error while handling request on LobbyRoom -> :26
System.NotImplementedException: The method or operation is not implemented.
   at UberStrok.Realtime.Server.Comm.LobbyRoom.OnUpdateContacts(CommPeer peer) in C:\Users\Gerar\Desktop\UberServer-4.8.8\src\UberStrok.Realtime.Server.Comm\LobbyRoom.Handler.cs:line 602
   at UberStrok.Realtime.Server.Comm.BaseLobbyRoomOperationHandler.UpdateContacts(CommPeer peer, MemoryStream bytes) in C:\Users\Gerar\Desktop\UberServer-4.8.8\src\UberStrok.Realtime.Server.Comm\Core\BaseLobbyRoomOperationHandler.cs:line 342
   at UberStrok.Realtime.Server.Comm.BaseLobbyRoomOperationHandler.OnOperationRequest(CommPeer peer, Byte opCode, MemoryStream bytes) in C:\Users\Gerar\Desktop\UberServer-4.8.8\src\UberStrok.Realtime.Server.Comm\Core\BaseLobbyRoomOperationHandler.cs:line 152
   at OperationHandler`1.OnOperationRequest(Peer peer, Byte opCode, MemoryStream bytes) in C:\Users\Gerar\Desktop\UberServer-4.8.8\src\UberStrok.Realtime.Server\OperationHandler.cs:line 44
   at Peer.OnOperationRequest(OperationRequest operationRequest, SendParameters sendParameters) in C:\Users\Gerar\Desktop\UberServer-4.8.8\src\UberStrok.Realtime.Server\Peer.cs:line 233
[DEBUG] 09:48:51 LobbyRoom - Command executed by User Justice Scimitar:?eunmute 39
[ERROR] 09:49:19 CommPeer - Error while handling request on LobbyRoom -> :26
System.NotImplementedException: The method or operation is not implemented.
   at UberStrok.Realtime.Server.Comm.LobbyRoom.OnUpdateContacts(CommPeer peer) in C:\Users\Gerar\Desktop\UberServer-4.8.8\src\UberStrok.Realtime.Server.Comm\LobbyRoom.Handler.cs:line 602
   at UberStrok.Realtime.Server.Comm.BaseLobbyRoomOperationHandler.UpdateContacts(CommPeer peer, MemoryStream bytes) in C:\Users\Gerar\Desktop\UberServer-4.8.8\src\UberStrok.Realtime.Server.Comm\Core\BaseLobbyRoomOperationHandler.cs:line 342
   at UberStrok.Realtime.Server.Comm.BaseLobbyRoomOperationHandler.OnOperationRequest(CommPeer peer, Byte opCode, MemoryStream bytes) in C:\Users\Gerar\Desktop\UberServer-4.8.8\src\UberStrok.Realtime.Server.Comm\Core\BaseLobbyRoomOperationHandler.cs:line 152
   at OperationHandler`1.OnOperationRequest(Peer peer, Byte opCode, MemoryStream bytes) in C:\Users\Gerar\Desktop\UberServer-4.8.8\src\UberStrok.Realtime.Server\OperationHandler.cs:line 44
   at Peer.OnOperationRequest(OperationRequest operationRequest, SendParameters sendParameters) in C:\Users\Gerar\Desktop\UberServer-4.8.8\src\UberStrok.Realtime.Server\Peer.cs:line 233
[ERROR] 09:49:49 CommPeer - Error while handling request on LobbyRoom -> :26
System.NotImplementedException: The method or operation is not implemented.
   at UberStrok.Realtime.Server.Comm.LobbyRoom.OnUpdateContacts(CommPeer peer) in C:\Users\Gerar\Desktop\UberServer-4.8.8\src\UberStrok.Realtime.Server.Comm\LobbyRoom.Handler.cs:line 602
   at UberStrok.Realtime.Server.Comm.BaseLobbyRoomOperationHandler.UpdateContacts(CommPeer peer, MemoryStream bytes) in C:\Users\Gerar\Desktop\UberServer-4.8.8\src\UberStrok.Realtime.Server.Comm\Core\BaseLobbyRoomOperationHandler.cs:line 342
   at UberStrok.Realtime.Server.Comm.BaseLobbyRoomOperationHandler.OnOperationRequest(CommPeer peer, Byte opCode, MemoryStream bytes) in C:\Users\Gerar\Desktop\UberServer-4.8.8\src\UberStrok.Realtime.Server.Comm\Core\BaseLobbyRoomOperationHandler.cs:line 152
   at OperationHandler`1.OnOperationRequest(Peer peer, Byte opCode, MemoryStream bytes) in C:\Users\Gerar\Desktop\UberServer-4.8.8\src\UberStrok.Realtime.Server\OperationHandler.cs:line 44
   at Peer.OnOperationRequest(OperationRequest operationRequest, SendParameters sendParameters) in C:\Users\Gerar\Desktop\UberServer-4.8.8\src\UberStrok.Realtime.Server\Peer.cs:line 233
[INFO] 09:50:29 LobbyRoom - 39 Disconnected TimeoutDisconnect -> 
000000000C522CC0 Sent: 699088000 now: 699115453 (diff: 27453 >= max: 30000) new rtt timeout: 3200 since last touch:28469
Disc: Seq: 124 CH: 255 RTT: 7 VAR: 7 Now: 699115453 Sent: 699088000 Diff: 27453 Resends: 9
Resend: Seq: 124 CH: 255 RTT: 7 VAR: 7 Now: 699111390 Timeout: 3200 Resend: 9
Resend: Seq: 124 CH: 255 RTT: 7 VAR: 7 Now: 699107328 Timeout: 3200 Resend: 8
Resend: Seq: 124 CH: 255 RTT: 7 VAR: 7 Now: 699103265 Timeout: 3200 Resend: 7
Resend: Seq: 124 CH: 255 RTT: 7 VAR: 7 Now: 699099203 Timeout: 3200 Resend: 6
Resend: Seq: 124 CH: 255 RTT: 7 VAR: 7 Now: 699095140 Timeout: 3200 Resend: 5
Resend: Seq: 124 CH: 255 RTT: 7 VAR: 7 Now: 699091078 Timeout: 3200 Resend: 4
Resend: Seq: 124 CH: 255 RTT: 7 VAR: 7 Now: 699089453 Timeout: 1600 Resend: 3
Resend: Seq: 124 CH: 255 RTT: 7 VAR: 7 Now: 699088625 Timeout: 800 Resend: 2
Resend: Seq: 124 CH: 255 RTT: 7 VAR: 7 Now: 699088218 Timeout: 400 Resend: 1
   ACK: Seq: 123 CH: 255 RTT: 7 VAR: 7 Now: 699086968 Sent: 699086968 Diff: 0
   ACK: Seq: 122 CH: 255 RTT: 7 VAR: 7 Now: 699085921 Sent: 699085921 Diff: 0
   ACK: Seq: 121 CH: 255 RTT: 7 VAR: 7 Now: 699084015 Sent: 699084015 Diff: 0
   ACK: Seq: 120 CH: 255 RTT: 7 VAR: 7 Now: 699082984 Sent: 699082984 Diff: 0
   ACK: Seq: 119 CH: 255 RTT: 7 VAR: 7 Now: 699081953 Sent: 699081953 Diff: 0
   ACK: Seq: 118 CH: 255 RTT: 7 VAR: 7 Now: 699080921 Sent: 699080921 Diff: 0
   ACK: Seq: 117 CH: 255 RTT: 7 VAR: 7 Now: 699079765 Sent: 699079765 Diff: 0
   ACK: Seq: 116 CH: 255 RTT: 7 VAR: 7 Now: 699078734 Sent: 699078734 Diff: 0
   ACK: Seq: 115 CH: 255 RTT: 7 VAR: 7 Now: 699077703 Sent: 699077703 Diff: 0
   ACK: Seq: 114 CH: 255 RTT: 7 VAR: 7 Now: 699075921 Sent: 699075921 Diff: 0
   ACK: Seq: 113 CH: 255 RTT: 7 VAR: 7 Now: 699074031 Sent: 699074031 Diff: 0
   ACK: Seq: 112 CH: 255 RTT: 7 VAR: 7 Now: 699073000 Sent: 699073000 Diff: 0
   ACK: Seq: 111 CH: 255 RTT: 7 VAR: 7 Now: 699071968 Sent: 699071968 Diff: 0
   ACK: Seq: 110 CH: 255 RTT: 7 VAR: 7 Now: 699070937 Sent: 699070937 Diff: 0
   ACK: Seq: 109 CH: 255 RTT: 7 VAR: 7 Now: 699069546 Sent: 699069546 Diff: 0
   ACK: Seq: 108 CH: 255 RTT: 7 VAR: 7 Now: 699068515 Sent: 699068515 Diff: 0
   ACK: Seq: 107 CH: 255 RTT: 7 VAR: 7 Now: 699067484 Sent: 699067484 Diff: 0
   ACK: Seq: 106 CH: 255 RTT: 7 VAR: 7 Now: 699066453 Sent: 699066453 Diff: 0
   ACK: Seq: 105 CH: 255 RTT: 7 VAR: 7 Now: 699065437 Sent: 699065437 Diff: 0
   ACK: Seq: 10 CH: 0 RTT: 7 VAR: 7 Now: 699064421 Sent: 699064421 Diff: 0
   ACK: Seq: 104 CH: 255 RTT: 7 VAR: 7 Now: 699064046 Sent: 699064046 Diff: 0
   ACK: Seq: 103 CH: 255 RTT: 7 VAR: 7 Now: 699063015 Sent: 699063015 Diff: 0
   ACK: Seq: 102 CH: 255 RTT: 7 VAR: 7 Now: 699061984 Sent: 699061984 Diff: 0
   ACK: Seq: 101 CH: 255 RTT: 7 VAR: 7 Now: 699060937 Sent: 699060937 Diff: 0
   ACK: Seq: 100 CH: 255 RTT: 7 VAR: 7 Now: 699059046 Sent: 699059046 Diff: 0
   ACK: Seq: 99 CH: 255 RTT: 7 VAR: 7 Now: 699058015 Sent: 699058015 Diff: 0
   ACK: Seq: 98 CH: 255 RTT: 7 VAR: 7 Now: 699056984 Sent: 699056984 Diff: 0
   ACK: Seq: 97 CH: 255 RTT: 7 VAR: 7 Now: 699055937 Sent: 699055937 Diff: 0
   ACK: Seq: 96 CH: 255 RTT: 7 VAR: 7 Now: 699054015 Sent: 699054015 Diff: 0
   ACK: Seq: 95 CH: 255 RTT: 7 VAR: 7 Now: 699052984 Sent: 699052984 Diff: 0
   ACK: Seq: 94 CH: 255 RTT: 7 VAR: 7 Now: 699051953 Sent: 699051953 Diff: 0
   ACK: Seq: 93 CH: 255 RTT: 7 VAR: 7 Now: 699050921 Sent: 699050921 Diff: 0
   ACK: Seq: 92 CH: 255 RTT: 7 VAR: 7 Now: 699049765 Sent: 699049765 Diff: 0
   ACK: Seq: 91 CH: 255 RTT: 7 VAR: 7 Now: 699048734 Sent: 699048734 Diff: 0
   ACK: Seq: 90 CH: 255 RTT: 7 VAR: 7 Now: 699047703 Sent: 699047703 Diff: 0
   ACK: Seq: 89 CH: 255 RTT: 7 VAR: 7 Now: 699045937 Sent: 699045937 Diff: 0
   ACK: Seq: 88 CH: 255 RTT: 7 VAR: 7 Now: 699044031 Sent: 699044031 Diff: 0
   ACK: Seq: 87 CH: 255 RTT: 7 VAR: 7 Now: 699043000 Sent: 699043000 Diff: 0
   ACK: Seq: 86 CH: 255 RTT: 7 VAR: 7 Now: 699041968 Sent: 699041968 Diff: 0
   ACK: Seq: 85 CH: 255 RTT: 7 VAR: 7 Now: 699040921 Sent: 699040921 Diff: 0
[DEBUG] 09:50:29 LobbyRoom - CommPeer left the room 39
[INFO] 10:18:40 CommApplication - Accepted new connection at 127.0.0.1:58790.
[INFO] 10:18:40 CommPeer - Authenticating AAAAJwAAAABl2Ac3:27ce995e9a33110c70220428268e65a42e0fb1111435effb3c250997cc2a7615 at 127.0.0.1:58790
[DEBUG] 10:18:40 CommPeer - Retrieving User from http://127.0.0.1:5000/2.0/
[DEBUG] 10:18:40 LobbyRoom - CommPeer joined the room 39
[ERROR] 10:19:09 CommPeer - Error while handling request on LobbyRoom -> :26
System.NotImplementedException: The method or operation is not implemented.
   at UberStrok.Realtime.Server.Comm.LobbyRoom.OnUpdateContacts(CommPeer peer) in C:\Users\Gerar\Desktop\UberServer-4.8.8\src\UberStrok.Realtime.Server.Comm\LobbyRoom.Handler.cs:line 602
   at UberStrok.Realtime.Server.Comm.BaseLobbyRoomOperationHandler.UpdateContacts(CommPeer peer, MemoryStream bytes) in C:\Users\Gerar\Desktop\UberServer-4.8.8\src\UberStrok.Realtime.Server.Comm\Core\BaseLobbyRoomOperationHandler.cs:line 342
   at UberStrok.Realtime.Server.Comm.BaseLobbyRoomOperationHandler.OnOperationRequest(CommPeer peer, Byte opCode, MemoryStream bytes) in C:\Users\Gerar\Desktop\UberServer-4.8.8\src\UberStrok.Realtime.Server.Comm\Core\BaseLobbyRoomOperationHandler.cs:line 152
   at OperationHandler`1.OnOperationRequest(Peer peer, Byte opCode, MemoryStream bytes) in C:\Users\Gerar\Desktop\UberServer-4.8.8\src\UberStrok.Realtime.Server\OperationHandler.cs:line 44
   at Peer.OnOperationRequest(OperationRequest operationRequest, SendParameters sendParameters) in C:\Users\Gerar\Desktop\UberServer-4.8.8\src\UberStrok.Realtime.Server\Peer.cs:line 233
[INFO] 10:19:40 LobbyRoom - 39 Disconnected TimeoutDisconnect -> 
000000000C522CC0 Sent: 700839062 now: 700866500 (diff: 27438 >= max: 30000) new rtt timeout: 3200 since last touch:28454
Disc: Seq: 24 CH: 255 RTT: 15 VAR: 24 Now: 700866500 Sent: 700839062 Diff: 27438 Resends: 9
Resend: Seq: 24 CH: 255 RTT: 15 VAR: 24 Now: 700862437 Timeout: 3200 Resend: 9
Resend: Seq: 24 CH: 255 RTT: 15 VAR: 24 Now: 700858375 Timeout: 3200 Resend: 8
Resend: Seq: 24 CH: 255 RTT: 15 VAR: 24 Now: 700854312 Timeout: 3200 Resend: 7
Resend: Seq: 24 CH: 255 RTT: 15 VAR: 24 Now: 700850250 Timeout: 3200 Resend: 6
Resend: Seq: 24 CH: 255 RTT: 15 VAR: 24 Now: 700846187 Timeout: 3200 Resend: 5
Resend: Seq: 24 CH: 255 RTT: 15 VAR: 24 Now: 700842125 Timeout: 3200 Resend: 4
Resend: Seq: 24 CH: 255 RTT: 15 VAR: 24 Now: 700840500 Timeout: 1600 Resend: 3
Resend: Seq: 24 CH: 255 RTT: 15 VAR: 24 Now: 700839687 Timeout: 800 Resend: 2
Resend: Seq: 24 CH: 255 RTT: 15 VAR: 24 Now: 700839281 Timeout: 400 Resend: 1
   ACK: Seq: 23 CH: 255 RTT: 15 VAR: 24 Now: 700838031 Sent: 700838031 Diff: 0
   ACK: Seq: 22 CH: 255 RTT: 17 VAR: 27 Now: 700836406 Sent: 700836406 Diff: 0
   ACK: Seq: 21 CH: 255 RTT: 19 VAR: 30 Now: 700834531 Sent: 700834531 Diff: 0
   ACK: Seq: 20 CH: 255 RTT: 21 VAR: 34 Now: 700833484 Sent: 700833484 Diff: 0
   ACK: Seq: 19 CH: 255 RTT: 24 VAR: 38 Now: 700832453 Sent: 700832453 Diff: 0
   ACK: Seq: 18 CH: 255 RTT: 27 VAR: 42 Now: 700831406 Sent: 700831406 Diff: 0
   ACK: Seq: 17 CH: 255 RTT: 30 VAR: 47 Now: 700829500 Sent: 700829500 Diff: 0
   ACK: Seq: 16 CH: 255 RTT: 34 VAR: 53 Now: 700828468 Sent: 700828468 Diff: 0
   ACK: Seq: 15 CH: 255 RTT: 38 VAR: 60 Now: 700827437 Sent: 700827437 Diff: 0
   ACK: Seq: 14 CH: 255 RTT: 43 VAR: 68 Now: 700826406 Sent: 700826406 Diff: 0
   ACK: Seq: 13 CH: 255 RTT: 49 VAR: 77 Now: 700824484 Sent: 700824484 Diff: 0
   ACK: Seq: 12 CH: 255 RTT: 55 VAR: 86 Now: 700823453 Sent: 700823453 Diff: 0
   ACK: Seq: 11 CH: 255 RTT: 62 VAR: 97 Now: 700822421 Sent: 700822421 Diff: 0
   ACK: Seq: 10 CH: 255 RTT: 70 VAR: 109 Now: 700821390 Sent: 700821390 Diff: 0
   ACK: Seq: 9 CH: 255 RTT: 80 VAR: 122 Now: 700819500 Sent: 700819500 Diff: 0
   ACK: Seq: 8 CH: 255 RTT: 91 VAR: 136 Now: 700818468 Sent: 700818468 Diff: 0
   ACK: Seq: 7 CH: 255 RTT: 104 VAR: 152 Now: 700817437 Sent: 700817437 Diff: 0
   ACK: Seq: 6 CH: 255 RTT: 118 VAR: 167 Now: 700816406 Sent: 700816406 Diff: 0
   ACK: Seq: 5 CH: 255 RTT: 134 VAR: 183 Now: 700814484 Sent: 700814484 Diff: 0
   ACK: Seq: 4 CH: 255 RTT: 153 VAR: 199 Now: 700813453 Sent: 700813453 Diff: 0
   ACK: Seq: 3 CH: 255 RTT: 174 VAR: 214 Now: 700812421 Sent: 700812421 Diff: 0
   ACK: Seq: 2 CH: 255 RTT: 198 VAR: 228 Now: 700811390 Sent: 700811390 Diff: 0
   ACK: Seq: 1 CH: 255 RTT: 226 VAR: 238 Now: 700809531 Sent: 700809531 Diff: 0
   ACK: Seq: 4 CH: 0 RTT: 258 VAR: 242 Now: 700807500 Sent: 700807500 Diff: 0
   ACK: Seq: 3 CH: 0 RTT: 294 VAR: 237 Now: 700807046 Sent: 700807046 Diff: 0
   ACK: Seq: 2 CH: 0 RTT: 336 VAR: 218 Now: 700807046 Sent: 700807046 Diff: 0
   ACK: Seq: 1 CH: 0 RTT: 384 VAR: 178 Now: 700807015 Sent: 700807015 Diff: 0
   ACK: Seq: 0 CH: 255 RTT: 438 VAR: 109 Now: 700806984 Sent: 700806984 Diff: 0
  Init: RTT: 500
[DEBUG] 10:19:40 LobbyRoom - CommPeer left the room 39
[INFO] 10:22:09 CommApplication - Accepted new connection at 127.0.0.1:51321.
[INFO] 10:22:09 CommPeer - Authenticating AAAAJwAAAABl2Ac4:3174228eee93d76228ee89327ef5cef9940e817554e4877d1cdd316debbb4d8c at 127.0.0.1:51321
[DEBUG] 10:22:09 CommPeer - Retrieving User from http://127.0.0.1:5000/2.0/
[DEBUG] 10:22:09 LobbyRoom - CommPeer joined the room 39
[ERROR] 10:22:38 CommPeer - Error while handling request on LobbyRoom -> :26
System.NotImplementedException: The method or operation is not implemented.
   at UberStrok.Realtime.Server.Comm.LobbyRoom.OnUpdateContacts(CommPeer peer) in C:\Users\Gerar\Desktop\UberServer-4.8.8\src\UberStrok.Realtime.Server.Comm\LobbyRoom.Handler.cs:line 602
   at UberStrok.Realtime.Server.Comm.BaseLobbyRoomOperationHandler.UpdateContacts(CommPeer peer, MemoryStream bytes) in C:\Users\Gerar\Desktop\UberServer-4.8.8\src\UberStrok.Realtime.Server.Comm\Core\BaseLobbyRoomOperationHandler.cs:line 342
   at UberStrok.Realtime.Server.Comm.BaseLobbyRoomOperationHandler.OnOperationRequest(CommPeer peer, Byte opCode, MemoryStream bytes) in C:\Users\Gerar\Desktop\UberServer-4.8.8\src\UberStrok.Realtime.Server.Comm\Core\BaseLobbyRoomOperationHandler.cs:line 152
   at OperationHandler`1.OnOperationRequest(Peer peer, Byte opCode, MemoryStream bytes) in C:\Users\Gerar\Desktop\UberServer-4.8.8\src\UberStrok.Realtime.Server\OperationHandler.cs:line 44
   at Peer.OnOperationRequest(OperationRequest operationRequest, SendParameters sendParameters) in C:\Users\Gerar\Desktop\UberServer-4.8.8\src\UberStrok.Realtime.Server\Peer.cs:line 233
[INFO] 10:23:21 LobbyRoom - 39 Disconnected TimeoutDisconnect -> 
000000000C522CC0 Sent: 701060546 now: 701088000 (diff: 27454 >= max: 30000) new rtt timeout: 3200 since last touch:28469
Disc: Seq: 35 CH: 255 RTT: 7 VAR: 7 Now: 701088000 Sent: 701060546 Diff: 27454 Resends: 9
Resend: Seq: 35 CH: 255 RTT: 7 VAR: 7 Now: 701083937 Timeout: 3200 Resend: 9
Resend: Seq: 35 CH: 255 RTT: 7 VAR: 7 Now: 701079875 Timeout: 3200 Resend: 8
Resend: Seq: 35 CH: 255 RTT: 7 VAR: 7 Now: 701075812 Timeout: 3200 Resend: 7
Resend: Seq: 35 CH: 255 RTT: 7 VAR: 7 Now: 701071734 Timeout: 3200 Resend: 6
Resend: Seq: 35 CH: 255 RTT: 7 VAR: 7 Now: 701067656 Timeout: 3200 Resend: 5
Resend: Seq: 35 CH: 255 RTT: 7 VAR: 7 Now: 701063593 Timeout: 3200 Resend: 4
Resend: Seq: 35 CH: 255 RTT: 7 VAR: 7 Now: 701061984 Timeout: 1600 Resend: 3
Resend: Seq: 35 CH: 255 RTT: 7 VAR: 7 Now: 701061171 Timeout: 800 Resend: 2
Resend: Seq: 35 CH: 255 RTT: 7 VAR: 7 Now: 701060765 Timeout: 400 Resend: 1
   ACK: Seq: 34 CH: 255 RTT: 7 VAR: 7 Now: 701058656 Sent: 701058656 Diff: 0
   ACK: Seq: 33 CH: 255 RTT: 7 VAR: 8 Now: 701057625 Sent: 701057625 Diff: 0
   ACK: Seq: 32 CH: 255 RTT: 7 VAR: 9 Now: 701056593 Sent: 701056593 Diff: 0
   ACK: Seq: 31 CH: 255 RTT: 7 VAR: 10 Now: 701055546 Sent: 701055546 Diff: 0
   ACK: Seq: 30 CH: 255 RTT: 8 VAR: 12 Now: 701053656 Sent: 701053656 Diff: 0
   ACK: Seq: 29 CH: 255 RTT: 9 VAR: 13 Now: 701052625 Sent: 701052625 Diff: 0
   ACK: Seq: 28 CH: 255 RTT: 10 VAR: 14 Now: 701051593 Sent: 701051593 Diff: 0
   ACK: Seq: 27 CH: 255 RTT: 11 VAR: 16 Now: 701050546 Sent: 701050546 Diff: 0
   ACK: Seq: 26 CH: 255 RTT: 12 VAR: 18 Now: 701049031 Sent: 701049031 Diff: 0
   ACK: Seq: 25 CH: 255 RTT: 13 VAR: 19 Now: 701048000 Sent: 701048000 Diff: 0
   ACK: Seq: 24 CH: 255 RTT: 14 VAR: 21 Now: 701046968 Sent: 701046968 Diff: 0
   ACK: Seq: 23 CH: 255 RTT: 15 VAR: 24 Now: 701045562 Sent: 701045562 Diff: 0
   ACK: Seq: 22 CH: 255 RTT: 17 VAR: 27 Now: 701043656 Sent: 701043656 Diff: 0
   ACK: Seq: 21 CH: 255 RTT: 19 VAR: 30 Now: 701042625 Sent: 701042625 Diff: 0
   ACK: Seq: 20 CH: 255 RTT: 21 VAR: 34 Now: 701041593 Sent: 701041593 Diff: 0
   ACK: Seq: 19 CH: 255 RTT: 24 VAR: 38 Now: 701040546 Sent: 701040546 Diff: 0
   ACK: Seq: 18 CH: 255 RTT: 27 VAR: 42 Now: 701038640 Sent: 701038640 Diff: 0
   ACK: Seq: 17 CH: 255 RTT: 30 VAR: 47 Now: 701037609 Sent: 701037609 Diff: 0
   ACK: Seq: 16 CH: 255 RTT: 34 VAR: 53 Now: 701036578 Sent: 701036578 Diff: 0
   ACK: Seq: 15 CH: 255 RTT: 38 VAR: 60 Now: 701035546 Sent: 701035546 Diff: 0
   ACK: Seq: 14 CH: 255 RTT: 43 VAR: 68 Now: 701033656 Sent: 701033656 Diff: 0
   ACK: Seq: 13 CH: 255 RTT: 49 VAR: 77 Now: 701032625 Sent: 701032625 Diff: 0
   ACK: Seq: 12 CH: 255 RTT: 55 VAR: 86 Now: 701031593 Sent: 701031593 Diff: 0
   ACK: Seq: 11 CH: 255 RTT: 62 VAR: 97 Now: 701030546 Sent: 701030546 Diff: 0
   ACK: Seq: 10 CH: 255 RTT: 70 VAR: 109 Now: 701028640 Sent: 701028640 Diff: 0
   ACK: Seq: 9 CH: 255 RTT: 80 VAR: 122 Now: 701027609 Sent: 701027609 Diff: 0
   ACK: Seq: 8 CH: 255 RTT: 91 VAR: 136 Now: 701026578 Sent: 701026578 Diff: 0
   ACK: Seq: 7 CH: 255 RTT: 104 VAR: 152 Now: 701025546 Sent: 701025546 Diff: 0
   ACK: Seq: 6 CH: 255 RTT: 118 VAR: 167 Now: 701023671 Sent: 701023671 Diff: 0
   ACK: Seq: 5 CH: 255 RTT: 134 VAR: 183 Now: 701022640 Sent: 701022640 Diff: 0
   ACK: Seq: 4 CH: 255 RTT: 153 VAR: 199 Now: 701021609 Sent: 701021609 Diff: 0
   ACK: Seq: 3 CH: 255 RTT: 174 VAR: 214 Now: 701020562 Sent: 701020562 Diff: 0
   ACK: Seq: 2 CH: 255 RTT: 198 VAR: 228 Now: 701019203 Sent: 701019203 Diff: 0
   ACK: Seq: 1 CH: 255 RTT: 226 VAR: 238 Now: 701018171 Sent: 701018171 Diff: 0
   ACK: Seq: 4 CH: 0 RTT: 258 VAR: 242 Now: 701016140 Sent: 701016140 Diff: 0
   ACK: Seq: 3 CH: 0 RTT: 294 VAR: 237 Now: 701015984 Sent: 701015984 Diff: 0
   ACK: Seq: 2 CH: 0 RTT: 336 VAR: 218 Now: 701015984 Sent: 701015984 Diff: 0
   ACK: Seq: 1 CH: 0 RTT: 384 VAR: 178 Now: 701015953 Sent: 701015953 Diff: 0
   ACK: Seq: 0 CH: 255 RTT: 438 VAR: 109 Now: 701015937 Sent: 701015937 Diff: 0
  Init: RTT: 500
[DEBUG] 10:23:21 LobbyRoom - CommPeer left the room 39
[INFO] 10:24:20 CommApplication - Accepted new connection at 127.0.0.1:52419.
[INFO] 10:24:20 CommPeer - Authenticating AAAAJwAAAABl2Ac5:8bdff979fdfab7031019d0dccbf0484db06ec678bc6a703f554903f207711dc5 at 127.0.0.1:52419
[DEBUG] 10:24:20 CommPeer - Retrieving User from http://127.0.0.1:5000/2.0/
[DEBUG] 10:24:20 LobbyRoom - CommPeer joined the room 39
[ERROR] 10:24:49 CommPeer - Error while handling request on LobbyRoom -> :26
System.NotImplementedException: The method or operation is not implemented.
   at UberStrok.Realtime.Server.Comm.LobbyRoom.OnUpdateContacts(CommPeer peer) in C:\Users\Gerar\Desktop\UberServer-4.8.8\src\UberStrok.Realtime.Server.Comm\LobbyRoom.Handler.cs:line 602
   at UberStrok.Realtime.Server.Comm.BaseLobbyRoomOperationHandler.UpdateContacts(CommPeer peer, MemoryStream bytes) in C:\Users\Gerar\Desktop\UberServer-4.8.8\src\UberStrok.Realtime.Server.Comm\Core\BaseLobbyRoomOperationHandler.cs:line 342
   at UberStrok.Realtime.Server.Comm.BaseLobbyRoomOperationHandler.OnOperationRequest(CommPeer peer, Byte opCode, MemoryStream bytes) in C:\Users\Gerar\Desktop\UberServer-4.8.8\src\UberStrok.Realtime.Server.Comm\Core\BaseLobbyRoomOperationHandler.cs:line 152
   at OperationHandler`1.OnOperationRequest(Peer peer, Byte opCode, MemoryStream bytes) in C:\Users\Gerar\Desktop\UberServer-4.8.8\src\UberStrok.Realtime.Server\OperationHandler.cs:line 44
   at Peer.OnOperationRequest(OperationRequest operationRequest, SendParameters sendParameters) in C:\Users\Gerar\Desktop\UberServer-4.8.8\src\UberStrok.Realtime.Server\Peer.cs:line 233
[DEBUG] 10:25:09 LobbyRoom - Command executed by User Justice Scimitar:?ban 1
[ERROR] 10:25:19 CommPeer - Error while handling request on LobbyRoom -> :26
System.NotImplementedException: The method or operation is not implemented.
   at UberStrok.Realtime.Server.Comm.LobbyRoom.OnUpdateContacts(CommPeer peer) in C:\Users\Gerar\Desktop\UberServer-4.8.8\src\UberStrok.Realtime.Server.Comm\LobbyRoom.Handler.cs:line 602
   at UberStrok.Realtime.Server.Comm.BaseLobbyRoomOperationHandler.UpdateContacts(CommPeer peer, MemoryStream bytes) in C:\Users\Gerar\Desktop\UberServer-4.8.8\src\UberStrok.Realtime.Server.Comm\Core\BaseLobbyRoomOperationHandler.cs:line 342
   at UberStrok.Realtime.Server.Comm.BaseLobbyRoomOperationHandler.OnOperationRequest(CommPeer peer, Byte opCode, MemoryStream bytes) in C:\Users\Gerar\Desktop\UberServer-4.8.8\src\UberStrok.Realtime.Server.Comm\Core\BaseLobbyRoomOperationHandler.cs:line 152
   at OperationHandler`1.OnOperationRequest(Peer peer, Byte opCode, MemoryStream bytes) in C:\Users\Gerar\Desktop\UberServer-4.8.8\src\UberStrok.Realtime.Server\OperationHandler.cs:line 44
   at Peer.OnOperationRequest(OperationRequest operationRequest, SendParameters sendParameters) in C:\Users\Gerar\Desktop\UberServer-4.8.8\src\UberStrok.Realtime.Server\Peer.cs:line 233
[DEBUG] 10:25:31 LobbyRoom - Command executed by User Justice Scimitar:?unban 39
[DEBUG] 10:25:46 LobbyRoom - Command executed by User Justice Scimitar:?unban 39
[ERROR] 10:25:49 CommPeer - Error while handling request on LobbyRoom -> :26
System.NotImplementedException: The method or operation is not implemented.
   at UberStrok.Realtime.Server.Comm.LobbyRoom.OnUpdateContacts(CommPeer peer) in C:\Users\Gerar\Desktop\UberServer-4.8.8\src\UberStrok.Realtime.Server.Comm\LobbyRoom.Handler.cs:line 602
   at UberStrok.Realtime.Server.Comm.BaseLobbyRoomOperationHandler.UpdateContacts(CommPeer peer, MemoryStream bytes) in C:\Users\Gerar\Desktop\UberServer-4.8.8\src\UberStrok.Realtime.Server.Comm\Core\BaseLobbyRoomOperationHandler.cs:line 342
   at UberStrok.Realtime.Server.Comm.BaseLobbyRoomOperationHandler.OnOperationRequest(CommPeer peer, Byte opCode, MemoryStream bytes) in C:\Users\Gerar\Desktop\UberServer-4.8.8\src\UberStrok.Realtime.Server.Comm\Core\BaseLobbyRoomOperationHandler.cs:line 152
   at OperationHandler`1.OnOperationRequest(Peer peer, Byte opCode, MemoryStream bytes) in C:\Users\Gerar\Desktop\UberServer-4.8.8\src\UberStrok.Realtime.Server\OperationHandler.cs:line 44
   at Peer.OnOperationRequest(OperationRequest operationRequest, SendParameters sendParameters) in C:\Users\Gerar\Desktop\UberServer-4.8.8\src\UberStrok.Realtime.Server\Peer.cs:line 233
[INFO] 10:26:25 LobbyRoom - 39 Disconnected TimeoutDisconnect -> 
000000000C522CC0 Sent: 701244468 now: 701271937 (diff: 27469 >= max: 30000) new rtt timeout: 3200 since last touch:27625
Disc: Seq: 72 CH: 255 RTT: 7 VAR: 7 Now: 701271937 Sent: 701244468 Diff: 27469 Resends: 9
Resend: Seq: 72 CH: 255 RTT: 7 VAR: 7 Now: 701267875 Timeout: 3200 Resend: 9
Resend: Seq: 72 CH: 255 RTT: 7 VAR: 7 Now: 701263812 Timeout: 3200 Resend: 8
Resend: Seq: 72 CH: 255 RTT: 7 VAR: 7 Now: 701259750 Timeout: 3200 Resend: 7
Resend: Seq: 72 CH: 255 RTT: 7 VAR: 7 Now: 701255687 Timeout: 3200 Resend: 6
Resend: Seq: 72 CH: 255 RTT: 7 VAR: 7 Now: 701251625 Timeout: 3200 Resend: 5
Resend: Seq: 72 CH: 255 RTT: 7 VAR: 7 Now: 701247546 Timeout: 3200 Resend: 4
Resend: Seq: 72 CH: 255 RTT: 7 VAR: 7 Now: 701245906 Timeout: 1600 Resend: 3
Resend: Seq: 72 CH: 255 RTT: 7 VAR: 7 Now: 701245093 Timeout: 800 Resend: 2
Resend: Seq: 72 CH: 255 RTT: 7 VAR: 7 Now: 701244687 Timeout: 400 Resend: 1
   ACK: Seq: 71 CH: 255 RTT: 7 VAR: 7 Now: 701243437 Sent: 701243437 Diff: 0
   ACK: Seq: 70 CH: 255 RTT: 7 VAR: 7 Now: 701242406 Sent: 701242406 Diff: 0
   ACK: Seq: 69 CH: 255 RTT: 7 VAR: 7 Now: 701241375 Sent: 701241375 Diff: 0
   ACK: Seq: 68 CH: 255 RTT: 7 VAR: 7 Now: 701239984 Sent: 701239984 Diff: 0
   ACK: Seq: 67 CH: 255 RTT: 7 VAR: 7 Now: 701238953 Sent: 701238953 Diff: 0
   ACK: Seq: 66 CH: 255 RTT: 7 VAR: 7 Now: 701237906 Sent: 701237906 Diff: 0
   ACK: Seq: 65 CH: 255 RTT: 7 VAR: 7 Now: 701236375 Sent: 701236375 Diff: 0
   ACK: Seq: 64 CH: 255 RTT: 7 VAR: 7 Now: 701234640 Sent: 701234640 Diff: 0
   ACK: Seq: 7 CH: 0 RTT: 7 VAR: 7 Now: 701232609 Sent: 701232609 Diff: 0
   ACK: Seq: 63 CH: 255 RTT: 7 VAR: 7 Now: 701232421 Sent: 701232421 Diff: 0
   ACK: Seq: 62 CH: 255 RTT: 7 VAR: 7 Now: 701231375 Sent: 701231375 Diff: 0
   ACK: Seq: 61 CH: 255 RTT: 7 VAR: 7 Now: 701229468 Sent: 701229468 Diff: 0
   ACK: Seq: 60 CH: 255 RTT: 7 VAR: 7 Now: 701228437 Sent: 701228437 Diff: 0
   ACK: Seq: 59 CH: 255 RTT: 7 VAR: 7 Now: 701227406 Sent: 701227406 Diff: 0
   ACK: Seq: 58 CH: 255 RTT: 7 VAR: 7 Now: 701226359 Sent: 701226359 Diff: 0
   ACK: Seq: 57 CH: 255 RTT: 7 VAR: 7 Now: 701224453 Sent: 701224453 Diff: 0
   ACK: Seq: 56 CH: 255 RTT: 7 VAR: 7 Now: 701223421 Sent: 701223421 Diff: 0
   ACK: Seq: 55 CH: 255 RTT: 7 VAR: 7 Now: 701222390 Sent: 701222390 Diff: 0
   ACK: Seq: 54 CH: 255 RTT: 7 VAR: 7 Now: 701221359 Sent: 701221359 Diff: 0
   ACK: Seq: 53 CH: 255 RTT: 7 VAR: 7 Now: 701219359 Sent: 701219359 Diff: 0
   ACK: Seq: 6 CH: 0 RTT: 7 VAR: 7 Now: 701218343 Sent: 701218343 Diff: 0
   ACK: Seq: 52 CH: 255 RTT: 7 VAR: 7 Now: 701217421 Sent: 701217421 Diff: 0
   ACK: Seq: 51 CH: 255 RTT: 7 VAR: 7 Now: 701216375 Sent: 701216375 Diff: 0
   ACK: Seq: 50 CH: 255 RTT: 7 VAR: 7 Now: 701214468 Sent: 701214468 Diff: 0
   ACK: Seq: 49 CH: 255 RTT: 7 VAR: 7 Now: 701213437 Sent: 701213437 Diff: 0
   ACK: Seq: 48 CH: 255 RTT: 7 VAR: 7 Now: 701212406 Sent: 701212406 Diff: 0
   ACK: Seq: 47 CH: 255 RTT: 7 VAR: 7 Now: 701211375 Sent: 701211375 Diff: 0
   ACK: Seq: 46 CH: 255 RTT: 7 VAR: 7 Now: 701209984 Sent: 701209984 Diff: 0
   ACK: Seq: 45 CH: 255 RTT: 7 VAR: 7 Now: 701208953 Sent: 701208953 Diff: 0
   ACK: Seq: 44 CH: 255 RTT: 7 VAR: 7 Now: 701207906 Sent: 701207906 Diff: 0
   ACK: Seq: 43 CH: 255 RTT: 7 VAR: 7 Now: 701206359 Sent: 701206359 Diff: 0
   ACK: Seq: 42 CH: 255 RTT: 7 VAR: 7 Now: 701204484 Sent: 701204484 Diff: 0
   ACK: Seq: 41 CH: 255 RTT: 7 VAR: 7 Now: 701203453 Sent: 701203453 Diff: 0
   ACK: Seq: 40 CH: 255 RTT: 8 VAR: 8 Now: 701201406 Sent: 701201390 Diff: 16
   ACK: Seq: 39 CH: 255 RTT: 7 VAR: 7 Now: 701200015 Sent: 701200015 Diff: 0
   ACK: Seq: 38 CH: 255 RTT: 7 VAR: 7 Now: 701198984 Sent: 701198984 Diff: 0
   ACK: Seq: 37 CH: 255 RTT: 7 VAR: 7 Now: 701197968 Sent: 701197968 Diff: 0
   ACK: Seq: 5 CH: 0 RTT: 7 VAR: 7 Now: 701195921 Sent: 701195921 Diff: 0
   ACK: Seq: 36 CH: 255 RTT: 7 VAR: 7 Now: 701194468 Sent: 701194468 Diff: 0
   ACK: Seq: 35 CH: 255 RTT: 7 VAR: 7 Now: 701192406 Sent: 701192406 Diff: 0
[DEBUG] 10:26:25 LobbyRoom - CommPeer left the room 39
[INFO] 10:56:07 CommApplication - Accepted new connection at 127.0.0.1:51135.
[INFO] 10:56:07 CommPeer - Authenticating AAAAJwAAAABl2Ac6:b3b69382b167b7723aa0ca02067865e05347ff232ed1b6b536cf2186640cd59b at 127.0.0.1:51135
[DEBUG] 10:56:07 CommPeer - Retrieving User from http://127.0.0.1:5000/2.0/
[DEBUG] 10:56:07 LobbyRoom - CommPeer joined the room 39
[ERROR] 10:56:34 CommPeer - Error while handling request on LobbyRoom -> :25
System.NotImplementedException: The method or operation is not implemented.
   at UberStrok.Realtime.Server.Comm.LobbyRoom.OnUpdateAllActors(CommPeer peer) in C:\Users\Gerar\Desktop\UberServer-4.8.8\src\UberStrok.Realtime.Server.Comm\LobbyRoom.Handler.cs:line 593
   at UberStrok.Realtime.Server.Comm.BaseLobbyRoomOperationHandler.UpdateAllActors(CommPeer peer, MemoryStream bytes) in C:\Users\Gerar\Desktop\UberServer-4.8.8\src\UberStrok.Realtime.Server.Comm\Core\BaseLobbyRoomOperationHandler.cs:line 337
   at UberStrok.Realtime.Server.Comm.BaseLobbyRoomOperationHandler.OnOperationRequest(CommPeer peer, Byte opCode, MemoryStream bytes) in C:\Users\Gerar\Desktop\UberServer-4.8.8\src\UberStrok.Realtime.Server.Comm\Core\BaseLobbyRoomOperationHandler.cs:line 149
   at OperationHandler`1.OnOperationRequest(Peer peer, Byte opCode, MemoryStream bytes) in C:\Users\Gerar\Desktop\UberServer-4.8.8\src\UberStrok.Realtime.Server\OperationHandler.cs:line 44
   at Peer.OnOperationRequest(OperationRequest operationRequest, SendParameters sendParameters) in C:\Users\Gerar\Desktop\UberServer-4.8.8\src\UberStrok.Realtime.Server\Peer.cs:line 233
[ERROR] 10:56:36 CommPeer - Error while handling request on LobbyRoom -> :26
System.NotImplementedException: The method or operation is not implemented.
   at UberStrok.Realtime.Server.Comm.LobbyRoom.OnUpdateContacts(CommPeer peer) in C:\Users\Gerar\Desktop\UberServer-4.8.8\src\UberStrok.Realtime.Server.Comm\LobbyRoom.Handler.cs:line 602
   at UberStrok.Realtime.Server.Comm.BaseLobbyRoomOperationHandler.UpdateContacts(CommPeer peer, MemoryStream bytes) in C:\Users\Gerar\Desktop\UberServer-4.8.8\src\UberStrok.Realtime.Server.Comm\Core\BaseLobbyRoomOperationHandler.cs:line 342
   at UberStrok.Realtime.Server.Comm.BaseLobbyRoomOperationHandler.OnOperationRequest(CommPeer peer, Byte opCode, MemoryStream bytes) in C:\Users\Gerar\Desktop\UberServer-4.8.8\src\UberStrok.Realtime.Server.Comm\Core\BaseLobbyRoomOperationHandler.cs:line 152
   at OperationHandler`1.OnOperationRequest(Peer peer, Byte opCode, MemoryStream bytes) in C:\Users\Gerar\Desktop\UberServer-4.8.8\src\UberStrok.Realtime.Server\OperationHandler.cs:line 44
   at Peer.OnOperationRequest(OperationRequest operationRequest, SendParameters sendParameters) in C:\Users\Gerar\Desktop\UberServer-4.8.8\src\UberStrok.Realtime.Server\Peer.cs:line 233
[ERROR] 10:57:06 CommPeer - Error while handling request on LobbyRoom -> :26
System.NotImplementedException: The method or operation is not implemented.
   at UberStrok.Realtime.Server.Comm.LobbyRoom.OnUpdateContacts(CommPeer peer) in C:\Users\Gerar\Desktop\UberServer-4.8.8\src\UberStrok.Realtime.Server.Comm\LobbyRoom.Handler.cs:line 602
   at UberStrok.Realtime.Server.Comm.BaseLobbyRoomOperationHandler.UpdateContacts(CommPeer peer, MemoryStream bytes) in C:\Users\Gerar\Desktop\UberServer-4.8.8\src\UberStrok.Realtime.Server.Comm\Core\BaseLobbyRoomOperationHandler.cs:line 342
   at UberStrok.Realtime.Server.Comm.BaseLobbyRoomOperationHandler.OnOperationRequest(CommPeer peer, Byte opCode, MemoryStream bytes) in C:\Users\Gerar\Desktop\UberServer-4.8.8\src\UberStrok.Realtime.Server.Comm\Core\BaseLobbyRoomOperationHandler.cs:line 152
   at OperationHandler`1.OnOperationRequest(Peer peer, Byte opCode, MemoryStream bytes) in C:\Users\Gerar\Desktop\UberServer-4.8.8\src\UberStrok.Realtime.Server\OperationHandler.cs:line 44
   at Peer.OnOperationRequest(OperationRequest operationRequest, SendParameters sendParameters) in C:\Users\Gerar\Desktop\UberServer-4.8.8\src\UberStrok.Realtime.Server\Peer.cs:line 233
[ERROR] 10:57:36 CommPeer - Error while handling request on LobbyRoom -> :26
System.NotImplementedException: The method or operation is not implemented.
   at UberStrok.Realtime.Server.Comm.LobbyRoom.OnUpdateContacts(CommPeer peer) in C:\Users\Gerar\Desktop\UberServer-4.8.8\src\UberStrok.Realtime.Server.Comm\LobbyRoom.Handler.cs:line 602
   at UberStrok.Realtime.Server.Comm.BaseLobbyRoomOperationHandler.UpdateContacts(CommPeer peer, MemoryStream bytes) in C:\Users\Gerar\Desktop\UberServer-4.8.8\src\UberStrok.Realtime.Server.Comm\Core\BaseLobbyRoomOperationHandler.cs:line 342
   at UberStrok.Realtime.Server.Comm.BaseLobbyRoomOperationHandler.OnOperationRequest(CommPeer peer, Byte opCode, MemoryStream bytes) in C:\Users\Gerar\Desktop\UberServer-4.8.8\src\UberStrok.Realtime.Server.Comm\Core\BaseLobbyRoomOperationHandler.cs:line 152
   at OperationHandler`1.OnOperationRequest(Peer peer, Byte opCode, MemoryStream bytes) in C:\Users\Gerar\Desktop\UberServer-4.8.8\src\UberStrok.Realtime.Server\OperationHandler.cs:line 44
   at Peer.OnOperationRequest(OperationRequest operationRequest, SendParameters sendParameters) in C:\Users\Gerar\Desktop\UberServer-4.8.8\src\UberStrok.Realtime.Server\Peer.cs:line 233
[ERROR] 10:58:06 CommPeer - Error while handling request on LobbyRoom -> :26
System.NotImplementedException: The method or operation is not implemented.
   at UberStrok.Realtime.Server.Comm.LobbyRoom.OnUpdateContacts(CommPeer peer) in C:\Users\Gerar\Desktop\UberServer-4.8.8\src\UberStrok.Realtime.Server.Comm\LobbyRoom.Handler.cs:line 602
   at UberStrok.Realtime.Server.Comm.BaseLobbyRoomOperationHandler.UpdateContacts(CommPeer peer, MemoryStream bytes) in C:\Users\Gerar\Desktop\UberServer-4.8.8\src\UberStrok.Realtime.Server.Comm\Core\BaseLobbyRoomOperationHandler.cs:line 342
   at UberStrok.Realtime.Server.Comm.BaseLobbyRoomOperationHandler.OnOperationRequest(CommPeer peer, Byte opCode, MemoryStream bytes) in C:\Users\Gerar\Desktop\UberServer-4.8.8\src\UberStrok.Realtime.Server.Comm\Core\BaseLobbyRoomOperationHandler.cs:line 152
   at OperationHandler`1.OnOperationRequest(Peer peer, Byte opCode, MemoryStream bytes) in C:\Users\Gerar\Desktop\UberServer-4.8.8\src\UberStrok.Realtime.Server\OperationHandler.cs:line 44
   at Peer.OnOperationRequest(OperationRequest operationRequest, SendParameters sendParameters) in C:\Users\Gerar\Desktop\UberServer-4.8.8\src\UberStrok.Realtime.Server\Peer.cs:line 233
[ERROR] 10:58:36 CommPeer - Error while handling request on LobbyRoom -> :26
System.NotImplementedException: The method or operation is not implemented.
   at UberStrok.Realtime.Server.Comm.LobbyRoom.OnUpdateContacts(CommPeer peer) in C:\Users\Gerar\Desktop\UberServer-4.8.8\src\UberStrok.Realtime.Server.Comm\LobbyRoom.Handler.cs:line 602
   at UberStrok.Realtime.Server.Comm.BaseLobbyRoomOperationHandler.UpdateContacts(CommPeer peer, MemoryStream bytes) in C:\Users\Gerar\Desktop\UberServer-4.8.8\src\UberStrok.Realtime.Server.Comm\Core\BaseLobbyRoomOperationHandler.cs:line 342
   at UberStrok.Realtime.Server.Comm.BaseLobbyRoomOperationHandler.OnOperationRequest(CommPeer peer, Byte opCode, MemoryStream bytes) in C:\Users\Gerar\Desktop\UberServer-4.8.8\src\UberStrok.Realtime.Server.Comm\Core\BaseLobbyRoomOperationHandler.cs:line 152
   at OperationHandler`1.OnOperationRequest(Peer peer, Byte opCode, MemoryStream bytes) in C:\Users\Gerar\Desktop\UberServer-4.8.8\src\UberStrok.Realtime.Server\OperationHandler.cs:line 44
   at Peer.OnOperationRequest(OperationRequest operationRequest, SendParameters sendParameters) in C:\Users\Gerar\Desktop\UberServer-4.8.8\src\UberStrok.Realtime.Server\Peer.cs:line 233
[INFO] 10:59:20 CommApplication - Accepted new connection at 127.0.0.1:64886.
[INFO] 10:59:20 CommPeer - Authenticating AAAAJwAAAABl2Ac7:89f4f1ba2771bd12f89ff866a2f617799b4cf2976fa166a78e108b7aec074fb8 at 127.0.0.1:64886
[DEBUG] 10:59:20 CommPeer - Retrieving User from http://127.0.0.1:5000/2.0/
[DEBUG] 10:59:20 LobbyRoom - CommPeer left the room 39
[DEBUG] 10:59:20 LobbyRoom - CommPeer joined the room 39
[INFO] 11:00:09 LobbyRoom - 39 Disconnected TimeoutDisconnect -> 
000000000D3E85B0 Sent: 703268500 now: 703296203 (diff: 27703 >= max: 30000) new rtt timeout: 3200 since last touch:28719
Disc: Seq: 18 CH: 255 RTT: 30 VAR: 47 Now: 703296203 Sent: 703268500 Diff: 27703 Resends: 9
Resend: Seq: 18 CH: 255 RTT: 30 VAR: 47 Now: 703292140 Timeout: 3200 Resend: 9
Resend: Seq: 18 CH: 255 RTT: 30 VAR: 47 Now: 703288078 Timeout: 3200 Resend: 8
Resend: Seq: 18 CH: 255 RTT: 30 VAR: 47 Now: 703284015 Timeout: 3200 Resend: 7
Resend: Seq: 18 CH: 255 RTT: 30 VAR: 47 Now: 703279953 Timeout: 3200 Resend: 6
Resend: Seq: 18 CH: 255 RTT: 30 VAR: 47 Now: 703275890 Timeout: 3200 Resend: 5
Resend: Seq: 18 CH: 255 RTT: 30 VAR: 47 Now: 703271828 Timeout: 3200 Resend: 4
Resend: Seq: 18 CH: 255 RTT: 30 VAR: 47 Now: 703270078 Timeout: 1744 Resend: 3
Resend: Seq: 18 CH: 255 RTT: 30 VAR: 47 Now: 703269187 Timeout: 872 Resend: 2
Resend: Seq: 18 CH: 255 RTT: 30 VAR: 47 Now: 703268734 Timeout: 436 Resend: 1
   ACK: Seq: 17 CH: 255 RTT: 30 VAR: 47 Now: 703267468 Sent: 703267468 Diff: 0
   ACK: Seq: 16 CH: 255 RTT: 34 VAR: 53 Now: 703266437 Sent: 703266437 Diff: 0
   ACK: Seq: 15 CH: 255 RTT: 38 VAR: 60 Now: 703264531 Sent: 703264531 Diff: 0
   ACK: Seq: 14 CH: 255 RTT: 43 VAR: 68 Now: 703263500 Sent: 703263500 Diff: 0
   ACK: Seq: 13 CH: 255 RTT: 49 VAR: 77 Now: 703262468 Sent: 703262468 Diff: 0
   ACK: Seq: 12 CH: 255 RTT: 55 VAR: 86 Now: 703261437 Sent: 703261437 Diff: 0
   ACK: Seq: 11 CH: 255 RTT: 62 VAR: 97 Now: 703259531 Sent: 703259531 Diff: 0
   ACK: Seq: 10 CH: 255 RTT: 70 VAR: 109 Now: 703258500 Sent: 703258500 Diff: 0
   ACK: Seq: 9 CH: 255 RTT: 80 VAR: 122 Now: 703257468 Sent: 703257468 Diff: 0
   ACK: Seq: 8 CH: 255 RTT: 91 VAR: 136 Now: 703256437 Sent: 703256437 Diff: 0
   ACK: Seq: 7 CH: 255 RTT: 104 VAR: 152 Now: 703254546 Sent: 703254546 Diff: 0
   ACK: Seq: 6 CH: 255 RTT: 118 VAR: 167 Now: 703253515 Sent: 703253515 Diff: 0
   ACK: Seq: 5 CH: 255 RTT: 134 VAR: 183 Now: 703252484 Sent: 703252484 Diff: 0
   ACK: Seq: 4 CH: 255 RTT: 153 VAR: 199 Now: 703251453 Sent: 703251453 Diff: 0
   ACK: Seq: 3 CH: 255 RTT: 174 VAR: 214 Now: 703250234 Sent: 703250234 Diff: 0
   ACK: Seq: 4 CH: 0 RTT: 198 VAR: 228 Now: 703249218 Sent: 703249218 Diff: 0
   ACK: Seq: 2 CH: 255 RTT: 226 VAR: 238 Now: 703249140 Sent: 703249140 Diff: 0
   ACK: Seq: 1 CH: 255 RTT: 258 VAR: 242 Now: 703248093 Sent: 703248093 Diff: 0
   ACK: Seq: 3 CH: 0 RTT: 294 VAR: 237 Now: 703247078 Sent: 703247078 Diff: 0
   ACK: Seq: 2 CH: 0 RTT: 336 VAR: 218 Now: 703247078 Sent: 703247078 Diff: 0
   ACK: Seq: 1 CH: 0 RTT: 384 VAR: 178 Now: 703247046 Sent: 703247046 Diff: 0
   ACK: Seq: 0 CH: 255 RTT: 438 VAR: 109 Now: 703247015 Sent: 703247015 Diff: 0
  Init: RTT: 500
[DEBUG] 11:00:09 LobbyRoom - CommPeer left the room 39
[INFO] 11:03:23 CommApplication - Accepted new connection at 127.0.0.1:59464.
[INFO] 11:03:23 CommPeer - Authenticating AAAAJwAAAABl2Ac8:c615084088c267344f1938792a224d64a276998dca9ac2ce84b255d800b817e7 at 127.0.0.1:59464
[DEBUG] 11:03:23 CommPeer - Retrieving User from http://127.0.0.1:5000/2.0/
[DEBUG] 11:03:23 LobbyRoom - CommPeer joined the room 39
[INFO] 11:04:13 LobbyRoom - 39 Disconnected TimeoutDisconnect -> 
000000000D36FC90 Sent: 703512453 now: 703540156 (diff: 27703 >= max: 30000) new rtt timeout: 3200 since last touch:28719
Disc: Seq: 18 CH: 255 RTT: 30 VAR: 47 Now: 703540156 Sent: 703512453 Diff: 27703 Resends: 9
Resend: Seq: 18 CH: 255 RTT: 30 VAR: 47 Now: 703536093 Timeout: 3200 Resend: 9
Resend: Seq: 18 CH: 255 RTT: 30 VAR: 47 Now: 703532031 Timeout: 3200 Resend: 8
Resend: Seq: 18 CH: 255 RTT: 30 VAR: 47 Now: 703527968 Timeout: 3200 Resend: 7
Resend: Seq: 18 CH: 255 RTT: 30 VAR: 47 Now: 703523906 Timeout: 3200 Resend: 6
Resend: Seq: 18 CH: 255 RTT: 30 VAR: 47 Now: 703519843 Timeout: 3200 Resend: 5
Resend: Seq: 18 CH: 255 RTT: 30 VAR: 47 Now: 703515781 Timeout: 3200 Resend: 4
Resend: Seq: 18 CH: 255 RTT: 30 VAR: 47 Now: 703514031 Timeout: 1744 Resend: 3
Resend: Seq: 18 CH: 255 RTT: 30 VAR: 47 Now: 703513140 Timeout: 872 Resend: 2
Resend: Seq: 18 CH: 255 RTT: 30 VAR: 47 Now: 703512687 Timeout: 436 Resend: 1
   ACK: Seq: 17 CH: 255 RTT: 30 VAR: 47 Now: 703511421 Sent: 703511421 Diff: 0
   ACK: Seq: 16 CH: 255 RTT: 34 VAR: 53 Now: 703510390 Sent: 703510390 Diff: 0
   ACK: Seq: 15 CH: 255 RTT: 38 VAR: 60 Now: 703509359 Sent: 703509359 Diff: 0
   ACK: Seq: 14 CH: 255 RTT: 43 VAR: 68 Now: 703507468 Sent: 703507468 Diff: 0
   ACK: Seq: 13 CH: 255 RTT: 49 VAR: 77 Now: 703506437 Sent: 703506437 Diff: 0
   ACK: Seq: 12 CH: 255 RTT: 55 VAR: 86 Now: 703505406 Sent: 703505406 Diff: 0
   ACK: Seq: 11 CH: 255 RTT: 62 VAR: 97 Now: 703504359 Sent: 703504359 Diff: 0
   ACK: Seq: 10 CH: 255 RTT: 70 VAR: 109 Now: 703502468 Sent: 703502468 Diff: 0
   ACK: Seq: 9 CH: 255 RTT: 80 VAR: 122 Now: 703501437 Sent: 703501437 Diff: 0
   ACK: Seq: 8 CH: 255 RTT: 91 VAR: 136 Now: 703500406 Sent: 703500406 Diff: 0
   ACK: Seq: 7 CH: 255 RTT: 104 VAR: 152 Now: 703499375 Sent: 703499375 Diff: 0
   ACK: Seq: 6 CH: 255 RTT: 118 VAR: 167 Now: 703497453 Sent: 703497453 Diff: 0
   ACK: Seq: 5 CH: 255 RTT: 134 VAR: 183 Now: 703496421 Sent: 703496421 Diff: 0
   ACK: Seq: 4 CH: 255 RTT: 153 VAR: 199 Now: 703495390 Sent: 703495390 Diff: 0
   ACK: Seq: 3 CH: 255 RTT: 174 VAR: 214 Now: 703494359 Sent: 703494359 Diff: 0
   ACK: Seq: 2 CH: 255 RTT: 198 VAR: 228 Now: 703493156 Sent: 703493156 Diff: 0
   ACK: Seq: 1 CH: 255 RTT: 226 VAR: 238 Now: 703492125 Sent: 703492125 Diff: 0
   ACK: Seq: 4 CH: 0 RTT: 258 VAR: 242 Now: 703490093 Sent: 703490093 Diff: 0
   ACK: Seq: 3 CH: 0 RTT: 294 VAR: 237 Now: 703489890 Sent: 703489890 Diff: 0
   ACK: Seq: 2 CH: 0 RTT: 336 VAR: 218 Now: 703489890 Sent: 703489890 Diff: 0
   ACK: Seq: 1 CH: 0 RTT: 384 VAR: 178 Now: 703489859 Sent: 703489859 Diff: 0
   ACK: Seq: 0 CH: 255 RTT: 438 VAR: 109 Now: 703489843 Sent: 703489843 Diff: 0
  Init: RTT: 500
[DEBUG] 11:04:13 LobbyRoom - CommPeer left the room 39
[INFO] 11:05:12 CommApplication - Accepted new connection at 127.0.0.1:53201.
[INFO] 11:05:12 CommPeer - Authenticating AAAAJwAAAABl2Ac9:5c4ba3b7893254962a010d18f8d7bbeb5956db1c36b3a1a63c9907ea3d4f4229 at 127.0.0.1:53201
[DEBUG] 11:05:12 CommPeer - Retrieving User from http://127.0.0.1:5000/2.0/
[DEBUG] 11:05:12 LobbyRoom - CommPeer joined the room 39
[ERROR] 11:05:41 CommPeer - Error while handling request on LobbyRoom -> :26
System.NotImplementedException: The method or operation is not implemented.
   at UberStrok.Realtime.Server.Comm.LobbyRoom.OnUpdateContacts(CommPeer peer) in C:\Users\Gerar\Desktop\UberServer-4.8.8\src\UberStrok.Realtime.Server.Comm\LobbyRoom.Handler.cs:line 602
   at UberStrok.Realtime.Server.Comm.BaseLobbyRoomOperationHandler.UpdateContacts(CommPeer peer, MemoryStream bytes) in C:\Users\Gerar\Desktop\UberServer-4.8.8\src\UberStrok.Realtime.Server.Comm\Core\BaseLobbyRoomOperationHandler.cs:line 342
   at UberStrok.Realtime.Server.Comm.BaseLobbyRoomOperationHandler.OnOperationRequest(CommPeer peer, Byte opCode, MemoryStream bytes) in C:\Users\Gerar\Desktop\UberServer-4.8.8\src\UberStrok.Realtime.Server.Comm\Core\BaseLobbyRoomOperationHandler.cs:line 152
   at OperationHandler`1.OnOperationRequest(Peer peer, Byte opCode, MemoryStream bytes) in C:\Users\Gerar\Desktop\UberServer-4.8.8\src\UberStrok.Realtime.Server\OperationHandler.cs:line 44
   at Peer.OnOperationRequest(OperationRequest operationRequest, SendParameters sendParameters) in C:\Users\Gerar\Desktop\UberServer-4.8.8\src\UberStrok.Realtime.Server\Peer.cs:line 233
[DEBUG] 11:05:52 LobbyRoom - Command executed by User Justice Scimitar:?msg all
[ERROR] 11:06:11 CommPeer - Error while handling request on LobbyRoom -> :26
System.NotImplementedException: The method or operation is not implemented.
   at UberStrok.Realtime.Server.Comm.LobbyRoom.OnUpdateContacts(CommPeer peer) in C:\Users\Gerar\Desktop\UberServer-4.8.8\src\UberStrok.Realtime.Server.Comm\LobbyRoom.Handler.cs:line 602
   at UberStrok.Realtime.Server.Comm.BaseLobbyRoomOperationHandler.UpdateContacts(CommPeer peer, MemoryStream bytes) in C:\Users\Gerar\Desktop\UberServer-4.8.8\src\UberStrok.Realtime.Server.Comm\Core\BaseLobbyRoomOperationHandler.cs:line 342
   at UberStrok.Realtime.Server.Comm.BaseLobbyRoomOperationHandler.OnOperationRequest(CommPeer peer, Byte opCode, MemoryStream bytes) in C:\Users\Gerar\Desktop\UberServer-4.8.8\src\UberStrok.Realtime.Server.Comm\Core\BaseLobbyRoomOperationHandler.cs:line 152
   at OperationHandler`1.OnOperationRequest(Peer peer, Byte opCode, MemoryStream bytes) in C:\Users\Gerar\Desktop\UberServer-4.8.8\src\UberStrok.Realtime.Server\OperationHandler.cs:line 44
   at Peer.OnOperationRequest(OperationRequest operationRequest, SendParameters sendParameters) in C:\Users\Gerar\Desktop\UberServer-4.8.8\src\UberStrok.Realtime.Server\Peer.cs:line 233
[ERROR] 11:06:41 CommPeer - Error while handling request on LobbyRoom -> :26
System.NotImplementedException: The method or operation is not implemented.
   at UberStrok.Realtime.Server.Comm.LobbyRoom.OnUpdateContacts(CommPeer peer) in C:\Users\Gerar\Desktop\UberServer-4.8.8\src\UberStrok.Realtime.Server.Comm\LobbyRoom.Handler.cs:line 602
   at UberStrok.Realtime.Server.Comm.BaseLobbyRoomOperationHandler.UpdateContacts(CommPeer peer, MemoryStream bytes) in C:\Users\Gerar\Desktop\UberServer-4.8.8\src\UberStrok.Realtime.Server.Comm\Core\BaseLobbyRoomOperationHandler.cs:line 342
   at UberStrok.Realtime.Server.Comm.BaseLobbyRoomOperationHandler.OnOperationRequest(CommPeer peer, Byte opCode, MemoryStream bytes) in C:\Users\Gerar\Desktop\UberServer-4.8.8\src\UberStrok.Realtime.Server.Comm\Core\BaseLobbyRoomOperationHandler.cs:line 152
   at OperationHandler`1.OnOperationRequest(Peer peer, Byte opCode, MemoryStream bytes) in C:\Users\Gerar\Desktop\UberServer-4.8.8\src\UberStrok.Realtime.Server\OperationHandler.cs:line 44
   at Peer.OnOperationRequest(OperationRequest operationRequest, SendParameters sendParameters) in C:\Users\Gerar\Desktop\UberServer-4.8.8\src\UberStrok.Realtime.Server\Peer.cs:line 233
[ERROR] 11:07:11 CommPeer - Error while handling request on LobbyRoom -> :26
System.NotImplementedException: The method or operation is not implemented.
   at UberStrok.Realtime.Server.Comm.LobbyRoom.OnUpdateContacts(CommPeer peer) in C:\Users\Gerar\Desktop\UberServer-4.8.8\src\UberStrok.Realtime.Server.Comm\LobbyRoom.Handler.cs:line 602
   at UberStrok.Realtime.Server.Comm.BaseLobbyRoomOperationHandler.UpdateContacts(CommPeer peer, MemoryStream bytes) in C:\Users\Gerar\Desktop\UberServer-4.8.8\src\UberStrok.Realtime.Server.Comm\Core\BaseLobbyRoomOperationHandler.cs:line 342
   at UberStrok.Realtime.Server.Comm.BaseLobbyRoomOperationHandler.OnOperationRequest(CommPeer peer, Byte opCode, MemoryStream bytes) in C:\Users\Gerar\Desktop\UberServer-4.8.8\src\UberStrok.Realtime.Server.Comm\Core\BaseLobbyRoomOperationHandler.cs:line 152
   at OperationHandler`1.OnOperationRequest(Peer peer, Byte opCode, MemoryStream bytes) in C:\Users\Gerar\Desktop\UberServer-4.8.8\src\UberStrok.Realtime.Server\OperationHandler.cs:line 44
   at Peer.OnOperationRequest(OperationRequest operationRequest, SendParameters sendParameters) in C:\Users\Gerar\Desktop\UberServer-4.8.8\src\UberStrok.Realtime.Server\Peer.cs:line 233
[ERROR] 11:07:41 CommPeer - Error while handling request on LobbyRoom -> :26
System.NotImplementedException: The method or operation is not implemented.
   at UberStrok.Realtime.Server.Comm.LobbyRoom.OnUpdateContacts(CommPeer peer) in C:\Users\Gerar\Desktop\UberServer-4.8.8\src\UberStrok.Realtime.Server.Comm\LobbyRoom.Handler.cs:line 602
   at UberStrok.Realtime.Server.Comm.BaseLobbyRoomOperationHandler.UpdateContacts(CommPeer peer, MemoryStream bytes) in C:\Users\Gerar\Desktop\UberServer-4.8.8\src\UberStrok.Realtime.Server.Comm\Core\BaseLobbyRoomOperationHandler.cs:line 342
   at UberStrok.Realtime.Server.Comm.BaseLobbyRoomOperationHandler.OnOperationRequest(CommPeer peer, Byte opCode, MemoryStream bytes) in C:\Users\Gerar\Desktop\UberServer-4.8.8\src\UberStrok.Realtime.Server.Comm\Core\BaseLobbyRoomOperationHandler.cs:line 152
   at OperationHandler`1.OnOperationRequest(Peer peer, Byte opCode, MemoryStream bytes) in C:\Users\Gerar\Desktop\UberServer-4.8.8\src\UberStrok.Realtime.Server\OperationHandler.cs:line 44
   at Peer.OnOperationRequest(OperationRequest operationRequest, SendParameters sendParameters) in C:\Users\Gerar\Desktop\UberServer-4.8.8\src\UberStrok.Realtime.Server\Peer.cs:line 233
[INFO] 11:08:33 LobbyRoom - 39 Disconnected TimeoutDisconnect -> 
000000000D36FC90 Sent: 703772109 now: 703799546 (diff: 27437 >= max: 30000) new rtt timeout: 3200 since last touch:28453
Disc: Seq: 137 CH: 255 RTT: 7 VAR: 7 Now: 703799546 Sent: 703772109 Diff: 27437 Resends: 9
Resend: Seq: 137 CH: 255 RTT: 7 VAR: 7 Now: 703795484 Timeout: 3200 Resend: 9
Resend: Seq: 137 CH: 255 RTT: 7 VAR: 7 Now: 703791406 Timeout: 3200 Resend: 8
Resend: Seq: 137 CH: 255 RTT: 7 VAR: 7 Now: 703787343 Timeout: 3200 Resend: 7
Resend: Seq: 137 CH: 255 RTT: 7 VAR: 7 Now: 703783281 Timeout: 3200 Resend: 6
Resend: Seq: 137 CH: 255 RTT: 7 VAR: 7 Now: 703779218 Timeout: 3200 Resend: 5
Resend: Seq: 137 CH: 255 RTT: 7 VAR: 7 Now: 703775156 Timeout: 3200 Resend: 4
Resend: Seq: 137 CH: 255 RTT: 7 VAR: 7 Now: 703773546 Timeout: 1600 Resend: 3
Resend: Seq: 137 CH: 255 RTT: 7 VAR: 7 Now: 703772734 Timeout: 800 Resend: 2
Resend: Seq: 137 CH: 255 RTT: 7 VAR: 7 Now: 703772328 Timeout: 400 Resend: 1
   ACK: Seq: 136 CH: 255 RTT: 7 VAR: 7 Now: 703771078 Sent: 703771078 Diff: 0
   ACK: Seq: 135 CH: 255 RTT: 7 VAR: 7 Now: 703770046 Sent: 703770046 Diff: 0
   ACK: Seq: 134 CH: 255 RTT: 7 VAR: 7 Now: 703769000 Sent: 703769000 Diff: 0
   ACK: Seq: 133 CH: 255 RTT: 7 VAR: 7 Now: 703767078 Sent: 703767078 Diff: 0
   ACK: Seq: 132 CH: 255 RTT: 7 VAR: 7 Now: 703766046 Sent: 703766046 Diff: 0
   ACK: Seq: 131 CH: 255 RTT: 7 VAR: 7 Now: 703765015 Sent: 703765015 Diff: 0
   ACK: Seq: 130 CH: 255 RTT: 7 VAR: 7 Now: 703763984 Sent: 703763984 Diff: 0
   ACK: Seq: 129 CH: 255 RTT: 7 VAR: 7 Now: 703762093 Sent: 703762093 Diff: 0
   ACK: Seq: 128 CH: 255 RTT: 7 VAR: 7 Now: 703760031 Sent: 703760031 Diff: 0
   ACK: Seq: 127 CH: 255 RTT: 7 VAR: 7 Now: 703758984 Sent: 703758984 Diff: 0
   ACK: Seq: 126 CH: 255 RTT: 7 VAR: 7 Now: 703757093 Sent: 703757093 Diff: 0
   ACK: Seq: 125 CH: 255 RTT: 7 VAR: 7 Now: 703756062 Sent: 703756062 Diff: 0
   ACK: Seq: 124 CH: 255 RTT: 7 VAR: 7 Now: 703755031 Sent: 703755031 Diff: 0
   ACK: Seq: 123 CH: 255 RTT: 7 VAR: 7 Now: 703753984 Sent: 703753984 Diff: 0
   ACK: Seq: 122 CH: 255 RTT: 7 VAR: 7 Now: 703752468 Sent: 703752468 Diff: 0
   ACK: Seq: 121 CH: 255 RTT: 7 VAR: 7 Now: 703751437 Sent: 703751437 Diff: 0
   ACK: Seq: 120 CH: 255 RTT: 7 VAR: 7 Now: 703750406 Sent: 703750406 Diff: 0
   ACK: Seq: 119 CH: 255 RTT: 7 VAR: 7 Now: 703748984 Sent: 703748984 Diff: 0
   ACK: Seq: 118 CH: 255 RTT: 7 VAR: 7 Now: 703747093 Sent: 703747093 Diff: 0
   ACK: Seq: 117 CH: 255 RTT: 7 VAR: 7 Now: 703746062 Sent: 703746062 Diff: 0
   ACK: Seq: 116 CH: 255 RTT: 7 VAR: 7 Now: 703745031 Sent: 703745031 Diff: 0
   ACK: Seq: 115 CH: 255 RTT: 7 VAR: 7 Now: 703744000 Sent: 703744000 Diff: 0
   ACK: Seq: 114 CH: 255 RTT: 7 VAR: 7 Now: 703742093 Sent: 703742093 Diff: 0
   ACK: Seq: 113 CH: 255 RTT: 7 VAR: 7 Now: 703741062 Sent: 703741062 Diff: 0
   ACK: Seq: 112 CH: 255 RTT: 7 VAR: 7 Now: 703740031 Sent: 703740031 Diff: 0
   ACK: Seq: 111 CH: 255 RTT: 7 VAR: 7 Now: 703738984 Sent: 703738984 Diff: 0
   ACK: Seq: 110 CH: 255 RTT: 7 VAR: 7 Now: 703737093 Sent: 703737093 Diff: 0
   ACK: Seq: 109 CH: 255 RTT: 7 VAR: 7 Now: 703736062 Sent: 703736062 Diff: 0
   ACK: Seq: 108 CH: 255 RTT: 7 VAR: 7 Now: 703735031 Sent: 703735031 Diff: 0
   ACK: Seq: 107 CH: 255 RTT: 7 VAR: 7 Now: 703733984 Sent: 703733984 Diff: 0
   ACK: Seq: 106 CH: 255 RTT: 7 VAR: 7 Now: 703732093 Sent: 703732093 Diff: 0
   ACK: Seq: 105 CH: 255 RTT: 7 VAR: 7 Now: 703731062 Sent: 703731062 Diff: 0
   ACK: Seq: 104 CH: 255 RTT: 7 VAR: 7 Now: 703730031 Sent: 703730031 Diff: 0
   ACK: Seq: 103 CH: 255 RTT: 7 VAR: 7 Now: 703728984 Sent: 703728984 Diff: 0
   ACK: Seq: 102 CH: 255 RTT: 7 VAR: 7 Now: 703727093 Sent: 703727093 Diff: 0
   ACK: Seq: 101 CH: 255 RTT: 7 VAR: 7 Now: 703726062 Sent: 703726062 Diff: 0
   ACK: Seq: 100 CH: 255 RTT: 7 VAR: 7 Now: 703725031 Sent: 703725031 Diff: 0
   ACK: Seq: 99 CH: 255 RTT: 7 VAR: 7 Now: 703723984 Sent: 703723984 Diff: 0
   ACK: Seq: 98 CH: 255 RTT: 7 VAR: 7 Now: 703722468 Sent: 703722468 Diff: 0
   ACK: Seq: 97 CH: 255 RTT: 7 VAR: 7 Now: 703721437 Sent: 703721437 Diff: 0
[DEBUG] 11:08:33 LobbyRoom - CommPeer left the room 39
[INFO] 11:09:31 CommApplication - Accepted new connection at 127.0.0.1:60822.
[INFO] 11:09:31 CommPeer - Authenticating AAAAJwAAAABl2Ac+:7c1e63debc8be0c0f34c81b3088ef42a2126a4d2d16e66eec4527e3832e842d3 at 127.0.0.1:60822
[DEBUG] 11:09:31 CommPeer - Retrieving User from http://127.0.0.1:5000/2.0/
[DEBUG] 11:09:31 LobbyRoom - CommPeer joined the room 39
[DEBUG] 11:09:46 LobbyRoom - Command executed by User Justice Scimitar:?unban
[INFO] 11:10:23 LobbyRoom - 39 Disconnected TimeoutDisconnect -> 
000000000D36FC90 Sent: 703881875 now: 703910078 (diff: 28203 >= max: 30000) new rtt timeout: 3200 since last touch:29219
Disc: Seq: 16 CH: 255 RTT: 34 VAR: 54 Now: 703910078 Sent: 703881875 Diff: 28203 Resends: 9
Resend: Seq: 16 CH: 255 RTT: 34 VAR: 54 Now: 703906015 Timeout: 3200 Resend: 9
Resend: Seq: 16 CH: 255 RTT: 34 VAR: 54 Now: 703901953 Timeout: 3200 Resend: 8
Resend: Seq: 16 CH: 255 RTT: 34 VAR: 54 Now: 703897890 Timeout: 3200 Resend: 7
Resend: Seq: 16 CH: 255 RTT: 34 VAR: 54 Now: 703893812 Timeout: 3200 Resend: 6
Resend: Seq: 16 CH: 255 RTT: 34 VAR: 54 Now: 703889750 Timeout: 3200 Resend: 5
Resend: Seq: 16 CH: 255 RTT: 34 VAR: 54 Now: 703885687 Timeout: 3200 Resend: 4
Resend: Seq: 16 CH: 255 RTT: 34 VAR: 54 Now: 703883671 Timeout: 2000 Resend: 3
Resend: Seq: 16 CH: 255 RTT: 34 VAR: 54 Now: 703882656 Timeout: 1000 Resend: 2
Resend: Seq: 16 CH: 255 RTT: 34 VAR: 54 Now: 703882140 Timeout: 500 Resend: 1
   ACK: Seq: 15 CH: 255 RTT: 34 VAR: 54 Now: 703880859 Sent: 703880859 Diff: 0
   ACK: Seq: 14 CH: 255 RTT: 38 VAR: 61 Now: 703879828 Sent: 703879828 Diff: 0
   ACK: Seq: 13 CH: 255 RTT: 43 VAR: 69 Now: 703878796 Sent: 703878796 Diff: 0
   ACK: Seq: 12 CH: 255 RTT: 49 VAR: 78 Now: 703877765 Sent: 703877765 Diff: 0
   ACK: Seq: 11 CH: 255 RTT: 56 VAR: 88 Now: 703876234 Sent: 703876234 Diff: 0
   ACK: Seq: 10 CH: 255 RTT: 63 VAR: 98 Now: 703875187 Sent: 703875187 Diff: 0
   ACK: Seq: 5 CH: 0 RTT: 71 VAR: 110 Now: 703873156 Sent: 703873156 Diff: 0
   ACK: Seq: 9 CH: 255 RTT: 81 VAR: 123 Now: 703870875 Sent: 703870875 Diff: 0
   ACK: Seq: 8 CH: 255 RTT: 92 VAR: 137 Now: 703869843 Sent: 703869843 Diff: 0
   ACK: Seq: 7 CH: 255 RTT: 105 VAR: 152 Now: 703867781 Sent: 703867781 Diff: 0
   ACK: Seq: 6 CH: 255 RTT: 119 VAR: 167 Now: 703866375 Sent: 703866375 Diff: 0
   ACK: Seq: 5 CH: 255 RTT: 135 VAR: 183 Now: 703865343 Sent: 703865343 Diff: 0
   ACK: Seq: 4 CH: 255 RTT: 154 VAR: 199 Now: 703864312 Sent: 703864312 Diff: 0
   ACK: Seq: 3 CH: 255 RTT: 175 VAR: 214 Now: 703863281 Sent: 703863281 Diff: 0
   ACK: Seq: 4 CH: 0 RTT: 199 VAR: 227 Now: 703861250 Sent: 703861250 Diff: 0
   ACK: Seq: 2 CH: 255 RTT: 227 VAR: 237 Now: 703860328 Sent: 703860328 Diff: 0
   ACK: Seq: 1 CH: 255 RTT: 259 VAR: 241 Now: 703859296 Sent: 703859296 Diff: 0
   ACK: Seq: 3 CH: 0 RTT: 296 VAR: 236 Now: 703858265 Sent: 703858265 Diff: 0
   ACK: Seq: 2 CH: 0 RTT: 338 VAR: 215 Now: 703858265 Sent: 703858265 Diff: 0
   ACK: Seq: 1 CH: 0 RTT: 386 VAR: 174 Now: 703858250 Sent: 703858234 Diff: 16
   ACK: Seq: 0 CH: 255 RTT: 438 VAR: 109 Now: 703858218 Sent: 703858218 Diff: 0
  Init: RTT: 500
[DEBUG] 11:10:23 LobbyRoom - CommPeer left the room 39
[INFO] 11:10:55 CommApplication - Accepted new connection at 127.0.0.1:53966.
[INFO] 11:10:55 CommPeer - Authenticating AAAAJwAAAABl2Ac/:270ab187b0d4bbe8cd329e2751e6e7d2833cbe8d9fbf8a6595804327b6992014 at 127.0.0.1:53966
[DEBUG] 11:10:55 CommPeer - Retrieving User from http://127.0.0.1:5000/2.0/
[DEBUG] 11:10:55 LobbyRoom - CommPeer joined the room 39
[DEBUG] 11:11:07 LobbyRoom - Command executed by User Justice Scimitar:?unban 1
[DEBUG] 11:11:22 LobbyRoom - Command executed by User Justice Scimitar:?unban 0
[ERROR] 11:11:24 CommPeer - Error while handling request on LobbyRoom -> :26
System.NotImplementedException: The method or operation is not implemented.
   at UberStrok.Realtime.Server.Comm.LobbyRoom.OnUpdateContacts(CommPeer peer) in C:\Users\Gerar\Desktop\UberServer-4.8.8\src\UberStrok.Realtime.Server.Comm\LobbyRoom.Handler.cs:line 602
   at UberStrok.Realtime.Server.Comm.BaseLobbyRoomOperationHandler.UpdateContacts(CommPeer peer, MemoryStream bytes) in C:\Users\Gerar\Desktop\UberServer-4.8.8\src\UberStrok.Realtime.Server.Comm\Core\BaseLobbyRoomOperationHandler.cs:line 342
   at UberStrok.Realtime.Server.Comm.BaseLobbyRoomOperationHandler.OnOperationRequest(CommPeer peer, Byte opCode, MemoryStream bytes) in C:\Users\Gerar\Desktop\UberServer-4.8.8\src\UberStrok.Realtime.Server.Comm\Core\BaseLobbyRoomOperationHandler.cs:line 152
   at OperationHandler`1.OnOperationRequest(Peer peer, Byte opCode, MemoryStream bytes) in C:\Users\Gerar\Desktop\UberServer-4.8.8\src\UberStrok.Realtime.Server\OperationHandler.cs:line 44
   at Peer.OnOperationRequest(OperationRequest operationRequest, SendParameters sendParameters) in C:\Users\Gerar\Desktop\UberServer-4.8.8\src\UberStrok.Realtime.Server\Peer.cs:line 233
[ERROR] 11:11:54 CommPeer - Error while handling request on LobbyRoom -> :26
System.NotImplementedException: The method or operation is not implemented.
   at UberStrok.Realtime.Server.Comm.LobbyRoom.OnUpdateContacts(CommPeer peer) in C:\Users\Gerar\Desktop\UberServer-4.8.8\src\UberStrok.Realtime.Server.Comm\LobbyRoom.Handler.cs:line 602
   at UberStrok.Realtime.Server.Comm.BaseLobbyRoomOperationHandler.UpdateContacts(CommPeer peer, MemoryStream bytes) in C:\Users\Gerar\Desktop\UberServer-4.8.8\src\UberStrok.Realtime.Server.Comm\Core\BaseLobbyRoomOperationHandler.cs:line 342
   at UberStrok.Realtime.Server.Comm.BaseLobbyRoomOperationHandler.OnOperationRequest(CommPeer peer, Byte opCode, MemoryStream bytes) in C:\Users\Gerar\Desktop\UberServer-4.8.8\src\UberStrok.Realtime.Server.Comm\Core\BaseLobbyRoomOperationHandler.cs:line 152
   at OperationHandler`1.OnOperationRequest(Peer peer, Byte opCode, MemoryStream bytes) in C:\Users\Gerar\Desktop\UberServer-4.8.8\src\UberStrok.Realtime.Server\OperationHandler.cs:line 44
   at Peer.OnOperationRequest(OperationRequest operationRequest, SendParameters sendParameters) in C:\Users\Gerar\Desktop\UberServer-4.8.8\src\UberStrok.Realtime.Server\Peer.cs:line 233
[INFO] 11:12:55 LobbyRoom - 39 Disconnected TimeoutDisconnect -> 
000000000D3E85B0 Sent: 704034718 now: 704062171 (diff: 27453 >= max: 30000) new rtt timeout: 3200 since last touch:28468
Disc: Seq: 74 CH: 255 RTT: 7 VAR: 7 Now: 704062171 Sent: 704034718 Diff: 27453 Resends: 9
Resend: Seq: 74 CH: 255 RTT: 7 VAR: 7 Now: 704058109 Timeout: 3200 Resend: 9
Resend: Seq: 74 CH: 255 RTT: 7 VAR: 7 Now: 704054046 Timeout: 3200 Resend: 8
Resend: Seq: 74 CH: 255 RTT: 7 VAR: 7 Now: 704049984 Timeout: 3200 Resend: 7
Resend: Seq: 74 CH: 255 RTT: 7 VAR: 7 Now: 704045921 Timeout: 3200 Resend: 6
Resend: Seq: 74 CH: 255 RTT: 7 VAR: 7 Now: 704041859 Timeout: 3200 Resend: 5
Resend: Seq: 74 CH: 255 RTT: 7 VAR: 7 Now: 704037796 Timeout: 3200 Resend: 4
Resend: Seq: 74 CH: 255 RTT: 7 VAR: 7 Now: 704036187 Timeout: 1600 Resend: 3
Resend: Seq: 74 CH: 255 RTT: 7 VAR: 7 Now: 704035359 Timeout: 800 Resend: 2
Resend: Seq: 74 CH: 255 RTT: 7 VAR: 7 Now: 704034937 Timeout: 400 Resend: 1
   ACK: Seq: 73 CH: 255 RTT: 7 VAR: 7 Now: 704033687 Sent: 704033687 Diff: 0
   ACK: Seq: 72 CH: 255 RTT: 7 VAR: 7 Now: 704032656 Sent: 704032656 Diff: 0
   ACK: Seq: 71 CH: 255 RTT: 7 VAR: 7 Now: 704031609 Sent: 704031609 Diff: 0
   ACK: Seq: 70 CH: 255 RTT: 8 VAR: 8 Now: 704029734 Sent: 704029718 Diff: 16
   ACK: Seq: 69 CH: 255 RTT: 7 VAR: 7 Now: 704028703 Sent: 704028703 Diff: 0
   ACK: Seq: 68 CH: 255 RTT: 7 VAR: 7 Now: 704027656 Sent: 704027656 Diff: 0
   ACK: Seq: 67 CH: 255 RTT: 7 VAR: 7 Now: 704026609 Sent: 704026609 Diff: 0
   ACK: Seq: 66 CH: 255 RTT: 7 VAR: 7 Now: 704024718 Sent: 704024718 Diff: 0
   ACK: Seq: 65 CH: 255 RTT: 7 VAR: 7 Now: 704023687 Sent: 704023687 Diff: 0
   ACK: Seq: 64 CH: 255 RTT: 7 VAR: 7 Now: 704022656 Sent: 704022656 Diff: 0
   ACK: Seq: 63 CH: 255 RTT: 7 VAR: 7 Now: 704021609 Sent: 704021609 Diff: 0
   ACK: Seq: 62 CH: 255 RTT: 7 VAR: 7 Now: 704019703 Sent: 704019703 Diff: 0
   ACK: Seq: 61 CH: 255 RTT: 7 VAR: 7 Now: 704018671 Sent: 704018671 Diff: 0
   ACK: Seq: 60 CH: 255 RTT: 7 VAR: 7 Now: 704017640 Sent: 704017640 Diff: 0
   ACK: Seq: 59 CH: 255 RTT: 7 VAR: 7 Now: 704016593 Sent: 704016593 Diff: 0
   ACK: Seq: 58 CH: 255 RTT: 7 VAR: 7 Now: 704014718 Sent: 704014718 Diff: 0
   ACK: Seq: 57 CH: 255 RTT: 7 VAR: 7 Now: 704013687 Sent: 704013687 Diff: 0
   ACK: Seq: 56 CH: 255 RTT: 7 VAR: 7 Now: 704012656 Sent: 704012656 Diff: 0
   ACK: Seq: 55 CH: 255 RTT: 7 VAR: 7 Now: 704011609 Sent: 704011609 Diff: 0
   ACK: Seq: 54 CH: 255 RTT: 7 VAR: 7 Now: 704009718 Sent: 704009718 Diff: 0
   ACK: Seq: 53 CH: 255 RTT: 7 VAR: 7 Now: 704008687 Sent: 704008687 Diff: 0
   ACK: Seq: 52 CH: 255 RTT: 7 VAR: 7 Now: 704007656 Sent: 704007656 Diff: 0
   ACK: Seq: 51 CH: 255 RTT: 7 VAR: 7 Now: 704006625 Sent: 704006625 Diff: 0
   ACK: Seq: 50 CH: 255 RTT: 7 VAR: 7 Now: 704005125 Sent: 704005125 Diff: 0
   ACK: Seq: 49 CH: 255 RTT: 7 VAR: 7 Now: 704004093 Sent: 704004093 Diff: 0
   ACK: Seq: 48 CH: 255 RTT: 7 VAR: 7 Now: 704003062 Sent: 704003062 Diff: 0
   ACK: Seq: 47 CH: 255 RTT: 7 VAR: 7 Now: 704001593 Sent: 704001593 Diff: 0
   ACK: Seq: 46 CH: 255 RTT: 7 VAR: 7 Now: 703999703 Sent: 703999703 Diff: 0
   ACK: Seq: 45 CH: 255 RTT: 7 VAR: 7 Now: 703998671 Sent: 703998671 Diff: 0
   ACK: Seq: 44 CH: 255 RTT: 7 VAR: 7 Now: 703997640 Sent: 703997640 Diff: 0
   ACK: Seq: 43 CH: 255 RTT: 7 VAR: 7 Now: 703996593 Sent: 703996593 Diff: 0
   ACK: Seq: 42 CH: 255 RTT: 7 VAR: 7 Now: 703994718 Sent: 703994718 Diff: 0
   ACK: Seq: 41 CH: 255 RTT: 7 VAR: 7 Now: 703993671 Sent: 703993671 Diff: 0
   ACK: Seq: 40 CH: 255 RTT: 7 VAR: 7 Now: 703992640 Sent: 703992640 Diff: 0
   ACK: Seq: 39 CH: 255 RTT: 7 VAR: 7 Now: 703991593 Sent: 703991593 Diff: 0
   ACK: Seq: 38 CH: 255 RTT: 7 VAR: 7 Now: 703989718 Sent: 703989718 Diff: 0
   ACK: Seq: 37 CH: 255 RTT: 7 VAR: 7 Now: 703988687 Sent: 703988687 Diff: 0
   ACK: Seq: 36 CH: 255 RTT: 7 VAR: 7 Now: 703987656 Sent: 703987656 Diff: 0
   ACK: Seq: 35 CH: 255 RTT: 7 VAR: 7 Now: 703986609 Sent: 703986609 Diff: 0
   ACK: Seq: 34 CH: 255 RTT: 7 VAR: 7 Now: 703984703 Sent: 703984703 Diff: 0
[DEBUG] 11:12:55 LobbyRoom - CommPeer left the room 39
[INFO] 11:12:56 CommApplication - TearDown CommApplication... Complete
