[INFO] 07:07:03 UberStrok.WebServices.AspNetCore.Core.Discord.UDPListener - Detected own IP as 67.238.174.183
[INFO] 07:07:03 UberStrok.WebServices.AspNetCore.Core.Discord.UDPListener - UDP Listener Started.
[INFO] 07:07:04 Microsoft.Hosting.Lifetime - Now listening on: http://0.0.0.0:5000
[INFO] 07:07:04 Microsoft.Hosting.Lifetime - Application started. Press Ctrl+C to shut down.
[INFO] 07:07:04 Microsoft.Hosting.Lifetime - Hosting environment: Production
[INFO] 07:07:04 Microsoft.Hosting.Lifetime - Content root path: C:\Users\Gerar\Desktop\ServerSetup\Webservices
[INFO] 07:07:33 SoapCore.SoapEndpointMiddleware - Request for operation IApplicationAsyncWebServiceContract.AuthenticateApplication received
[INFO] 07:07:33 UberStrok.WebServices.AspNetCore.WebService.ApplicationWebService - Authenticating client v4.8.6 -> Steam.
[INFO] 07:07:35 SoapCore.SoapEndpointMiddleware - Request for operation IAuthenticationAsyncWebServiceContract.LoginSteam received
[INFO] 07:07:35 SoapCore.SoapEndpointMiddleware - Request for operation IRelationshipAsyncWebServiceContract.GetContactsByGroups received
[INFO] 07:07:35 SoapCore.SoapEndpointMiddleware - Request for operation IApplicationAsyncWebServiceContract.GetConfigurationData received
[INFO] 07:07:35 SoapCore.SoapEndpointMiddleware - Request for operation IApplicationAsyncWebServiceContract.GetMaps received
[INFO] 07:07:35 SoapCore.SoapEndpointMiddleware - Request for operation IShopAsyncWebServiceContract.GetShop received
[INFO] 07:07:35 UberStrok.WebServices.AspNetCore.Core.Discord.CoreDiscord - UberStrike TestBot:User with CMID 39, Name: Viz, SteamID 76561198202225702 and HWID:
MAC:9C:6B:00:12:F9:4E
HDD:00000000000000000026B77852972015.
BIOS:1438442-93
MOTHERBOARD:M80-G2024202169
UNITY:99a17bc5c681b4c2d7c7431156113191bb1459a4has logged in.
[INFO] 07:07:35 SoapCore.SoapEndpointMiddleware - Request for operation IUserAsyncWebServiceContract.GetInventory received
[INFO] 07:07:35 SoapCore.SoapEndpointMiddleware - Request for operation IUserAsyncWebServiceContract.GetLoadout received
[INFO] 07:07:35 SoapCore.SoapEndpointMiddleware - Request for operation IUserAsyncWebServiceContract.GetMember received
[INFO] 07:07:35 SoapCore.SoapEndpointMiddleware - Request for operation IClanAsyncWebServiceContract.GetMyClanId received
[INFO] 07:07:35 SoapCore.SoapEndpointMiddleware - Request for operation IClanAsyncWebServiceContract.GetOwnClan received
[INFO] 07:07:35 SoapCore.SoapEndpointMiddleware - Request for operation IPrivateMessageAsyncWebServiceContract.GetAllMessageThreadsForUser received
[INFO] 07:07:35 SoapCore.SoapEndpointMiddleware - Request for operation IRelationshipAsyncWebServiceContract.GetContactRequests received
[INFO] 07:07:35 SoapCore.SoapEndpointMiddleware - Request for operation IClanAsyncWebServiceContract.GetPendingGroupInvitations received
[INFO] 07:07:35 SoapCore.SoapEndpointMiddleware - Request for operation IClanAsyncWebServiceContract.GetAllGroupInvitations received
[INFO] 07:07:35 SoapCore.SoapEndpointMiddleware - Request for operation IShopAsyncWebServiceContract.GetBundles received
[INFO] 07:07:35 UberStrok.WebServices.AspNetCore.Core.Discord.CoreDiscord - UberStrike TestBot:User with Name: Viz
has logged in.
[INFO] 07:07:36 SoapCore.SoapEndpointMiddleware - Request for operation IUserAsyncWebServiceContract.GetMember received
[INFO] 07:07:48 SoapCore.SoapEndpointMiddleware - Request for operation IUserAsyncWebServiceContract.SetLoadout received
[INFO] 07:07:48 SoapCore.SoapEndpointMiddleware - Request for operation IUserAsyncWebServiceContract.GetMember received
[INFO] 07:07:48 SoapCore.SoapEndpointMiddleware - Request for operation IUserAsyncWebServiceContract.GetLoadoutServer received
[INFO] 07:07:48 UberStrok.WebServices.AspNetCore.Core.Discord.UDPListener - Received trigger from game server
[INFO] 07:07:48 SoapCore.SoapEndpointMiddleware - Request for operation IShopAsyncWebServiceContract.GetShop received
[INFO] 09:55:52 UberStrok.WebServices.AspNetCore.Core.Discord.UDPListener - Detected own IP as 67.238.174.183
[INFO] 09:55:52 UberStrok.WebServices.AspNetCore.Core.Discord.UDPListener - UDP Listener Started.
[INFO] 09:55:52 Microsoft.Hosting.Lifetime - Now listening on: http://0.0.0.0:5000
[INFO] 09:55:52 Microsoft.Hosting.Lifetime - Application started. Press Ctrl+C to shut down.
[INFO] 09:55:52 Microsoft.Hosting.Lifetime - Hosting environment: Production
[INFO] 09:55:52 Microsoft.Hosting.Lifetime - Content root path: C:\Users\Gerar\Desktop\ServerSetup\Webservices
[INFO] 09:56:12 UberStrok.WebServices.AspNetCore.Core.Discord.CoreDiscord - =/>:anyone play?...
[INFO] 09:56:16 UberStrok.WebServices.AspNetCore.Core.Discord.CoreDiscord - UberStrike Bot:User with CMID 2560, Name: dRAGONkILLER4590, SteamID 76561198284527629 and HWID:
MAC:D8:5E:D3:66:55:94
HDD:            Z4Y4EKJP
HDD:BC640797135300350405
BIOS:Default string
MOTHERBOARD:Default string
UNITY:8eb1c597a58c51029cbc235231dfea7ce25759fdhas logged in.
[INFO] 09:56:16 UberStrok.WebServices.AspNetCore.Core.Discord.CoreDiscord - UberStrike Bot:User with Name: dRAGONkILLER4590
has logged in.
[INFO] 09:56:28 SoapCore.SoapEndpointMiddleware - Request for operation IApplicationAsyncWebServiceContract.AuthenticateApplication received
[INFO] 09:56:28 UberStrok.WebServices.AspNetCore.WebService.ApplicationWebService - Authenticating client v4.8.6 -> Steam.
[INFO] 09:56:30 SoapCore.SoapEndpointMiddleware - Request for operation IAuthenticationAsyncWebServiceContract.LoginSteam received
[INFO] 09:56:30 SoapCore.SoapEndpointMiddleware - Request for operation IRelationshipAsyncWebServiceContract.GetContactsByGroups received
[INFO] 09:56:30 UberStrok.WebServices.AspNetCore.Core.Discord.CoreDiscord - UberStrike TestBot:User with CMID 39, Name: Viz, SteamID 76561198202225702 and HWID:
MAC:9C:6B:00:12:F9:4E
HDD:00000000000000000026B77852972015.
BIOS:1438442-93
MOTHERBOARD:M80-G2024202169
UNITY:99a17bc5c681b4c2d7c7431156113191bb1459a4has logged in.
[INFO] 09:56:30 SoapCore.SoapEndpointMiddleware - Request for operation IApplicationAsyncWebServiceContract.GetConfigurationData received
[INFO] 09:56:30 SoapCore.SoapEndpointMiddleware - Request for operation IApplicationAsyncWebServiceContract.GetMaps received
[INFO] 09:56:30 SoapCore.SoapEndpointMiddleware - Request for operation IShopAsyncWebServiceContract.GetShop received
[INFO] 09:56:30 SoapCore.SoapEndpointMiddleware - Request for operation IUserAsyncWebServiceContract.GetInventory received
[INFO] 09:56:30 SoapCore.SoapEndpointMiddleware - Request for operation IUserAsyncWebServiceContract.GetLoadout received
[INFO] 09:56:30 SoapCore.SoapEndpointMiddleware - Request for operation IUserAsyncWebServiceContract.GetMember received
[INFO] 09:56:30 SoapCore.SoapEndpointMiddleware - Request for operation IClanAsyncWebServiceContract.GetMyClanId received
[INFO] 09:56:30 SoapCore.SoapEndpointMiddleware - Request for operation IClanAsyncWebServiceContract.GetOwnClan received
[INFO] 09:56:30 SoapCore.SoapEndpointMiddleware - Request for operation IClanAsyncWebServiceContract.GetAllGroupInvitations received
[INFO] 09:56:30 SoapCore.SoapEndpointMiddleware - Request for operation IClanAsyncWebServiceContract.GetPendingGroupInvitations received
[INFO] 09:56:30 SoapCore.SoapEndpointMiddleware - Request for operation IRelationshipAsyncWebServiceContract.GetContactRequests received
[INFO] 09:56:30 SoapCore.SoapEndpointMiddleware - Request for operation IPrivateMessageAsyncWebServiceContract.GetAllMessageThreadsForUser received
[INFO] 09:56:30 SoapCore.SoapEndpointMiddleware - Request for operation IShopAsyncWebServiceContract.GetBundles received
[INFO] 09:56:30 UberStrok.WebServices.AspNetCore.Core.Discord.CoreDiscord - UberStrike TestBot:User with Name: Viz
has logged in.
[INFO] 09:56:31 SoapCore.SoapEndpointMiddleware - Request for operation IUserAsyncWebServiceContract.GetMember received
[INFO] 09:56:38 SoapCore.SoapEndpointMiddleware - Request for operation IUserAsyncWebServiceContract.SetLoadout received
[INFO] 09:56:38 SoapCore.SoapEndpointMiddleware - Request for operation IUserAsyncWebServiceContract.GetMember received
[INFO] 09:56:38 SoapCore.SoapEndpointMiddleware - Request for operation IUserAsyncWebServiceContract.GetLoadoutServer received
[INFO] 09:56:38 UberStrok.WebServices.AspNetCore.Core.Discord.UDPListener - Received trigger from game server
[INFO] 09:56:38 SoapCore.SoapEndpointMiddleware - Request for operation IShopAsyncWebServiceContract.GetShop received
