[INFO] 09:39:34 UberStrok.WebServices.AspNetCore.Core.Discord.UDPListener - Detected own IP as 67.238.174.183
[INFO] 09:39:34 UberStrok.WebServices.AspNetCore.Core.Discord.UDPListener - UDP Listener Started.
[INFO] 09:39:35 Microsoft.Hosting.Lifetime - Now listening on: http://0.0.0.0:5000
[INFO] 09:39:35 Microsoft.Hosting.Lifetime - Application started. Press Ctrl+C to shut down.
[INFO] 09:39:35 Microsoft.Hosting.Lifetime - Hosting environment: Production
[INFO] 09:39:35 Microsoft.Hosting.Lifetime - Content root path: C:\Users\Gerar\Desktop\ServerSetup\Webservices
[INFO] 09:42:41 SoapCore.SoapEndpointMiddleware - Request for operation IApplicationAsyncWebServiceContract.AuthenticateApplication received
[INFO] 09:42:41 UberStrok.WebServices.AspNetCore.WebService.ApplicationWebService - Authenticating client v4.8.6 -> Steam.
[INFO] 09:42:42 SoapCore.SoapEndpointMiddleware - Request for operation IAuthenticationAsyncWebServiceContract.LoginSteam received
[INFO] 09:42:42 SoapCore.SoapEndpointMiddleware - Request for operation IRelationshipAsyncWebServiceContract.GetContactsByGroups received
[INFO] 09:42:42 SoapCore.SoapEndpointMiddleware - Request for operation IApplicationAsyncWebServiceContract.GetConfigurationData received
[INFO] 09:42:42 SoapCore.SoapEndpointMiddleware - Request for operation IApplicationAsyncWebServiceContract.GetMaps received
[INFO] 09:42:43 SoapCore.SoapEndpointMiddleware - Request for operation IShopAsyncWebServiceContract.GetShop received
[INFO] 09:42:43 SoapCore.SoapEndpointMiddleware - Request for operation IUserAsyncWebServiceContract.GetInventory received
[INFO] 09:42:43 UberStrok.WebServices.AspNetCore.Core.Discord.CoreDiscord - UberStrike TestBot:User with CMID 39, Name: $ Taplioware $, SteamID 76561198202225702 and HWID:
MAC:9C:6B:00:12:F9:4E
HDD:00000000000000000026B77852972015.
BIOS:1438442-93
MOTHERBOARD:M80-G2024202169
UNITY:99a17bc5c681b4c2d7c7431156113191bb1459a4has logged in.
[INFO] 09:42:43 SoapCore.SoapEndpointMiddleware - Request for operation IUserAsyncWebServiceContract.GetLoadout received
[INFO] 09:42:43 SoapCore.SoapEndpointMiddleware - Request for operation IUserAsyncWebServiceContract.GetMember received
[INFO] 09:42:43 SoapCore.SoapEndpointMiddleware - Request for operation IClanAsyncWebServiceContract.GetMyClanId received
[INFO] 09:42:43 SoapCore.SoapEndpointMiddleware - Request for operation IClanAsyncWebServiceContract.GetOwnClan received
[INFO] 09:42:43 SoapCore.SoapEndpointMiddleware - Request for operation IRelationshipAsyncWebServiceContract.GetContactRequests received
[INFO] 09:42:43 SoapCore.SoapEndpointMiddleware - Request for operation IPrivateMessageAsyncWebServiceContract.GetAllMessageThreadsForUser received
[INFO] 09:42:43 SoapCore.SoapEndpointMiddleware - Request for operation IClanAsyncWebServiceContract.GetPendingGroupInvitations received
[INFO] 09:42:43 SoapCore.SoapEndpointMiddleware - Request for operation IClanAsyncWebServiceContract.GetAllGroupInvitations received
[INFO] 09:42:43 SoapCore.SoapEndpointMiddleware - Request for operation IShopAsyncWebServiceContract.GetBundles received
[INFO] 09:42:43 UberStrok.WebServices.AspNetCore.Core.Discord.CoreDiscord - UberStrike TestBot:User with Name: $ Taplioware $
has logged in.
[INFO] 09:42:44 SoapCore.SoapEndpointMiddleware - Request for operation IUserAsyncWebServiceContract.GetMember received
[INFO] 09:43:05 SoapCore.SoapEndpointMiddleware - Request for operation IUserAsyncWebServiceContract.SetLoadout received
[INFO] 09:43:05 SoapCore.SoapEndpointMiddleware - Request for operation IUserAsyncWebServiceContract.GetMember received
[INFO] 09:43:05 SoapCore.SoapEndpointMiddleware - Request for operation IUserAsyncWebServiceContract.GetLoadoutServer received
[INFO] 09:43:05 UberStrok.WebServices.AspNetCore.Core.Discord.UDPListener - Received trigger from game server
[INFO] 09:43:05 SoapCore.SoapEndpointMiddleware - Request for operation IShopAsyncWebServiceContract.GetShop received
[INFO] 09:50:08 UberStrok.WebServices.AspNetCore.Core.Discord.CoreDiscord - UberStrike Bot:User with CMID 422, Name: TCM, SteamID 76561199160838303 and HWID:
MAC:48:E0:78:F4:A9:C1
HDD:E8238FA6BF530001001B444A48E52A83.
BIOS:System Serial Number
MOTHERBOARD:230419035700291
UNITY:536216592cfbbcfc408b41c14d36c18eefbff21chas logged in.
[INFO] 09:50:09 UberStrok.WebServices.AspNetCore.Core.Discord.CoreDiscord - UberStrike Bot:User with Name: TCM
has logged in.
[INFO] 09:54:02 SoapCore.SoapEndpointMiddleware - Request for operation IApplicationAsyncWebServiceContract.AuthenticateApplication received
[INFO] 09:54:02 UberStrok.WebServices.AspNetCore.WebService.ApplicationWebService - Authenticating client v4.8.6 -> Steam.
[INFO] 09:54:03 SoapCore.SoapEndpointMiddleware - Request for operation IAuthenticationAsyncWebServiceContract.LoginSteam received
[INFO] 09:54:03 UberStrok.WebServices.AspNetCore.Core.Manager.GameSessionManager - Kicking player with CMID 39 cause of new login.
[INFO] 09:54:03 SoapCore.SoapEndpointMiddleware - Request for operation IRelationshipAsyncWebServiceContract.GetContactsByGroups received
[INFO] 09:54:03 SoapCore.SoapEndpointMiddleware - Request for operation IApplicationAsyncWebServiceContract.GetConfigurationData received
[INFO] 09:54:03 SoapCore.SoapEndpointMiddleware - Request for operation IApplicationAsyncWebServiceContract.GetMaps received
[INFO] 09:54:03 SoapCore.SoapEndpointMiddleware - Request for operation IShopAsyncWebServiceContract.GetShop received
[INFO] 09:54:03 SoapCore.SoapEndpointMiddleware - Request for operation IUserAsyncWebServiceContract.GetInventory received
[INFO] 09:54:03 SoapCore.SoapEndpointMiddleware - Request for operation IUserAsyncWebServiceContract.GetLoadout received
[INFO] 09:54:03 SoapCore.SoapEndpointMiddleware - Request for operation IUserAsyncWebServiceContract.GetMember received
[INFO] 09:54:04 SoapCore.SoapEndpointMiddleware - Request for operation IClanAsyncWebServiceContract.GetMyClanId received
[INFO] 09:54:04 SoapCore.SoapEndpointMiddleware - Request for operation IClanAsyncWebServiceContract.GetOwnClan received
[INFO] 09:54:04 UberStrok.WebServices.AspNetCore.Core.Discord.CoreDiscord - UberStrike TestBot:User with CMID 39, Name: $ Taplioware $, SteamID 76561198202225702 and HWID:
MAC:9C:6B:00:12:F9:4E
HDD:00000000000000000026B77852972015.
BIOS:1438442-93
MOTHERBOARD:M80-G2024202169
UNITY:99a17bc5c681b4c2d7c7431156113191bb1459a4has logged in.
[INFO] 09:54:04 SoapCore.SoapEndpointMiddleware - Request for operation IClanAsyncWebServiceContract.GetAllGroupInvitations received
[INFO] 09:54:04 SoapCore.SoapEndpointMiddleware - Request for operation IPrivateMessageAsyncWebServiceContract.GetAllMessageThreadsForUser received
[INFO] 09:54:04 SoapCore.SoapEndpointMiddleware - Request for operation IClanAsyncWebServiceContract.GetPendingGroupInvitations received
[INFO] 09:54:04 SoapCore.SoapEndpointMiddleware - Request for operation IRelationshipAsyncWebServiceContract.GetContactRequests received
[INFO] 09:54:04 SoapCore.SoapEndpointMiddleware - Request for operation IShopAsyncWebServiceContract.GetBundles received
[INFO] 09:54:04 UberStrok.WebServices.AspNetCore.Core.Discord.CoreDiscord - UberStrike TestBot:User with Name: $ Taplioware $
has logged in.
[INFO] 09:54:04 SoapCore.SoapEndpointMiddleware - Request for operation IUserAsyncWebServiceContract.GetMember received
[INFO] 09:57:16 SoapCore.SoapEndpointMiddleware - Request for operation IUserAsyncWebServiceContract.SetLoadout received
[INFO] 09:57:16 SoapCore.SoapEndpointMiddleware - Request for operation IUserAsyncWebServiceContract.GetMember received
[INFO] 09:57:16 SoapCore.SoapEndpointMiddleware - Request for operation IUserAsyncWebServiceContract.GetLoadoutServer received
[INFO] 09:57:16 SoapCore.SoapEndpointMiddleware - Request for operation IShopAsyncWebServiceContract.GetShop received
[INFO] 09:57:16 UberStrok.WebServices.AspNetCore.Core.Discord.UDPListener - Received trigger from game server
