[INFO] 07:41:22 UberStrok.WebServices.AspNetCore.Core.Discord.UDPListener - Detected own IP as 67.238.141.240
[INFO] 07:41:22 UberStrok.WebServices.AspNetCore.Core.Discord.UDPListener - UDP Listener Started.
[INFO] 07:41:22 Microsoft.Hosting.Lifetime - Now listening on: http://0.0.0.0:5000
[INFO] 07:41:22 Microsoft.Hosting.Lifetime - Application started. Press Ctrl+C to shut down.
[INFO] 07:41:22 Microsoft.Hosting.Lifetime - Hosting environment: Production
[INFO] 07:41:22 Microsoft.Hosting.Lifetime - Content root path: C:\Users\Gerar\Desktop\ServerSetup - Copy\Webservices
[INFO] 07:41:43 UberStrok.WebServices.AspNetCore.Core.Discord.CoreDiscord - sammyy7:é o que se quer
[INFO] 07:42:03 SoapCore.SoapEndpointMiddleware - Request for operation IApplicationAsyncWebServiceContract.AuthenticateApplication received
[INFO] 07:42:04 UberStrok.WebServices.AspNetCore.WebService.ApplicationWebService - Authenticating client v4.8.6 -> Steam.
[INFO] 07:42:05 SoapCore.SoapEndpointMiddleware - Request for operation IAuthenticationAsyncWebServiceContract.LoginSteam received
[INFO] 07:42:05 SoapCore.SoapEndpointMiddleware - Request for operation IRelationshipAsyncWebServiceContract.GetContactsByGroups received
[INFO] 07:42:05 SoapCore.SoapEndpointMiddleware - Request for operation IApplicationAsyncWebServiceContract.GetConfigurationData received
[INFO] 07:42:05 SoapCore.SoapEndpointMiddleware - Request for operation IApplicationAsyncWebServiceContract.GetMaps received
[INFO] 07:42:05 SoapCore.SoapEndpointMiddleware - Request for operation IShopAsyncWebServiceContract.GetShop received
[INFO] 07:42:05 UberStrok.WebServices.AspNetCore.Core.Discord.CoreDiscord - UberStrike TestBot:User with CMID 2207, Name: Dorki1g, SteamID 76561199567382497 and HWID:
MAC:9C:6B:00:12:F9:4E
HDD:00000000000000000026B77852972015.
BIOS:1438442-93
MOTHERBOARD:M80-G2024202169
UNITY:99a17bc5c681b4c2d7c7431156113191bb1459a4has logged in.
[INFO] 07:42:05 SoapCore.SoapEndpointMiddleware - Request for operation IUserAsyncWebServiceContract.GetInventory received
[INFO] 07:42:05 SoapCore.SoapEndpointMiddleware - Request for operation IUserAsyncWebServiceContract.GetLoadout received
[INFO] 07:42:05 SoapCore.SoapEndpointMiddleware - Request for operation IUserAsyncWebServiceContract.GetMember received
[INFO] 07:42:05 SoapCore.SoapEndpointMiddleware - Request for operation IClanAsyncWebServiceContract.GetMyClanId received
[INFO] 07:42:05 SoapCore.SoapEndpointMiddleware - Request for operation IClanAsyncWebServiceContract.GetOwnClan received
[INFO] 07:42:05 SoapCore.SoapEndpointMiddleware - Request for operation IClanAsyncWebServiceContract.GetAllGroupInvitations received
[INFO] 07:42:05 SoapCore.SoapEndpointMiddleware - Request for operation IPrivateMessageAsyncWebServiceContract.GetAllMessageThreadsForUser received
[INFO] 07:42:05 SoapCore.SoapEndpointMiddleware - Request for operation IClanAsyncWebServiceContract.GetPendingGroupInvitations received
[INFO] 07:42:05 SoapCore.SoapEndpointMiddleware - Request for operation IRelationshipAsyncWebServiceContract.GetContactRequests received
[INFO] 07:42:05 SoapCore.SoapEndpointMiddleware - Request for operation IShopAsyncWebServiceContract.GetBundles received
[INFO] 07:42:05 UberStrok.WebServices.AspNetCore.Core.Discord.CoreDiscord - UberStrike TestBot:User with Name: Dorki1g
has logged in.
[INFO] 07:42:07 SoapCore.SoapEndpointMiddleware - Request for operation IUserAsyncWebServiceContract.GetMember received
[INFO] 07:53:41 SoapCore.SoapEndpointMiddleware - Request for operation IApplicationAsyncWebServiceContract.AuthenticateApplication received
[INFO] 07:53:41 UberStrok.WebServices.AspNetCore.WebService.ApplicationWebService - Authenticating client v4.8.6 -> Steam.
[INFO] 07:53:43 SoapCore.SoapEndpointMiddleware - Request for operation IAuthenticationAsyncWebServiceContract.LoginSteam received
[INFO] 07:53:43 UberStrok.WebServices.AspNetCore.Core.Manager.GameSessionManager - Kicking player with CMID 2207 cause of new login.
[INFO] 07:53:43 SoapCore.SoapEndpointMiddleware - Request for operation IRelationshipAsyncWebServiceContract.GetContactsByGroups received
[INFO] 07:53:43 SoapCore.SoapEndpointMiddleware - Request for operation IApplicationAsyncWebServiceContract.GetConfigurationData received
[INFO] 07:53:43 SoapCore.SoapEndpointMiddleware - Request for operation IApplicationAsyncWebServiceContract.GetMaps received
[INFO] 07:53:43 SoapCore.SoapEndpointMiddleware - Request for operation IShopAsyncWebServiceContract.GetShop received
[INFO] 07:53:43 SoapCore.SoapEndpointMiddleware - Request for operation IUserAsyncWebServiceContract.GetInventory received
[INFO] 07:53:43 UberStrok.WebServices.AspNetCore.Core.Discord.CoreDiscord - UberStrike TestBot:User with CMID 2207, Name: Dorki1g, SteamID 76561199567382497 and HWID:
MAC:9C:6B:00:12:F9:4E
HDD:00000000000000000026B77852972015.
BIOS:1438442-93
MOTHERBOARD:M80-G2024202169
UNITY:99a17bc5c681b4c2d7c7431156113191bb1459a4has logged in.
[INFO] 07:53:43 SoapCore.SoapEndpointMiddleware - Request for operation IUserAsyncWebServiceContract.GetLoadout received
[INFO] 07:53:43 SoapCore.SoapEndpointMiddleware - Request for operation IUserAsyncWebServiceContract.GetMember received
[INFO] 07:53:43 SoapCore.SoapEndpointMiddleware - Request for operation IClanAsyncWebServiceContract.GetMyClanId received
[INFO] 07:53:43 SoapCore.SoapEndpointMiddleware - Request for operation IClanAsyncWebServiceContract.GetOwnClan received
[INFO] 07:53:43 SoapCore.SoapEndpointMiddleware - Request for operation IPrivateMessageAsyncWebServiceContract.GetAllMessageThreadsForUser received
[INFO] 07:53:43 SoapCore.SoapEndpointMiddleware - Request for operation IClanAsyncWebServiceContract.GetPendingGroupInvitations received
[INFO] 07:53:43 SoapCore.SoapEndpointMiddleware - Request for operation IRelationshipAsyncWebServiceContract.GetContactRequests received
[INFO] 07:53:43 SoapCore.SoapEndpointMiddleware - Request for operation IClanAsyncWebServiceContract.GetAllGroupInvitations received
[INFO] 07:53:43 SoapCore.SoapEndpointMiddleware - Request for operation IShopAsyncWebServiceContract.GetBundles received
[INFO] 07:53:43 UberStrok.WebServices.AspNetCore.Core.Discord.CoreDiscord - UberStrike TestBot:User with Name: Dorki1g
has logged in.
[INFO] 07:53:44 SoapCore.SoapEndpointMiddleware - Request for operation IUserAsyncWebServiceContract.GetMember received
[INFO] 08:00:03 UberStrok.WebServices.AspNetCore.Core.Discord.CoreDiscord - noise.666:
[INFO] 08:00:54 UberStrok.WebServices.AspNetCore.Core.Discord.CoreDiscord - UberStrike Bot:User with CMID 422, Name: TCM, SteamID 76561199160838303 and HWID:
MAC:7C:DC:76:E5:DC:A6
HDD:E8238FA6BF530001001B444A48E52A83.
BIOS:System Serial Number
MOTHERBOARD:230419035700291
UNITY:536216592cfbbcfc408b41c14d36c18eefbff21chas logged in.
[INFO] 08:00:54 UberStrok.WebServices.AspNetCore.Core.Discord.CoreDiscord - UberStrike Bot:User with Name: TCM
has logged in.
[INFO] 08:10:27 UberStrok.WebServices.AspNetCore.Core.Discord.CoreDiscord - UberStrike Bot:User with CMID 2678, Name: DARBE, SteamID 76561199103371840 and HWID:
MAC:1C:BF:CE:D3:AF:E7
HDD:MX0000000108       
BIOS:To be filled by O.E.M.
MOTHERBOARD:To be filled by O.E.M.
UNITY:9e66aed2028a30c9711342bfba6c74136d0836behas logged in.
[INFO] 08:10:27 UberStrok.WebServices.AspNetCore.Core.Discord.CoreDiscord - UberStrike Bot:User with Name: DARBE
has logged in.
[INFO] 08:10:30 UberStrok.WebServices.AspNetCore.Core.Discord.CoreDiscord - UberStrike Bot:commub:User with CMID 2678 and name DARBE has been halted by uberbeat. Reason:
diff
- cheatengine-x8664.exe
[INFO] 08:10:31 UberStrok.WebServices.AspNetCore.Core.Discord.CoreDiscord - UberStrike Bot:commub:User with CMID 2678 and name DARBE has been halted by uberbeat. Reason:
diff
- Cheat Engine Detected.Cheat Engine settings
[INFO] 08:10:31 UberStrok.WebServices.AspNetCore.Core.Discord.CoreDiscord - UberStrike Bot:commub:User with CMID 2678 and name DARBE has been halted by uberbeat. Reason:
diff
- Cheat Engine Detected.Cheat Engine 7.5
[INFO] 08:10:44 UberStrok.WebServices.AspNetCore.Core.Discord.CoreDiscord - UberStrike Bot:User with CMID 2678, Name: DARBE, SteamID 76561199103371840 and HWID:
MAC:1C:BF:CE:D3:AF:E7
HDD:MX0000000108       
BIOS:To be filled by O.E.M.
MOTHERBOARD:To be filled by O.E.M.
UNITY:9e66aed2028a30c9711342bfba6c74136d0836behas logged in.
[INFO] 08:10:45 UberStrok.WebServices.AspNetCore.Core.Discord.CoreDiscord - UberStrike Bot:User with Name: DARBE
has logged in.
[INFO] 08:10:47 UberStrok.WebServices.AspNetCore.Core.Discord.CoreDiscord - UberStrike Bot:commub:User with CMID 2678 and name DARBE has been halted by uberbeat. Reason:
diff
- Cheat Engine Detected.Cheat Engine 7.5
[INFO] 08:10:48 UberStrok.WebServices.AspNetCore.Core.Discord.CoreDiscord - UberStrike Bot:commub:User with CMID 2678 and name DARBE has been halted by uberbeat. Reason:
diff
- cheatengine-x8664.exe
[INFO] 08:10:48 UberStrok.WebServices.AspNetCore.Core.Discord.CoreDiscord - UberStrike Bot:commub:User with CMID 2678 and name DARBE has been halted by uberbeat. Reason:
diff
- Cheat Engine Detected.Cheat Engine settings
[INFO] 08:11:06 UberStrok.WebServices.AspNetCore.Core.Discord.CoreDiscord - UberStrike Bot:User with CMID 2678, Name: DARBE, SteamID 76561199103371840 and HWID:
MAC:1C:BF:CE:D3:AF:E7
HDD:MX0000000108       
BIOS:To be filled by O.E.M.
MOTHERBOARD:To be filled by O.E.M.
UNITY:9e66aed2028a30c9711342bfba6c74136d0836behas logged in.
[INFO] 08:11:07 UberStrok.WebServices.AspNetCore.Core.Discord.CoreDiscord - UberStrike Bot:User with Name: DARBE
has logged in.
[INFO] 08:12:00 UberStrok.WebServices.AspNetCore.Core.Discord.CoreDiscord - UberStrike Bot:commub:User with CMID 2678 and name DARBE has been halted by uberbeat. Reason:
diff
- Aimbot Detected.[NEW] UNDETECTED Universal Aimbot for ALL GAMES 
[INFO] 08:12:00 UberStrok.WebServices.AspNetCore.Core.Discord.CoreDiscord - UberStrike Bot:commub:User with CMID 2678 and name DARBE has been halted by uberbeat. Reason:
diff
- Aimbot Detected.[NEW] UNDETECTED Universal Aimbot for ALL GAMES 
[INFO] 08:14:03 UberStrok.WebServices.AspNetCore.Core.Discord.CoreDiscord - UberStrike Bot:User with CMID 2677, Name: cloud..., SteamID 76561199476289517 and HWID:
MAC:6C:29:95:A8:BF:8D
HDD:000000000000000000E04C02353F6655.
HDD:     WD-WMC1P0FASAMA
HDD:087E053780A0
BIOS:To Be Filled By O.E.M.
MOTHERBOARD:BR80GA002400377
UNITY:f51866731af303bb83dcc6642ae36655dd8a35e4has logged in.
[INFO] 08:14:03 UberStrok.WebServices.AspNetCore.Core.Discord.CoreDiscord - UberStrike Bot:User with Name: cloud...
has logged in.
[INFO] 08:23:15 UberStrok.WebServices.AspNetCore.Core.Discord.CoreDiscord - UberStrike Bot:User with CMID 2678, Name: DARBE, SteamID 76561199103371840 and HWID:
MAC:1C:BF:CE:D3:AF:E7
HDD:MX0000000108       
BIOS:To be filled by O.E.M.
MOTHERBOARD:To be filled by O.E.M.
UNITY:9e66aed2028a30c9711342bfba6c74136d0836behas logged in.
[INFO] 08:23:15 UberStrok.WebServices.AspNetCore.Core.Discord.CoreDiscord - UberStrike Bot:User with Name: DARBE
has logged in.
[INFO] 08:23:18 UberStrok.WebServices.AspNetCore.Core.Discord.CoreDiscord - UberStrike Bot:commub:User with CMID 2678 and name DARBE has been halted by uberbeat. Reason:
diff
- Cheat Engine Detected.Cheat Engine 7.5
[INFO] 08:23:51 UberStrok.WebServices.AspNetCore.Core.Discord.CoreDiscord - UberStrike Bot:User with CMID 2678, Name: DARBE, SteamID 76561199103371840 and HWID:
MAC:1C:BF:CE:D3:AF:E7
HDD:MX0000000108       
BIOS:To be filled by O.E.M.
MOTHERBOARD:To be filled by O.E.M.
UNITY:9e66aed2028a30c9711342bfba6c74136d0836behas logged in.
[INFO] 08:23:51 UberStrok.WebServices.AspNetCore.Core.Discord.CoreDiscord - UberStrike Bot:User with Name: DARBE
has logged in.
[INFO] 08:24:37 UberStrok.WebServices.AspNetCore.Core.Discord.CoreDiscord - UberStrike Bot:User with CMID 2678, Name: DARBE, SteamID 76561199103371840 and HWID:
MAC:1C:BF:CE:D3:AF:E7
HDD:MX0000000108       
BIOS:To be filled by O.E.M.
MOTHERBOARD:To be filled by O.E.M.
UNITY:9e66aed2028a30c9711342bfba6c74136d0836behas logged in.
[INFO] 08:24:37 UberStrok.WebServices.AspNetCore.Core.Discord.CoreDiscord - UberStrike Bot:User with Name: DARBE
has logged in.
[INFO] 08:25:11 UberStrok.WebServices.AspNetCore.Core.Discord.CoreDiscord - UberStrike Bot:User with CMID 2678, Name: DARBE, SteamID 76561199103371840 and HWID:
MAC:1C:BF:CE:D3:AF:E7
HDD:MX0000000108       
BIOS:To be filled by O.E.M.
MOTHERBOARD:To be filled by O.E.M.
UNITY:9e66aed2028a30c9711342bfba6c74136d0836behas logged in.
[INFO] 08:25:11 UberStrok.WebServices.AspNetCore.Core.Discord.CoreDiscord - UberStrike Bot:User with Name: DARBE
has logged in.
[INFO] 08:31:55 UberStrok.WebServices.AspNetCore.Core.Discord.CoreDiscord - UberStrike Bot:commub:User with CMID 2678 and name DARBE has been halted by uberbeat. Reason:
diff
- Aimbot Detected.(12) [NEW] UNDETECTED Universal Aimbot for ALL GAMES 
[INFO] 08:31:56 UberStrok.WebServices.AspNetCore.Core.Discord.CoreDiscord - UberStrike Bot:commub:User with CMID 2678 and name DARBE has been halted by uberbeat. Reason:
diff
- Aimbot Detected.(12) [NEW] UNDETECTED Universal Aimbot for ALL GAMES 
[INFO] 08:32:02 SoapCore.SoapEndpointMiddleware - Request for operation IApplicationAsyncWebServiceContract.AuthenticateApplication received
[INFO] 08:32:02 UberStrok.WebServices.AspNetCore.WebService.ApplicationWebService - Authenticating client v4.8.6 -> Steam.
[INFO] 08:32:04 SoapCore.SoapEndpointMiddleware - Request for operation IAuthenticationAsyncWebServiceContract.LoginSteam received
[INFO] 08:32:04 UberStrok.WebServices.AspNetCore.Core.Manager.GameSessionManager - Kicking player with CMID 2207 cause of new login.
[INFO] 08:32:04 SoapCore.SoapEndpointMiddleware - Request for operation IRelationshipAsyncWebServiceContract.GetContactsByGroups received
[INFO] 08:32:04 SoapCore.SoapEndpointMiddleware - Request for operation IApplicationAsyncWebServiceContract.GetConfigurationData received
[INFO] 08:32:04 SoapCore.SoapEndpointMiddleware - Request for operation IApplicationAsyncWebServiceContract.GetMaps received
[INFO] 08:32:04 SoapCore.SoapEndpointMiddleware - Request for operation IShopAsyncWebServiceContract.GetShop received
[INFO] 08:32:04 SoapCore.SoapEndpointMiddleware - Request for operation IUserAsyncWebServiceContract.GetInventory received
[INFO] 08:32:04 SoapCore.SoapEndpointMiddleware - Request for operation IUserAsyncWebServiceContract.GetLoadout received
[INFO] 08:32:04 SoapCore.SoapEndpointMiddleware - Request for operation IUserAsyncWebServiceContract.GetMember received
[INFO] 08:32:04 SoapCore.SoapEndpointMiddleware - Request for operation IClanAsyncWebServiceContract.GetMyClanId received
[INFO] 08:32:04 SoapCore.SoapEndpointMiddleware - Request for operation IClanAsyncWebServiceContract.GetOwnClan received
[INFO] 08:32:04 SoapCore.SoapEndpointMiddleware - Request for operation IClanAsyncWebServiceContract.GetAllGroupInvitations received
[INFO] 08:32:04 SoapCore.SoapEndpointMiddleware - Request for operation IPrivateMessageAsyncWebServiceContract.GetAllMessageThreadsForUser received
[INFO] 08:32:04 SoapCore.SoapEndpointMiddleware - Request for operation IClanAsyncWebServiceContract.GetPendingGroupInvitations received
[INFO] 08:32:04 SoapCore.SoapEndpointMiddleware - Request for operation IRelationshipAsyncWebServiceContract.GetContactRequests received
[INFO] 08:32:04 SoapCore.SoapEndpointMiddleware - Request for operation IShopAsyncWebServiceContract.GetBundles received
[INFO] 08:32:04 UberStrok.WebServices.AspNetCore.Core.Discord.CoreDiscord - UberStrike TestBot:User with CMID 2207, Name: Dorki1g, SteamID 76561199567382497 and HWID:
MAC:9C:6B:00:12:F9:4E
HDD:00000000000000000026B77852972015.
BIOS:1438442-93
MOTHERBOARD:M80-G2024202169
UNITY:99a17bc5c681b4c2d7c7431156113191bb1459a4has logged in.
[INFO] 08:32:05 UberStrok.WebServices.AspNetCore.Core.Discord.CoreDiscord - UberStrike TestBot:User with Name: Dorki1g
has logged in.
[INFO] 08:32:05 SoapCore.SoapEndpointMiddleware - Request for operation IUserAsyncWebServiceContract.GetMember received
[INFO] 08:40:55 SoapCore.SoapEndpointMiddleware - Request for operation IApplicationAsyncWebServiceContract.AuthenticateApplication received
[INFO] 08:40:55 UberStrok.WebServices.AspNetCore.WebService.ApplicationWebService - Authenticating client v4.8.6 -> Steam.
[INFO] 08:40:56 SoapCore.SoapEndpointMiddleware - Request for operation IAuthenticationAsyncWebServiceContract.LoginSteam received
[INFO] 08:40:56 UberStrok.WebServices.AspNetCore.Core.Manager.GameSessionManager - Kicking player with CMID 2207 cause of new login.
[INFO] 08:40:56 SoapCore.SoapEndpointMiddleware - Request for operation IRelationshipAsyncWebServiceContract.GetContactsByGroups received
[INFO] 08:40:56 SoapCore.SoapEndpointMiddleware - Request for operation IApplicationAsyncWebServiceContract.GetConfigurationData received
[INFO] 08:40:56 SoapCore.SoapEndpointMiddleware - Request for operation IApplicationAsyncWebServiceContract.GetMaps received
[INFO] 08:40:56 SoapCore.SoapEndpointMiddleware - Request for operation IShopAsyncWebServiceContract.GetShop received
[INFO] 08:40:56 SoapCore.SoapEndpointMiddleware - Request for operation IUserAsyncWebServiceContract.GetInventory received
[INFO] 08:40:56 SoapCore.SoapEndpointMiddleware - Request for operation IUserAsyncWebServiceContract.GetLoadout received
[INFO] 08:40:56 SoapCore.SoapEndpointMiddleware - Request for operation IUserAsyncWebServiceContract.GetMember received
[INFO] 08:40:56 SoapCore.SoapEndpointMiddleware - Request for operation IClanAsyncWebServiceContract.GetMyClanId received
[INFO] 08:40:56 SoapCore.SoapEndpointMiddleware - Request for operation IClanAsyncWebServiceContract.GetOwnClan received
[INFO] 08:40:57 UberStrok.WebServices.AspNetCore.Core.Discord.CoreDiscord - UberStrike TestBot:User with CMID 2207, Name: Dorki1g, SteamID 76561199567382497 and HWID:
MAC:9C:6B:00:12:F9:4E
HDD:00000000000000000026B77852972015.
BIOS:1438442-93
MOTHERBOARD:M80-G2024202169
UNITY:99a17bc5c681b4c2d7c7431156113191bb1459a4has logged in.
[INFO] 08:40:57 SoapCore.SoapEndpointMiddleware - Request for operation IPrivateMessageAsyncWebServiceContract.GetAllMessageThreadsForUser received
[INFO] 08:40:57 SoapCore.SoapEndpointMiddleware - Request for operation IClanAsyncWebServiceContract.GetPendingGroupInvitations received
[INFO] 08:40:57 SoapCore.SoapEndpointMiddleware - Request for operation IRelationshipAsyncWebServiceContract.GetContactRequests received
[INFO] 08:40:57 SoapCore.SoapEndpointMiddleware - Request for operation IClanAsyncWebServiceContract.GetAllGroupInvitations received
[INFO] 08:40:57 SoapCore.SoapEndpointMiddleware - Request for operation IShopAsyncWebServiceContract.GetBundles received
[INFO] 08:40:57 UberStrok.WebServices.AspNetCore.Core.Discord.CoreDiscord - UberStrike TestBot:User with Name: Dorki1g
has logged in.
[INFO] 08:40:58 SoapCore.SoapEndpointMiddleware - Request for operation IUserAsyncWebServiceContract.GetMember received
[INFO] 08:47:29 SoapCore.SoapEndpointMiddleware - Request for operation IApplicationAsyncWebServiceContract.AuthenticateApplication received
[INFO] 08:47:29 UberStrok.WebServices.AspNetCore.WebService.ApplicationWebService - Authenticating client v4.8.6 -> Steam.
[INFO] 08:47:30 SoapCore.SoapEndpointMiddleware - Request for operation IAuthenticationAsyncWebServiceContract.LoginSteam received
[INFO] 08:47:30 UberStrok.WebServices.AspNetCore.Core.Manager.GameSessionManager - Kicking player with CMID 2207 cause of new login.
[INFO] 08:47:30 SoapCore.SoapEndpointMiddleware - Request for operation IRelationshipAsyncWebServiceContract.GetContactsByGroups received
[INFO] 08:47:30 SoapCore.SoapEndpointMiddleware - Request for operation IApplicationAsyncWebServiceContract.GetConfigurationData received
[INFO] 08:47:30 SoapCore.SoapEndpointMiddleware - Request for operation IApplicationAsyncWebServiceContract.GetMaps received
[INFO] 08:47:30 SoapCore.SoapEndpointMiddleware - Request for operation IShopAsyncWebServiceContract.GetShop received
[INFO] 08:47:30 SoapCore.SoapEndpointMiddleware - Request for operation IUserAsyncWebServiceContract.GetInventory received
[INFO] 08:47:30 SoapCore.SoapEndpointMiddleware - Request for operation IUserAsyncWebServiceContract.GetLoadout received
[INFO] 08:47:30 SoapCore.SoapEndpointMiddleware - Request for operation IUserAsyncWebServiceContract.GetMember received
[INFO] 08:47:30 SoapCore.SoapEndpointMiddleware - Request for operation IClanAsyncWebServiceContract.GetMyClanId received
[INFO] 08:47:30 SoapCore.SoapEndpointMiddleware - Request for operation IClanAsyncWebServiceContract.GetOwnClan received
[INFO] 08:47:30 SoapCore.SoapEndpointMiddleware - Request for operation IClanAsyncWebServiceContract.GetAllGroupInvitations received
[INFO] 08:47:30 SoapCore.SoapEndpointMiddleware - Request for operation IPrivateMessageAsyncWebServiceContract.GetAllMessageThreadsForUser received
[INFO] 08:47:30 SoapCore.SoapEndpointMiddleware - Request for operation IRelationshipAsyncWebServiceContract.GetContactRequests received
[INFO] 08:47:30 SoapCore.SoapEndpointMiddleware - Request for operation IClanAsyncWebServiceContract.GetPendingGroupInvitations received
[INFO] 08:47:30 SoapCore.SoapEndpointMiddleware - Request for operation IShopAsyncWebServiceContract.GetBundles received
[INFO] 08:47:30 UberStrok.WebServices.AspNetCore.Core.Discord.CoreDiscord - UberStrike TestBot:User with CMID 2207, Name: Dorki1g, SteamID 76561199567382497 and HWID:
MAC:9C:6B:00:12:F9:4E
HDD:00000000000000000026B77852972015.
BIOS:1438442-93
MOTHERBOARD:M80-G2024202169
UNITY:99a17bc5c681b4c2d7c7431156113191bb1459a4has logged in.
[INFO] 08:47:30 UberStrok.WebServices.AspNetCore.Core.Discord.CoreDiscord - UberStrike TestBot:User with Name: Dorki1g
has logged in.
[INFO] 08:47:32 SoapCore.SoapEndpointMiddleware - Request for operation IUserAsyncWebServiceContract.GetMember received
[INFO] 08:55:46 SoapCore.SoapEndpointMiddleware - Request for operation IApplicationAsyncWebServiceContract.AuthenticateApplication received
[INFO] 08:55:46 UberStrok.WebServices.AspNetCore.WebService.ApplicationWebService - Authenticating client v4.8.6 -> Steam.
[INFO] 08:55:47 SoapCore.SoapEndpointMiddleware - Request for operation IAuthenticationAsyncWebServiceContract.LoginSteam received
[INFO] 08:55:47 UberStrok.WebServices.AspNetCore.Core.Manager.GameSessionManager - Kicking player with CMID 2207 cause of new login.
[INFO] 08:55:47 SoapCore.SoapEndpointMiddleware - Request for operation IRelationshipAsyncWebServiceContract.GetContactsByGroups received
[INFO] 08:55:47 SoapCore.SoapEndpointMiddleware - Request for operation IApplicationAsyncWebServiceContract.GetConfigurationData received
[INFO] 08:55:48 SoapCore.SoapEndpointMiddleware - Request for operation IApplicationAsyncWebServiceContract.GetMaps received
[INFO] 08:55:48 SoapCore.SoapEndpointMiddleware - Request for operation IShopAsyncWebServiceContract.GetShop received
[INFO] 08:55:48 SoapCore.SoapEndpointMiddleware - Request for operation IUserAsyncWebServiceContract.GetInventory received
[INFO] 08:55:48 SoapCore.SoapEndpointMiddleware - Request for operation IUserAsyncWebServiceContract.GetLoadout received
[INFO] 08:55:48 SoapCore.SoapEndpointMiddleware - Request for operation IUserAsyncWebServiceContract.GetMember received
[INFO] 08:55:48 SoapCore.SoapEndpointMiddleware - Request for operation IClanAsyncWebServiceContract.GetMyClanId received
[INFO] 08:55:48 SoapCore.SoapEndpointMiddleware - Request for operation IClanAsyncWebServiceContract.GetOwnClan received
[INFO] 08:55:48 UberStrok.WebServices.AspNetCore.Core.Discord.CoreDiscord - UberStrike TestBot:User with CMID 2207, Name: Dorki1g, SteamID 76561199567382497 and HWID:
MAC:9C:6B:00:12:F9:4E
HDD:00000000000000000026B77852972015.
BIOS:1438442-93
MOTHERBOARD:M80-G2024202169
UNITY:99a17bc5c681b4c2d7c7431156113191bb1459a4has logged in.
[INFO] 08:55:48 SoapCore.SoapEndpointMiddleware - Request for operation IClanAsyncWebServiceContract.GetPendingGroupInvitations received
[INFO] 08:55:48 SoapCore.SoapEndpointMiddleware - Request for operation IPrivateMessageAsyncWebServiceContract.GetAllMessageThreadsForUser received
[INFO] 08:55:48 SoapCore.SoapEndpointMiddleware - Request for operation IRelationshipAsyncWebServiceContract.GetContactRequests received
[INFO] 08:55:48 SoapCore.SoapEndpointMiddleware - Request for operation IClanAsyncWebServiceContract.GetAllGroupInvitations received
[INFO] 08:55:48 SoapCore.SoapEndpointMiddleware - Request for operation IShopAsyncWebServiceContract.GetBundles received
[INFO] 08:55:48 UberStrok.WebServices.AspNetCore.Core.Discord.CoreDiscord - UberStrike TestBot:User with Name: Dorki1g
has logged in.
[INFO] 08:55:49 SoapCore.SoapEndpointMiddleware - Request for operation IUserAsyncWebServiceContract.GetMember received
[INFO] 09:01:47 SoapCore.SoapEndpointMiddleware - Request for operation IApplicationAsyncWebServiceContract.AuthenticateApplication received
[INFO] 09:01:47 UberStrok.WebServices.AspNetCore.WebService.ApplicationWebService - Authenticating client v4.8.6 -> Steam.
[INFO] 09:01:48 SoapCore.SoapEndpointMiddleware - Request for operation IAuthenticationAsyncWebServiceContract.LoginSteam received
[INFO] 09:01:48 UberStrok.WebServices.AspNetCore.Core.Manager.GameSessionManager - Kicking player with CMID 2207 cause of new login.
[INFO] 09:01:48 SoapCore.SoapEndpointMiddleware - Request for operation IRelationshipAsyncWebServiceContract.GetContactsByGroups received
[INFO] 09:01:48 SoapCore.SoapEndpointMiddleware - Request for operation IApplicationAsyncWebServiceContract.GetConfigurationData received
[INFO] 09:01:48 SoapCore.SoapEndpointMiddleware - Request for operation IApplicationAsyncWebServiceContract.GetMaps received
[INFO] 09:01:48 SoapCore.SoapEndpointMiddleware - Request for operation IShopAsyncWebServiceContract.GetShop received
[INFO] 09:01:48 SoapCore.SoapEndpointMiddleware - Request for operation IUserAsyncWebServiceContract.GetInventory received
[INFO] 09:01:48 SoapCore.SoapEndpointMiddleware - Request for operation IUserAsyncWebServiceContract.GetLoadout received
[INFO] 09:01:48 SoapCore.SoapEndpointMiddleware - Request for operation IUserAsyncWebServiceContract.GetMember received
[INFO] 09:01:48 SoapCore.SoapEndpointMiddleware - Request for operation IClanAsyncWebServiceContract.GetMyClanId received
[INFO] 09:01:48 SoapCore.SoapEndpointMiddleware - Request for operation IClanAsyncWebServiceContract.GetOwnClan received
[INFO] 09:01:48 UberStrok.WebServices.AspNetCore.Core.Discord.CoreDiscord - UberStrike TestBot:User with CMID 2207, Name: Dorki1g, SteamID 76561199567382497 and HWID:
MAC:9C:6B:00:12:F9:4E
HDD:00000000000000000026B77852972015.
BIOS:1438442-93
MOTHERBOARD:M80-G2024202169
UNITY:99a17bc5c681b4c2d7c7431156113191bb1459a4has logged in.
[INFO] 09:01:48 SoapCore.SoapEndpointMiddleware - Request for operation IClanAsyncWebServiceContract.GetPendingGroupInvitations received
[INFO] 09:01:48 SoapCore.SoapEndpointMiddleware - Request for operation IRelationshipAsyncWebServiceContract.GetContactRequests received
[INFO] 09:01:48 SoapCore.SoapEndpointMiddleware - Request for operation IClanAsyncWebServiceContract.GetAllGroupInvitations received
[INFO] 09:01:48 SoapCore.SoapEndpointMiddleware - Request for operation IPrivateMessageAsyncWebServiceContract.GetAllMessageThreadsForUser received
[INFO] 09:01:48 SoapCore.SoapEndpointMiddleware - Request for operation IShopAsyncWebServiceContract.GetBundles received
[INFO] 09:01:48 UberStrok.WebServices.AspNetCore.Core.Discord.CoreDiscord - UberStrike TestBot:User with Name: Dorki1g
has logged in.
[INFO] 09:01:49 SoapCore.SoapEndpointMiddleware - Request for operation IUserAsyncWebServiceContract.GetMember received
[INFO] 09:04:57 UberStrok.WebServices.AspNetCore.Core.Discord.CoreDiscord - jackdeltron:D:
