[INFO] 09:46:31 UberStrok.WebServices.AspNetCore.Core.Discord.UDPListener - Detected own IP as 67.238.141.240
[INFO] 09:46:31 UberStrok.WebServices.AspNetCore.Core.Discord.UDPListener - UDP Listener Started.
[INFO] 09:46:31 Microsoft.Hosting.Lifetime - Now listening on: http://0.0.0.0:5000
[INFO] 09:46:31 Microsoft.Hosting.Lifetime - Application started. Press Ctrl+C to shut down.
[INFO] 09:46:31 Microsoft.Hosting.Lifetime - Hosting environment: Production
[INFO] 09:46:31 Microsoft.Hosting.Lifetime - Content root path: C:\Users\Gerar\Desktop\ServerSetup - Copy\Webservices
[INFO] 09:47:17 SoapCore.SoapEndpointMiddleware - Request for operation IApplicationAsyncWebServiceContract.AuthenticateApplication received
[INFO] 09:47:17 UberStrok.WebServices.AspNetCore.WebService.ApplicationWebService - Authenticating client v4.8.6 -> Steam.
[INFO] 09:47:18 SoapCore.SoapEndpointMiddleware - Request for operation IAuthenticationAsyncWebServiceContract.LoginSteam received
[INFO] 09:47:19 SoapCore.SoapEndpointMiddleware - Request for operation IRelationshipAsyncWebServiceContract.GetContactsByGroups received
[INFO] 09:47:19 SoapCore.SoapEndpointMiddleware - Request for operation IApplicationAsyncWebServiceContract.GetConfigurationData received
[INFO] 09:47:19 SoapCore.SoapEndpointMiddleware - Request for operation IApplicationAsyncWebServiceContract.GetMaps received
[INFO] 09:47:19 UberStrok.WebServices.AspNetCore.Core.Discord.CoreDiscord - UberStrike TestBot:User with CMID 39, Name: Justice Scimitar, SteamID 76561198202225702 and HWID:
MAC:9C:6B:00:12:F9:4E
HDD:00000000000000000026B77852972015.
BIOS:1438442-93
MOTHERBOARD:M80-G2024202169
UNITY:99a17bc5c681b4c2d7c7431156113191bb1459a4has logged in.
[INFO] 09:47:19 SoapCore.SoapEndpointMiddleware - Request for operation IShopAsyncWebServiceContract.GetShop received
[INFO] 09:47:19 SoapCore.SoapEndpointMiddleware - Request for operation IUserAsyncWebServiceContract.GetInventory received
[INFO] 09:47:19 SoapCore.SoapEndpointMiddleware - Request for operation IUserAsyncWebServiceContract.GetLoadout received
[INFO] 09:47:19 SoapCore.SoapEndpointMiddleware - Request for operation IUserAsyncWebServiceContract.GetMember received
[INFO] 09:47:19 SoapCore.SoapEndpointMiddleware - Request for operation IClanAsyncWebServiceContract.GetMyClanId received
[INFO] 09:47:19 SoapCore.SoapEndpointMiddleware - Request for operation IClanAsyncWebServiceContract.GetOwnClan received
[INFO] 09:47:19 SoapCore.SoapEndpointMiddleware - Request for operation IClanAsyncWebServiceContract.GetPendingGroupInvitations received
[INFO] 09:47:19 SoapCore.SoapEndpointMiddleware - Request for operation IClanAsyncWebServiceContract.GetAllGroupInvitations received
[INFO] 09:47:19 SoapCore.SoapEndpointMiddleware - Request for operation IPrivateMessageAsyncWebServiceContract.GetAllMessageThreadsForUser received
[INFO] 09:47:19 SoapCore.SoapEndpointMiddleware - Request for operation IRelationshipAsyncWebServiceContract.GetContactRequests received
[INFO] 09:47:19 SoapCore.SoapEndpointMiddleware - Request for operation IShopAsyncWebServiceContract.GetBundles received
[INFO] 09:47:19 UberStrok.WebServices.AspNetCore.Core.Discord.CoreDiscord - UberStrike TestBot:User with Name: Justice Scimitar
has logged in.
[INFO] 09:47:20 SoapCore.SoapEndpointMiddleware - Request for operation IUserAsyncWebServiceContract.GetMember received
[INFO] 10:18:37 SoapCore.SoapEndpointMiddleware - Request for operation IApplicationAsyncWebServiceContract.AuthenticateApplication received
[INFO] 10:18:37 UberStrok.WebServices.AspNetCore.WebService.ApplicationWebService - Authenticating client v4.8.6 -> Steam.
[INFO] 10:18:39 SoapCore.SoapEndpointMiddleware - Request for operation IAuthenticationAsyncWebServiceContract.LoginSteam received
[INFO] 10:18:39 UberStrok.WebServices.AspNetCore.Core.Manager.GameSessionManager - Kicking player with CMID 39 cause of new login.
[INFO] 10:18:39 SoapCore.SoapEndpointMiddleware - Request for operation IRelationshipAsyncWebServiceContract.GetContactsByGroups received
[INFO] 10:18:39 UberStrok.WebServices.AspNetCore.Core.Discord.CoreDiscord - UberStrike TestBot:User with CMID 39, Name: Justice Scimitar, SteamID 76561198202225702 and HWID:
MAC:9C:6B:00:12:F9:4E
HDD:00000000000000000026B77852972015.
BIOS:1438442-93
MOTHERBOARD:M80-G2024202169
UNITY:99a17bc5c681b4c2d7c7431156113191bb1459a4has logged in.
[INFO] 10:18:39 SoapCore.SoapEndpointMiddleware - Request for operation IApplicationAsyncWebServiceContract.GetConfigurationData received
[INFO] 10:18:39 SoapCore.SoapEndpointMiddleware - Request for operation IApplicationAsyncWebServiceContract.GetMaps received
[INFO] 10:18:39 SoapCore.SoapEndpointMiddleware - Request for operation IShopAsyncWebServiceContract.GetShop received
[INFO] 10:18:39 SoapCore.SoapEndpointMiddleware - Request for operation IUserAsyncWebServiceContract.GetInventory received
[INFO] 10:18:39 SoapCore.SoapEndpointMiddleware - Request for operation IUserAsyncWebServiceContract.GetLoadout received
[INFO] 10:18:39 SoapCore.SoapEndpointMiddleware - Request for operation IUserAsyncWebServiceContract.GetMember received
[INFO] 10:18:39 SoapCore.SoapEndpointMiddleware - Request for operation IClanAsyncWebServiceContract.GetMyClanId received
[INFO] 10:18:39 SoapCore.SoapEndpointMiddleware - Request for operation IClanAsyncWebServiceContract.GetOwnClan received
[INFO] 10:18:39 SoapCore.SoapEndpointMiddleware - Request for operation IClanAsyncWebServiceContract.GetAllGroupInvitations received
[INFO] 10:18:39 SoapCore.SoapEndpointMiddleware - Request for operation IClanAsyncWebServiceContract.GetPendingGroupInvitations received
[INFO] 10:18:39 SoapCore.SoapEndpointMiddleware - Request for operation IPrivateMessageAsyncWebServiceContract.GetAllMessageThreadsForUser received
[INFO] 10:18:39 SoapCore.SoapEndpointMiddleware - Request for operation IRelationshipAsyncWebServiceContract.GetContactRequests received
[INFO] 10:18:39 SoapCore.SoapEndpointMiddleware - Request for operation IShopAsyncWebServiceContract.GetBundles received
[INFO] 10:18:39 UberStrok.WebServices.AspNetCore.Core.Discord.CoreDiscord - UberStrike TestBot:User with Name: Justice Scimitar
has logged in.
[INFO] 10:18:40 SoapCore.SoapEndpointMiddleware - Request for operation IUserAsyncWebServiceContract.GetMember received
[INFO] 10:22:07 SoapCore.SoapEndpointMiddleware - Request for operation IApplicationAsyncWebServiceContract.AuthenticateApplication received
[INFO] 10:22:07 UberStrok.WebServices.AspNetCore.WebService.ApplicationWebService - Authenticating client v4.8.6 -> Steam.
[INFO] 10:22:08 SoapCore.SoapEndpointMiddleware - Request for operation IAuthenticationAsyncWebServiceContract.LoginSteam received
[INFO] 10:22:08 UberStrok.WebServices.AspNetCore.Core.Manager.GameSessionManager - Kicking player with CMID 39 cause of new login.
[INFO] 10:22:08 SoapCore.SoapEndpointMiddleware - Request for operation IRelationshipAsyncWebServiceContract.GetContactsByGroups received
[INFO] 10:22:08 SoapCore.SoapEndpointMiddleware - Request for operation IApplicationAsyncWebServiceContract.GetConfigurationData received
[INFO] 10:22:08 SoapCore.SoapEndpointMiddleware - Request for operation IApplicationAsyncWebServiceContract.GetMaps received
[INFO] 10:22:08 SoapCore.SoapEndpointMiddleware - Request for operation IShopAsyncWebServiceContract.GetShop received
[INFO] 10:22:08 SoapCore.SoapEndpointMiddleware - Request for operation IUserAsyncWebServiceContract.GetInventory received
[INFO] 10:22:08 SoapCore.SoapEndpointMiddleware - Request for operation IUserAsyncWebServiceContract.GetLoadout received
[INFO] 10:22:08 SoapCore.SoapEndpointMiddleware - Request for operation IUserAsyncWebServiceContract.GetMember received
[INFO] 10:22:08 UberStrok.WebServices.AspNetCore.Core.Discord.CoreDiscord - UberStrike TestBot:User with CMID 39, Name: Justice Scimitar, SteamID 76561198202225702 and HWID:
MAC:9C:6B:00:12:F9:4E
HDD:00000000000000000026B77852972015.
BIOS:1438442-93
MOTHERBOARD:M80-G2024202169
UNITY:99a17bc5c681b4c2d7c7431156113191bb1459a4has logged in.
[INFO] 10:22:08 SoapCore.SoapEndpointMiddleware - Request for operation IClanAsyncWebServiceContract.GetMyClanId received
[INFO] 10:22:08 SoapCore.SoapEndpointMiddleware - Request for operation IClanAsyncWebServiceContract.GetOwnClan received
[INFO] 10:22:08 SoapCore.SoapEndpointMiddleware - Request for operation IPrivateMessageAsyncWebServiceContract.GetAllMessageThreadsForUser received
[INFO] 10:22:08 SoapCore.SoapEndpointMiddleware - Request for operation IClanAsyncWebServiceContract.GetAllGroupInvitations received
[INFO] 10:22:08 SoapCore.SoapEndpointMiddleware - Request for operation IRelationshipAsyncWebServiceContract.GetContactRequests received
[INFO] 10:22:08 SoapCore.SoapEndpointMiddleware - Request for operation IClanAsyncWebServiceContract.GetPendingGroupInvitations received
[INFO] 10:22:08 SoapCore.SoapEndpointMiddleware - Request for operation IShopAsyncWebServiceContract.GetBundles received
[INFO] 10:22:08 UberStrok.WebServices.AspNetCore.Core.Discord.CoreDiscord - UberStrike TestBot:User with Name: Justice Scimitar
has logged in.
[INFO] 10:22:09 SoapCore.SoapEndpointMiddleware - Request for operation IUserAsyncWebServiceContract.GetMember received
[INFO] 10:24:17 SoapCore.SoapEndpointMiddleware - Request for operation IApplicationAsyncWebServiceContract.AuthenticateApplication received
[INFO] 10:24:17 UberStrok.WebServices.AspNetCore.WebService.ApplicationWebService - Authenticating client v4.8.6 -> Steam.
[INFO] 10:24:19 SoapCore.SoapEndpointMiddleware - Request for operation IAuthenticationAsyncWebServiceContract.LoginSteam received
[INFO] 10:24:19 UberStrok.WebServices.AspNetCore.Core.Manager.GameSessionManager - Kicking player with CMID 39 cause of new login.
[INFO] 10:24:19 SoapCore.SoapEndpointMiddleware - Request for operation IRelationshipAsyncWebServiceContract.GetContactsByGroups received
[INFO] 10:24:19 SoapCore.SoapEndpointMiddleware - Request for operation IApplicationAsyncWebServiceContract.GetConfigurationData received
[INFO] 10:24:19 SoapCore.SoapEndpointMiddleware - Request for operation IApplicationAsyncWebServiceContract.GetMaps received
[INFO] 10:24:19 SoapCore.SoapEndpointMiddleware - Request for operation IShopAsyncWebServiceContract.GetShop received
[INFO] 10:24:19 UberStrok.WebServices.AspNetCore.Core.Discord.CoreDiscord - UberStrike TestBot:User with CMID 39, Name: Justice Scimitar, SteamID 76561198202225702 and HWID:
MAC:9C:6B:00:12:F9:4E
HDD:00000000000000000026B77852972015.
BIOS:1438442-93
MOTHERBOARD:M80-G2024202169
UNITY:99a17bc5c681b4c2d7c7431156113191bb1459a4has logged in.
[INFO] 10:24:19 SoapCore.SoapEndpointMiddleware - Request for operation IUserAsyncWebServiceContract.GetInventory received
[INFO] 10:24:19 SoapCore.SoapEndpointMiddleware - Request for operation IUserAsyncWebServiceContract.GetLoadout received
[INFO] 10:24:19 SoapCore.SoapEndpointMiddleware - Request for operation IUserAsyncWebServiceContract.GetMember received
[INFO] 10:24:19 SoapCore.SoapEndpointMiddleware - Request for operation IClanAsyncWebServiceContract.GetMyClanId received
[INFO] 10:24:19 SoapCore.SoapEndpointMiddleware - Request for operation IClanAsyncWebServiceContract.GetOwnClan received
[INFO] 10:24:19 SoapCore.SoapEndpointMiddleware - Request for operation IRelationshipAsyncWebServiceContract.GetContactRequests received
[INFO] 10:24:19 SoapCore.SoapEndpointMiddleware - Request for operation IClanAsyncWebServiceContract.GetAllGroupInvitations received
[INFO] 10:24:19 SoapCore.SoapEndpointMiddleware - Request for operation IClanAsyncWebServiceContract.GetPendingGroupInvitations received
[INFO] 10:24:19 SoapCore.SoapEndpointMiddleware - Request for operation IPrivateMessageAsyncWebServiceContract.GetAllMessageThreadsForUser received
[INFO] 10:24:19 SoapCore.SoapEndpointMiddleware - Request for operation IShopAsyncWebServiceContract.GetBundles received
[INFO] 10:24:19 UberStrok.WebServices.AspNetCore.Core.Discord.CoreDiscord - UberStrike TestBot:User with Name: Justice Scimitar
has logged in.
[INFO] 10:24:20 SoapCore.SoapEndpointMiddleware - Request for operation IUserAsyncWebServiceContract.GetMember received
[INFO] 10:43:25 UberStrok.WebServices.AspNetCore.Core.Discord.CoreDiscord - UberStrike Bot:User with CMID 2560, Name: dRAGONkILLER4590, SteamID 76561198284527629 and HWID:
MAC:D8:5E:D3:66:55:94
HDD:            Z4Y4EKJP
HDD:BC640797135300350405
BIOS:Default string
MOTHERBOARD:Default string
UNITY:c8f25ec55940c1934c1d68c85b5dccdb30d3c24bhas logged in.
[INFO] 10:43:25 UberStrok.WebServices.AspNetCore.Core.Discord.CoreDiscord - UberStrike Bot:User with Name: dRAGONkILLER4590
has logged in.
[INFO] 10:48:26 UberStrok.WebServices.AspNetCore.Core.Discord.CoreDiscord - kuyajimjim:
[INFO] 10:56:04 SoapCore.SoapEndpointMiddleware - Request for operation IApplicationAsyncWebServiceContract.AuthenticateApplication received
[INFO] 10:56:04 UberStrok.WebServices.AspNetCore.WebService.ApplicationWebService - Authenticating client v4.8.6 -> Steam.
[INFO] 10:56:06 SoapCore.SoapEndpointMiddleware - Request for operation IAuthenticationAsyncWebServiceContract.LoginSteam received
[INFO] 10:56:06 UberStrok.WebServices.AspNetCore.Core.Manager.GameSessionManager - Kicking player with CMID 39 cause of new login.
[INFO] 10:56:06 SoapCore.SoapEndpointMiddleware - Request for operation IRelationshipAsyncWebServiceContract.GetContactsByGroups received
[INFO] 10:56:06 SoapCore.SoapEndpointMiddleware - Request for operation IApplicationAsyncWebServiceContract.GetConfigurationData received
[INFO] 10:56:06 SoapCore.SoapEndpointMiddleware - Request for operation IApplicationAsyncWebServiceContract.GetMaps received
[INFO] 10:56:06 SoapCore.SoapEndpointMiddleware - Request for operation IShopAsyncWebServiceContract.GetShop received
[INFO] 10:56:06 SoapCore.SoapEndpointMiddleware - Request for operation IUserAsyncWebServiceContract.GetInventory received
[INFO] 10:56:06 SoapCore.SoapEndpointMiddleware - Request for operation IUserAsyncWebServiceContract.GetLoadout received
[INFO] 10:56:06 SoapCore.SoapEndpointMiddleware - Request for operation IUserAsyncWebServiceContract.GetMember received
[INFO] 10:56:06 SoapCore.SoapEndpointMiddleware - Request for operation IClanAsyncWebServiceContract.GetMyClanId received
[INFO] 10:56:06 SoapCore.SoapEndpointMiddleware - Request for operation IClanAsyncWebServiceContract.GetOwnClan received
[INFO] 10:56:06 SoapCore.SoapEndpointMiddleware - Request for operation IRelationshipAsyncWebServiceContract.GetContactRequests received
[INFO] 10:56:06 SoapCore.SoapEndpointMiddleware - Request for operation IClanAsyncWebServiceContract.GetAllGroupInvitations received
[INFO] 10:56:06 SoapCore.SoapEndpointMiddleware - Request for operation IPrivateMessageAsyncWebServiceContract.GetAllMessageThreadsForUser received
[INFO] 10:56:06 SoapCore.SoapEndpointMiddleware - Request for operation IClanAsyncWebServiceContract.GetPendingGroupInvitations received
[INFO] 10:56:06 SoapCore.SoapEndpointMiddleware - Request for operation IShopAsyncWebServiceContract.GetBundles received
[INFO] 10:56:06 UberStrok.WebServices.AspNetCore.Core.Discord.CoreDiscord - UberStrike TestBot:User with CMID 39, Name: Justice Scimitar, SteamID 76561198202225702 and HWID:
MAC:9C:6B:00:12:F9:4E
HDD:00000000000000000026B77852972015.
BIOS:1438442-93
MOTHERBOARD:M80-G2024202169
UNITY:99a17bc5c681b4c2d7c7431156113191bb1459a4has logged in.
[INFO] 10:56:06 UberStrok.WebServices.AspNetCore.Core.Discord.CoreDiscord - UberStrike TestBot:User with Name: Justice Scimitar
has logged in.
[INFO] 10:56:07 SoapCore.SoapEndpointMiddleware - Request for operation IUserAsyncWebServiceContract.GetMember received
[INFO] 10:59:17 SoapCore.SoapEndpointMiddleware - Request for operation IApplicationAsyncWebServiceContract.AuthenticateApplication received
[INFO] 10:59:17 UberStrok.WebServices.AspNetCore.WebService.ApplicationWebService - Authenticating client v4.8.6 -> Steam.
[INFO] 10:59:19 SoapCore.SoapEndpointMiddleware - Request for operation IAuthenticationAsyncWebServiceContract.LoginSteam received
[INFO] 10:59:19 UberStrok.WebServices.AspNetCore.Core.Manager.GameSessionManager - Kicking player with CMID 39 cause of new login.
[INFO] 10:59:19 SoapCore.SoapEndpointMiddleware - Request for operation IRelationshipAsyncWebServiceContract.GetContactsByGroups received
[INFO] 10:59:19 UberStrok.WebServices.AspNetCore.Core.Discord.CoreDiscord - UberStrike TestBot:User with CMID 39, Name: Justice Scimitar, SteamID 76561198202225702 and HWID:
MAC:9C:6B:00:12:F9:4E
HDD:00000000000000000026B77852972015.
BIOS:1438442-93
MOTHERBOARD:M80-G2024202169
UNITY:99a17bc5c681b4c2d7c7431156113191bb1459a4has logged in.
[INFO] 10:59:19 SoapCore.SoapEndpointMiddleware - Request for operation IApplicationAsyncWebServiceContract.GetConfigurationData received
[INFO] 10:59:19 SoapCore.SoapEndpointMiddleware - Request for operation IApplicationAsyncWebServiceContract.GetMaps received
[INFO] 10:59:19 SoapCore.SoapEndpointMiddleware - Request for operation IShopAsyncWebServiceContract.GetShop received
[INFO] 10:59:19 SoapCore.SoapEndpointMiddleware - Request for operation IUserAsyncWebServiceContract.GetInventory received
[INFO] 10:59:19 SoapCore.SoapEndpointMiddleware - Request for operation IUserAsyncWebServiceContract.GetLoadout received
[INFO] 10:59:19 SoapCore.SoapEndpointMiddleware - Request for operation IUserAsyncWebServiceContract.GetMember received
[INFO] 10:59:19 SoapCore.SoapEndpointMiddleware - Request for operation IClanAsyncWebServiceContract.GetMyClanId received
[INFO] 10:59:19 SoapCore.SoapEndpointMiddleware - Request for operation IClanAsyncWebServiceContract.GetOwnClan received
[INFO] 10:59:19 UberStrok.WebServices.AspNetCore.Core.Discord.CoreDiscord - UberStrike TestBot:User with Name: Justice Scimitar
has logged in.
[INFO] 10:59:19 SoapCore.SoapEndpointMiddleware - Request for operation IRelationshipAsyncWebServiceContract.GetContactRequests received
[INFO] 10:59:19 SoapCore.SoapEndpointMiddleware - Request for operation IPrivateMessageAsyncWebServiceContract.GetAllMessageThreadsForUser received
[INFO] 10:59:19 SoapCore.SoapEndpointMiddleware - Request for operation IClanAsyncWebServiceContract.GetPendingGroupInvitations received
[INFO] 10:59:19 SoapCore.SoapEndpointMiddleware - Request for operation IClanAsyncWebServiceContract.GetAllGroupInvitations received
[INFO] 10:59:19 SoapCore.SoapEndpointMiddleware - Request for operation IShopAsyncWebServiceContract.GetBundles received
[INFO] 10:59:20 SoapCore.SoapEndpointMiddleware - Request for operation IUserAsyncWebServiceContract.GetMember received
[INFO] 11:03:20 SoapCore.SoapEndpointMiddleware - Request for operation IApplicationAsyncWebServiceContract.AuthenticateApplication received
[INFO] 11:03:20 UberStrok.WebServices.AspNetCore.WebService.ApplicationWebService - Authenticating client v4.8.6 -> Steam.
[INFO] 11:03:22 SoapCore.SoapEndpointMiddleware - Request for operation IAuthenticationAsyncWebServiceContract.LoginSteam received
[INFO] 11:03:22 UberStrok.WebServices.AspNetCore.Core.Manager.GameSessionManager - Kicking player with CMID 39 cause of new login.
[INFO] 11:03:22 SoapCore.SoapEndpointMiddleware - Request for operation IRelationshipAsyncWebServiceContract.GetContactsByGroups received
[INFO] 11:03:22 SoapCore.SoapEndpointMiddleware - Request for operation IApplicationAsyncWebServiceContract.GetConfigurationData received
[INFO] 11:03:22 SoapCore.SoapEndpointMiddleware - Request for operation IApplicationAsyncWebServiceContract.GetMaps received
[INFO] 11:03:22 SoapCore.SoapEndpointMiddleware - Request for operation IShopAsyncWebServiceContract.GetShop received
[INFO] 11:03:22 SoapCore.SoapEndpointMiddleware - Request for operation IUserAsyncWebServiceContract.GetInventory received
[INFO] 11:03:22 SoapCore.SoapEndpointMiddleware - Request for operation IUserAsyncWebServiceContract.GetLoadout received
[INFO] 11:03:22 SoapCore.SoapEndpointMiddleware - Request for operation IUserAsyncWebServiceContract.GetMember received
[INFO] 11:03:22 SoapCore.SoapEndpointMiddleware - Request for operation IClanAsyncWebServiceContract.GetMyClanId received
[INFO] 11:03:22 SoapCore.SoapEndpointMiddleware - Request for operation IClanAsyncWebServiceContract.GetOwnClan received
[INFO] 11:03:22 UberStrok.WebServices.AspNetCore.Core.Discord.CoreDiscord - UberStrike TestBot:User with CMID 39, Name: Justice Scimitar, SteamID 76561198202225702 and HWID:
MAC:9C:6B:00:12:F9:4E
HDD:00000000000000000026B77852972015.
BIOS:1438442-93
MOTHERBOARD:M80-G2024202169
UNITY:99a17bc5c681b4c2d7c7431156113191bb1459a4has logged in.
[INFO] 11:03:22 SoapCore.SoapEndpointMiddleware - Request for operation IPrivateMessageAsyncWebServiceContract.GetAllMessageThreadsForUser received
[INFO] 11:03:22 SoapCore.SoapEndpointMiddleware - Request for operation IRelationshipAsyncWebServiceContract.GetContactRequests received
[INFO] 11:03:22 SoapCore.SoapEndpointMiddleware - Request for operation IClanAsyncWebServiceContract.GetAllGroupInvitations received
[INFO] 11:03:22 SoapCore.SoapEndpointMiddleware - Request for operation IClanAsyncWebServiceContract.GetPendingGroupInvitations received
[INFO] 11:03:22 SoapCore.SoapEndpointMiddleware - Request for operation IShopAsyncWebServiceContract.GetBundles received
[INFO] 11:03:22 UberStrok.WebServices.AspNetCore.Core.Discord.CoreDiscord - UberStrike TestBot:User with Name: Justice Scimitar
has logged in.
[INFO] 11:03:23 SoapCore.SoapEndpointMiddleware - Request for operation IUserAsyncWebServiceContract.GetMember received
[INFO] 11:05:10 SoapCore.SoapEndpointMiddleware - Request for operation IApplicationAsyncWebServiceContract.AuthenticateApplication received
[INFO] 11:05:10 UberStrok.WebServices.AspNetCore.WebService.ApplicationWebService - Authenticating client v4.8.6 -> Steam.
[INFO] 11:05:11 SoapCore.SoapEndpointMiddleware - Request for operation IAuthenticationAsyncWebServiceContract.LoginSteam received
[INFO] 11:05:11 UberStrok.WebServices.AspNetCore.Core.Manager.GameSessionManager - Kicking player with CMID 39 cause of new login.
[INFO] 11:05:11 SoapCore.SoapEndpointMiddleware - Request for operation IRelationshipAsyncWebServiceContract.GetContactsByGroups received
[INFO] 11:05:11 SoapCore.SoapEndpointMiddleware - Request for operation IApplicationAsyncWebServiceContract.GetConfigurationData received
[INFO] 11:05:11 SoapCore.SoapEndpointMiddleware - Request for operation IApplicationAsyncWebServiceContract.GetMaps received
[INFO] 11:05:11 SoapCore.SoapEndpointMiddleware - Request for operation IShopAsyncWebServiceContract.GetShop received
[INFO] 11:05:11 SoapCore.SoapEndpointMiddleware - Request for operation IUserAsyncWebServiceContract.GetInventory received
[INFO] 11:05:12 SoapCore.SoapEndpointMiddleware - Request for operation IUserAsyncWebServiceContract.GetLoadout received
[INFO] 11:05:12 SoapCore.SoapEndpointMiddleware - Request for operation IUserAsyncWebServiceContract.GetMember received
[INFO] 11:05:12 SoapCore.SoapEndpointMiddleware - Request for operation IClanAsyncWebServiceContract.GetMyClanId received
[INFO] 11:05:12 SoapCore.SoapEndpointMiddleware - Request for operation IClanAsyncWebServiceContract.GetOwnClan received
[INFO] 11:05:12 SoapCore.SoapEndpointMiddleware - Request for operation IPrivateMessageAsyncWebServiceContract.GetAllMessageThreadsForUser received
[INFO] 11:05:12 SoapCore.SoapEndpointMiddleware - Request for operation IClanAsyncWebServiceContract.GetAllGroupInvitations received
[INFO] 11:05:12 SoapCore.SoapEndpointMiddleware - Request for operation IRelationshipAsyncWebServiceContract.GetContactRequests received
[INFO] 11:05:12 SoapCore.SoapEndpointMiddleware - Request for operation IClanAsyncWebServiceContract.GetPendingGroupInvitations received
[INFO] 11:05:12 SoapCore.SoapEndpointMiddleware - Request for operation IShopAsyncWebServiceContract.GetBundles received
[INFO] 11:05:12 UberStrok.WebServices.AspNetCore.Core.Discord.CoreDiscord - UberStrike TestBot:User with CMID 39, Name: Justice Scimitar, SteamID 76561198202225702 and HWID:
MAC:9C:6B:00:12:F9:4E
HDD:00000000000000000026B77852972015.
BIOS:1438442-93
MOTHERBOARD:M80-G2024202169
UNITY:99a17bc5c681b4c2d7c7431156113191bb1459a4has logged in.
[INFO] 11:05:12 UberStrok.WebServices.AspNetCore.Core.Discord.CoreDiscord - UberStrike TestBot:User with Name: Justice Scimitar
has logged in.
[INFO] 11:05:12 SoapCore.SoapEndpointMiddleware - Request for operation IUserAsyncWebServiceContract.GetMember received
[INFO] 11:09:29 SoapCore.SoapEndpointMiddleware - Request for operation IApplicationAsyncWebServiceContract.AuthenticateApplication received
[INFO] 11:09:29 UberStrok.WebServices.AspNetCore.WebService.ApplicationWebService - Authenticating client v4.8.6 -> Steam.
[INFO] 11:09:30 SoapCore.SoapEndpointMiddleware - Request for operation IAuthenticationAsyncWebServiceContract.LoginSteam received
[INFO] 11:09:30 UberStrok.WebServices.AspNetCore.Core.Manager.GameSessionManager - Kicking player with CMID 39 cause of new login.
[INFO] 11:09:30 SoapCore.SoapEndpointMiddleware - Request for operation IRelationshipAsyncWebServiceContract.GetContactsByGroups received
[INFO] 11:09:30 SoapCore.SoapEndpointMiddleware - Request for operation IApplicationAsyncWebServiceContract.GetConfigurationData received
[INFO] 11:09:30 SoapCore.SoapEndpointMiddleware - Request for operation IApplicationAsyncWebServiceContract.GetMaps received
[INFO] 11:09:30 SoapCore.SoapEndpointMiddleware - Request for operation IShopAsyncWebServiceContract.GetShop received
[INFO] 11:09:30 SoapCore.SoapEndpointMiddleware - Request for operation IUserAsyncWebServiceContract.GetInventory received
[INFO] 11:09:30 SoapCore.SoapEndpointMiddleware - Request for operation IUserAsyncWebServiceContract.GetLoadout received
[INFO] 11:09:30 SoapCore.SoapEndpointMiddleware - Request for operation IUserAsyncWebServiceContract.GetMember received
[INFO] 11:09:30 SoapCore.SoapEndpointMiddleware - Request for operation IClanAsyncWebServiceContract.GetMyClanId received
[INFO] 11:09:30 SoapCore.SoapEndpointMiddleware - Request for operation IClanAsyncWebServiceContract.GetOwnClan received
[INFO] 11:09:30 UberStrok.WebServices.AspNetCore.Core.Discord.CoreDiscord - UberStrike TestBot:User with CMID 39, Name: Justice Scimitar, SteamID 76561198202225702 and HWID:
MAC:9C:6B:00:12:F9:4E
HDD:00000000000000000026B77852972015.
BIOS:1438442-93
MOTHERBOARD:M80-G2024202169
UNITY:99a17bc5c681b4c2d7c7431156113191bb1459a4has logged in.
[INFO] 11:09:30 SoapCore.SoapEndpointMiddleware - Request for operation IClanAsyncWebServiceContract.GetPendingGroupInvitations received
[INFO] 11:09:30 SoapCore.SoapEndpointMiddleware - Request for operation IPrivateMessageAsyncWebServiceContract.GetAllMessageThreadsForUser received
[INFO] 11:09:30 SoapCore.SoapEndpointMiddleware - Request for operation IClanAsyncWebServiceContract.GetAllGroupInvitations received
[INFO] 11:09:30 SoapCore.SoapEndpointMiddleware - Request for operation IRelationshipAsyncWebServiceContract.GetContactRequests received
[INFO] 11:09:30 SoapCore.SoapEndpointMiddleware - Request for operation IShopAsyncWebServiceContract.GetBundles received
[INFO] 11:09:31 UberStrok.WebServices.AspNetCore.Core.Discord.CoreDiscord - UberStrike TestBot:User with Name: Justice Scimitar
has logged in.
[INFO] 11:09:31 SoapCore.SoapEndpointMiddleware - Request for operation IUserAsyncWebServiceContract.GetMember received
[INFO] 11:10:53 SoapCore.SoapEndpointMiddleware - Request for operation IApplicationAsyncWebServiceContract.AuthenticateApplication received
[INFO] 11:10:53 UberStrok.WebServices.AspNetCore.WebService.ApplicationWebService - Authenticating client v4.8.6 -> Steam.
[INFO] 11:10:54 SoapCore.SoapEndpointMiddleware - Request for operation IAuthenticationAsyncWebServiceContract.LoginSteam received
[INFO] 11:10:54 UberStrok.WebServices.AspNetCore.Core.Manager.GameSessionManager - Kicking player with CMID 39 cause of new login.
[INFO] 11:10:54 SoapCore.SoapEndpointMiddleware - Request for operation IRelationshipAsyncWebServiceContract.GetContactsByGroups received
[INFO] 11:10:54 SoapCore.SoapEndpointMiddleware - Request for operation IApplicationAsyncWebServiceContract.GetConfigurationData received
[INFO] 11:10:54 SoapCore.SoapEndpointMiddleware - Request for operation IApplicationAsyncWebServiceContract.GetMaps received
[INFO] 11:10:54 SoapCore.SoapEndpointMiddleware - Request for operation IShopAsyncWebServiceContract.GetShop received
[INFO] 11:10:54 SoapCore.SoapEndpointMiddleware - Request for operation IUserAsyncWebServiceContract.GetInventory received
[INFO] 11:10:54 SoapCore.SoapEndpointMiddleware - Request for operation IUserAsyncWebServiceContract.GetLoadout received
[INFO] 11:10:54 SoapCore.SoapEndpointMiddleware - Request for operation IUserAsyncWebServiceContract.GetMember received
[INFO] 11:10:54 SoapCore.SoapEndpointMiddleware - Request for operation IClanAsyncWebServiceContract.GetMyClanId received
[INFO] 11:10:54 SoapCore.SoapEndpointMiddleware - Request for operation IClanAsyncWebServiceContract.GetOwnClan received
[INFO] 11:10:54 UberStrok.WebServices.AspNetCore.Core.Discord.CoreDiscord - UberStrike TestBot:User with CMID 39, Name: Justice Scimitar, SteamID 76561198202225702 and HWID:
MAC:9C:6B:00:12:F9:4E
HDD:00000000000000000026B77852972015.
BIOS:1438442-93
MOTHERBOARD:M80-G2024202169
UNITY:99a17bc5c681b4c2d7c7431156113191bb1459a4has logged in.
[INFO] 11:10:54 SoapCore.SoapEndpointMiddleware - Request for operation IClanAsyncWebServiceContract.GetAllGroupInvitations received
[INFO] 11:10:54 SoapCore.SoapEndpointMiddleware - Request for operation IPrivateMessageAsyncWebServiceContract.GetAllMessageThreadsForUser received
[INFO] 11:10:54 SoapCore.SoapEndpointMiddleware - Request for operation IRelationshipAsyncWebServiceContract.GetContactRequests received
[INFO] 11:10:54 SoapCore.SoapEndpointMiddleware - Request for operation IShopAsyncWebServiceContract.GetBundles received
[INFO] 11:10:54 SoapCore.SoapEndpointMiddleware - Request for operation IClanAsyncWebServiceContract.GetPendingGroupInvitations received
[INFO] 11:10:54 UberStrok.WebServices.AspNetCore.Core.Discord.CoreDiscord - UberStrike TestBot:User with Name: Justice Scimitar
has logged in.
[INFO] 11:10:55 SoapCore.SoapEndpointMiddleware - Request for operation IUserAsyncWebServiceContract.GetMember received
