27624: 21:39:25.873 - ---
27624: 21:39:25.873 - Service: "Photon Socket Server" starting
27624: 21:39:25.873 - Config File: C:\Users\Gerar\Desktop\ServerSetup\PhotonRealtimeServer\bin_Win64\PhotonServer.config
27624: 21:39:25.874 - Will produce at most: 10 crash dumps
27624: 21:39:25.874 - Action: run as exe
27624: 21:39:25.874 - Server Starting...
27624: 21:39:25.874 -    Tick count: 133501406 (wraps in: 48.1651 days)
27624: 21:39:25.874 - Tick count 64: 133501406
27624: 21:39:25.874 - Photon Version: 4.0.28.2962
27624: 21:39:25.874 - PID: 67032
27624: 21:39:25.874 - Config File: C:\Users\Gerar\Desktop\ServerSetup\PhotonRealtimeServer\bin_Win64\PhotonServer.config
27624: 21:39:25.874 - Will NOT log unimportant exceptions
27624: 21:39:25.875 - Not using performance counters as they are not currently installed. Run the service with /InstallCounters to install them.
27624: 21:39:25.875 - Shutdown timeout enabled: 30000ms
27624: 21:39:25.875 - Starting I/O thread pool with 2 threads
27624: 21:39:25.875 - Using Standard allocator
27624: 21:39:25.875 - Max message size: 512000
27624: 21:39:25.875 - Starting business logic thread pool with the following settings
27624: 21:39:25.875 - InitialThreads: 4 threads
27624: 21:39:25.875 - MinThreads: 4 threads
27624: 21:39:25.875 - Thread pool is fixed size
27624: 21:39:25.876 - Starting ENet thread pool with the following settings
27624: 21:39:25.876 - InitialThreads: 2 threads
27624: 21:39:25.876 - MinThreads: 2 threads
27624: 21:39:25.876 - Thread pool is fixed size
27624: 21:39:25.876 - OnlyDispatchTimers: False
27624: 21:39:25.876 - S2S: flow control: Max pending writes: 50
27624: 21:39:25.876 - S2S: flow control: Max queued buffers: 200
27624: 21:39:25.876 - S2S: flow control: Max pending writes MUX: 500
27624: 21:39:25.876 - S2S: flow control: Max queued buffers MUX: 2000
27624: 21:39:25.876 - S2S: MaxInboundMessageSize: 512000
27624: 21:39:25.876 - S2S: MaxOutboundMessageSize: 512000
27624: 21:39:25.876 - S2S: No inactivity timeout
27624: 21:39:25.877 - WebSocket S2S: MaxInboundMessageSize: 512000
27624: 21:39:25.877 - WebSocket S2S: MaxOutboundMessageSize: 512000
27624: 21:39:25.877 - WebSocket S2S: No inactivity timeout
27624: 21:39:25.877 - Max Reliable Data In Transit (awaiting ACKs) per peer : 16384 bytes
27624: 21:39:25.877 - Per peer bandwidth limit
27624: 21:39:25.877 - Transmit Rate Limit: 256 KB/Sec
27624: 21:39:25.877 - Limit period: 200ms
27624: 21:39:25.877 - Limit per period: 52428 bytes
27624: 21:39:25.877 - Max queued data for transmission per peer: 163840 bytes
27624: 21:39:25.877 - Minimum retransmit timeout: 200
27624: 21:39:25.877 - No Maximum retransmit timeout
27624: 21:39:25.877 - Minimum ENet timeout: 5000ms
27624: 21:39:25.877 - Maximum ENet timeout: 30000ms
27624: 21:39:25.877 - Max Inbound Reliable Data Queued (awaiting resends of earlier sequence numbers) per peer : 163840 bytes
27624: 21:39:25.877 - No RTT ACK adjustment timeout
27624: 21:39:25.877 - Outbound ENet: MaxInboundMessageSize: 512000
27624: 21:39:25.877 - Outbound ENet: MaxOutboundMessageSize: 512000
27624: 21:39:25.878 - GetRuntime - About to load CLR - versions available:
27624: 21:39:25.878 - v2.0.50727
27624: 21:39:25.878 - v4.0.30319
27624: 21:39:25.878 - Configuration requests: "v2.0.50727"
27624: 21:39:25.878 - About to load version: "v2.0.50727"
27624: 21:39:25.897 - About to load runtime: PhotonHostRuntime.PhotonDomainManager from PhotonHostRuntime, Culture=neutral, PublicKeyToken=02C301B61B060C4D
27624: 21:39:25.897 - CLRBaseDirectory set to "C:\Users\Gerar\Desktop\ServerSetup\PhotonRealtimeServer"
27624: 21:39:25.897 - Optimising event broadcast for 20 or more peers
27624: 21:39:25.897 - Start: About to load CLR - versions available:
27624: 21:39:25.897 - v2.0.50727
27624: 21:39:25.897 - v4.0.30319
27624: 21:39:25.897 - No preference in configuration file, will load latest.
27624: 21:39:25.897 - About to load version: "v4.0.30319"
27624: 21:39:25.898 - Loaded version: "v4.0.30319"
27624: 21:39:25.975 - Photon host runtime loaded
27624: 21:39:27.306 - LICENSE: No license file was found. Starting with Bootstrap License.
27624: 21:39:27.311 - License is valid.
27624: 21:39:27.311 - Licensed for 20 concurrent connections.
27624: 21:39:27.311 - ENet: Max Reliable Data In Transit (awaiting ACKs) per peer : 16384 bytes
27624: 21:39:27.311 - ENet: Per peer bandwidth limit
27624: 21:39:27.311 - ENet: Transmit Rate Limit: 256 KB/Sec
27624: 21:39:27.311 - ENet: Limit period: 200ms
27624: 21:39:27.311 - ENet: Limit per period: 52428 bytes
27624: 21:39:27.311 - ENet: Max queued data for transmission per peer: 163840 bytes
27624: 21:39:27.311 - ENet: Minimum retransmit timeout: 200
27624: 21:39:27.311 - No Maximum retransmit timeout
27624: 21:39:27.311 - ENet: Minimum timeout: 5000ms
27624: 21:39:27.311 - ENet: Maximum timeout: 30000ms
27624: 21:39:27.311 - ENet: Max Inbound Reliable Data Queued (awaiting resends of earlier sequence numbers) per peer : 163840 bytes
27624: 21:39:27.311 - No RTT ACK adjustment timeout
27624: 21:39:27.311 - About to load application: UberStrok.Realtime.Server.Comm from UberStrok.Realtime.Server.Comm
27624: 21:39:27.311 - Auto restart is enabled for application, existing connections will be terminated during restart
27624: 21:39:27.311 - Application will restart 1000ms after the last change detected
27624: 21:39:27.311 - Application will restart if files matching the following are changed: "dll;config"
27624: 21:39:27.311 - Application will NOT restart if files matching the following are changed: "log4net.config"
27624: 21:39:27.357 - Taking reference on default app domain
27624: 21:39:27.393 - Application: "UberStrok.Realtime.Server.Comm" started in app domain: 2
27624: 21:39:27.393 - About to load application: UberStrok.Realtime.Server.Game from UberStrok.Realtime.Server.Game
27624: 21:39:27.393 - Auto restart is enabled for application, existing connections will be terminated during restart
27624: 21:39:27.393 - Application will restart 1000ms after the last change detected
27624: 21:39:27.393 - Application will restart if files matching the following are changed: "dll;config"
27624: 21:39:27.393 - Application will NOT restart if files matching the following are changed: "log4net.config"
27624: 21:39:27.431 - Taking reference on default app domain
27624: 21:39:27.462 - Application: "UberStrok.Realtime.Server.Game" started in app domain: 3
27624: 21:39:27.462 - Forcing all applications ids to: "UberStrok.Realtime.Server.Comm"
27624: 21:39:27.462 - MaxInboundMessageSize: 512000
27624: 21:39:27.462 - MaxOutboundMessageSize: 512000
27624: 21:39:27.462 - UDP address specified as: "0.0.0.0" adding listener to each available IPv4 address
27624: 21:39:27.463 - Adding UDP listener on: 192.168.0.31: 5055 with a listen backlog of: 500
27624: 21:39:27.463 - Adding UDP listener on: 127.0.0.1: 5055 with a listen backlog of: 500
27624: 21:39:27.463 - Forcing all applications ids to: "UberStrok.Realtime.Server.Game"
27624: 21:39:27.463 - MaxInboundMessageSize: 512000
27624: 21:39:27.463 - MaxOutboundMessageSize: 512000
27624: 21:39:27.463 - UDP address specified as: "0.0.0.0" adding listener to each available IPv4 address
27624: 21:39:27.463 - Adding UDP listener on: 192.168.0.31: 5056 with a listen backlog of: 500
27624: 21:39:27.463 - Adding UDP listener on: 127.0.0.1: 5056 with a listen backlog of: 500
27624: 21:39:27.474 - Service is running...
27624: 21:58:52.331 - Service is stopped...
27624: 21:58:52.331 - Server shutting down...
27624: 21:58:52.331 - Shutdown monitoring enabled, 30000ms before process abort
27624: 21:58:52.331 - Notifying CLR applications of shutdown...
27624: 21:58:52.331 - RequestApplicationStop: 2
27624: 21:58:52.333 - RequestApplicationStop: 3
27624: 21:58:52.334 - RequestStop: defalt app domain
27624: 21:58:52.334 - Shutting down WebSocket Outbound Connection Manager...
27624: 21:58:52.334 - Shutting down TCP Outbound Connection Manager...
27624: 21:58:52.334 - Shutting down ENet Outbound Connection Manager...
27624: 21:58:52.334 - Disconnecting all outbound peers...
27624: 21:58:52.334 - Shutting down ENet host...
27624: 21:58:52.334 - Disconnecting all peers...
27624: 21:58:52.334 - Shutting down socket servers...
27624: 21:58:52.334 - Shutting down ENet thread pool...
27624: 21:58:52.334 - Shutting down TCP inactivity timers...
27624: 21:58:52.334 - WaitingForShutdownToComplete: UDP:127.0.0.1:5055
27624: 21:58:52.334 - OnShutdownCompleted: UDP:127.0.0.1:5055
27624: 21:58:52.334 - WaitingForShutdownToComplete: UDP:127.0.0.1:5056
27624: 21:58:52.334 - OnShutdownCompleted: UDP:127.0.0.1:5056
27624: 21:58:52.334 - WaitingForShutdownToComplete: UDP:192.168.0.31:5055
27624: 21:58:52.334 - OnShutdownCompleted: UDP:192.168.0.31:5055
27624: 21:58:52.334 - WaitingForShutdownToComplete: UDP:192.168.0.31:5056
27624: 21:58:52.334 - OnShutdownCompleted: UDP:192.168.0.31:5056
27624: 21:58:52.334 - Shutting down CLR applications...
66636: 21:58:52.335 - CManagedHost::OnDefaultAction() - OPR_AppDomainUnload - eUnloadAppDomain
61428: 21:58:52.339 - Unloading Domain: ApplicationName = 'UberStrok.Realtime.Server.Comm', DomainId='2'
27624: 21:58:52.404 - Shutting down business logic thread pool...
27624: 21:58:52.404 - Shutting down I/O thread pool...
27624: 21:58:52.405 - Destroying servers
27624: 21:58:52.405 - Destroying WebSocket Outbound Connection Manager
27624: 21:58:52.405 - Destroying TCP Outbound Connection Manager
27624: 21:58:52.405 - Destroying TCP inactivity timer
27624: 21:58:52.405 - Destroying ENet timer wheel
27624: 21:58:52.405 - Destroying ENet host
27624: 21:58:52.405 - Destroying ENet outbound host
27624: 21:58:52.406 - Destroying HTTP inactivity timer
27624: 21:58:52.406 - Destroying HTTP host
27624: 21:58:52.406 - Destroying HTTP Chunk host
27624: 21:58:52.406 - Flushing ENET buffer allocator...
27624: 21:58:52.407 - Flushing TCP buffer handle allocator...
27624: 21:58:52.407 - Flushing stream socket allocator...
27624: 21:58:52.407 - Flushing inbound datagram socket allocator...
27624: 21:58:52.410 - Flushing outbound datagram socket allocator...
27624: 21:58:52.410 - Destroying CLR dispatcher
27624: 21:58:52.410 - Destroying CLR applications
27624: 21:58:52.411 - ~CCLRApplicationCollection() - Waiting up to 10 seconds for the CLR to release all of our objects
27624: 21:59:02.418 - ~CCLRApplicationCollection() - CLR failed to release all COM objects. Photon peers and application sinks may have leaked
27624: 21:59:02.418 - ~CManagedHost() - Release default app domain
27624: 21:59:02.418 - CManagedHost::OnDomainUnload() - 1
27624: 21:59:02.418 - ~CManagedHost() - Waiting up to 10 seconds for CLR shutdown...
27624: 21:59:02.418 - ~CManagedHost
27624: 21:59:02.418 - Destroying ENet thread pool
27624: 21:59:02.418 - Destroying Business logic thread pool
27624: 21:59:02.418 - Destroying I/O thread pool
27624: 21:59:02.418 - Destroying ENet buffer allocator
27624: 21:59:02.418 - Destroying TCP buffer allocator
27624: 21:59:02.418 - Destroying TCP socket allocator
27624: 21:59:02.418 - Destroying ENet inbound socket allocator
27624: 21:59:02.418 - Destroying ENet outbound socket allocator
27624: 21:59:02.418 - Destroying shared datagram flow control data
27624: 21:59:02.418 - 
27624: 21:59:02.418 - WARNING: ***************************************************************
27624: 21:59:02.418 - WARNING: CPhotonPeer leaks detected
27624: 21:59:02.418 - WARNING: ***************************************************************
27624: 21:59:02.418 - 
27624: 21:59:02.418 - Shutdown complete...
27624: 21:59:02.418 - Service shutting down: leaks detected. Errorcode: 106
27624: 21:59:02.419 - Service shut down complete
