54116: 20:22:32.274 - ---
54116: 20:22:32.274 - Service: "Photon Socket Server" starting
54116: 20:22:32.274 - Config File: C:\Users\Gerar\Desktop\LocalHostUberStrikeServer\UberServer-4.8.7 - Copy\ServerSetup\PhotonRealtimeServer\bin_Win64\PhotonServer.config
54116: 20:22:32.275 - Will produce at most: 10 crash dumps
54116: 20:22:32.275 - Action: run as exe
54116: 20:22:32.275 - Server Starting...
54116: 20:22:32.275 -    Tick count: 362508265 (wraps in: 45.5146 days)
54116: 20:22:32.275 - Tick count 64: 362508265
54116: 20:22:32.275 - Photon Version: 4.0.28.2962
54116: 20:22:32.275 - PID: 25788
54116: 20:22:32.275 - Config File: C:\Users\Gerar\Desktop\LocalHostUberStrikeServer\UberServer-4.8.7 - Copy\ServerSetup\PhotonRealtimeServer\bin_Win64\PhotonServer.config
54116: 20:22:32.275 - Will NOT log unimportant exceptions
54116: 20:22:32.277 - Not using performance counters as they are not currently installed. Run the service with /InstallCounters to install them.
54116: 20:22:32.277 - Shutdown timeout enabled: 30000ms
54116: 20:22:32.277 - Starting I/O thread pool with 2 threads
54116: 20:22:32.278 - Using Standard allocator
54116: 20:22:32.278 - Max message size: 512000
54116: 20:22:32.278 - Starting business logic thread pool with the following settings
54116: 20:22:32.278 - InitialThreads: 4 threads
54116: 20:22:32.278 - MinThreads: 4 threads
54116: 20:22:32.278 - Thread pool is fixed size
54116: 20:22:32.278 - Starting ENet thread pool with the following settings
54116: 20:22:32.278 - InitialThreads: 2 threads
54116: 20:22:32.278 - MinThreads: 2 threads
54116: 20:22:32.278 - Thread pool is fixed size
54116: 20:22:32.278 - OnlyDispatchTimers: False
54116: 20:22:32.278 - S2S: flow control: Max pending writes: 50
54116: 20:22:32.278 - S2S: flow control: Max queued buffers: 200
54116: 20:22:32.278 - S2S: flow control: Max pending writes MUX: 500
54116: 20:22:32.278 - S2S: flow control: Max queued buffers MUX: 2000
54116: 20:22:32.278 - S2S: MaxInboundMessageSize: 512000
54116: 20:22:32.278 - S2S: MaxOutboundMessageSize: 512000
54116: 20:22:32.278 - S2S: No inactivity timeout
54116: 20:22:32.280 - WebSocket S2S: MaxInboundMessageSize: 512000
54116: 20:22:32.280 - WebSocket S2S: MaxOutboundMessageSize: 512000
54116: 20:22:32.280 - WebSocket S2S: No inactivity timeout
54116: 20:22:32.280 - Max Reliable Data In Transit (awaiting ACKs) per peer : 16384 bytes
54116: 20:22:32.280 - Per peer bandwidth limit
54116: 20:22:32.280 - Transmit Rate Limit: 256 KB/Sec
54116: 20:22:32.280 - Limit period: 200ms
54116: 20:22:32.280 - Limit per period: 52428 bytes
54116: 20:22:32.280 - Max queued data for transmission per peer: 163840 bytes
54116: 20:22:32.280 - Minimum retransmit timeout: 200
54116: 20:22:32.280 - No Maximum retransmit timeout
54116: 20:22:32.280 - Minimum ENet timeout: 5000ms
54116: 20:22:32.280 - Maximum ENet timeout: 30000ms
54116: 20:22:32.280 - Max Inbound Reliable Data Queued (awaiting resends of earlier sequence numbers) per peer : 163840 bytes
54116: 20:22:32.280 - No RTT ACK adjustment timeout
54116: 20:22:32.280 - Outbound ENet: MaxInboundMessageSize: 512000
54116: 20:22:32.280 - Outbound ENet: MaxOutboundMessageSize: 512000
54116: 20:22:32.281 - GetRuntime - About to load CLR - versions available:
54116: 20:22:32.281 - v2.0.50727
54116: 20:22:32.281 - v4.0.30319
54116: 20:22:32.281 - Configuration requests: "v2.0.50727"
54116: 20:22:32.281 - About to load version: "v2.0.50727"
54116: 20:22:32.311 - About to load runtime: PhotonHostRuntime.PhotonDomainManager from PhotonHostRuntime, Culture=neutral, PublicKeyToken=02C301B61B060C4D
54116: 20:22:32.311 - CLRBaseDirectory set to "C:\Users\Gerar\Desktop\LocalHostUberStrikeServer\UberServer-4.8.7 - Copy\ServerSetup\PhotonRealtimeServer"
54116: 20:22:32.311 - Optimising event broadcast for 20 or more peers
54116: 20:22:32.311 - Start: About to load CLR - versions available:
54116: 20:22:32.311 - v2.0.50727
54116: 20:22:32.311 - v4.0.30319
54116: 20:22:32.311 - No preference in configuration file, will load latest.
54116: 20:22:32.311 - About to load version: "v4.0.30319"
54116: 20:22:32.312 - Loaded version: "v4.0.30319"
54116: 20:22:32.384 - Photon host runtime loaded
54116: 20:22:33.699 - LICENSE: No license file was found. Starting with Bootstrap License.
54116: 20:22:33.699 - License is valid.
54116: 20:22:33.699 - Licensed for 20 concurrent connections.
54116: 20:22:33.699 - ENet: Max Reliable Data In Transit (awaiting ACKs) per peer : 16384 bytes
54116: 20:22:33.699 - ENet: Per peer bandwidth limit
54116: 20:22:33.699 - ENet: Transmit Rate Limit: 256 KB/Sec
54116: 20:22:33.699 - ENet: Limit period: 200ms
54116: 20:22:33.699 - ENet: Limit per period: 52428 bytes
54116: 20:22:33.699 - ENet: Max queued data for transmission per peer: 163840 bytes
54116: 20:22:33.699 - ENet: Minimum retransmit timeout: 200
54116: 20:22:33.699 - No Maximum retransmit timeout
54116: 20:22:33.699 - ENet: Minimum timeout: 5000ms
54116: 20:22:33.699 - ENet: Maximum timeout: 30000ms
54116: 20:22:33.699 - ENet: Max Inbound Reliable Data Queued (awaiting resends of earlier sequence numbers) per peer : 163840 bytes
54116: 20:22:33.699 - No RTT ACK adjustment timeout
54116: 20:22:33.699 - About to load application: UberStrok.Realtime.Server.Comm from UberStrok.Realtime.Server.Comm
54116: 20:22:33.699 - Auto restart is enabled for application, existing connections will be terminated during restart
54116: 20:22:33.699 - Application will restart 1000ms after the last change detected
54116: 20:22:33.699 - Application will restart if files matching the following are changed: "dll;config"
54116: 20:22:33.699 - Application will NOT restart if files matching the following are changed: "log4net.config"
54116: 20:22:33.737 - Taking reference on default app domain
54116: 20:22:33.765 - Application: "UberStrok.Realtime.Server.Comm" started in app domain: 2
54116: 20:22:33.765 - About to load application: UberStrok.Realtime.Server.Game from UberStrok.Realtime.Server.Game
54116: 20:22:33.765 - Auto restart is enabled for application, existing connections will be terminated during restart
54116: 20:22:33.765 - Application will restart 1000ms after the last change detected
54116: 20:22:33.765 - Application will restart if files matching the following are changed: "dll;config"
54116: 20:22:33.765 - Application will NOT restart if files matching the following are changed: "log4net.config"
54116: 20:22:33.795 - Taking reference on default app domain
54116: 20:22:33.825 - Application: "UberStrok.Realtime.Server.Game" started in app domain: 3
54116: 20:22:33.825 - Forcing all applications ids to: "UberStrok.Realtime.Server.Comm"
54116: 20:22:33.825 - MaxInboundMessageSize: 512000
54116: 20:22:33.825 - MaxOutboundMessageSize: 512000
54116: 20:22:33.825 - UDP address specified as: "0.0.0.0" adding listener to each available IPv4 address
54116: 20:22:33.825 - Adding UDP listener on: 192.168.0.31: 5055 with a listen backlog of: 500
54116: 20:22:33.825 - Adding UDP listener on: 127.0.0.1: 5055 with a listen backlog of: 500
54116: 20:22:33.825 - Forcing all applications ids to: "UberStrok.Realtime.Server.Game"
54116: 20:22:33.825 - MaxInboundMessageSize: 512000
54116: 20:22:33.825 - MaxOutboundMessageSize: 512000
54116: 20:22:33.825 - UDP address specified as: "0.0.0.0" adding listener to each available IPv4 address
54116: 20:22:33.825 - Adding UDP listener on: 192.168.0.31: 5056 with a listen backlog of: 500
54116: 20:22:33.825 - Adding UDP listener on: 127.0.0.1: 5056 with a listen backlog of: 500
54116: 20:22:33.833 - Service is running...
54116: 20:22:34.094 - UberStrok.Realtime.Server.Comm:2 - PhotonRunning() failed. Exception:
System.IO.FileLoadException: The path is too long after being fully qualified.  Make sure the full path is less than 260 characters and the directory name is less than 248 characters.
File name: 'Microsoft.Extensions.Logging.Abstractions, Version=2.0.0.0, Culture=neutral, PublicKeyToken=adb9793829ddae60'
   at MongoDB.Driver.Core.Configuration.ClusterBuilder.CreateClusterFactory()
   at MongoDB.Driver.ClusterRegistry.CreateCluster(ClusterKey clusterKey)
   at MongoDB.Driver.ClusterRegistry.GetOrCreateCluster(ClusterKey clusterKey)
   at MongoDB.Driver.MongoClient..ctor(MongoClientSettings settings)
   at UberStrok.WebServices.Client.ModerationWebServiceClient..cctor() in C:\Users\Gerar\Desktop\LocalHostUberStrikeServer\UberServer-4.8.7 - Copy\src\UberStrok.WebServices.Client\ModerationWebServiceClient.cs:line 25

WRN: Assembly binding logging is turned OFF.
To enable assembly bind failure logging, set the registry value [HKLM\Software\Microsoft\Fusion!EnableLog] (DWORD) to 1.
Note: There is some performance penalty associated with assembly bind failure logging.
To turn this feature off, remove the registry value [HKLM\Software\Microsoft\Fusion!EnableLog].

 at...
System.TypeInitializationException: The type initializer for 'UberStrok.WebServices.Client.ModerationWebServiceClient' threw an exception. ---> System.IO.FileLoadException: The path is too long after being fully qualified.  Make sure the full path is less than 260 characters and the directory name is less than 248 characters.
   at MongoDB.Driver.Core.Configuration.ClusterBuilder.CreateClusterFactory()
   at MongoDB.Driver.ClusterRegistry.CreateCluster(ClusterKey clusterKey)
   at MongoDB.Driver.ClusterRegistry.GetOrCreateCluster(ClusterKey clusterKey)
   at MongoDB.Driver.MongoClient..ctor(MongoClientSettings settings)
   at UberStrok.WebServices.Client.ModerationWebServiceClient..cctor() in C:\Users\Gerar\Desktop\LocalHostUberStrikeServer\UberServer-4.8.7 - Copy\src\UberStrok.WebServices.Client\ModerationWebServiceClient.cs:line 25
   --- End of inner exception stack trace ---
   at UberStrok.WebServices.Client.ModerationWebServiceClient..ctor(String endPoint)
   at UberStrok.Realtime.Server.Comm.LobbyRoom..ctor() in C:\Users\Gerar\Desktop\LocalHostUberStrikeServer\UberServer-4.8.7 - Copy\src\UberStrok.Realtime.Server.Comm\LobbyRoom.Handler.cs:line 20
   at UberStrok.Realtime.Server.Comm.LobbyRoomManager..ctor() in C:\Users\Gerar\Desktop\LocalHostUberStrikeServer\UberServer-4.8.7 - Copy\src\UberStrok.Realtime.Server.Comm\LobbyRoomManager.cs:line 9
   at UberStrok.Realtime.Server.Comm.CommApplication.OnSetup() in C:\Users\Gerar\Desktop\LocalHostUberStrikeServer\UberServer-4.8.7 - Copy\src\UberStrok.Realtime.Server.Comm\CommApplication.cs:line 14
   at Application.Setup() in C:\Users\Gerar\Desktop\LocalHostUberStrikeServer\UberServer-4.8.7 - Copy\src\UberStrok.Realtime.Server\Application.cs:line 81
   at Photon.SocketServer.ApplicationBase.PhotonHostRuntimeInterfaces.IPhotonControl.OnPhotonRunning() in h:\svncontent\photon-socketserver-sdk_cloud\src\Photon.SocketServer\ApplicationBase.cs:line 1189
   at PhotonHostRuntime.PhotonDomainManager.PhotonPlainAppDomainBehavior.PhotonRunning()
   at PhotonHostRuntime.PhotonDomainManager.PhotonRunning()
54116: 20:22:34.094 - CService::OnException() - Exception: CManagedHost::PhotonRunning() - Failed in AppDomain: 2 - The file name is too long.
54116: 20:22:34.094 - Server shutting down...
54116: 20:22:34.094 - Shutdown monitoring enabled, 30000ms before process abort
54116: 20:22:34.094 - Notifying CLR applications of shutdown...
54116: 20:22:34.094 - RequestApplicationStop: 2
54116: 20:22:34.095 - RequestApplicationStop: 3
54116: 20:22:34.096 - RequestStop: defalt app domain
54116: 20:22:34.159 - Shutting down WebSocket Outbound Connection Manager...
54116: 20:22:34.159 - Shutting down TCP Outbound Connection Manager...
54116: 20:22:34.159 - Shutting down ENet Outbound Connection Manager...
54116: 20:22:34.159 - Disconnecting all outbound peers...
54116: 20:22:34.159 - Shutting down ENet host...
54116: 20:22:34.159 - Disconnecting all peers...
54116: 20:22:34.159 - Shutting down socket servers...
54116: 20:22:34.161 - Shutting down ENet thread pool...
54116: 20:22:34.161 - Shutting down TCP inactivity timers...
54116: 20:22:34.162 - WaitingForShutdownToComplete: UDP:127.0.0.1:5055
54116: 20:22:34.162 - OnShutdownCompleted: UDP:127.0.0.1:5055
54116: 20:22:34.162 - WaitingForShutdownToComplete: UDP:127.0.0.1:5056
54116: 20:22:34.162 - OnShutdownCompleted: UDP:127.0.0.1:5056
54116: 20:22:34.162 - WaitingForShutdownToComplete: UDP:192.168.0.31:5055
54116: 20:22:34.162 - OnShutdownCompleted: UDP:192.168.0.31:5055
54116: 20:22:34.162 - WaitingForShutdownToComplete: UDP:192.168.0.31:5056
54116: 20:22:34.162 - OnShutdownCompleted: UDP:192.168.0.31:5056
54116: 20:22:34.162 - Shutting down CLR applications...
61128: 20:22:34.163 - CManagedHost::OnDefaultAction() - OPR_AppDomainUnload - eUnloadAppDomain
54116: 20:22:34.165 - Shutting down business logic thread pool...
54116: 20:22:34.165 - Shutting down I/O thread pool...
54116: 20:22:34.165 - Destroying servers
54116: 20:22:34.165 - Destroying WebSocket Outbound Connection Manager
54116: 20:22:34.165 - Destroying TCP Outbound Connection Manager
54116: 20:22:34.165 - Destroying TCP inactivity timer
54116: 20:22:34.165 - Destroying ENet timer wheel
54116: 20:22:34.165 - Destroying ENet host
54116: 20:22:34.165 - Destroying ENet outbound host
54116: 20:22:34.165 - Destroying HTTP inactivity timer
54116: 20:22:34.165 - Destroying HTTP host
54116: 20:22:34.165 - Destroying HTTP Chunk host
54116: 20:22:34.165 - Flushing ENET buffer allocator...
54116: 20:22:34.166 - Flushing TCP buffer handle allocator...
54116: 20:22:34.166 - Flushing stream socket allocator...
54116: 20:22:34.166 - Flushing inbound datagram socket allocator...
54116: 20:22:34.167 - Flushing outbound datagram socket allocator...
54116: 20:22:34.167 - Destroying CLR dispatcher
54116: 20:22:34.167 - Destroying CLR applications
54116: 20:22:34.167 - ~CCLRApplicationCollection() - Waiting up to 10 seconds for the CLR to release all of our objects
5600: 20:22:34.168 - Unloading Domain: ApplicationName = 'UberStrok.Realtime.Server.Comm', DomainId='2'
61128: 20:22:34.168 - CManagedHost::OnDomainUnload() - 2
61128: 20:22:34.246 - CManagedHost::OnDefaultAction() - OPR_AppDomainUnload - eUnloadAppDomain
5600: 20:22:34.249 - Unloading Domain: ApplicationName = 'UberStrok.Realtime.Server.Game', DomainId='3'
61128: 20:22:34.249 - CManagedHost::OnDomainUnload() - 3
54116: 20:22:34.249 - ~CCLRApplicationCollection() - Done. All objects released
54116: 20:22:34.249 - ~CManagedHost() - Release default app domain
54116: 20:22:34.249 - CManagedHost::OnDomainUnload() - 1
54116: 20:22:34.250 - ~CManagedHost() - Waiting up to 10 seconds for CLR shutdown...
54116: 20:22:34.250 - ~CManagedHost
54116: 20:22:34.250 - Destroying ENet thread pool
54116: 20:22:34.250 - Destroying Business logic thread pool
54116: 20:22:34.250 - Destroying I/O thread pool
54116: 20:22:34.250 - Destroying ENet buffer allocator
54116: 20:22:34.250 - Destroying TCP buffer allocator
54116: 20:22:34.250 - Destroying TCP socket allocator
54116: 20:22:34.250 - Destroying ENet inbound socket allocator
54116: 20:22:34.250 - Destroying ENet outbound socket allocator
54116: 20:22:34.250 - Destroying shared datagram flow control data
54116: 20:22:34.250 - Shutdown complete...
54116: 20:22:34.250 - Service shutting down
54116: 20:22:34.251 - Service shut down complete
58080: 20:22:46.441 - ---
58080: 20:22:46.441 - Service: "Photon Socket Server" starting
58080: 20:22:46.441 - Config File: C:\Users\Gerar\Desktop\LocalHostUberStrikeServer\UberServer-4.8.7 - Copy\ServerSetup\PhotonRealtimeServer\bin_Win64\PhotonServer.config
58080: 20:22:46.442 - Will produce at most: 10 crash dumps
58080: 20:22:46.442 - Action: run as exe
58080: 20:22:46.442 - Server Starting...
58080: 20:22:46.442 -    Tick count: 362522421 (wraps in: 45.5144 days)
58080: 20:22:46.442 - Tick count 64: 362522421
58080: 20:22:46.442 - Photon Version: 4.0.28.2962
58080: 20:22:46.442 - PID: 64952
58080: 20:22:46.442 - Config File: C:\Users\Gerar\Desktop\LocalHostUberStrikeServer\UberServer-4.8.7 - Copy\ServerSetup\PhotonRealtimeServer\bin_Win64\PhotonServer.config
58080: 20:22:46.442 - Will NOT log unimportant exceptions
58080: 20:22:46.443 - Not using performance counters as they are not currently installed. Run the service with /InstallCounters to install them.
58080: 20:22:46.443 - Shutdown timeout enabled: 30000ms
58080: 20:22:46.443 - Starting I/O thread pool with 2 threads
58080: 20:22:46.443 - Using Standard allocator
58080: 20:22:46.443 - Max message size: 512000
58080: 20:22:46.443 - Starting business logic thread pool with the following settings
58080: 20:22:46.443 - InitialThreads: 4 threads
58080: 20:22:46.443 - MinThreads: 4 threads
58080: 20:22:46.443 - Thread pool is fixed size
58080: 20:22:46.444 - Starting ENet thread pool with the following settings
58080: 20:22:46.444 - InitialThreads: 2 threads
58080: 20:22:46.444 - MinThreads: 2 threads
58080: 20:22:46.444 - Thread pool is fixed size
58080: 20:22:46.444 - OnlyDispatchTimers: False
58080: 20:22:46.444 - S2S: flow control: Max pending writes: 50
58080: 20:22:46.444 - S2S: flow control: Max queued buffers: 200
58080: 20:22:46.444 - S2S: flow control: Max pending writes MUX: 500
58080: 20:22:46.444 - S2S: flow control: Max queued buffers MUX: 2000
58080: 20:22:46.444 - S2S: MaxInboundMessageSize: 512000
58080: 20:22:46.444 - S2S: MaxOutboundMessageSize: 512000
58080: 20:22:46.444 - S2S: No inactivity timeout
58080: 20:22:46.445 - WebSocket S2S: MaxInboundMessageSize: 512000
58080: 20:22:46.445 - WebSocket S2S: MaxOutboundMessageSize: 512000
58080: 20:22:46.445 - WebSocket S2S: No inactivity timeout
58080: 20:22:46.445 - Max Reliable Data In Transit (awaiting ACKs) per peer : 16384 bytes
58080: 20:22:46.445 - Per peer bandwidth limit
58080: 20:22:46.445 - Transmit Rate Limit: 256 KB/Sec
58080: 20:22:46.445 - Limit period: 200ms
58080: 20:22:46.445 - Limit per period: 52428 bytes
58080: 20:22:46.445 - Max queued data for transmission per peer: 163840 bytes
58080: 20:22:46.445 - Minimum retransmit timeout: 200
58080: 20:22:46.445 - No Maximum retransmit timeout
58080: 20:22:46.445 - Minimum ENet timeout: 5000ms
58080: 20:22:46.445 - Maximum ENet timeout: 30000ms
58080: 20:22:46.445 - Max Inbound Reliable Data Queued (awaiting resends of earlier sequence numbers) per peer : 163840 bytes
58080: 20:22:46.445 - No RTT ACK adjustment timeout
58080: 20:22:46.445 - Outbound ENet: MaxInboundMessageSize: 512000
58080: 20:22:46.445 - Outbound ENet: MaxOutboundMessageSize: 512000
58080: 20:22:46.446 - GetRuntime - About to load CLR - versions available:
58080: 20:22:46.446 - v2.0.50727
58080: 20:22:46.446 - v4.0.30319
58080: 20:22:46.446 - Configuration requests: "v2.0.50727"
58080: 20:22:46.446 - About to load version: "v2.0.50727"
58080: 20:22:46.448 - About to load runtime: PhotonHostRuntime.PhotonDomainManager from PhotonHostRuntime, Culture=neutral, PublicKeyToken=02C301B61B060C4D
58080: 20:22:46.448 - CLRBaseDirectory set to "C:\Users\Gerar\Desktop\LocalHostUberStrikeServer\UberServer-4.8.7 - Copy\ServerSetup\PhotonRealtimeServer"
58080: 20:22:46.448 - Optimising event broadcast for 20 or more peers
58080: 20:22:46.448 - Start: About to load CLR - versions available:
58080: 20:22:46.448 - v2.0.50727
58080: 20:22:46.448 - v4.0.30319
58080: 20:22:46.448 - No preference in configuration file, will load latest.
58080: 20:22:46.448 - About to load version: "v4.0.30319"
58080: 20:22:46.449 - Loaded version: "v4.0.30319"
58080: 20:22:46.515 - Photon host runtime loaded
58080: 20:22:47.806 - LICENSE: No license file was found. Starting with Bootstrap License.
58080: 20:22:47.806 - License is valid.
58080: 20:22:47.806 - Licensed for 20 concurrent connections.
58080: 20:22:47.806 - ENet: Max Reliable Data In Transit (awaiting ACKs) per peer : 16384 bytes
58080: 20:22:47.806 - ENet: Per peer bandwidth limit
58080: 20:22:47.806 - ENet: Transmit Rate Limit: 256 KB/Sec
58080: 20:22:47.806 - ENet: Limit period: 200ms
58080: 20:22:47.806 - ENet: Limit per period: 52428 bytes
58080: 20:22:47.806 - ENet: Max queued data for transmission per peer: 163840 bytes
58080: 20:22:47.806 - ENet: Minimum retransmit timeout: 200
58080: 20:22:47.806 - No Maximum retransmit timeout
58080: 20:22:47.806 - ENet: Minimum timeout: 5000ms
58080: 20:22:47.806 - ENet: Maximum timeout: 30000ms
58080: 20:22:47.806 - ENet: Max Inbound Reliable Data Queued (awaiting resends of earlier sequence numbers) per peer : 163840 bytes
58080: 20:22:47.806 - No RTT ACK adjustment timeout
58080: 20:22:47.806 - About to load application: UberStrok.Realtime.Server.Comm from UberStrok.Realtime.Server.Comm
58080: 20:22:47.806 - Auto restart is enabled for application, existing connections will be terminated during restart
58080: 20:22:47.806 - Application will restart 1000ms after the last change detected
58080: 20:22:47.806 - Application will restart if files matching the following are changed: "dll;config"
58080: 20:22:47.806 - Application will NOT restart if files matching the following are changed: "log4net.config"
58080: 20:22:47.843 - Taking reference on default app domain
58080: 20:22:47.867 - Application: "UberStrok.Realtime.Server.Comm" started in app domain: 2
58080: 20:22:47.867 - About to load application: UberStrok.Realtime.Server.Game from UberStrok.Realtime.Server.Game
58080: 20:22:47.867 - Auto restart is enabled for application, existing connections will be terminated during restart
58080: 20:22:47.867 - Application will restart 1000ms after the last change detected
58080: 20:22:47.867 - Application will restart if files matching the following are changed: "dll;config"
58080: 20:22:47.867 - Application will NOT restart if files matching the following are changed: "log4net.config"
58080: 20:22:47.898 - Taking reference on default app domain
58080: 20:22:47.921 - Application: "UberStrok.Realtime.Server.Game" started in app domain: 3
58080: 20:22:47.921 - Forcing all applications ids to: "UberStrok.Realtime.Server.Comm"
58080: 20:22:47.921 - MaxInboundMessageSize: 512000
58080: 20:22:47.921 - MaxOutboundMessageSize: 512000
58080: 20:22:47.921 - UDP address specified as: "0.0.0.0" adding listener to each available IPv4 address
58080: 20:22:47.921 - Adding UDP listener on: 192.168.0.31: 5055 with a listen backlog of: 500
58080: 20:22:47.921 - Adding UDP listener on: 127.0.0.1: 5055 with a listen backlog of: 500
58080: 20:22:47.922 - Forcing all applications ids to: "UberStrok.Realtime.Server.Game"
58080: 20:22:47.922 - MaxInboundMessageSize: 512000
58080: 20:22:47.922 - MaxOutboundMessageSize: 512000
58080: 20:22:47.922 - UDP address specified as: "0.0.0.0" adding listener to each available IPv4 address
58080: 20:22:47.922 - Adding UDP listener on: 192.168.0.31: 5056 with a listen backlog of: 500
58080: 20:22:47.922 - Adding UDP listener on: 127.0.0.1: 5056 with a listen backlog of: 500
58080: 20:22:47.930 - Service is running...
58080: 20:22:48.158 - UberStrok.Realtime.Server.Comm:2 - PhotonRunning() failed. Exception:
System.IO.FileLoadException: The path is too long after being fully qualified.  Make sure the full path is less than 260 characters and the directory name is less than 248 characters.
File name: 'Microsoft.Extensions.Logging.Abstractions, Version=2.0.0.0, Culture=neutral, PublicKeyToken=adb9793829ddae60'
   at MongoDB.Driver.Core.Configuration.ClusterBuilder.CreateClusterFactory()
   at MongoDB.Driver.ClusterRegistry.CreateCluster(ClusterKey clusterKey)
   at MongoDB.Driver.ClusterRegistry.GetOrCreateCluster(ClusterKey clusterKey)
   at MongoDB.Driver.MongoClient..ctor(MongoClientSettings settings)
   at UberStrok.WebServices.Client.ModerationWebServiceClient..cctor() in C:\Users\Gerar\Desktop\LocalHostUberStrikeServer\UberServer-4.8.7 - Copy\src\UberStrok.WebServices.Client\ModerationWebServiceClient.cs:line 25

WRN: Assembly binding logging is turned OFF.
To enable assembly bind failure logging, set the registry value [HKLM\Software\Microsoft\Fusion!EnableLog] (DWORD) to 1.
Note: There is some performance penalty associated with assembly bind failure logging.
To turn this feature off, remove the registry value [HKLM\Software\Microsoft\Fusion!EnableLog].

 at...
System.TypeInitializationException: The type initializer for 'UberStrok.WebServices.Client.ModerationWebServiceClient' threw an exception. ---> System.IO.FileLoadException: The path is too long after being fully qualified.  Make sure the full path is less than 260 characters and the directory name is less than 248 characters.
   at MongoDB.Driver.Core.Configuration.ClusterBuilder.CreateClusterFactory()
   at MongoDB.Driver.ClusterRegistry.CreateCluster(ClusterKey clusterKey)
   at MongoDB.Driver.ClusterRegistry.GetOrCreateCluster(ClusterKey clusterKey)
   at MongoDB.Driver.MongoClient..ctor(MongoClientSettings settings)
   at UberStrok.WebServices.Client.ModerationWebServiceClient..cctor() in C:\Users\Gerar\Desktop\LocalHostUberStrikeServer\UberServer-4.8.7 - Copy\src\UberStrok.WebServices.Client\ModerationWebServiceClient.cs:line 25
   --- End of inner exception stack trace ---
   at UberStrok.WebServices.Client.ModerationWebServiceClient..ctor(String endPoint)
   at UberStrok.Realtime.Server.Comm.LobbyRoom..ctor() in C:\Users\Gerar\Desktop\LocalHostUberStrikeServer\UberServer-4.8.7 - Copy\src\UberStrok.Realtime.Server.Comm\LobbyRoom.Handler.cs:line 20
   at UberStrok.Realtime.Server.Comm.LobbyRoomManager..ctor() in C:\Users\Gerar\Desktop\LocalHostUberStrikeServer\UberServer-4.8.7 - Copy\src\UberStrok.Realtime.Server.Comm\LobbyRoomManager.cs:line 9
   at UberStrok.Realtime.Server.Comm.CommApplication.OnSetup() in C:\Users\Gerar\Desktop\LocalHostUberStrikeServer\UberServer-4.8.7 - Copy\src\UberStrok.Realtime.Server.Comm\CommApplication.cs:line 14
   at Application.Setup() in C:\Users\Gerar\Desktop\LocalHostUberStrikeServer\UberServer-4.8.7 - Copy\src\UberStrok.Realtime.Server\Application.cs:line 81
   at Photon.SocketServer.ApplicationBase.PhotonHostRuntimeInterfaces.IPhotonControl.OnPhotonRunning() in h:\svncontent\photon-socketserver-sdk_cloud\src\Photon.SocketServer\ApplicationBase.cs:line 1189
   at PhotonHostRuntime.PhotonDomainManager.PhotonPlainAppDomainBehavior.PhotonRunning()
   at PhotonHostRuntime.PhotonDomainManager.PhotonRunning()
58080: 20:22:48.158 - CService::OnException() - Exception: CManagedHost::PhotonRunning() - Failed in AppDomain: 2 - The file name is too long.
58080: 20:22:48.158 - Server shutting down...
58080: 20:22:48.158 - Shutdown monitoring enabled, 30000ms before process abort
58080: 20:22:48.158 - Notifying CLR applications of shutdown...
58080: 20:22:48.158 - RequestApplicationStop: 2
58080: 20:22:48.159 - RequestApplicationStop: 3
58080: 20:22:48.160 - RequestStop: defalt app domain
58080: 20:22:48.160 - Shutting down WebSocket Outbound Connection Manager...
58080: 20:22:48.160 - Shutting down TCP Outbound Connection Manager...
58080: 20:22:48.160 - Shutting down ENet Outbound Connection Manager...
58080: 20:22:48.160 - Disconnecting all outbound peers...
58080: 20:22:48.160 - Shutting down ENet host...
58080: 20:22:48.160 - Disconnecting all peers...
58080: 20:22:48.160 - Shutting down socket servers...
58080: 20:22:48.162 - Shutting down ENet thread pool...
58080: 20:22:48.162 - Shutting down TCP inactivity timers...
58080: 20:22:48.163 - WaitingForShutdownToComplete: UDP:127.0.0.1:5055
58080: 20:22:48.163 - OnShutdownCompleted: UDP:127.0.0.1:5055
58080: 20:22:48.163 - WaitingForShutdownToComplete: UDP:127.0.0.1:5056
58080: 20:22:48.163 - OnShutdownCompleted: UDP:127.0.0.1:5056
58080: 20:22:48.163 - WaitingForShutdownToComplete: UDP:192.168.0.31:5055
58080: 20:22:48.163 - OnShutdownCompleted: UDP:192.168.0.31:5055
58080: 20:22:48.163 - WaitingForShutdownToComplete: UDP:192.168.0.31:5056
58080: 20:22:48.163 - OnShutdownCompleted: UDP:192.168.0.31:5056
58080: 20:22:48.163 - Shutting down CLR applications...
52060: 20:22:48.164 - CManagedHost::OnDefaultAction() - OPR_AppDomainUnload - eUnloadAppDomain
58080: 20:22:48.165 - Shutting down business logic thread pool...
58080: 20:22:48.165 - Shutting down I/O thread pool...
58080: 20:22:48.165 - Destroying servers
58080: 20:22:48.166 - Destroying WebSocket Outbound Connection Manager
58080: 20:22:48.166 - Destroying TCP Outbound Connection Manager
58080: 20:22:48.166 - Destroying TCP inactivity timer
58080: 20:22:48.166 - Destroying ENet timer wheel
58080: 20:22:48.166 - Destroying ENet host
58080: 20:22:48.166 - Destroying ENet outbound host
58080: 20:22:48.166 - Destroying HTTP inactivity timer
58080: 20:22:48.166 - Destroying HTTP host
58080: 20:22:48.166 - Destroying HTTP Chunk host
58080: 20:22:48.166 - Flushing ENET buffer allocator...
58080: 20:22:48.166 - Flushing TCP buffer handle allocator...
58080: 20:22:48.166 - Flushing stream socket allocator...
58080: 20:22:48.166 - Flushing inbound datagram socket allocator...
58080: 20:22:48.167 - Flushing outbound datagram socket allocator...
58080: 20:22:48.167 - Destroying CLR dispatcher
58080: 20:22:48.167 - Destroying CLR applications
58080: 20:22:48.167 - ~CCLRApplicationCollection() - Waiting up to 10 seconds for the CLR to release all of our objects
37640: 20:22:48.168 - Unloading Domain: ApplicationName = 'UberStrok.Realtime.Server.Comm', DomainId='2'
52060: 20:22:48.168 - CManagedHost::OnDomainUnload() - 2
52060: 20:22:48.173 - CManagedHost::OnDefaultAction() - OPR_AppDomainUnload - eUnloadAppDomain
37640: 20:22:48.176 - Unloading Domain: ApplicationName = 'UberStrok.Realtime.Server.Game', DomainId='3'
52060: 20:22:48.176 - CManagedHost::OnDomainUnload() - 3
58080: 20:22:48.176 - ~CCLRApplicationCollection() - Done. All objects released
58080: 20:22:48.176 - ~CManagedHost() - Release default app domain
58080: 20:22:48.176 - CManagedHost::OnDomainUnload() - 1
58080: 20:22:48.176 - ~CManagedHost() - Waiting up to 10 seconds for CLR shutdown...
58080: 20:22:48.176 - ~CManagedHost
58080: 20:22:48.176 - Destroying ENet thread pool
58080: 20:22:48.176 - Destroying Business logic thread pool
58080: 20:22:48.176 - Destroying I/O thread pool
58080: 20:22:48.176 - Destroying ENet buffer allocator
58080: 20:22:48.176 - Destroying TCP buffer allocator
58080: 20:22:48.176 - Destroying TCP socket allocator
58080: 20:22:48.176 - Destroying ENet inbound socket allocator
58080: 20:22:48.176 - Destroying ENet outbound socket allocator
58080: 20:22:48.176 - Destroying shared datagram flow control data
58080: 20:22:48.176 - Shutdown complete...
58080: 20:22:48.177 - Service shutting down
58080: 20:22:48.177 - Service shut down complete
54812: 20:23:50.908 - ---
54812: 20:23:50.908 - Service: "Photon Socket Server" starting
54812: 20:23:50.908 - Config File: C:\Users\Gerar\Desktop\LocalHostUberStrikeServer\UberServer-4.8.7 - Copy\ServerSetup\PhotonRealtimeServer\bin_Win64\PhotonServer.config
54812: 20:23:50.909 - Will produce at most: 10 crash dumps
54812: 20:23:50.909 - Action: run as exe
54812: 20:23:50.909 - Server Starting...
54812: 20:23:50.909 -    Tick count: 362586890 (wraps in: 45.5137 days)
54812: 20:23:50.909 - Tick count 64: 362586890
54812: 20:23:50.909 - Photon Version: 4.0.28.2962
54812: 20:23:50.909 - PID: 4836
54812: 20:23:50.909 - Config File: C:\Users\Gerar\Desktop\LocalHostUberStrikeServer\UberServer-4.8.7 - Copy\ServerSetup\PhotonRealtimeServer\bin_Win64\PhotonServer.config
54812: 20:23:50.909 - Will NOT log unimportant exceptions
54812: 20:23:50.910 - Not using performance counters as they are not currently installed. Run the service with /InstallCounters to install them.
54812: 20:23:50.910 - Shutdown timeout enabled: 30000ms
54812: 20:23:50.910 - Starting I/O thread pool with 2 threads
54812: 20:23:50.910 - Using Standard allocator
54812: 20:23:50.910 - Max message size: 512000
54812: 20:23:50.910 - Starting business logic thread pool with the following settings
54812: 20:23:50.910 - InitialThreads: 4 threads
54812: 20:23:50.910 - MinThreads: 4 threads
54812: 20:23:50.911 - Thread pool is fixed size
54812: 20:23:50.911 - Starting ENet thread pool with the following settings
54812: 20:23:50.911 - InitialThreads: 2 threads
54812: 20:23:50.911 - MinThreads: 2 threads
54812: 20:23:50.911 - Thread pool is fixed size
54812: 20:23:50.911 - OnlyDispatchTimers: False
54812: 20:23:50.911 - S2S: flow control: Max pending writes: 50
54812: 20:23:50.911 - S2S: flow control: Max queued buffers: 200
54812: 20:23:50.911 - S2S: flow control: Max pending writes MUX: 500
54812: 20:23:50.911 - S2S: flow control: Max queued buffers MUX: 2000
54812: 20:23:50.911 - S2S: MaxInboundMessageSize: 512000
54812: 20:23:50.911 - S2S: MaxOutboundMessageSize: 512000
54812: 20:23:50.911 - S2S: No inactivity timeout
54812: 20:23:50.912 - WebSocket S2S: MaxInboundMessageSize: 512000
54812: 20:23:50.912 - WebSocket S2S: MaxOutboundMessageSize: 512000
54812: 20:23:50.912 - WebSocket S2S: No inactivity timeout
54812: 20:23:50.912 - Max Reliable Data In Transit (awaiting ACKs) per peer : 16384 bytes
54812: 20:23:50.912 - Per peer bandwidth limit
54812: 20:23:50.912 - Transmit Rate Limit: 256 KB/Sec
54812: 20:23:50.912 - Limit period: 200ms
54812: 20:23:50.912 - Limit per period: 52428 bytes
54812: 20:23:50.912 - Max queued data for transmission per peer: 163840 bytes
54812: 20:23:50.912 - Minimum retransmit timeout: 200
54812: 20:23:50.912 - No Maximum retransmit timeout
54812: 20:23:50.912 - Minimum ENet timeout: 5000ms
54812: 20:23:50.912 - Maximum ENet timeout: 30000ms
54812: 20:23:50.912 - Max Inbound Reliable Data Queued (awaiting resends of earlier sequence numbers) per peer : 163840 bytes
54812: 20:23:50.912 - No RTT ACK adjustment timeout
54812: 20:23:50.912 - Outbound ENet: MaxInboundMessageSize: 512000
54812: 20:23:50.912 - Outbound ENet: MaxOutboundMessageSize: 512000
54812: 20:23:50.913 - GetRuntime - About to load CLR - versions available:
54812: 20:23:50.913 - v2.0.50727
54812: 20:23:50.913 - v4.0.30319
54812: 20:23:50.913 - Configuration requests: "v2.0.50727"
54812: 20:23:50.913 - About to load version: "v2.0.50727"
54812: 20:23:50.915 - About to load runtime: PhotonHostRuntime.PhotonDomainManager from PhotonHostRuntime, Culture=neutral, PublicKeyToken=02C301B61B060C4D
54812: 20:23:50.915 - CLRBaseDirectory set to "C:\Users\Gerar\Desktop\LocalHostUberStrikeServer\UberServer-4.8.7 - Copy\ServerSetup\PhotonRealtimeServer"
54812: 20:23:50.915 - Optimising event broadcast for 20 or more peers
54812: 20:23:50.915 - Start: About to load CLR - versions available:
54812: 20:23:50.915 - v2.0.50727
54812: 20:23:50.915 - v4.0.30319
54812: 20:23:50.915 - No preference in configuration file, will load latest.
54812: 20:23:50.915 - About to load version: "v4.0.30319"
54812: 20:23:50.916 - Loaded version: "v4.0.30319"
54812: 20:23:50.982 - Photon host runtime loaded
54812: 20:23:52.388 - LICENSE: No license file was found. Starting with Bootstrap License.
54812: 20:23:52.388 - License is valid.
54812: 20:23:52.388 - Licensed for 20 concurrent connections.
54812: 20:23:52.388 - ENet: Max Reliable Data In Transit (awaiting ACKs) per peer : 16384 bytes
54812: 20:23:52.388 - ENet: Per peer bandwidth limit
54812: 20:23:52.388 - ENet: Transmit Rate Limit: 256 KB/Sec
54812: 20:23:52.388 - ENet: Limit period: 200ms
54812: 20:23:52.388 - ENet: Limit per period: 52428 bytes
54812: 20:23:52.388 - ENet: Max queued data for transmission per peer: 163840 bytes
54812: 20:23:52.388 - ENet: Minimum retransmit timeout: 200
54812: 20:23:52.388 - No Maximum retransmit timeout
54812: 20:23:52.388 - ENet: Minimum timeout: 5000ms
54812: 20:23:52.388 - ENet: Maximum timeout: 30000ms
54812: 20:23:52.388 - ENet: Max Inbound Reliable Data Queued (awaiting resends of earlier sequence numbers) per peer : 163840 bytes
54812: 20:23:52.388 - No RTT ACK adjustment timeout
54812: 20:23:52.388 - About to load application: UberStrok.Realtime.Server.Comm from UberStrok.Realtime.Server.Comm
54812: 20:23:52.388 - Auto restart is enabled for application, existing connections will be terminated during restart
54812: 20:23:52.388 - Application will restart 1000ms after the last change detected
54812: 20:23:52.388 - Application will restart if files matching the following are changed: "dll;config"
54812: 20:23:52.388 - Application will NOT restart if files matching the following are changed: "log4net.config"
54812: 20:23:52.422 - Taking reference on default app domain
54812: 20:23:52.444 - Application: "UberStrok.Realtime.Server.Comm" started in app domain: 2
54812: 20:23:52.444 - About to load application: UberStrok.Realtime.Server.Game from UberStrok.Realtime.Server.Game
54812: 20:23:52.444 - Auto restart is enabled for application, existing connections will be terminated during restart
54812: 20:23:52.444 - Application will restart 1000ms after the last change detected
54812: 20:23:52.444 - Application will restart if files matching the following are changed: "dll;config"
54812: 20:23:52.444 - Application will NOT restart if files matching the following are changed: "log4net.config"
54812: 20:23:52.474 - Taking reference on default app domain
54812: 20:23:52.495 - Application: "UberStrok.Realtime.Server.Game" started in app domain: 3
54812: 20:23:52.495 - Forcing all applications ids to: "UberStrok.Realtime.Server.Comm"
54812: 20:23:52.495 - MaxInboundMessageSize: 512000
54812: 20:23:52.495 - MaxOutboundMessageSize: 512000
54812: 20:23:52.495 - UDP address specified as: "0.0.0.0" adding listener to each available IPv4 address
54812: 20:23:52.495 - Adding UDP listener on: 192.168.0.31: 5055 with a listen backlog of: 500
54812: 20:23:52.495 - Adding UDP listener on: 127.0.0.1: 5055 with a listen backlog of: 500
54812: 20:23:52.495 - Forcing all applications ids to: "UberStrok.Realtime.Server.Game"
54812: 20:23:52.495 - MaxInboundMessageSize: 512000
54812: 20:23:52.495 - MaxOutboundMessageSize: 512000
54812: 20:23:52.495 - UDP address specified as: "0.0.0.0" adding listener to each available IPv4 address
54812: 20:23:52.496 - Adding UDP listener on: 192.168.0.31: 5056 with a listen backlog of: 500
54812: 20:23:52.496 - Adding UDP listener on: 127.0.0.1: 5056 with a listen backlog of: 500
54812: 20:23:52.503 - Service is running...
54812: 20:23:52.730 - UberStrok.Realtime.Server.Comm:2 - PhotonRunning() failed. Exception:
System.IO.FileLoadException: The path is too long after being fully qualified.  Make sure the full path is less than 260 characters and the directory name is less than 248 characters.
File name: 'Microsoft.Extensions.Logging.Abstractions, Version=2.0.0.0, Culture=neutral, PublicKeyToken=adb9793829ddae60'
   at MongoDB.Driver.Core.Configuration.ClusterBuilder.CreateClusterFactory()
   at MongoDB.Driver.ClusterRegistry.CreateCluster(ClusterKey clusterKey)
   at MongoDB.Driver.ClusterRegistry.GetOrCreateCluster(ClusterKey clusterKey)
   at MongoDB.Driver.MongoClient..ctor(MongoClientSettings settings)
   at UberStrok.WebServices.Client.ModerationWebServiceClient..cctor() in C:\Users\Gerar\Desktop\LocalHostUberStrikeServer\UberServer-4.8.7 - Copy\src\UberStrok.WebServices.Client\ModerationWebServiceClient.cs:line 25

WRN: Assembly binding logging is turned OFF.
To enable assembly bind failure logging, set the registry value [HKLM\Software\Microsoft\Fusion!EnableLog] (DWORD) to 1.
Note: There is some performance penalty associated with assembly bind failure logging.
To turn this feature off, remove the registry value [HKLM\Software\Microsoft\Fusion!EnableLog].

 at...
System.TypeInitializationException: The type initializer for 'UberStrok.WebServices.Client.ModerationWebServiceClient' threw an exception. ---> System.IO.FileLoadException: The path is too long after being fully qualified.  Make sure the full path is less than 260 characters and the directory name is less than 248 characters.
   at MongoDB.Driver.Core.Configuration.ClusterBuilder.CreateClusterFactory()
   at MongoDB.Driver.ClusterRegistry.CreateCluster(ClusterKey clusterKey)
   at MongoDB.Driver.ClusterRegistry.GetOrCreateCluster(ClusterKey clusterKey)
   at MongoDB.Driver.MongoClient..ctor(MongoClientSettings settings)
   at UberStrok.WebServices.Client.ModerationWebServiceClient..cctor() in C:\Users\Gerar\Desktop\LocalHostUberStrikeServer\UberServer-4.8.7 - Copy\src\UberStrok.WebServices.Client\ModerationWebServiceClient.cs:line 25
   --- End of inner exception stack trace ---
   at UberStrok.WebServices.Client.ModerationWebServiceClient..ctor(String endPoint)
   at UberStrok.Realtime.Server.Comm.LobbyRoom..ctor() in C:\Users\Gerar\Desktop\LocalHostUberStrikeServer\UberServer-4.8.7 - Copy\src\UberStrok.Realtime.Server.Comm\LobbyRoom.Handler.cs:line 20
   at UberStrok.Realtime.Server.Comm.LobbyRoomManager..ctor() in C:\Users\Gerar\Desktop\LocalHostUberStrikeServer\UberServer-4.8.7 - Copy\src\UberStrok.Realtime.Server.Comm\LobbyRoomManager.cs:line 9
   at UberStrok.Realtime.Server.Comm.CommApplication.OnSetup() in C:\Users\Gerar\Desktop\LocalHostUberStrikeServer\UberServer-4.8.7 - Copy\src\UberStrok.Realtime.Server.Comm\CommApplication.cs:line 14
   at Application.Setup() in C:\Users\Gerar\Desktop\LocalHostUberStrikeServer\UberServer-4.8.7 - Copy\src\UberStrok.Realtime.Server\Application.cs:line 81
   at Photon.SocketServer.ApplicationBase.PhotonHostRuntimeInterfaces.IPhotonControl.OnPhotonRunning() in h:\svncontent\photon-socketserver-sdk_cloud\src\Photon.SocketServer\ApplicationBase.cs:line 1189
   at PhotonHostRuntime.PhotonDomainManager.PhotonPlainAppDomainBehavior.PhotonRunning()
   at PhotonHostRuntime.PhotonDomainManager.PhotonRunning()
54812: 20:23:52.730 - CService::OnException() - Exception: CManagedHost::PhotonRunning() - Failed in AppDomain: 2 - The file name is too long.
54812: 20:23:52.730 - Server shutting down...
54812: 20:23:52.730 - Shutdown monitoring enabled, 30000ms before process abort
54812: 20:23:52.730 - Notifying CLR applications of shutdown...
54812: 20:23:52.730 - RequestApplicationStop: 2
54812: 20:23:52.730 - RequestApplicationStop: 3
54812: 20:23:52.731 - RequestStop: defalt app domain
54812: 20:23:52.732 - Shutting down WebSocket Outbound Connection Manager...
54812: 20:23:52.732 - Shutting down TCP Outbound Connection Manager...
54812: 20:23:52.732 - Shutting down ENet Outbound Connection Manager...
54812: 20:23:52.732 - Disconnecting all outbound peers...
54812: 20:23:52.732 - Shutting down ENet host...
54812: 20:23:52.732 - Disconnecting all peers...
54812: 20:23:52.732 - Shutting down socket servers...
54812: 20:23:52.734 - Shutting down ENet thread pool...
54812: 20:23:52.734 - Shutting down TCP inactivity timers...
54812: 20:23:52.734 - WaitingForShutdownToComplete: UDP:127.0.0.1:5055
54812: 20:23:52.734 - OnShutdownCompleted: UDP:127.0.0.1:5055
54812: 20:23:52.734 - WaitingForShutdownToComplete: UDP:127.0.0.1:5056
54812: 20:23:52.734 - OnShutdownCompleted: UDP:127.0.0.1:5056
54812: 20:23:52.734 - WaitingForShutdownToComplete: UDP:192.168.0.31:5055
54812: 20:23:52.734 - OnShutdownCompleted: UDP:192.168.0.31:5055
54812: 20:23:52.734 - WaitingForShutdownToComplete: UDP:192.168.0.31:5056
54812: 20:23:52.734 - OnShutdownCompleted: UDP:192.168.0.31:5056
54812: 20:23:52.734 - Shutting down CLR applications...
63152: 20:23:52.735 - CManagedHost::OnDefaultAction() - OPR_AppDomainUnload - eUnloadAppDomain
54812: 20:23:52.737 - Shutting down business logic thread pool...
54812: 20:23:52.737 - Shutting down I/O thread pool...
54812: 20:23:52.737 - Destroying servers
54812: 20:23:52.737 - Destroying WebSocket Outbound Connection Manager
54812: 20:23:52.737 - Destroying TCP Outbound Connection Manager
54812: 20:23:52.737 - Destroying TCP inactivity timer
54812: 20:23:52.737 - Destroying ENet timer wheel
54812: 20:23:52.737 - Destroying ENet host
54812: 20:23:52.737 - Destroying ENet outbound host
54812: 20:23:52.737 - Destroying HTTP inactivity timer
54812: 20:23:52.737 - Destroying HTTP host
54812: 20:23:52.737 - Destroying HTTP Chunk host
54812: 20:23:52.737 - Flushing ENET buffer allocator...
54812: 20:23:52.737 - Flushing TCP buffer handle allocator...
54812: 20:23:52.737 - Flushing stream socket allocator...
54812: 20:23:52.737 - Flushing inbound datagram socket allocator...
54812: 20:23:52.738 - Flushing outbound datagram socket allocator...
54812: 20:23:52.738 - Destroying CLR dispatcher
54812: 20:23:52.738 - Destroying CLR applications
54812: 20:23:52.738 - ~CCLRApplicationCollection() - Waiting up to 10 seconds for the CLR to release all of our objects
61448: 20:23:52.739 - Unloading Domain: ApplicationName = 'UberStrok.Realtime.Server.Comm', DomainId='2'
63152: 20:23:52.739 - CManagedHost::OnDomainUnload() - 2
63152: 20:23:52.743 - CManagedHost::OnDefaultAction() - OPR_AppDomainUnload - eUnloadAppDomain
61448: 20:23:52.745 - Unloading Domain: ApplicationName = 'UberStrok.Realtime.Server.Game', DomainId='3'
63152: 20:23:52.746 - CManagedHost::OnDomainUnload() - 3
54812: 20:23:52.746 - ~CCLRApplicationCollection() - Done. All objects released
54812: 20:23:52.746 - ~CManagedHost() - Release default app domain
54812: 20:23:52.746 - CManagedHost::OnDomainUnload() - 1
54812: 20:23:52.746 - ~CManagedHost() - Waiting up to 10 seconds for CLR shutdown...
54812: 20:23:52.746 - ~CManagedHost
54812: 20:23:52.746 - Destroying ENet thread pool
54812: 20:23:52.746 - Destroying Business logic thread pool
54812: 20:23:52.746 - Destroying I/O thread pool
54812: 20:23:52.746 - Destroying ENet buffer allocator
54812: 20:23:52.746 - Destroying TCP buffer allocator
54812: 20:23:52.746 - Destroying TCP socket allocator
54812: 20:23:52.746 - Destroying ENet inbound socket allocator
54812: 20:23:52.746 - Destroying ENet outbound socket allocator
54812: 20:23:52.746 - Destroying shared datagram flow control data
54812: 20:23:52.746 - Shutdown complete...
54812: 20:23:52.746 - Service shutting down
54812: 20:23:52.747 - Service shut down complete
29812: 20:24:00.042 - ---
29812: 20:24:00.042 - Service: "Photon Socket Server" starting
29812: 20:24:00.042 - Config File: C:\Users\Gerar\Desktop\LocalHostUberStrikeServer\UberServer-4.8.7 - Copy\ServerSetup\PhotonRealtimeServer\bin_Win64\PhotonServer.config
29812: 20:24:00.043 - Will produce at most: 10 crash dumps
29812: 20:24:00.043 - Action: run as exe
29812: 20:24:00.043 - Server Starting...
29812: 20:24:00.043 -    Tick count: 362596031 (wraps in: 45.5136 days)
29812: 20:24:00.043 - Tick count 64: 362596031
29812: 20:24:00.043 - Photon Version: 4.0.28.2962
29812: 20:24:00.043 - PID: 60680
29812: 20:24:00.043 - Config File: C:\Users\Gerar\Desktop\LocalHostUberStrikeServer\UberServer-4.8.7 - Copy\ServerSetup\PhotonRealtimeServer\bin_Win64\PhotonServer.config
29812: 20:24:00.043 - Will NOT log unimportant exceptions
29812: 20:24:00.044 - Not using performance counters as they are not currently installed. Run the service with /InstallCounters to install them.
29812: 20:24:00.044 - Shutdown timeout enabled: 30000ms
29812: 20:24:00.044 - Starting I/O thread pool with 2 threads
29812: 20:24:00.044 - Using Standard allocator
29812: 20:24:00.044 - Max message size: 512000
29812: 20:24:00.044 - Starting business logic thread pool with the following settings
29812: 20:24:00.044 - InitialThreads: 4 threads
29812: 20:24:00.044 - MinThreads: 4 threads
29812: 20:24:00.044 - Thread pool is fixed size
29812: 20:24:00.045 - Starting ENet thread pool with the following settings
29812: 20:24:00.045 - InitialThreads: 2 threads
29812: 20:24:00.045 - MinThreads: 2 threads
29812: 20:24:00.045 - Thread pool is fixed size
29812: 20:24:00.045 - OnlyDispatchTimers: False
29812: 20:24:00.045 - S2S: flow control: Max pending writes: 50
29812: 20:24:00.045 - S2S: flow control: Max queued buffers: 200
29812: 20:24:00.045 - S2S: flow control: Max pending writes MUX: 500
29812: 20:24:00.045 - S2S: flow control: Max queued buffers MUX: 2000
29812: 20:24:00.045 - S2S: MaxInboundMessageSize: 512000
29812: 20:24:00.045 - S2S: MaxOutboundMessageSize: 512000
29812: 20:24:00.045 - S2S: No inactivity timeout
29812: 20:24:00.046 - WebSocket S2S: MaxInboundMessageSize: 512000
29812: 20:24:00.046 - WebSocket S2S: MaxOutboundMessageSize: 512000
29812: 20:24:00.046 - WebSocket S2S: No inactivity timeout
29812: 20:24:00.046 - Max Reliable Data In Transit (awaiting ACKs) per peer : 16384 bytes
29812: 20:24:00.046 - Per peer bandwidth limit
29812: 20:24:00.046 - Transmit Rate Limit: 256 KB/Sec
29812: 20:24:00.046 - Limit period: 200ms
29812: 20:24:00.046 - Limit per period: 52428 bytes
29812: 20:24:00.046 - Max queued data for transmission per peer: 163840 bytes
29812: 20:24:00.046 - Minimum retransmit timeout: 200
29812: 20:24:00.046 - No Maximum retransmit timeout
29812: 20:24:00.046 - Minimum ENet timeout: 5000ms
29812: 20:24:00.046 - Maximum ENet timeout: 30000ms
29812: 20:24:00.046 - Max Inbound Reliable Data Queued (awaiting resends of earlier sequence numbers) per peer : 163840 bytes
29812: 20:24:00.046 - No RTT ACK adjustment timeout
29812: 20:24:00.046 - Outbound ENet: MaxInboundMessageSize: 512000
29812: 20:24:00.046 - Outbound ENet: MaxOutboundMessageSize: 512000
29812: 20:24:00.047 - GetRuntime - About to load CLR - versions available:
29812: 20:24:00.047 - v2.0.50727
29812: 20:24:00.047 - v4.0.30319
29812: 20:24:00.047 - Configuration requests: "v2.0.50727"
29812: 20:24:00.047 - About to load version: "v2.0.50727"
29812: 20:24:00.049 - About to load runtime: PhotonHostRuntime.PhotonDomainManager from PhotonHostRuntime, Culture=neutral, PublicKeyToken=02C301B61B060C4D
29812: 20:24:00.049 - CLRBaseDirectory set to "C:\Users\Gerar\Desktop\LocalHostUberStrikeServer\UberServer-4.8.7 - Copy\ServerSetup\PhotonRealtimeServer"
29812: 20:24:00.049 - Optimising event broadcast for 20 or more peers
29812: 20:24:00.049 - Start: About to load CLR - versions available:
29812: 20:24:00.049 - v2.0.50727
29812: 20:24:00.049 - v4.0.30319
29812: 20:24:00.049 - No preference in configuration file, will load latest.
29812: 20:24:00.049 - About to load version: "v4.0.30319"
29812: 20:24:00.050 - Loaded version: "v4.0.30319"
29812: 20:24:00.119 - Photon host runtime loaded
29812: 20:24:01.411 - LICENSE: No license file was found. Starting with Bootstrap License.
29812: 20:24:01.411 - License is valid.
29812: 20:24:01.411 - Licensed for 20 concurrent connections.
29812: 20:24:01.411 - ENet: Max Reliable Data In Transit (awaiting ACKs) per peer : 16384 bytes
29812: 20:24:01.411 - ENet: Per peer bandwidth limit
29812: 20:24:01.411 - ENet: Transmit Rate Limit: 256 KB/Sec
29812: 20:24:01.411 - ENet: Limit period: 200ms
29812: 20:24:01.411 - ENet: Limit per period: 52428 bytes
29812: 20:24:01.411 - ENet: Max queued data for transmission per peer: 163840 bytes
29812: 20:24:01.411 - ENet: Minimum retransmit timeout: 200
29812: 20:24:01.411 - No Maximum retransmit timeout
29812: 20:24:01.411 - ENet: Minimum timeout: 5000ms
29812: 20:24:01.411 - ENet: Maximum timeout: 30000ms
29812: 20:24:01.411 - ENet: Max Inbound Reliable Data Queued (awaiting resends of earlier sequence numbers) per peer : 163840 bytes
29812: 20:24:01.411 - No RTT ACK adjustment timeout
29812: 20:24:01.411 - About to load application: UberStrok.Realtime.Server.Comm from UberStrok.Realtime.Server.Comm
29812: 20:24:01.411 - Auto restart is enabled for application, existing connections will be terminated during restart
29812: 20:24:01.411 - Application will restart 1000ms after the last change detected
29812: 20:24:01.411 - Application will restart if files matching the following are changed: "dll;config"
29812: 20:24:01.411 - Application will NOT restart if files matching the following are changed: "log4net.config"
29812: 20:24:01.447 - Taking reference on default app domain
29812: 20:24:01.470 - Application: "UberStrok.Realtime.Server.Comm" started in app domain: 2
29812: 20:24:01.470 - About to load application: UberStrok.Realtime.Server.Game from UberStrok.Realtime.Server.Game
29812: 20:24:01.470 - Auto restart is enabled for application, existing connections will be terminated during restart
29812: 20:24:01.470 - Application will restart 1000ms after the last change detected
29812: 20:24:01.470 - Application will restart if files matching the following are changed: "dll;config"
29812: 20:24:01.470 - Application will NOT restart if files matching the following are changed: "log4net.config"
29812: 20:24:01.501 - Taking reference on default app domain
29812: 20:24:01.524 - Application: "UberStrok.Realtime.Server.Game" started in app domain: 3
29812: 20:24:01.524 - Forcing all applications ids to: "UberStrok.Realtime.Server.Comm"
29812: 20:24:01.524 - MaxInboundMessageSize: 512000
29812: 20:24:01.524 - MaxOutboundMessageSize: 512000
29812: 20:24:01.524 - UDP address specified as: "0.0.0.0" adding listener to each available IPv4 address
29812: 20:24:01.524 - Adding UDP listener on: 192.168.0.31: 5055 with a listen backlog of: 500
29812: 20:24:01.524 - Adding UDP listener on: 127.0.0.1: 5055 with a listen backlog of: 500
29812: 20:24:01.525 - Forcing all applications ids to: "UberStrok.Realtime.Server.Game"
29812: 20:24:01.525 - MaxInboundMessageSize: 512000
29812: 20:24:01.525 - MaxOutboundMessageSize: 512000
29812: 20:24:01.525 - UDP address specified as: "0.0.0.0" adding listener to each available IPv4 address
29812: 20:24:01.525 - Adding UDP listener on: 192.168.0.31: 5056 with a listen backlog of: 500
29812: 20:24:01.525 - Adding UDP listener on: 127.0.0.1: 5056 with a listen backlog of: 500
29812: 20:24:01.533 - Service is running...
29812: 20:24:01.762 - UberStrok.Realtime.Server.Comm:2 - PhotonRunning() failed. Exception:
System.IO.FileLoadException: The path is too long after being fully qualified.  Make sure the full path is less than 260 characters and the directory name is less than 248 characters.
File name: 'Microsoft.Extensions.Logging.Abstractions, Version=2.0.0.0, Culture=neutral, PublicKeyToken=adb9793829ddae60'
   at MongoDB.Driver.Core.Configuration.ClusterBuilder.CreateClusterFactory()
   at MongoDB.Driver.ClusterRegistry.CreateCluster(ClusterKey clusterKey)
   at MongoDB.Driver.ClusterRegistry.GetOrCreateCluster(ClusterKey clusterKey)
   at MongoDB.Driver.MongoClient..ctor(MongoClientSettings settings)
   at UberStrok.WebServices.Client.ModerationWebServiceClient..cctor() in C:\Users\Gerar\Desktop\LocalHostUberStrikeServer\UberServer-4.8.7 - Copy\src\UberStrok.WebServices.Client\ModerationWebServiceClient.cs:line 25

WRN: Assembly binding logging is turned OFF.
To enable assembly bind failure logging, set the registry value [HKLM\Software\Microsoft\Fusion!EnableLog] (DWORD) to 1.
Note: There is some performance penalty associated with assembly bind failure logging.
To turn this feature off, remove the registry value [HKLM\Software\Microsoft\Fusion!EnableLog].

 at...
System.TypeInitializationException: The type initializer for 'UberStrok.WebServices.Client.ModerationWebServiceClient' threw an exception. ---> System.IO.FileLoadException: The path is too long after being fully qualified.  Make sure the full path is less than 260 characters and the directory name is less than 248 characters.
   at MongoDB.Driver.Core.Configuration.ClusterBuilder.CreateClusterFactory()
   at MongoDB.Driver.ClusterRegistry.CreateCluster(ClusterKey clusterKey)
   at MongoDB.Driver.ClusterRegistry.GetOrCreateCluster(ClusterKey clusterKey)
   at MongoDB.Driver.MongoClient..ctor(MongoClientSettings settings)
   at UberStrok.WebServices.Client.ModerationWebServiceClient..cctor() in C:\Users\Gerar\Desktop\LocalHostUberStrikeServer\UberServer-4.8.7 - Copy\src\UberStrok.WebServices.Client\ModerationWebServiceClient.cs:line 25
   --- End of inner exception stack trace ---
   at UberStrok.WebServices.Client.ModerationWebServiceClient..ctor(String endPoint)
   at UberStrok.Realtime.Server.Comm.LobbyRoom..ctor() in C:\Users\Gerar\Desktop\LocalHostUberStrikeServer\UberServer-4.8.7 - Copy\src\UberStrok.Realtime.Server.Comm\LobbyRoom.Handler.cs:line 20
   at UberStrok.Realtime.Server.Comm.LobbyRoomManager..ctor() in C:\Users\Gerar\Desktop\LocalHostUberStrikeServer\UberServer-4.8.7 - Copy\src\UberStrok.Realtime.Server.Comm\LobbyRoomManager.cs:line 9
   at UberStrok.Realtime.Server.Comm.CommApplication.OnSetup() in C:\Users\Gerar\Desktop\LocalHostUberStrikeServer\UberServer-4.8.7 - Copy\src\UberStrok.Realtime.Server.Comm\CommApplication.cs:line 14
   at Application.Setup() in C:\Users\Gerar\Desktop\LocalHostUberStrikeServer\UberServer-4.8.7 - Copy\src\UberStrok.Realtime.Server\Application.cs:line 81
   at Photon.SocketServer.ApplicationBase.PhotonHostRuntimeInterfaces.IPhotonControl.OnPhotonRunning() in h:\svncontent\photon-socketserver-sdk_cloud\src\Photon.SocketServer\ApplicationBase.cs:line 1189
   at PhotonHostRuntime.PhotonDomainManager.PhotonPlainAppDomainBehavior.PhotonRunning()
   at PhotonHostRuntime.PhotonDomainManager.PhotonRunning()
29812: 20:24:01.762 - CService::OnException() - Exception: CManagedHost::PhotonRunning() - Failed in AppDomain: 2 - The file name is too long.
29812: 20:24:01.762 - Server shutting down...
29812: 20:24:01.762 - Shutdown monitoring enabled, 30000ms before process abort
29812: 20:24:01.762 - Notifying CLR applications of shutdown...
29812: 20:24:01.762 - RequestApplicationStop: 2
29812: 20:24:01.763 - RequestApplicationStop: 3
29812: 20:24:01.764 - RequestStop: defalt app domain
29812: 20:24:01.764 - Shutting down WebSocket Outbound Connection Manager...
29812: 20:24:01.764 - Shutting down TCP Outbound Connection Manager...
29812: 20:24:01.764 - Shutting down ENet Outbound Connection Manager...
29812: 20:24:01.764 - Disconnecting all outbound peers...
29812: 20:24:01.764 - Shutting down ENet host...
29812: 20:24:01.764 - Disconnecting all peers...
29812: 20:24:01.764 - Shutting down socket servers...
29812: 20:24:01.766 - Shutting down ENet thread pool...
29812: 20:24:01.766 - Shutting down TCP inactivity timers...
29812: 20:24:01.766 - WaitingForShutdownToComplete: UDP:127.0.0.1:5055
29812: 20:24:01.766 - OnShutdownCompleted: UDP:127.0.0.1:5055
29812: 20:24:01.766 - WaitingForShutdownToComplete: UDP:127.0.0.1:5056
29812: 20:24:01.766 - OnShutdownCompleted: UDP:127.0.0.1:5056
29812: 20:24:01.766 - WaitingForShutdownToComplete: UDP:192.168.0.31:5055
29812: 20:24:01.766 - OnShutdownCompleted: UDP:192.168.0.31:5055
29812: 20:24:01.766 - WaitingForShutdownToComplete: UDP:192.168.0.31:5056
29812: 20:24:01.767 - OnShutdownCompleted: UDP:192.168.0.31:5056
29812: 20:24:01.767 - Shutting down CLR applications...
69104: 20:24:01.768 - CManagedHost::OnDefaultAction() - OPR_AppDomainUnload - eUnloadAppDomain
29812: 20:24:01.769 - Shutting down business logic thread pool...
29812: 20:24:01.769 - Shutting down I/O thread pool...
29812: 20:24:01.769 - Destroying servers
29812: 20:24:01.769 - Destroying WebSocket Outbound Connection Manager
29812: 20:24:01.769 - Destroying TCP Outbound Connection Manager
29812: 20:24:01.769 - Destroying TCP inactivity timer
29812: 20:24:01.769 - Destroying ENet timer wheel
29812: 20:24:01.769 - Destroying ENet host
29812: 20:24:01.770 - Destroying ENet outbound host
29812: 20:24:01.770 - Destroying HTTP inactivity timer
29812: 20:24:01.770 - Destroying HTTP host
29812: 20:24:01.770 - Destroying HTTP Chunk host
29812: 20:24:01.770 - Flushing ENET buffer allocator...
29812: 20:24:01.770 - Flushing TCP buffer handle allocator...
29812: 20:24:01.770 - Flushing stream socket allocator...
29812: 20:24:01.770 - Flushing inbound datagram socket allocator...
29812: 20:24:01.771 - Flushing outbound datagram socket allocator...
29812: 20:24:01.771 - Destroying CLR dispatcher
29812: 20:24:01.771 - Destroying CLR applications
29812: 20:24:01.771 - ~CCLRApplicationCollection() - Waiting up to 10 seconds for the CLR to release all of our objects
28576: 20:24:01.772 - Unloading Domain: ApplicationName = 'UberStrok.Realtime.Server.Comm', DomainId='2'
69104: 20:24:01.772 - CManagedHost::OnDomainUnload() - 2
69104: 20:24:01.784 - CManagedHost::OnDefaultAction() - OPR_AppDomainUnload - eUnloadAppDomain
28576: 20:24:01.787 - Unloading Domain: ApplicationName = 'UberStrok.Realtime.Server.Game', DomainId='3'
69104: 20:24:01.788 - CManagedHost::OnDomainUnload() - 3
29812: 20:24:01.788 - ~CCLRApplicationCollection() - Done. All objects released
29812: 20:24:01.788 - ~CManagedHost() - Release default app domain
29812: 20:24:01.788 - CManagedHost::OnDomainUnload() - 1
29812: 20:24:01.788 - ~CManagedHost() - Waiting up to 10 seconds for CLR shutdown...
29812: 20:24:01.788 - ~CManagedHost
29812: 20:24:01.788 - Destroying ENet thread pool
29812: 20:24:01.788 - Destroying Business logic thread pool
29812: 20:24:01.788 - Destroying I/O thread pool
29812: 20:24:01.788 - Destroying ENet buffer allocator
29812: 20:24:01.788 - Destroying TCP buffer allocator
29812: 20:24:01.788 - Destroying TCP socket allocator
29812: 20:24:01.788 - Destroying ENet inbound socket allocator
29812: 20:24:01.788 - Destroying ENet outbound socket allocator
29812: 20:24:01.788 - Destroying shared datagram flow control data
29812: 20:24:01.788 - Shutdown complete...
29812: 20:24:01.788 - Service shutting down
29812: 20:24:01.789 - Service shut down complete
11920: 20:24:05.708 - ---
11920: 20:24:05.708 - Service: "Photon Socket Server" starting
11920: 20:24:05.708 - Config File: C:\Users\Gerar\Desktop\LocalHostUberStrikeServer\UberServer-4.8.7 - Copy\ServerSetup\PhotonRealtimeServer\bin_Win64\PhotonServer.config
11920: 20:24:05.709 - Will produce at most: 10 crash dumps
11920: 20:24:05.709 - Action: run as exe
11920: 20:24:05.709 - Server Starting...
11920: 20:24:05.709 -    Tick count: 362601687 (wraps in: 45.5135 days)
11920: 20:24:05.709 - Tick count 64: 362601687
11920: 20:24:05.709 - Photon Version: 4.0.28.2962
11920: 20:24:05.709 - PID: 32764
11920: 20:24:05.709 - Config File: C:\Users\Gerar\Desktop\LocalHostUberStrikeServer\UberServer-4.8.7 - Copy\ServerSetup\PhotonRealtimeServer\bin_Win64\PhotonServer.config
11920: 20:24:05.709 - Will NOT log unimportant exceptions
11920: 20:24:05.710 - Not using performance counters as they are not currently installed. Run the service with /InstallCounters to install them.
11920: 20:24:05.710 - Shutdown timeout enabled: 30000ms
11920: 20:24:05.710 - Starting I/O thread pool with 2 threads
11920: 20:24:05.710 - Using Standard allocator
11920: 20:24:05.710 - Max message size: 512000
11920: 20:24:05.710 - Starting business logic thread pool with the following settings
11920: 20:24:05.710 - InitialThreads: 4 threads
11920: 20:24:05.710 - MinThreads: 4 threads
11920: 20:24:05.710 - Thread pool is fixed size
11920: 20:24:05.711 - Starting ENet thread pool with the following settings
11920: 20:24:05.711 - InitialThreads: 2 threads
11920: 20:24:05.711 - MinThreads: 2 threads
11920: 20:24:05.711 - Thread pool is fixed size
11920: 20:24:05.711 - OnlyDispatchTimers: False
11920: 20:24:05.711 - S2S: flow control: Max pending writes: 50
11920: 20:24:05.711 - S2S: flow control: Max queued buffers: 200
11920: 20:24:05.711 - S2S: flow control: Max pending writes MUX: 500
11920: 20:24:05.711 - S2S: flow control: Max queued buffers MUX: 2000
11920: 20:24:05.711 - S2S: MaxInboundMessageSize: 512000
11920: 20:24:05.711 - S2S: MaxOutboundMessageSize: 512000
11920: 20:24:05.711 - S2S: No inactivity timeout
11920: 20:24:05.712 - WebSocket S2S: MaxInboundMessageSize: 512000
11920: 20:24:05.712 - WebSocket S2S: MaxOutboundMessageSize: 512000
11920: 20:24:05.712 - WebSocket S2S: No inactivity timeout
11920: 20:24:05.712 - Max Reliable Data In Transit (awaiting ACKs) per peer : 16384 bytes
11920: 20:24:05.712 - Per peer bandwidth limit
11920: 20:24:05.712 - Transmit Rate Limit: 256 KB/Sec
11920: 20:24:05.712 - Limit period: 200ms
11920: 20:24:05.712 - Limit per period: 52428 bytes
11920: 20:24:05.712 - Max queued data for transmission per peer: 163840 bytes
11920: 20:24:05.712 - Minimum retransmit timeout: 200
11920: 20:24:05.712 - No Maximum retransmit timeout
11920: 20:24:05.712 - Minimum ENet timeout: 5000ms
11920: 20:24:05.712 - Maximum ENet timeout: 30000ms
11920: 20:24:05.712 - Max Inbound Reliable Data Queued (awaiting resends of earlier sequence numbers) per peer : 163840 bytes
11920: 20:24:05.712 - No RTT ACK adjustment timeout
11920: 20:24:05.712 - Outbound ENet: MaxInboundMessageSize: 512000
11920: 20:24:05.712 - Outbound ENet: MaxOutboundMessageSize: 512000
11920: 20:24:05.713 - GetRuntime - About to load CLR - versions available:
11920: 20:24:05.713 - v2.0.50727
11920: 20:24:05.713 - v4.0.30319
11920: 20:24:05.713 - Configuration requests: "v2.0.50727"
11920: 20:24:05.713 - About to load version: "v2.0.50727"
11920: 20:24:05.715 - About to load runtime: PhotonHostRuntime.PhotonDomainManager from PhotonHostRuntime, Culture=neutral, PublicKeyToken=02C301B61B060C4D
11920: 20:24:05.715 - CLRBaseDirectory set to "C:\Users\Gerar\Desktop\LocalHostUberStrikeServer\UberServer-4.8.7 - Copy\ServerSetup\PhotonRealtimeServer"
11920: 20:24:05.715 - Optimising event broadcast for 20 or more peers
11920: 20:24:05.715 - Start: About to load CLR - versions available:
11920: 20:24:05.715 - v2.0.50727
11920: 20:24:05.715 - v4.0.30319
11920: 20:24:05.715 - No preference in configuration file, will load latest.
11920: 20:24:05.715 - About to load version: "v4.0.30319"
11920: 20:24:05.716 - Loaded version: "v4.0.30319"
11920: 20:24:05.782 - Photon host runtime loaded
11920: 20:24:07.056 - LICENSE: No license file was found. Starting with Bootstrap License.
11920: 20:24:07.056 - License is valid.
11920: 20:24:07.056 - Licensed for 20 concurrent connections.
11920: 20:24:07.056 - ENet: Max Reliable Data In Transit (awaiting ACKs) per peer : 16384 bytes
11920: 20:24:07.056 - ENet: Per peer bandwidth limit
11920: 20:24:07.056 - ENet: Transmit Rate Limit: 256 KB/Sec
11920: 20:24:07.056 - ENet: Limit period: 200ms
11920: 20:24:07.056 - ENet: Limit per period: 52428 bytes
11920: 20:24:07.056 - ENet: Max queued data for transmission per peer: 163840 bytes
11920: 20:24:07.056 - ENet: Minimum retransmit timeout: 200
11920: 20:24:07.056 - No Maximum retransmit timeout
11920: 20:24:07.056 - ENet: Minimum timeout: 5000ms
11920: 20:24:07.056 - ENet: Maximum timeout: 30000ms
11920: 20:24:07.056 - ENet: Max Inbound Reliable Data Queued (awaiting resends of earlier sequence numbers) per peer : 163840 bytes
11920: 20:24:07.056 - No RTT ACK adjustment timeout
11920: 20:24:07.056 - About to load application: UberStrok.Realtime.Server.Comm from UberStrok.Realtime.Server.Comm
11920: 20:24:07.056 - Auto restart is enabled for application, existing connections will be terminated during restart
11920: 20:24:07.056 - Application will restart 1000ms after the last change detected
11920: 20:24:07.056 - Application will restart if files matching the following are changed: "dll;config"
11920: 20:24:07.056 - Application will NOT restart if files matching the following are changed: "log4net.config"
11920: 20:24:07.093 - Taking reference on default app domain
11920: 20:24:07.116 - Application: "UberStrok.Realtime.Server.Comm" started in app domain: 2
11920: 20:24:07.116 - About to load application: UberStrok.Realtime.Server.Game from UberStrok.Realtime.Server.Game
11920: 20:24:07.116 - Auto restart is enabled for application, existing connections will be terminated during restart
11920: 20:24:07.116 - Application will restart 1000ms after the last change detected
11920: 20:24:07.116 - Application will restart if files matching the following are changed: "dll;config"
11920: 20:24:07.116 - Application will NOT restart if files matching the following are changed: "log4net.config"
11920: 20:24:07.148 - Taking reference on default app domain
11920: 20:24:07.170 - Application: "UberStrok.Realtime.Server.Game" started in app domain: 3
11920: 20:24:07.170 - Forcing all applications ids to: "UberStrok.Realtime.Server.Comm"
11920: 20:24:07.170 - MaxInboundMessageSize: 512000
11920: 20:24:07.170 - MaxOutboundMessageSize: 512000
11920: 20:24:07.170 - UDP address specified as: "0.0.0.0" adding listener to each available IPv4 address
11920: 20:24:07.171 - Adding UDP listener on: 192.168.0.31: 5055 with a listen backlog of: 500
11920: 20:24:07.171 - Adding UDP listener on: 127.0.0.1: 5055 with a listen backlog of: 500
11920: 20:24:07.171 - Forcing all applications ids to: "UberStrok.Realtime.Server.Game"
11920: 20:24:07.171 - MaxInboundMessageSize: 512000
11920: 20:24:07.171 - MaxOutboundMessageSize: 512000
11920: 20:24:07.171 - UDP address specified as: "0.0.0.0" adding listener to each available IPv4 address
11920: 20:24:07.171 - Adding UDP listener on: 192.168.0.31: 5056 with a listen backlog of: 500
11920: 20:24:07.171 - Adding UDP listener on: 127.0.0.1: 5056 with a listen backlog of: 500
11920: 20:24:07.179 - Service is running...
11920: 20:24:07.404 - UberStrok.Realtime.Server.Comm:2 - PhotonRunning() failed. Exception:
System.IO.FileLoadException: The path is too long after being fully qualified.  Make sure the full path is less than 260 characters and the directory name is less than 248 characters.
File name: 'Microsoft.Extensions.Logging.Abstractions, Version=2.0.0.0, Culture=neutral, PublicKeyToken=adb9793829ddae60'
   at MongoDB.Driver.Core.Configuration.ClusterBuilder.CreateClusterFactory()
   at MongoDB.Driver.ClusterRegistry.CreateCluster(ClusterKey clusterKey)
   at MongoDB.Driver.ClusterRegistry.GetOrCreateCluster(ClusterKey clusterKey)
   at MongoDB.Driver.MongoClient..ctor(MongoClientSettings settings)
   at UberStrok.WebServices.Client.ModerationWebServiceClient..cctor() in C:\Users\Gerar\Desktop\LocalHostUberStrikeServer\UberServer-4.8.7 - Copy\src\UberStrok.WebServices.Client\ModerationWebServiceClient.cs:line 25

WRN: Assembly binding logging is turned OFF.
To enable assembly bind failure logging, set the registry value [HKLM\Software\Microsoft\Fusion!EnableLog] (DWORD) to 1.
Note: There is some performance penalty associated with assembly bind failure logging.
To turn this feature off, remove the registry value [HKLM\Software\Microsoft\Fusion!EnableLog].

 at...
System.TypeInitializationException: The type initializer for 'UberStrok.WebServices.Client.ModerationWebServiceClient' threw an exception. ---> System.IO.FileLoadException: The path is too long after being fully qualified.  Make sure the full path is less than 260 characters and the directory name is less than 248 characters.
   at MongoDB.Driver.Core.Configuration.ClusterBuilder.CreateClusterFactory()
   at MongoDB.Driver.ClusterRegistry.CreateCluster(ClusterKey clusterKey)
   at MongoDB.Driver.ClusterRegistry.GetOrCreateCluster(ClusterKey clusterKey)
   at MongoDB.Driver.MongoClient..ctor(MongoClientSettings settings)
   at UberStrok.WebServices.Client.ModerationWebServiceClient..cctor() in C:\Users\Gerar\Desktop\LocalHostUberStrikeServer\UberServer-4.8.7 - Copy\src\UberStrok.WebServices.Client\ModerationWebServiceClient.cs:line 25
   --- End of inner exception stack trace ---
   at UberStrok.WebServices.Client.ModerationWebServiceClient..ctor(String endPoint)
   at UberStrok.Realtime.Server.Comm.LobbyRoom..ctor() in C:\Users\Gerar\Desktop\LocalHostUberStrikeServer\UberServer-4.8.7 - Copy\src\UberStrok.Realtime.Server.Comm\LobbyRoom.Handler.cs:line 20
   at UberStrok.Realtime.Server.Comm.LobbyRoomManager..ctor() in C:\Users\Gerar\Desktop\LocalHostUberStrikeServer\UberServer-4.8.7 - Copy\src\UberStrok.Realtime.Server.Comm\LobbyRoomManager.cs:line 9
   at UberStrok.Realtime.Server.Comm.CommApplication.OnSetup() in C:\Users\Gerar\Desktop\LocalHostUberStrikeServer\UberServer-4.8.7 - Copy\src\UberStrok.Realtime.Server.Comm\CommApplication.cs:line 14
   at Application.Setup() in C:\Users\Gerar\Desktop\LocalHostUberStrikeServer\UberServer-4.8.7 - Copy\src\UberStrok.Realtime.Server\Application.cs:line 81
   at Photon.SocketServer.ApplicationBase.PhotonHostRuntimeInterfaces.IPhotonControl.OnPhotonRunning() in h:\svncontent\photon-socketserver-sdk_cloud\src\Photon.SocketServer\ApplicationBase.cs:line 1189
   at PhotonHostRuntime.PhotonDomainManager.PhotonPlainAppDomainBehavior.PhotonRunning()
   at PhotonHostRuntime.PhotonDomainManager.PhotonRunning()
11920: 20:24:07.405 - CService::OnException() - Exception: CManagedHost::PhotonRunning() - Failed in AppDomain: 2 - The file name is too long.
11920: 20:24:07.405 - Server shutting down...
11920: 20:24:07.405 - Shutdown monitoring enabled, 30000ms before process abort
11920: 20:24:07.405 - Notifying CLR applications of shutdown...
11920: 20:24:07.405 - RequestApplicationStop: 2
11920: 20:24:07.405 - RequestApplicationStop: 3
11920: 20:24:07.406 - RequestStop: defalt app domain
11920: 20:24:07.406 - Shutting down WebSocket Outbound Connection Manager...
11920: 20:24:07.406 - Shutting down TCP Outbound Connection Manager...
11920: 20:24:07.406 - Shutting down ENet Outbound Connection Manager...
11920: 20:24:07.406 - Disconnecting all outbound peers...
11920: 20:24:07.406 - Shutting down ENet host...
11920: 20:24:07.406 - Disconnecting all peers...
11920: 20:24:07.406 - Shutting down socket servers...
11920: 20:24:07.408 - Shutting down ENet thread pool...
11920: 20:24:07.408 - Shutting down TCP inactivity timers...
11920: 20:24:07.408 - WaitingForShutdownToComplete: UDP:127.0.0.1:5055
11920: 20:24:07.408 - OnShutdownCompleted: UDP:127.0.0.1:5055
11920: 20:24:07.408 - WaitingForShutdownToComplete: UDP:127.0.0.1:5056
11920: 20:24:07.408 - OnShutdownCompleted: UDP:127.0.0.1:5056
11920: 20:24:07.408 - WaitingForShutdownToComplete: UDP:192.168.0.31:5055
11920: 20:24:07.408 - OnShutdownCompleted: UDP:192.168.0.31:5055
11920: 20:24:07.408 - WaitingForShutdownToComplete: UDP:192.168.0.31:5056
11920: 20:24:07.409 - OnShutdownCompleted: UDP:192.168.0.31:5056
11920: 20:24:07.409 - Shutting down CLR applications...
14180: 20:24:07.410 - CManagedHost::OnDefaultAction() - OPR_AppDomainUnload - eUnloadAppDomain
11920: 20:24:07.411 - Shutting down business logic thread pool...
11920: 20:24:07.411 - Shutting down I/O thread pool...
11920: 20:24:07.411 - Destroying servers
11920: 20:24:07.411 - Destroying WebSocket Outbound Connection Manager
11920: 20:24:07.411 - Destroying TCP Outbound Connection Manager
11920: 20:24:07.411 - Destroying TCP inactivity timer
11920: 20:24:07.411 - Destroying ENet timer wheel
11920: 20:24:07.411 - Destroying ENet host
11920: 20:24:07.411 - Destroying ENet outbound host
11920: 20:24:07.411 - Destroying HTTP inactivity timer
11920: 20:24:07.411 - Destroying HTTP host
11920: 20:24:07.411 - Destroying HTTP Chunk host
11920: 20:24:07.411 - Flushing ENET buffer allocator...
11920: 20:24:07.412 - Flushing TCP buffer handle allocator...
11920: 20:24:07.412 - Flushing stream socket allocator...
11920: 20:24:07.412 - Flushing inbound datagram socket allocator...
60896: 20:24:07.415 - Unloading Domain: ApplicationName = 'UberStrok.Realtime.Server.Comm', DomainId='2'
11920: 20:24:07.416 - Flushing outbound datagram socket allocator...
11920: 20:24:07.416 - Destroying CLR dispatcher
11920: 20:24:07.416 - Destroying CLR applications
14180: 20:24:07.416 - CManagedHost::OnDomainUnload() - 2
11920: 20:24:07.416 - ~CCLRApplicationCollection() - Waiting up to 10 seconds for the CLR to release all of our objects
14180: 20:24:07.419 - CManagedHost::OnDefaultAction() - OPR_AppDomainUnload - eUnloadAppDomain
60896: 20:24:07.423 - Unloading Domain: ApplicationName = 'UberStrok.Realtime.Server.Game', DomainId='3'
14180: 20:24:07.423 - CManagedHost::OnDomainUnload() - 3
11920: 20:24:07.423 - ~CCLRApplicationCollection() - Done. All objects released
11920: 20:24:07.423 - ~CManagedHost() - Release default app domain
11920: 20:24:07.423 - CManagedHost::OnDomainUnload() - 1
11920: 20:24:07.423 - ~CManagedHost() - Waiting up to 10 seconds for CLR shutdown...
11920: 20:24:07.423 - ~CManagedHost
11920: 20:24:07.423 - Destroying ENet thread pool
11920: 20:24:07.423 - Destroying Business logic thread pool
11920: 20:24:07.423 - Destroying I/O thread pool
11920: 20:24:07.423 - Destroying ENet buffer allocator
11920: 20:24:07.423 - Destroying TCP buffer allocator
11920: 20:24:07.423 - Destroying TCP socket allocator
11920: 20:24:07.424 - Destroying ENet inbound socket allocator
11920: 20:24:07.424 - Destroying ENet outbound socket allocator
11920: 20:24:07.424 - Destroying shared datagram flow control data
11920: 20:24:07.424 - Shutdown complete...
11920: 20:24:07.424 - Service shutting down
11920: 20:24:07.424 - Service shut down complete
58704: 20:26:10.688 - ---
58704: 20:26:10.688 - Service: "Photon Socket Server" starting
58704: 20:26:10.688 - Config File: C:\Users\Gerar\Desktop\ServerSetup\PhotonRealtimeServer\bin_Win64\PhotonServer.config
58704: 20:26:10.689 - Will produce at most: 10 crash dumps
58704: 20:26:10.689 - Action: run as exe
58704: 20:26:10.689 - Server Starting...
58704: 20:26:10.689 -    Tick count: 362726671 (wraps in: 45.512 days)
58704: 20:26:10.689 - Tick count 64: 362726671
58704: 20:26:10.689 - Photon Version: 4.0.28.2962
58704: 20:26:10.689 - PID: 18892
58704: 20:26:10.689 - Config File: C:\Users\Gerar\Desktop\ServerSetup\PhotonRealtimeServer\bin_Win64\PhotonServer.config
58704: 20:26:10.689 - Will NOT log unimportant exceptions
58704: 20:26:10.690 - Not using performance counters as they are not currently installed. Run the service with /InstallCounters to install them.
58704: 20:26:10.690 - Shutdown timeout enabled: 30000ms
58704: 20:26:10.690 - Starting I/O thread pool with 2 threads
58704: 20:26:10.690 - Using Standard allocator
58704: 20:26:10.690 - Max message size: 512000
58704: 20:26:10.690 - Starting business logic thread pool with the following settings
58704: 20:26:10.690 - InitialThreads: 4 threads
58704: 20:26:10.691 - MinThreads: 4 threads
58704: 20:26:10.691 - Thread pool is fixed size
58704: 20:26:10.691 - Starting ENet thread pool with the following settings
58704: 20:26:10.691 - InitialThreads: 2 threads
58704: 20:26:10.691 - MinThreads: 2 threads
58704: 20:26:10.691 - Thread pool is fixed size
58704: 20:26:10.691 - OnlyDispatchTimers: False
58704: 20:26:10.691 - S2S: flow control: Max pending writes: 50
58704: 20:26:10.691 - S2S: flow control: Max queued buffers: 200
58704: 20:26:10.691 - S2S: flow control: Max pending writes MUX: 500
58704: 20:26:10.691 - S2S: flow control: Max queued buffers MUX: 2000
58704: 20:26:10.691 - S2S: MaxInboundMessageSize: 512000
58704: 20:26:10.691 - S2S: MaxOutboundMessageSize: 512000
58704: 20:26:10.691 - S2S: No inactivity timeout
58704: 20:26:10.692 - WebSocket S2S: MaxInboundMessageSize: 512000
58704: 20:26:10.692 - WebSocket S2S: MaxOutboundMessageSize: 512000
58704: 20:26:10.692 - WebSocket S2S: No inactivity timeout
58704: 20:26:10.692 - Max Reliable Data In Transit (awaiting ACKs) per peer : 16384 bytes
58704: 20:26:10.692 - Per peer bandwidth limit
58704: 20:26:10.692 - Transmit Rate Limit: 256 KB/Sec
58704: 20:26:10.692 - Limit period: 200ms
58704: 20:26:10.692 - Limit per period: 52428 bytes
58704: 20:26:10.692 - Max queued data for transmission per peer: 163840 bytes
58704: 20:26:10.692 - Minimum retransmit timeout: 200
58704: 20:26:10.692 - No Maximum retransmit timeout
58704: 20:26:10.692 - Minimum ENet timeout: 5000ms
58704: 20:26:10.692 - Maximum ENet timeout: 30000ms
58704: 20:26:10.692 - Max Inbound Reliable Data Queued (awaiting resends of earlier sequence numbers) per peer : 163840 bytes
58704: 20:26:10.692 - No RTT ACK adjustment timeout
58704: 20:26:10.692 - Outbound ENet: MaxInboundMessageSize: 512000
58704: 20:26:10.692 - Outbound ENet: MaxOutboundMessageSize: 512000
58704: 20:26:10.693 - GetRuntime - About to load CLR - versions available:
58704: 20:26:10.693 - v2.0.50727
58704: 20:26:10.693 - v4.0.30319
58704: 20:26:10.693 - Configuration requests: "v2.0.50727"
58704: 20:26:10.693 - About to load version: "v2.0.50727"
58704: 20:26:10.695 - About to load runtime: PhotonHostRuntime.PhotonDomainManager from PhotonHostRuntime, Culture=neutral, PublicKeyToken=02C301B61B060C4D
58704: 20:26:10.695 - CLRBaseDirectory set to "C:\Users\Gerar\Desktop\ServerSetup\PhotonRealtimeServer"
58704: 20:26:10.695 - Optimising event broadcast for 20 or more peers
58704: 20:26:10.696 - Start: About to load CLR - versions available:
58704: 20:26:10.696 - v2.0.50727
58704: 20:26:10.696 - v4.0.30319
58704: 20:26:10.696 - No preference in configuration file, will load latest.
58704: 20:26:10.696 - About to load version: "v4.0.30319"
58704: 20:26:10.696 - Loaded version: "v4.0.30319"
58704: 20:26:10.765 - Photon host runtime loaded
58704: 20:26:12.074 - LICENSE: No license file was found. Starting with Bootstrap License.
58704: 20:26:12.074 - License is valid.
58704: 20:26:12.074 - Licensed for 20 concurrent connections.
58704: 20:26:12.074 - ENet: Max Reliable Data In Transit (awaiting ACKs) per peer : 16384 bytes
58704: 20:26:12.074 - ENet: Per peer bandwidth limit
58704: 20:26:12.074 - ENet: Transmit Rate Limit: 256 KB/Sec
58704: 20:26:12.074 - ENet: Limit period: 200ms
58704: 20:26:12.074 - ENet: Limit per period: 52428 bytes
58704: 20:26:12.074 - ENet: Max queued data for transmission per peer: 163840 bytes
58704: 20:26:12.074 - ENet: Minimum retransmit timeout: 200
58704: 20:26:12.074 - No Maximum retransmit timeout
58704: 20:26:12.074 - ENet: Minimum timeout: 5000ms
58704: 20:26:12.074 - ENet: Maximum timeout: 30000ms
58704: 20:26:12.074 - ENet: Max Inbound Reliable Data Queued (awaiting resends of earlier sequence numbers) per peer : 163840 bytes
58704: 20:26:12.074 - No RTT ACK adjustment timeout
58704: 20:26:12.074 - About to load application: UberStrok.Realtime.Server.Comm from UberStrok.Realtime.Server.Comm
58704: 20:26:12.074 - Auto restart is enabled for application, existing connections will be terminated during restart
58704: 20:26:12.074 - Application will restart 1000ms after the last change detected
58704: 20:26:12.074 - Application will restart if files matching the following are changed: "dll;config"
58704: 20:26:12.074 - Application will NOT restart if files matching the following are changed: "log4net.config"
58704: 20:26:12.109 - Taking reference on default app domain
58704: 20:26:12.134 - Application: "UberStrok.Realtime.Server.Comm" started in app domain: 2
58704: 20:26:12.134 - About to load application: UberStrok.Realtime.Server.Game from UberStrok.Realtime.Server.Game
58704: 20:26:12.134 - Auto restart is enabled for application, existing connections will be terminated during restart
58704: 20:26:12.134 - Application will restart 1000ms after the last change detected
58704: 20:26:12.134 - Application will restart if files matching the following are changed: "dll;config"
58704: 20:26:12.134 - Application will NOT restart if files matching the following are changed: "log4net.config"
58704: 20:26:12.162 - Taking reference on default app domain
58704: 20:26:12.186 - Application: "UberStrok.Realtime.Server.Game" started in app domain: 3
58704: 20:26:12.186 - Forcing all applications ids to: "UberStrok.Realtime.Server.Comm"
58704: 20:26:12.186 - MaxInboundMessageSize: 512000
58704: 20:26:12.186 - MaxOutboundMessageSize: 512000
58704: 20:26:12.186 - UDP address specified as: "0.0.0.0" adding listener to each available IPv4 address
58704: 20:26:12.186 - Adding UDP listener on: 192.168.0.31: 5055 with a listen backlog of: 500
58704: 20:26:12.186 - Adding UDP listener on: 127.0.0.1: 5055 with a listen backlog of: 500
58704: 20:26:12.186 - Forcing all applications ids to: "UberStrok.Realtime.Server.Game"
58704: 20:26:12.186 - MaxInboundMessageSize: 512000
58704: 20:26:12.186 - MaxOutboundMessageSize: 512000
58704: 20:26:12.186 - UDP address specified as: "0.0.0.0" adding listener to each available IPv4 address
58704: 20:26:12.187 - Adding UDP listener on: 192.168.0.31: 5056 with a listen backlog of: 500
58704: 20:26:12.187 - Adding UDP listener on: 127.0.0.1: 5056 with a listen backlog of: 500
58704: 20:26:12.195 - Service is running...
58704: 20:29:44.502 - Service is stopped...
58704: 20:29:44.502 - Server shutting down...
58704: 20:29:44.502 - Shutdown monitoring enabled, 30000ms before process abort
58704: 20:29:44.502 - Notifying CLR applications of shutdown...
58704: 20:29:44.502 - RequestApplicationStop: 2
58704: 20:29:44.502 - RequestApplicationStop: 3
58704: 20:29:44.503 - RequestStop: defalt app domain
58704: 20:29:44.504 - Shutting down WebSocket Outbound Connection Manager...
58704: 20:29:44.504 - Shutting down TCP Outbound Connection Manager...
58704: 20:29:44.504 - Shutting down ENet Outbound Connection Manager...
58704: 20:29:44.504 - Disconnecting all outbound peers...
58704: 20:29:44.504 - Shutting down ENet host...
58704: 20:29:44.504 - Disconnecting all peers...
58704: 20:29:44.504 - CUDPSocketServer::OnError() - CUDPSocketServer::OnSendToCompletionError(): An operation was attempted on something that is not a socket.
58704: 20:29:44.504 - 1 disconnected
58704: 20:29:44.504 - Shutting down socket servers...
58704: 20:29:44.504 - Shutting down ENet thread pool...
58704: 20:29:44.504 - Shutting down TCP inactivity timers...
58704: 20:29:44.504 - ENet Host - Resetting all peers...
58704: 20:29:44.504 - WaitingForShutdownToComplete: UDP:127.0.0.1:5055
58704: 20:29:44.504 - OnShutdownCompleted: UDP:127.0.0.1:5055
58704: 20:29:44.504 - WaitingForShutdownToComplete: UDP:127.0.0.1:5056
58704: 20:29:44.504 - OnShutdownCompleted: UDP:127.0.0.1:5056
58704: 20:29:44.504 - WaitingForShutdownToComplete: UDP:192.168.0.31:5055
58704: 20:29:44.504 - OnShutdownCompleted: UDP:192.168.0.31:5055
58704: 20:29:44.504 - WaitingForShutdownToComplete: UDP:192.168.0.31:5056
58704: 20:29:44.504 - OnShutdownCompleted: UDP:192.168.0.31:5056
58704: 20:29:44.504 - Shutting down CLR applications...
56856: 20:29:44.505 - CManagedHost::OnDefaultAction() - OPR_AppDomainUnload - eUnloadAppDomain
57292: 20:29:44.509 - Unloading Domain: ApplicationName = 'UberStrok.Realtime.Server.Comm', DomainId='2'
58704: 20:29:44.546 - Shutting down business logic thread pool...
58704: 20:29:44.546 - Shutting down I/O thread pool...
58704: 20:29:44.547 - Destroying servers
58704: 20:29:44.547 - Destroying WebSocket Outbound Connection Manager
58704: 20:29:44.547 - Destroying TCP Outbound Connection Manager
58704: 20:29:44.547 - Destroying TCP inactivity timer
58704: 20:29:44.547 - Destroying ENet timer wheel
58704: 20:29:44.547 - Destroying ENet host
58704: 20:29:44.547 - Destroying ENet outbound host
58704: 20:29:44.547 - Destroying HTTP inactivity timer
58704: 20:29:44.547 - Destroying HTTP host
58704: 20:29:44.547 - Destroying HTTP Chunk host
58704: 20:29:44.547 - Flushing ENET buffer allocator...
58704: 20:29:44.548 - Flushing TCP buffer handle allocator...
58704: 20:29:44.548 - Flushing stream socket allocator...
58704: 20:29:44.548 - Flushing inbound datagram socket allocator...
58704: 20:29:44.548 - Flushing outbound datagram socket allocator...
58704: 20:29:44.548 - Destroying CLR dispatcher
58704: 20:29:44.548 - Destroying CLR applications
58704: 20:29:44.548 - ~CCLRApplicationCollection() - Waiting up to 10 seconds for the CLR to release all of our objects
58704: 20:29:54.550 - ~CCLRApplicationCollection() - CLR failed to release all COM objects. Photon peers and application sinks may have leaked
58704: 20:29:54.550 - ~CManagedHost() - Release default app domain
58704: 20:29:54.550 - CManagedHost::OnDomainUnload() - 1
58704: 20:29:54.550 - ~CManagedHost() - Waiting up to 10 seconds for CLR shutdown...
58704: 20:29:54.550 - ~CManagedHost
58704: 20:29:54.550 - Destroying ENet thread pool
58704: 20:29:54.550 - Destroying Business logic thread pool
58704: 20:29:54.550 - Destroying I/O thread pool
58704: 20:29:54.550 - Destroying ENet buffer allocator
58704: 20:29:54.550 - Destroying TCP buffer allocator
58704: 20:29:54.550 - Destroying TCP socket allocator
58704: 20:29:54.550 - Destroying ENet inbound socket allocator
58704: 20:29:54.550 - Destroying ENet outbound socket allocator
58704: 20:29:54.550 - Destroying shared datagram flow control data
58704: 20:29:54.550 - 
58704: 20:29:54.550 - WARNING: ***************************************************************
58704: 20:29:54.550 - WARNING: CPhotonPeer leaks detected
58704: 20:29:54.550 - WARNING: ***************************************************************
58704: 20:29:54.550 - 
58704: 20:29:54.550 - Shutdown complete...
58704: 20:29:54.550 - Service shutting down: leaks detected. Errorcode: 106
58704: 20:29:54.551 - Service shut down complete
