43456: 02:29:32.136 - ---
43456: 02:29:32.136 - Service: "Photon Socket Server" starting
43456: 02:29:32.136 - Config File: C:\Users\Gerar\Desktop\LocalHostUberStrikeServer\UberServer-4.8.7\ServerSetup\PhotonRealtimeServer\bin_Win64\PhotonServer.config
43456: 02:29:32.137 - Will produce at most: 10 crash dumps
43456: 02:29:32.137 - Action: run as exe
43456: 02:29:32.137 - Server Starting...
43456: 02:29:32.137 -    Tick count: 133081046 (wraps in: 48.17 days)
43456: 02:29:32.137 - Tick count 64: 133081046
43456: 02:29:32.137 - Photon Version: 4.0.28.2962
43456: 02:29:32.137 - PID: 30328
43456: 02:29:32.138 - Config File: C:\Users\Gerar\Desktop\LocalHostUberStrikeServer\UberServer-4.8.7\ServerSetup\PhotonRealtimeServer\bin_Win64\PhotonServer.config
43456: 02:29:32.138 - Will NOT log unimportant exceptions
43456: 02:29:32.139 - Not using performance counters as they are not currently installed. Run the service with /InstallCounters to install them.
43456: 02:29:32.139 - Shutdown timeout enabled: 30000ms
43456: 02:29:32.139 - Starting I/O thread pool with 2 threads
43456: 02:29:32.139 - Using Standard allocator
43456: 02:29:32.139 - Max message size: 512000
43456: 02:29:32.139 - Starting business logic thread pool with the following settings
43456: 02:29:32.139 - InitialThreads: 4 threads
43456: 02:29:32.139 - MinThreads: 4 threads
43456: 02:29:32.139 - Thread pool is fixed size
43456: 02:29:32.139 - Starting ENet thread pool with the following settings
43456: 02:29:32.139 - InitialThreads: 2 threads
43456: 02:29:32.139 - MinThreads: 2 threads
43456: 02:29:32.139 - Thread pool is fixed size
43456: 02:29:32.139 - OnlyDispatchTimers: False
43456: 02:29:32.139 - S2S: flow control: Max pending writes: 50
43456: 02:29:32.139 - S2S: flow control: Max queued buffers: 200
43456: 02:29:32.139 - S2S: flow control: Max pending writes MUX: 500
43456: 02:29:32.139 - S2S: flow control: Max queued buffers MUX: 2000
43456: 02:29:32.139 - S2S: MaxInboundMessageSize: 512000
43456: 02:29:32.139 - S2S: MaxOutboundMessageSize: 512000
43456: 02:29:32.139 - S2S: No inactivity timeout
43456: 02:29:32.141 - WebSocket S2S: MaxInboundMessageSize: 512000
43456: 02:29:32.141 - WebSocket S2S: MaxOutboundMessageSize: 512000
43456: 02:29:32.141 - WebSocket S2S: No inactivity timeout
43456: 02:29:32.141 - Max Reliable Data In Transit (awaiting ACKs) per peer : 16384 bytes
43456: 02:29:32.141 - Per peer bandwidth limit
43456: 02:29:32.141 - Transmit Rate Limit: 256 KB/Sec
43456: 02:29:32.141 - Limit period: 200ms
43456: 02:29:32.141 - Limit per period: 52428 bytes
43456: 02:29:32.141 - Max queued data for transmission per peer: 163840 bytes
43456: 02:29:32.141 - Minimum retransmit timeout: 200
43456: 02:29:32.141 - No Maximum retransmit timeout
43456: 02:29:32.141 - Minimum ENet timeout: 5000ms
43456: 02:29:32.141 - Maximum ENet timeout: 30000ms
43456: 02:29:32.141 - Max Inbound Reliable Data Queued (awaiting resends of earlier sequence numbers) per peer : 163840 bytes
43456: 02:29:32.141 - No RTT ACK adjustment timeout
43456: 02:29:32.141 - Outbound ENet: MaxInboundMessageSize: 512000
43456: 02:29:32.141 - Outbound ENet: MaxOutboundMessageSize: 512000
43456: 02:29:32.142 - GetRuntime - About to load CLR - versions available:
43456: 02:29:32.142 - v2.0.50727
43456: 02:29:32.142 - v4.0.30319
43456: 02:29:32.142 - Configuration requests: "v2.0.50727"
43456: 02:29:32.142 - About to load version: "v2.0.50727"
43456: 02:29:32.179 - About to load runtime: PhotonHostRuntime.PhotonDomainManager from PhotonHostRuntime, Culture=neutral, PublicKeyToken=02C301B61B060C4D
43456: 02:29:32.179 - CLRBaseDirectory set to "C:\Users\Gerar\Desktop\LocalHostUberStrikeServer\UberServer-4.8.7\ServerSetup\PhotonRealtimeServer"
43456: 02:29:32.179 - Optimising event broadcast for 20 or more peers
43456: 02:29:32.179 - Start: About to load CLR - versions available:
43456: 02:29:32.179 - v2.0.50727
43456: 02:29:32.179 - v4.0.30319
43456: 02:29:32.179 - No preference in configuration file, will load latest.
43456: 02:29:32.179 - About to load version: "v4.0.30319"
43456: 02:29:32.181 - Loaded version: "v4.0.30319"
43456: 02:29:32.254 - Photon host runtime loaded
43456: 02:29:33.581 - LICENSE: No license file was found. Starting with Bootstrap License.
43456: 02:29:33.581 - License is valid.
43456: 02:29:33.581 - Licensed for 20 concurrent connections.
43456: 02:29:33.581 - ENet: Max Reliable Data In Transit (awaiting ACKs) per peer : 16384 bytes
43456: 02:29:33.581 - ENet: Per peer bandwidth limit
43456: 02:29:33.581 - ENet: Transmit Rate Limit: 256 KB/Sec
43456: 02:29:33.581 - ENet: Limit period: 200ms
43456: 02:29:33.581 - ENet: Limit per period: 52428 bytes
43456: 02:29:33.581 - ENet: Max queued data for transmission per peer: 163840 bytes
43456: 02:29:33.581 - ENet: Minimum retransmit timeout: 200
43456: 02:29:33.581 - No Maximum retransmit timeout
43456: 02:29:33.581 - ENet: Minimum timeout: 5000ms
43456: 02:29:33.581 - ENet: Maximum timeout: 30000ms
43456: 02:29:33.581 - ENet: Max Inbound Reliable Data Queued (awaiting resends of earlier sequence numbers) per peer : 163840 bytes
43456: 02:29:33.581 - No RTT ACK adjustment timeout
43456: 02:29:33.582 - About to load application: UberStrok.Realtime.Server.Comm from UberStrok.Realtime.Server.Comm
43456: 02:29:33.582 - Auto restart is enabled for application, existing connections will be terminated during restart
43456: 02:29:33.582 - Application will restart 1000ms after the last change detected
43456: 02:29:33.582 - Application will restart if files matching the following are changed: "dll;config"
43456: 02:29:33.582 - Application will NOT restart if files matching the following are changed: "log4net.config"
43456: 02:29:33.624 - Taking reference on default app domain
43456: 02:29:33.654 - Application: "UberStrok.Realtime.Server.Comm" started in app domain: 2
43456: 02:29:33.654 - About to load application: UberStrok.Realtime.Server.Game from UberStrok.Realtime.Server.Game
43456: 02:29:33.654 - Auto restart is enabled for application, existing connections will be terminated during restart
43456: 02:29:33.654 - Application will restart 1000ms after the last change detected
43456: 02:29:33.654 - Application will restart if files matching the following are changed: "dll;config"
43456: 02:29:33.654 - Application will NOT restart if files matching the following are changed: "log4net.config"
43456: 02:29:33.688 - Taking reference on default app domain
43456: 02:29:33.722 - Application: "UberStrok.Realtime.Server.Game" started in app domain: 3
43456: 02:29:33.722 - Forcing all applications ids to: "UberStrok.Realtime.Server.Comm"
43456: 02:29:33.722 - MaxInboundMessageSize: 512000
43456: 02:29:33.722 - MaxOutboundMessageSize: 512000
43456: 02:29:33.722 - UDP address specified as: "0.0.0.0" adding listener to each available IPv4 address
43456: 02:29:33.722 - Adding UDP listener on: 192.168.0.31: 5055 with a listen backlog of: 500
43456: 02:29:33.722 - Adding UDP listener on: 127.0.0.1: 5055 with a listen backlog of: 500
43456: 02:29:33.722 - Forcing all applications ids to: "UberStrok.Realtime.Server.Game"
43456: 02:29:33.722 - MaxInboundMessageSize: 512000
43456: 02:29:33.722 - MaxOutboundMessageSize: 512000
43456: 02:29:33.722 - UDP address specified as: "0.0.0.0" adding listener to each available IPv4 address
43456: 02:29:33.722 - Adding UDP listener on: 192.168.0.31: 5056 with a listen backlog of: 500
43456: 02:29:33.722 - Adding UDP listener on: 127.0.0.1: 5056 with a listen backlog of: 500
43456: 02:29:33.729 - Service is running...
52408: 02:33:41.864 - Restarting application: "UberStrok.Realtime.Server.Comm" due to file changes
52408: 02:33:41.864 - Application: "UberStrok.Realtime.Server.Comm" restart request (abort existing connections)
52408: 02:33:41.894 - Taking reference on default app domain
52408: 02:33:41.919 - Application: "UberStrok.Realtime.Server.Comm" started in app domain: 4
52408: 02:33:45.310 - RequestApplicationStop: 2
52408: 02:33:45.311 - Application: "UberStrok.Realtime.Server.Comm" stopped in app domain: 2 (abort existing connections)
52616: 02:33:45.311 - CManagedHost::OnDefaultAction() - OPR_AppDomainUnload - eUnloadAppDomain
52408: 02:33:45.311 - Application: "UberStrok.Realtime.Server.Comm" restart complete.
58288: 02:33:45.314 - Unloading Domain: ApplicationName = 'UberStrok.Realtime.Server.Comm', DomainId='2'
52616: 02:34:00.331 - CManagedHost::OnTimeout() - OPR_AppDomainUnload - eRudeUnloadAppDomain
52616: 02:34:00.346 - CManagedHost::OnTimeout() - OPR_AppDomainRudeUnload - eDisableRuntime
52616: 02:34:00.346 - CManagedHost::OnDefaultAction() - OPR_ProcessExit - eDisableRuntime
52616: 02:34:00.346 - CManagedHost::OnCLRDisabled()
52616: 02:34:00.346 - Shutdown request from PhotonHostRuntime: CLR Disabled Exit code: 107
52616: 02:34:00.346 - Shutdown requested.
43456: 02:34:00.348 - Service is stopped...
43456: 02:34:00.348 - Server shutting down...
43456: 02:34:00.348 - Shutdown monitoring enabled, 30000ms before process abort
43456: 02:34:00.348 - Notifying CLR applications of shutdown...
43456: 02:34:00.348 - RequestApplicationStop: 4
43456: 02:34:00.348 - RequestApplicationStop - Exception: CManagedHost::RequestApplicationStop() - Failed to request application to stop in AppDomain: 4 - The process terminated unexpectedly.
43456: 02:34:00.348 - RequestApplicationStop: 3
43456: 02:34:00.348 - RequestApplicationStop - Exception: CManagedHost::RequestApplicationStop() - Failed to request application to stop in AppDomain: 3 - The process terminated unexpectedly.
43456: 02:34:00.348 - RequestStop: defalt app domain
43456: 02:34:00.348 - RequestApplicationStop - Exception: CManagedHost::RequestStop() - Failed to request default app domain to stop - The process terminated unexpectedly.
43456: 02:34:00.348 - Shutting down WebSocket Outbound Connection Manager...
43456: 02:34:00.348 - Shutting down TCP Outbound Connection Manager...
43456: 02:34:00.348 - Shutting down ENet Outbound Connection Manager...
43456: 02:34:00.348 - Disconnecting all outbound peers...
43456: 02:34:00.348 - Shutting down ENet host...
43456: 02:34:00.348 - Disconnecting all peers...
43456: 02:34:00.348 - Shutting down socket servers...
43456: 02:34:00.348 - Shutting down ENet thread pool...
43456: 02:34:00.348 - Shutting down TCP inactivity timers...
43456: 02:34:00.348 - WaitingForShutdownToComplete: UDP:127.0.0.1:5055
43456: 02:34:00.348 - OnShutdownCompleted: UDP:127.0.0.1:5055
43456: 02:34:00.348 - WaitingForShutdownToComplete: UDP:127.0.0.1:5056
43456: 02:34:00.348 - OnShutdownCompleted: UDP:127.0.0.1:5056
43456: 02:34:00.348 - WaitingForShutdownToComplete: UDP:192.168.0.31:5055
43456: 02:34:00.348 - OnShutdownCompleted: UDP:192.168.0.31:5055
43456: 02:34:00.348 - WaitingForShutdownToComplete: UDP:192.168.0.31:5056
43456: 02:34:00.349 - OnShutdownCompleted: UDP:192.168.0.31:5056
43456: 02:34:00.349 - Shutting down CLR applications...
43456: 02:34:00.349 - Shutting down business logic thread pool...
43456: 02:34:00.349 - Shutting down I/O thread pool...
43456: 02:34:00.349 - Destroying servers
43456: 02:34:00.349 - Destroying WebSocket Outbound Connection Manager
43456: 02:34:00.349 - Destroying TCP Outbound Connection Manager
43456: 02:34:00.349 - Destroying TCP inactivity timer
43456: 02:34:00.349 - Destroying ENet timer wheel
43456: 02:34:00.349 - Destroying ENet host
43456: 02:34:00.349 - Destroying ENet outbound host
43456: 02:34:00.349 - Destroying HTTP inactivity timer
43456: 02:34:00.349 - Destroying HTTP host
43456: 02:34:00.349 - Destroying HTTP Chunk host
43456: 02:34:00.349 - Flushing ENET buffer allocator...
43456: 02:34:00.349 - Flushing TCP buffer handle allocator...
43456: 02:34:00.349 - Flushing stream socket allocator...
43456: 02:34:00.349 - Flushing inbound datagram socket allocator...
43456: 02:34:00.350 - Flushing outbound datagram socket allocator...
43456: 02:34:00.350 - Destroying CLR dispatcher
43456: 02:34:00.350 - Destroying CLR applications
43456: 02:34:00.350 - ~CCLRApplicationCollection() - Waiting up to 10 seconds for the CLR to release all of our objects
43456: 02:34:10.352 - ~CCLRApplicationCollection() - CLR failed to release all COM objects. Photon peers and application sinks may have leaked
43456: 02:34:10.352 - ~CManagedHost() - Release default app domain
43456: 02:34:10.352 - CManagedHost::OnDomainUnload() - 1
43456: 02:34:10.352 - ~CManagedHost() - Waiting up to 10 seconds for CLR shutdown...
43456: 02:34:20.367 - ~CManagedHost() - Timeout waiting for CLR shutdown, we may report Photon peer leaks...
43456: 02:34:20.367 - Release domain manager: 3
43456: 02:34:20.367 - Release domain manager: 4
43456: 02:34:20.367 - ~CManagedHost
43456: 02:34:20.367 - Destroying ENet thread pool
43456: 02:34:20.367 - Destroying Business logic thread pool
43456: 02:34:20.367 - Destroying I/O thread pool
43456: 02:34:20.367 - Destroying ENet buffer allocator
43456: 02:34:20.367 - Destroying TCP buffer allocator
43456: 02:34:20.367 - Destroying TCP socket allocator
43456: 02:34:20.367 - Destroying ENet inbound socket allocator
43456: 02:34:20.367 - Destroying ENet outbound socket allocator
43456: 02:34:20.367 - Destroying shared datagram flow control data
43456: 02:34:20.367 - 
43456: 02:34:20.367 - WARNING: ***************************************************************
43456: 02:34:20.367 - WARNING: CPhotonPeer leaks detected
43456: 02:34:20.367 - WARNING: ***************************************************************
43456: 02:34:20.367 - 
43456: 02:34:20.367 - Shutdown complete...
43456: 02:34:20.367 - Service shutting down: leaks detected. Errorcode: 106
43456: 02:34:20.367 - CLR was disabled, skipping normal at-exit processing and calling ExitProcess()...
43456: 02:34:20.367 - Service shut down complete
39952: 02:34:24.083 - ---
39952: 02:34:24.083 - Service: "Photon Socket Server" starting
39952: 02:34:24.083 - Config File: C:\Users\Gerar\Desktop\LocalHostUberStrikeServer\UberServer-4.8.7\ServerSetup\PhotonRealtimeServer\bin_Win64\PhotonServer.config
39952: 02:34:24.084 - Will produce at most: 10 crash dumps
39952: 02:34:24.084 - Action: run as exe
39952: 02:34:24.085 - Server Starting...
39952: 02:34:24.085 -    Tick count: 133373000 (wraps in: 48.1666 days)
39952: 02:34:24.085 - Tick count 64: 133373000
39952: 02:34:24.085 - Photon Version: 4.0.28.2962
39952: 02:34:24.085 - PID: 37736
39952: 02:34:24.085 - Config File: C:\Users\Gerar\Desktop\LocalHostUberStrikeServer\UberServer-4.8.7\ServerSetup\PhotonRealtimeServer\bin_Win64\PhotonServer.config
39952: 02:34:24.085 - Will NOT log unimportant exceptions
39952: 02:34:24.086 - Not using performance counters as they are not currently installed. Run the service with /InstallCounters to install them.
39952: 02:34:24.086 - Shutdown timeout enabled: 30000ms
39952: 02:34:24.086 - Starting I/O thread pool with 2 threads
39952: 02:34:24.086 - Using Standard allocator
39952: 02:34:24.086 - Max message size: 512000
39952: 02:34:24.086 - Starting business logic thread pool with the following settings
39952: 02:34:24.086 - InitialThreads: 4 threads
39952: 02:34:24.086 - MinThreads: 4 threads
39952: 02:34:24.086 - Thread pool is fixed size
39952: 02:34:24.086 - Starting ENet thread pool with the following settings
39952: 02:34:24.086 - InitialThreads: 2 threads
39952: 02:34:24.086 - MinThreads: 2 threads
39952: 02:34:24.086 - Thread pool is fixed size
39952: 02:34:24.086 - OnlyDispatchTimers: False
39952: 02:34:24.086 - S2S: flow control: Max pending writes: 50
39952: 02:34:24.086 - S2S: flow control: Max queued buffers: 200
39952: 02:34:24.086 - S2S: flow control: Max pending writes MUX: 500
39952: 02:34:24.086 - S2S: flow control: Max queued buffers MUX: 2000
39952: 02:34:24.086 - S2S: MaxInboundMessageSize: 512000
39952: 02:34:24.086 - S2S: MaxOutboundMessageSize: 512000
39952: 02:34:24.086 - S2S: No inactivity timeout
39952: 02:34:24.088 - WebSocket S2S: MaxInboundMessageSize: 512000
39952: 02:34:24.088 - WebSocket S2S: MaxOutboundMessageSize: 512000
39952: 02:34:24.088 - WebSocket S2S: No inactivity timeout
39952: 02:34:24.088 - Max Reliable Data In Transit (awaiting ACKs) per peer : 16384 bytes
39952: 02:34:24.088 - Per peer bandwidth limit
39952: 02:34:24.088 - Transmit Rate Limit: 256 KB/Sec
39952: 02:34:24.088 - Limit period: 200ms
39952: 02:34:24.088 - Limit per period: 52428 bytes
39952: 02:34:24.088 - Max queued data for transmission per peer: 163840 bytes
39952: 02:34:24.088 - Minimum retransmit timeout: 200
39952: 02:34:24.088 - No Maximum retransmit timeout
39952: 02:34:24.088 - Minimum ENet timeout: 5000ms
39952: 02:34:24.088 - Maximum ENet timeout: 30000ms
39952: 02:34:24.088 - Max Inbound Reliable Data Queued (awaiting resends of earlier sequence numbers) per peer : 163840 bytes
39952: 02:34:24.088 - No RTT ACK adjustment timeout
39952: 02:34:24.088 - Outbound ENet: MaxInboundMessageSize: 512000
39952: 02:34:24.088 - Outbound ENet: MaxOutboundMessageSize: 512000
39952: 02:34:24.089 - GetRuntime - About to load CLR - versions available:
39952: 02:34:24.089 - v2.0.50727
39952: 02:34:24.089 - v4.0.30319
39952: 02:34:24.089 - Configuration requests: "v2.0.50727"
39952: 02:34:24.089 - About to load version: "v2.0.50727"
39952: 02:34:24.092 - About to load runtime: PhotonHostRuntime.PhotonDomainManager from PhotonHostRuntime, Culture=neutral, PublicKeyToken=02C301B61B060C4D
39952: 02:34:24.092 - CLRBaseDirectory set to "C:\Users\Gerar\Desktop\LocalHostUberStrikeServer\UberServer-4.8.7\ServerSetup\PhotonRealtimeServer"
39952: 02:34:24.092 - Optimising event broadcast for 20 or more peers
39952: 02:34:24.092 - Start: About to load CLR - versions available:
39952: 02:34:24.092 - v2.0.50727
39952: 02:34:24.092 - v4.0.30319
39952: 02:34:24.092 - No preference in configuration file, will load latest.
39952: 02:34:24.092 - About to load version: "v4.0.30319"
39952: 02:34:24.093 - Loaded version: "v4.0.30319"
39952: 02:34:24.166 - Photon host runtime loaded
39952: 02:34:25.686 - LICENSE: No license file was found. Starting with Bootstrap License.
39952: 02:34:25.686 - License is valid.
39952: 02:34:25.686 - Licensed for 20 concurrent connections.
39952: 02:34:25.686 - ENet: Max Reliable Data In Transit (awaiting ACKs) per peer : 16384 bytes
39952: 02:34:25.686 - ENet: Per peer bandwidth limit
39952: 02:34:25.686 - ENet: Transmit Rate Limit: 256 KB/Sec
39952: 02:34:25.686 - ENet: Limit period: 200ms
39952: 02:34:25.686 - ENet: Limit per period: 52428 bytes
39952: 02:34:25.686 - ENet: Max queued data for transmission per peer: 163840 bytes
39952: 02:34:25.686 - ENet: Minimum retransmit timeout: 200
39952: 02:34:25.686 - No Maximum retransmit timeout
39952: 02:34:25.686 - ENet: Minimum timeout: 5000ms
39952: 02:34:25.686 - ENet: Maximum timeout: 30000ms
39952: 02:34:25.686 - ENet: Max Inbound Reliable Data Queued (awaiting resends of earlier sequence numbers) per peer : 163840 bytes
39952: 02:34:25.686 - No RTT ACK adjustment timeout
39952: 02:34:25.686 - About to load application: UberStrok.Realtime.Server.Comm from UberStrok.Realtime.Server.Comm
39952: 02:34:25.686 - Auto restart is enabled for application, existing connections will be terminated during restart
39952: 02:34:25.686 - Application will restart 1000ms after the last change detected
39952: 02:34:25.686 - Application will restart if files matching the following are changed: "dll;config"
39952: 02:34:25.686 - Application will NOT restart if files matching the following are changed: "log4net.config"
39952: 02:34:25.724 - Taking reference on default app domain
39952: 02:34:25.748 - Application: "UberStrok.Realtime.Server.Comm" started in app domain: 2
39952: 02:34:25.748 - About to load application: UberStrok.Realtime.Server.Game from UberStrok.Realtime.Server.Game
39952: 02:34:25.748 - Auto restart is enabled for application, existing connections will be terminated during restart
39952: 02:34:25.748 - Application will restart 1000ms after the last change detected
39952: 02:34:25.748 - Application will restart if files matching the following are changed: "dll;config"
39952: 02:34:25.748 - Application will NOT restart if files matching the following are changed: "log4net.config"
39952: 02:34:25.779 - Taking reference on default app domain
39952: 02:34:25.802 - Application: "UberStrok.Realtime.Server.Game" started in app domain: 3
39952: 02:34:25.802 - Forcing all applications ids to: "UberStrok.Realtime.Server.Comm"
39952: 02:34:25.802 - MaxInboundMessageSize: 512000
39952: 02:34:25.802 - MaxOutboundMessageSize: 512000
39952: 02:34:25.802 - UDP address specified as: "0.0.0.0" adding listener to each available IPv4 address
39952: 02:34:25.803 - Adding UDP listener on: 192.168.0.31: 5055 with a listen backlog of: 500
39952: 02:34:25.803 - Adding UDP listener on: 127.0.0.1: 5055 with a listen backlog of: 500
39952: 02:34:25.803 - Forcing all applications ids to: "UberStrok.Realtime.Server.Game"
39952: 02:34:25.803 - MaxInboundMessageSize: 512000
39952: 02:34:25.803 - MaxOutboundMessageSize: 512000
39952: 02:34:25.803 - UDP address specified as: "0.0.0.0" adding listener to each available IPv4 address
39952: 02:34:25.803 - Adding UDP listener on: 192.168.0.31: 5056 with a listen backlog of: 500
39952: 02:34:25.803 - Adding UDP listener on: 127.0.0.1: 5056 with a listen backlog of: 500
39952: 02:34:25.811 - Service is running...
39952: 03:09:40.350 - Service is stopped...
39952: 03:09:40.350 - Server shutting down...
39952: 03:09:40.350 - Shutdown monitoring enabled, 30000ms before process abort
39952: 03:09:40.350 - Notifying CLR applications of shutdown...
39952: 03:09:40.350 - RequestApplicationStop: 2
39952: 03:09:40.352 - RequestApplicationStop: 3
39952: 03:09:40.353 - RequestStop: defalt app domain
39952: 03:09:40.354 - Shutting down WebSocket Outbound Connection Manager...
39952: 03:09:40.354 - Shutting down TCP Outbound Connection Manager...
39952: 03:09:40.354 - Shutting down ENet Outbound Connection Manager...
39952: 03:09:40.354 - Disconnecting all outbound peers...
39952: 03:09:40.354 - Shutting down ENet host...
39952: 03:09:40.354 - Disconnecting all peers...
39952: 03:09:40.354 - Shutting down socket servers...
39952: 03:09:40.354 - Shutting down ENet thread pool...
39952: 03:09:40.354 - Shutting down TCP inactivity timers...
39952: 03:09:40.354 - WaitingForShutdownToComplete: UDP:127.0.0.1:5055
39952: 03:09:40.354 - OnShutdownCompleted: UDP:127.0.0.1:5055
39952: 03:09:40.354 - WaitingForShutdownToComplete: UDP:127.0.0.1:5056
39952: 03:09:40.354 - OnShutdownCompleted: UDP:127.0.0.1:5056
39952: 03:09:40.354 - WaitingForShutdownToComplete: UDP:192.168.0.31:5055
39952: 03:09:40.354 - OnShutdownCompleted: UDP:192.168.0.31:5055
39952: 03:09:40.354 - WaitingForShutdownToComplete: UDP:192.168.0.31:5056
39952: 03:09:40.354 - OnShutdownCompleted: UDP:192.168.0.31:5056
39952: 03:09:40.354 - Shutting down CLR applications...
38564: 03:09:40.355 - CManagedHost::OnDefaultAction() - OPR_AppDomainUnload - eUnloadAppDomain
54060: 03:09:40.359 - Unloading Domain: ApplicationName = 'UberStrok.Realtime.Server.Comm', DomainId='2'
39952: 03:09:40.392 - Shutting down business logic thread pool...
39952: 03:09:40.392 - Shutting down I/O thread pool...
39952: 03:09:40.392 - Destroying servers
39952: 03:09:40.392 - Destroying WebSocket Outbound Connection Manager
39952: 03:09:40.392 - Destroying TCP Outbound Connection Manager
39952: 03:09:40.392 - Destroying TCP inactivity timer
39952: 03:09:40.392 - Destroying ENet timer wheel
39952: 03:09:40.392 - Destroying ENet host
39952: 03:09:40.392 - Destroying ENet outbound host
39952: 03:09:40.392 - Destroying HTTP inactivity timer
39952: 03:09:40.392 - Destroying HTTP host
39952: 03:09:40.392 - Destroying HTTP Chunk host
39952: 03:09:40.392 - Flushing ENET buffer allocator...
39952: 03:09:40.393 - Flushing TCP buffer handle allocator...
39952: 03:09:40.393 - Flushing stream socket allocator...
39952: 03:09:40.393 - Flushing inbound datagram socket allocator...
39952: 03:09:40.393 - Flushing outbound datagram socket allocator...
39952: 03:09:40.393 - Destroying CLR dispatcher
39952: 03:09:40.393 - Destroying CLR applications
39952: 03:09:40.394 - ~CCLRApplicationCollection() - Waiting up to 10 seconds for the CLR to release all of our objects
39952: 03:09:50.396 - ~CCLRApplicationCollection() - CLR failed to release all COM objects. Photon peers and application sinks may have leaked
39952: 03:09:50.396 - ~CManagedHost() - Release default app domain
39952: 03:09:50.396 - CManagedHost::OnDomainUnload() - 1
39952: 03:09:50.396 - ~CManagedHost() - Waiting up to 10 seconds for CLR shutdown...
39952: 03:09:50.396 - ~CManagedHost
39952: 03:09:50.396 - Destroying ENet thread pool
39952: 03:09:50.396 - Destroying Business logic thread pool
39952: 03:09:50.396 - Destroying I/O thread pool
39952: 03:09:50.396 - Destroying ENet buffer allocator
39952: 03:09:50.396 - Destroying TCP buffer allocator
39952: 03:09:50.396 - Destroying TCP socket allocator
39952: 03:09:50.396 - Destroying ENet inbound socket allocator
39952: 03:09:50.396 - Destroying ENet outbound socket allocator
39952: 03:09:50.396 - Destroying shared datagram flow control data
39952: 03:09:50.396 - 
39952: 03:09:50.396 - WARNING: ***************************************************************
39952: 03:09:50.396 - WARNING: CPhotonPeer leaks detected
39952: 03:09:50.396 - WARNING: ***************************************************************
39952: 03:09:50.396 - 
39952: 03:09:50.396 - Shutdown complete...
39952: 03:09:50.396 - Service shutting down: leaks detected. Errorcode: 106
39952: 03:09:50.397 - Service shut down complete
56616: 03:23:04.612 - ---
56616: 03:23:04.612 - Service: "Photon Socket Server" starting
56616: 03:23:04.612 - Config File: C:\Users\Gerar\Desktop\LocalHostUberStrikeServer\UberServer-4.8.7\ServerSetup\PhotonRealtimeServer\bin_Win64\PhotonServer.config
56616: 03:23:04.613 - Will produce at most: 10 crash dumps
56616: 03:23:04.613 - Action: run as exe
56616: 03:23:04.613 - Server Starting...
56616: 03:23:04.613 -    Tick count: 136293515 (wraps in: 48.1328 days)
56616: 03:23:04.613 - Tick count 64: 136293515
56616: 03:23:04.613 - Photon Version: 4.0.28.2962
56616: 03:23:04.613 - PID: 43436
56616: 03:23:04.613 - Config File: C:\Users\Gerar\Desktop\LocalHostUberStrikeServer\UberServer-4.8.7\ServerSetup\PhotonRealtimeServer\bin_Win64\PhotonServer.config
56616: 03:23:04.613 - Will NOT log unimportant exceptions
56616: 03:23:04.614 - Not using performance counters as they are not currently installed. Run the service with /InstallCounters to install them.
56616: 03:23:04.614 - Shutdown timeout enabled: 30000ms
56616: 03:23:04.615 - Starting I/O thread pool with 2 threads
56616: 03:23:04.615 - Using Standard allocator
56616: 03:23:04.615 - Max message size: 512000
56616: 03:23:04.615 - Starting business logic thread pool with the following settings
56616: 03:23:04.615 - InitialThreads: 4 threads
56616: 03:23:04.615 - MinThreads: 4 threads
56616: 03:23:04.615 - Thread pool is fixed size
56616: 03:23:04.615 - Starting ENet thread pool with the following settings
56616: 03:23:04.615 - InitialThreads: 2 threads
56616: 03:23:04.615 - MinThreads: 2 threads
56616: 03:23:04.615 - Thread pool is fixed size
56616: 03:23:04.615 - OnlyDispatchTimers: False
56616: 03:23:04.615 - S2S: flow control: Max pending writes: 50
56616: 03:23:04.615 - S2S: flow control: Max queued buffers: 200
56616: 03:23:04.615 - S2S: flow control: Max pending writes MUX: 500
56616: 03:23:04.615 - S2S: flow control: Max queued buffers MUX: 2000
56616: 03:23:04.615 - S2S: MaxInboundMessageSize: 512000
56616: 03:23:04.615 - S2S: MaxOutboundMessageSize: 512000
56616: 03:23:04.615 - S2S: No inactivity timeout
56616: 03:23:04.616 - WebSocket S2S: MaxInboundMessageSize: 512000
56616: 03:23:04.616 - WebSocket S2S: MaxOutboundMessageSize: 512000
56616: 03:23:04.616 - WebSocket S2S: No inactivity timeout
56616: 03:23:04.616 - Max Reliable Data In Transit (awaiting ACKs) per peer : 16384 bytes
56616: 03:23:04.616 - Per peer bandwidth limit
56616: 03:23:04.616 - Transmit Rate Limit: 256 KB/Sec
56616: 03:23:04.616 - Limit period: 200ms
56616: 03:23:04.616 - Limit per period: 52428 bytes
56616: 03:23:04.616 - Max queued data for transmission per peer: 163840 bytes
56616: 03:23:04.616 - Minimum retransmit timeout: 200
56616: 03:23:04.616 - No Maximum retransmit timeout
56616: 03:23:04.616 - Minimum ENet timeout: 5000ms
56616: 03:23:04.616 - Maximum ENet timeout: 30000ms
56616: 03:23:04.616 - Max Inbound Reliable Data Queued (awaiting resends of earlier sequence numbers) per peer : 163840 bytes
56616: 03:23:04.616 - No RTT ACK adjustment timeout
56616: 03:23:04.616 - Outbound ENet: MaxInboundMessageSize: 512000
56616: 03:23:04.616 - Outbound ENet: MaxOutboundMessageSize: 512000
56616: 03:23:04.617 - GetRuntime - About to load CLR - versions available:
56616: 03:23:04.617 - v2.0.50727
56616: 03:23:04.617 - v4.0.30319
56616: 03:23:04.617 - Configuration requests: "v2.0.50727"
56616: 03:23:04.617 - About to load version: "v2.0.50727"
56616: 03:23:04.627 - About to load runtime: PhotonHostRuntime.PhotonDomainManager from PhotonHostRuntime, Culture=neutral, PublicKeyToken=02C301B61B060C4D
56616: 03:23:04.627 - CLRBaseDirectory set to "C:\Users\Gerar\Desktop\LocalHostUberStrikeServer\UberServer-4.8.7\ServerSetup\PhotonRealtimeServer"
56616: 03:23:04.627 - Optimising event broadcast for 20 or more peers
56616: 03:23:04.628 - Start: About to load CLR - versions available:
56616: 03:23:04.628 - v2.0.50727
56616: 03:23:04.628 - v4.0.30319
56616: 03:23:04.628 - No preference in configuration file, will load latest.
56616: 03:23:04.628 - About to load version: "v4.0.30319"
56616: 03:23:04.628 - Loaded version: "v4.0.30319"
56616: 03:23:04.696 - Photon host runtime loaded
56616: 03:23:06.385 - LICENSE: No license file was found. Starting with Bootstrap License.
56616: 03:23:06.385 - License is valid.
56616: 03:23:06.385 - Licensed for 20 concurrent connections.
56616: 03:23:06.385 - ENet: Max Reliable Data In Transit (awaiting ACKs) per peer : 16384 bytes
56616: 03:23:06.385 - ENet: Per peer bandwidth limit
56616: 03:23:06.385 - ENet: Transmit Rate Limit: 256 KB/Sec
56616: 03:23:06.385 - ENet: Limit period: 200ms
56616: 03:23:06.385 - ENet: Limit per period: 52428 bytes
56616: 03:23:06.385 - ENet: Max queued data for transmission per peer: 163840 bytes
56616: 03:23:06.385 - ENet: Minimum retransmit timeout: 200
56616: 03:23:06.385 - No Maximum retransmit timeout
56616: 03:23:06.385 - ENet: Minimum timeout: 5000ms
56616: 03:23:06.385 - ENet: Maximum timeout: 30000ms
56616: 03:23:06.385 - ENet: Max Inbound Reliable Data Queued (awaiting resends of earlier sequence numbers) per peer : 163840 bytes
56616: 03:23:06.385 - No RTT ACK adjustment timeout
56616: 03:23:06.385 - About to load application: UberStrok.Realtime.Server.Comm from UberStrok.Realtime.Server.Comm
56616: 03:23:06.385 - Auto restart is enabled for application, existing connections will be terminated during restart
56616: 03:23:06.385 - Application will restart 1000ms after the last change detected
56616: 03:23:06.385 - Application will restart if files matching the following are changed: "dll;config"
56616: 03:23:06.385 - Application will NOT restart if files matching the following are changed: "log4net.config"
56616: 03:23:06.423 - Taking reference on default app domain
56616: 03:23:06.455 - Application: "UberStrok.Realtime.Server.Comm" started in app domain: 2
56616: 03:23:06.455 - About to load application: UberStrok.Realtime.Server.Game from UberStrok.Realtime.Server.Game
56616: 03:23:06.455 - Auto restart is enabled for application, existing connections will be terminated during restart
56616: 03:23:06.455 - Application will restart 1000ms after the last change detected
56616: 03:23:06.455 - Application will restart if files matching the following are changed: "dll;config"
56616: 03:23:06.455 - Application will NOT restart if files matching the following are changed: "log4net.config"
56616: 03:23:06.487 - Taking reference on default app domain
56616: 03:23:06.511 - Application: "UberStrok.Realtime.Server.Game" started in app domain: 3
56616: 03:23:06.511 - Forcing all applications ids to: "UberStrok.Realtime.Server.Comm"
56616: 03:23:06.511 - MaxInboundMessageSize: 512000
56616: 03:23:06.511 - MaxOutboundMessageSize: 512000
56616: 03:23:06.511 - UDP address specified as: "0.0.0.0" adding listener to each available IPv4 address
56616: 03:23:06.511 - Adding UDP listener on: 192.168.0.31: 5055 with a listen backlog of: 500
56616: 03:23:06.511 - Adding UDP listener on: 127.0.0.1: 5055 with a listen backlog of: 500
56616: 03:23:06.511 - Forcing all applications ids to: "UberStrok.Realtime.Server.Game"
56616: 03:23:06.511 - MaxInboundMessageSize: 512000
56616: 03:23:06.511 - MaxOutboundMessageSize: 512000
56616: 03:23:06.511 - UDP address specified as: "0.0.0.0" adding listener to each available IPv4 address
56616: 03:23:06.511 - Adding UDP listener on: 192.168.0.31: 5056 with a listen backlog of: 500
56616: 03:23:06.511 - Adding UDP listener on: 127.0.0.1: 5056 with a listen backlog of: 500
56616: 03:23:06.519 - Service is running...
56616: 03:28:28.202 - Service is stopped...
56616: 03:28:28.202 - Server shutting down...
56616: 03:28:28.202 - Shutdown monitoring enabled, 30000ms before process abort
56616: 03:28:28.202 - Notifying CLR applications of shutdown...
56616: 03:28:28.202 - RequestApplicationStop: 2
56616: 03:28:28.204 - RequestApplicationStop: 3
56616: 03:28:28.205 - RequestStop: defalt app domain
56616: 03:28:28.205 - Shutting down WebSocket Outbound Connection Manager...
56616: 03:28:28.205 - Shutting down TCP Outbound Connection Manager...
56616: 03:28:28.205 - Shutting down ENet Outbound Connection Manager...
56616: 03:28:28.205 - Disconnecting all outbound peers...
56616: 03:28:28.205 - Shutting down ENet host...
56616: 03:28:28.205 - Disconnecting all peers...
56616: 03:28:28.205 - Shutting down socket servers...
56616: 03:28:28.205 - Shutting down ENet thread pool...
56616: 03:28:28.205 - Shutting down TCP inactivity timers...
56616: 03:28:28.206 - WaitingForShutdownToComplete: UDP:127.0.0.1:5055
56616: 03:28:28.206 - OnShutdownCompleted: UDP:127.0.0.1:5055
56616: 03:28:28.206 - WaitingForShutdownToComplete: UDP:127.0.0.1:5056
56616: 03:28:28.206 - OnShutdownCompleted: UDP:127.0.0.1:5056
56616: 03:28:28.206 - WaitingForShutdownToComplete: UDP:192.168.0.31:5055
56616: 03:28:28.206 - OnShutdownCompleted: UDP:192.168.0.31:5055
56616: 03:28:28.206 - WaitingForShutdownToComplete: UDP:192.168.0.31:5056
56616: 03:28:28.206 - OnShutdownCompleted: UDP:192.168.0.31:5056
56616: 03:28:28.206 - Shutting down CLR applications...
40276: 03:28:28.206 - CManagedHost::OnDefaultAction() - OPR_AppDomainUnload - eUnloadAppDomain
56616: 03:28:28.211 - Shutting down business logic thread pool...
56616: 03:28:28.211 - Shutting down I/O thread pool...
56616: 03:28:28.211 - Destroying servers
61896: 03:28:28.211 - Unloading Domain: ApplicationName = 'UberStrok.Realtime.Server.Comm', DomainId='2'
56616: 03:28:28.211 - Destroying WebSocket Outbound Connection Manager
56616: 03:28:28.211 - Destroying TCP Outbound Connection Manager
56616: 03:28:28.211 - Destroying TCP inactivity timer
56616: 03:28:28.211 - Destroying ENet timer wheel
56616: 03:28:28.211 - Destroying ENet host
56616: 03:28:28.211 - Destroying ENet outbound host
56616: 03:28:28.211 - Destroying HTTP inactivity timer
56616: 03:28:28.211 - Destroying HTTP host
56616: 03:28:28.211 - Destroying HTTP Chunk host
56616: 03:28:28.211 - Flushing ENET buffer allocator...
56616: 03:28:28.212 - Flushing TCP buffer handle allocator...
56616: 03:28:28.212 - Flushing stream socket allocator...
56616: 03:28:28.212 - Flushing inbound datagram socket allocator...
56616: 03:28:28.212 - Flushing outbound datagram socket allocator...
56616: 03:28:28.212 - Destroying CLR dispatcher
56616: 03:28:28.212 - Destroying CLR applications
56616: 03:28:28.213 - ~CCLRApplicationCollection() - Waiting up to 10 seconds for the CLR to release all of our objects
56616: 03:28:38.227 - ~CCLRApplicationCollection() - CLR failed to release all COM objects. Photon peers and application sinks may have leaked
56616: 03:28:38.227 - ~CManagedHost() - Release default app domain
56616: 03:28:38.227 - CManagedHost::OnDomainUnload() - 1
56616: 03:28:38.227 - ~CManagedHost() - Waiting up to 10 seconds for CLR shutdown...
56616: 03:28:38.227 - ~CManagedHost
56616: 03:28:38.227 - Destroying ENet thread pool
56616: 03:28:38.227 - Destroying Business logic thread pool
56616: 03:28:38.227 - Destroying I/O thread pool
56616: 03:28:38.227 - Destroying ENet buffer allocator
56616: 03:28:38.227 - Destroying TCP buffer allocator
56616: 03:28:38.227 - Destroying TCP socket allocator
56616: 03:28:38.227 - Destroying ENet inbound socket allocator
56616: 03:28:38.227 - Destroying ENet outbound socket allocator
56616: 03:28:38.227 - Destroying shared datagram flow control data
56616: 03:28:38.227 - 
56616: 03:28:38.227 - WARNING: ***************************************************************
56616: 03:28:38.227 - WARNING: CPhotonPeer leaks detected
56616: 03:28:38.227 - WARNING: ***************************************************************
56616: 03:28:38.227 - 
56616: 03:28:38.227 - Shutdown complete...
56616: 03:28:38.228 - Service shutting down: leaks detected. Errorcode: 106
56616: 03:28:38.230 - Service shut down complete
59404: 03:28:58.965 - ---
59404: 03:28:58.965 - Service: "Photon Socket Server" starting
59404: 03:28:58.965 - Config File: C:\Users\Gerar\Desktop\LocalHostUberStrikeServer\UberServer-4.8.7\ServerSetup\PhotonRealtimeServer\bin_Win64\PhotonServer.config
59404: 03:28:58.965 - Will produce at most: 10 crash dumps
59404: 03:28:58.965 - Action: run as exe
59404: 03:28:58.965 - Server Starting...
59404: 03:28:58.965 -    Tick count: 136647875 (wraps in: 48.1287 days)
59404: 03:28:58.965 - Tick count 64: 136647875
59404: 03:28:58.965 - Photon Version: 4.0.28.2962
59404: 03:28:58.965 - PID: 62136
59404: 03:28:58.965 - Config File: C:\Users\Gerar\Desktop\LocalHostUberStrikeServer\UberServer-4.8.7\ServerSetup\PhotonRealtimeServer\bin_Win64\PhotonServer.config
59404: 03:28:58.965 - Will NOT log unimportant exceptions
59404: 03:28:58.966 - Not using performance counters as they are not currently installed. Run the service with /InstallCounters to install them.
59404: 03:28:58.966 - Shutdown timeout enabled: 30000ms
59404: 03:28:58.967 - Starting I/O thread pool with 2 threads
59404: 03:28:58.967 - Using Standard allocator
59404: 03:28:58.967 - Max message size: 512000
59404: 03:28:58.967 - Starting business logic thread pool with the following settings
59404: 03:28:58.967 - InitialThreads: 4 threads
59404: 03:28:58.967 - MinThreads: 4 threads
59404: 03:28:58.967 - Thread pool is fixed size
59404: 03:28:58.967 - Starting ENet thread pool with the following settings
59404: 03:28:58.967 - InitialThreads: 2 threads
59404: 03:28:58.967 - MinThreads: 2 threads
59404: 03:28:58.967 - Thread pool is fixed size
59404: 03:28:58.967 - OnlyDispatchTimers: False
59404: 03:28:58.967 - S2S: flow control: Max pending writes: 50
59404: 03:28:58.967 - S2S: flow control: Max queued buffers: 200
59404: 03:28:58.967 - S2S: flow control: Max pending writes MUX: 500
59404: 03:28:58.967 - S2S: flow control: Max queued buffers MUX: 2000
59404: 03:28:58.967 - S2S: MaxInboundMessageSize: 512000
59404: 03:28:58.967 - S2S: MaxOutboundMessageSize: 512000
59404: 03:28:58.967 - S2S: No inactivity timeout
59404: 03:28:58.969 - WebSocket S2S: MaxInboundMessageSize: 512000
59404: 03:28:58.969 - WebSocket S2S: MaxOutboundMessageSize: 512000
59404: 03:28:58.969 - WebSocket S2S: No inactivity timeout
59404: 03:28:58.969 - Max Reliable Data In Transit (awaiting ACKs) per peer : 16384 bytes
59404: 03:28:58.969 - Per peer bandwidth limit
59404: 03:28:58.969 - Transmit Rate Limit: 256 KB/Sec
59404: 03:28:58.969 - Limit period: 200ms
59404: 03:28:58.969 - Limit per period: 52428 bytes
59404: 03:28:58.969 - Max queued data for transmission per peer: 163840 bytes
59404: 03:28:58.969 - Minimum retransmit timeout: 200
59404: 03:28:58.969 - No Maximum retransmit timeout
59404: 03:28:58.969 - Minimum ENet timeout: 5000ms
59404: 03:28:58.969 - Maximum ENet timeout: 30000ms
59404: 03:28:58.969 - Max Inbound Reliable Data Queued (awaiting resends of earlier sequence numbers) per peer : 163840 bytes
59404: 03:28:58.969 - No RTT ACK adjustment timeout
59404: 03:28:58.969 - Outbound ENet: MaxInboundMessageSize: 512000
59404: 03:28:58.969 - Outbound ENet: MaxOutboundMessageSize: 512000
59404: 03:28:58.969 - GetRuntime - About to load CLR - versions available:
59404: 03:28:58.970 - v2.0.50727
59404: 03:28:58.970 - v4.0.30319
59404: 03:28:58.970 - Configuration requests: "v2.0.50727"
59404: 03:28:58.970 - About to load version: "v2.0.50727"
59404: 03:28:58.971 - About to load runtime: PhotonHostRuntime.PhotonDomainManager from PhotonHostRuntime, Culture=neutral, PublicKeyToken=02C301B61B060C4D
59404: 03:28:58.971 - CLRBaseDirectory set to "C:\Users\Gerar\Desktop\LocalHostUberStrikeServer\UberServer-4.8.7\ServerSetup\PhotonRealtimeServer"
59404: 03:28:58.971 - Optimising event broadcast for 20 or more peers
59404: 03:28:58.972 - Start: About to load CLR - versions available:
59404: 03:28:58.972 - v2.0.50727
59404: 03:28:58.972 - v4.0.30319
59404: 03:28:58.972 - No preference in configuration file, will load latest.
59404: 03:28:58.972 - About to load version: "v4.0.30319"
59404: 03:28:58.972 - Loaded version: "v4.0.30319"
59404: 03:28:59.039 - Photon host runtime loaded
59404: 03:29:00.484 - LICENSE: No license file was found. Starting with Bootstrap License.
59404: 03:29:00.484 - License is valid.
59404: 03:29:00.484 - Licensed for 20 concurrent connections.
59404: 03:29:00.484 - ENet: Max Reliable Data In Transit (awaiting ACKs) per peer : 16384 bytes
59404: 03:29:00.484 - ENet: Per peer bandwidth limit
59404: 03:29:00.484 - ENet: Transmit Rate Limit: 256 KB/Sec
59404: 03:29:00.484 - ENet: Limit period: 200ms
59404: 03:29:00.484 - ENet: Limit per period: 52428 bytes
59404: 03:29:00.484 - ENet: Max queued data for transmission per peer: 163840 bytes
59404: 03:29:00.484 - ENet: Minimum retransmit timeout: 200
59404: 03:29:00.484 - No Maximum retransmit timeout
59404: 03:29:00.484 - ENet: Minimum timeout: 5000ms
59404: 03:29:00.484 - ENet: Maximum timeout: 30000ms
59404: 03:29:00.484 - ENet: Max Inbound Reliable Data Queued (awaiting resends of earlier sequence numbers) per peer : 163840 bytes
59404: 03:29:00.484 - No RTT ACK adjustment timeout
59404: 03:29:00.484 - About to load application: UberStrok.Realtime.Server.Comm from UberStrok.Realtime.Server.Comm
59404: 03:29:00.484 - Auto restart is enabled for application, existing connections will be terminated during restart
59404: 03:29:00.484 - Application will restart 1000ms after the last change detected
59404: 03:29:00.484 - Application will restart if files matching the following are changed: "dll;config"
59404: 03:29:00.484 - Application will NOT restart if files matching the following are changed: "log4net.config"
59404: 03:29:00.520 - Taking reference on default app domain
59404: 03:29:00.546 - Application: "UberStrok.Realtime.Server.Comm" started in app domain: 2
59404: 03:29:00.546 - About to load application: UberStrok.Realtime.Server.Game from UberStrok.Realtime.Server.Game
59404: 03:29:00.546 - Auto restart is enabled for application, existing connections will be terminated during restart
59404: 03:29:00.546 - Application will restart 1000ms after the last change detected
59404: 03:29:00.546 - Application will restart if files matching the following are changed: "dll;config"
59404: 03:29:00.546 - Application will NOT restart if files matching the following are changed: "log4net.config"
59404: 03:29:00.574 - Taking reference on default app domain
59404: 03:29:00.595 - Application: "UberStrok.Realtime.Server.Game" started in app domain: 3
59404: 03:29:00.595 - Forcing all applications ids to: "UberStrok.Realtime.Server.Comm"
59404: 03:29:00.595 - MaxInboundMessageSize: 512000
59404: 03:29:00.595 - MaxOutboundMessageSize: 512000
59404: 03:29:00.595 - UDP address specified as: "0.0.0.0" adding listener to each available IPv4 address
59404: 03:29:00.595 - Adding UDP listener on: 192.168.0.31: 5055 with a listen backlog of: 500
59404: 03:29:00.595 - Adding UDP listener on: 127.0.0.1: 5055 with a listen backlog of: 500
59404: 03:29:00.595 - Forcing all applications ids to: "UberStrok.Realtime.Server.Game"
59404: 03:29:00.595 - MaxInboundMessageSize: 512000
59404: 03:29:00.595 - MaxOutboundMessageSize: 512000
59404: 03:29:00.595 - UDP address specified as: "0.0.0.0" adding listener to each available IPv4 address
59404: 03:29:00.596 - Adding UDP listener on: 192.168.0.31: 5056 with a listen backlog of: 500
59404: 03:29:00.596 - Adding UDP listener on: 127.0.0.1: 5056 with a listen backlog of: 500
59404: 03:29:00.604 - Service is running...
59404: 17:04:15.030 - Service is stopped...
59404: 17:04:15.030 - Server shutting down...
59404: 17:04:15.030 - Shutdown monitoring enabled, 30000ms before process abort
59404: 17:04:15.030 - Notifying CLR applications of shutdown...
59404: 17:04:15.030 - RequestApplicationStop: 2
59404: 17:04:15.032 - RequestApplicationStop: 3
59404: 17:04:15.034 - RequestStop: defalt app domain
59404: 17:04:15.035 - Shutting down WebSocket Outbound Connection Manager...
59404: 17:04:15.035 - Shutting down TCP Outbound Connection Manager...
59404: 17:04:15.035 - Shutting down ENet Outbound Connection Manager...
59404: 17:04:15.035 - Disconnecting all outbound peers...
59404: 17:04:15.035 - Shutting down ENet host...
59404: 17:04:15.035 - Disconnecting all peers...
59404: 17:04:15.035 - Shutting down socket servers...
59404: 17:04:15.035 - Shutting down ENet thread pool...
59404: 17:04:15.035 - Shutting down TCP inactivity timers...
59404: 17:04:15.035 - WaitingForShutdownToComplete: UDP:127.0.0.1:5055
59404: 17:04:15.035 - OnShutdownCompleted: UDP:127.0.0.1:5055
59404: 17:04:15.035 - WaitingForShutdownToComplete: UDP:127.0.0.1:5056
59404: 17:04:15.035 - OnShutdownCompleted: UDP:127.0.0.1:5056
59404: 17:04:15.035 - WaitingForShutdownToComplete: UDP:192.168.0.31:5055
59404: 17:04:15.035 - OnShutdownCompleted: UDP:192.168.0.31:5055
59404: 17:04:15.035 - WaitingForShutdownToComplete: UDP:192.168.0.31:5056
59404: 17:04:15.035 - OnShutdownCompleted: UDP:192.168.0.31:5056
59404: 17:04:15.035 - Shutting down CLR applications...
59612: 17:04:15.036 - CManagedHost::OnDefaultAction() - OPR_AppDomainUnload - eUnloadAppDomain
16916: 17:04:15.041 - Unloading Domain: ApplicationName = 'UberStrok.Realtime.Server.Comm', DomainId='2'
59404: 17:04:15.076 - Shutting down business logic thread pool...
59404: 17:04:15.076 - Shutting down I/O thread pool...
59404: 17:04:15.076 - Destroying servers
59404: 17:04:15.077 - Destroying WebSocket Outbound Connection Manager
59404: 17:04:15.077 - Destroying TCP Outbound Connection Manager
59404: 17:04:15.077 - Destroying TCP inactivity timer
59404: 17:04:15.077 - Destroying ENet timer wheel
59404: 17:04:15.077 - Destroying ENet host
59404: 17:04:15.077 - Destroying ENet outbound host
59404: 17:04:15.077 - Destroying HTTP inactivity timer
59404: 17:04:15.077 - Destroying HTTP host
59404: 17:04:15.077 - Destroying HTTP Chunk host
59404: 17:04:15.077 - Flushing ENET buffer allocator...
59404: 17:04:15.078 - Flushing TCP buffer handle allocator...
59404: 17:04:15.078 - Flushing stream socket allocator...
59404: 17:04:15.078 - Flushing inbound datagram socket allocator...
59404: 17:04:15.078 - Flushing outbound datagram socket allocator...
59404: 17:04:15.078 - Destroying CLR dispatcher
59404: 17:04:15.078 - Destroying CLR applications
59404: 17:04:15.078 - ~CCLRApplicationCollection() - Waiting up to 10 seconds for the CLR to release all of our objects
59404: 17:04:25.092 - ~CCLRApplicationCollection() - CLR failed to release all COM objects. Photon peers and application sinks may have leaked
59404: 17:04:25.092 - ~CManagedHost() - Release default app domain
59404: 17:04:25.093 - CManagedHost::OnDomainUnload() - 1
59404: 17:04:25.093 - ~CManagedHost() - Waiting up to 10 seconds for CLR shutdown...
59404: 17:04:25.093 - ~CManagedHost
59404: 17:04:25.093 - Destroying ENet thread pool
59404: 17:04:25.093 - Destroying Business logic thread pool
59404: 17:04:25.093 - Destroying I/O thread pool
59404: 17:04:25.093 - Destroying ENet buffer allocator
59404: 17:04:25.093 - Destroying TCP buffer allocator
59404: 17:04:25.093 - Destroying TCP socket allocator
59404: 17:04:25.093 - Destroying ENet inbound socket allocator
59404: 17:04:25.093 - Destroying ENet outbound socket allocator
59404: 17:04:25.093 - Destroying shared datagram flow control data
59404: 17:04:25.093 - 
59404: 17:04:25.093 - WARNING: ***************************************************************
59404: 17:04:25.093 - WARNING: CPhotonPeer leaks detected
59404: 17:04:25.093 - WARNING: ***************************************************************
59404: 17:04:25.093 - 
59404: 17:04:25.093 - Shutdown complete...
59404: 17:04:25.094 - Service shutting down: leaks detected. Errorcode: 106
59404: 17:04:25.099 - Service shut down complete
