35664: 21:32:09.189 - ---
35664: 21:32:09.189 - Service: "Photon Socket Server" starting
35664: 21:32:09.190 - Config File: C:\Users\Gerar\Desktop\LocalHostUberStrikeServer\UberServer-4.8.7\ServerSetup\PhotonRealtimeServer\bin_Win64\PhotonServer.config
35664: 21:32:09.191 - Will produce at most: 10 crash dumps
35664: 21:32:09.191 - Action: run as exe
35664: 21:32:09.191 - Server Starting...
35664: 21:32:09.191 -    Tick count: 161914734 (wraps in: 47.8363 days)
35664: 21:32:09.191 - Tick count 64: 161914734
35664: 21:32:09.191 - Photon Version: 4.0.28.2962
35664: 21:32:09.191 - PID: 28172
35664: 21:32:09.191 - Config File: C:\Users\Gerar\Desktop\LocalHostUberStrikeServer\UberServer-4.8.7\ServerSetup\PhotonRealtimeServer\bin_Win64\PhotonServer.config
35664: 21:32:09.191 - Will NOT log unimportant exceptions
35664: 21:32:09.193 - Not using performance counters as they are not currently installed. Run the service with /InstallCounters to install them.
35664: 21:32:09.193 - Shutdown timeout enabled: 30000ms
35664: 21:32:09.193 - Starting I/O thread pool with 2 threads
35664: 21:32:09.193 - Using Standard allocator
35664: 21:32:09.193 - Max message size: 512000
35664: 21:32:09.193 - Starting business logic thread pool with the following settings
35664: 21:32:09.193 - InitialThreads: 4 threads
35664: 21:32:09.193 - MinThreads: 4 threads
35664: 21:32:09.193 - Thread pool is fixed size
35664: 21:32:09.193 - Starting ENet thread pool with the following settings
35664: 21:32:09.193 - InitialThreads: 2 threads
35664: 21:32:09.193 - MinThreads: 2 threads
35664: 21:32:09.193 - Thread pool is fixed size
35664: 21:32:09.193 - OnlyDispatchTimers: False
35664: 21:32:09.193 - S2S: flow control: Max pending writes: 50
35664: 21:32:09.193 - S2S: flow control: Max queued buffers: 200
35664: 21:32:09.193 - S2S: flow control: Max pending writes MUX: 500
35664: 21:32:09.193 - S2S: flow control: Max queued buffers MUX: 2000
35664: 21:32:09.193 - S2S: MaxInboundMessageSize: 512000
35664: 21:32:09.193 - S2S: MaxOutboundMessageSize: 512000
35664: 21:32:09.193 - S2S: No inactivity timeout
35664: 21:32:09.195 - WebSocket S2S: MaxInboundMessageSize: 512000
35664: 21:32:09.195 - WebSocket S2S: MaxOutboundMessageSize: 512000
35664: 21:32:09.195 - WebSocket S2S: No inactivity timeout
35664: 21:32:09.195 - Max Reliable Data In Transit (awaiting ACKs) per peer : 16384 bytes
35664: 21:32:09.195 - Per peer bandwidth limit
35664: 21:32:09.195 - Transmit Rate Limit: 256 KB/Sec
35664: 21:32:09.195 - Limit period: 200ms
35664: 21:32:09.195 - Limit per period: 52428 bytes
35664: 21:32:09.195 - Max queued data for transmission per peer: 163840 bytes
35664: 21:32:09.195 - Minimum retransmit timeout: 200
35664: 21:32:09.195 - No Maximum retransmit timeout
35664: 21:32:09.195 - Minimum ENet timeout: 5000ms
35664: 21:32:09.195 - Maximum ENet timeout: 30000ms
35664: 21:32:09.195 - Max Inbound Reliable Data Queued (awaiting resends of earlier sequence numbers) per peer : 163840 bytes
35664: 21:32:09.195 - No RTT ACK adjustment timeout
35664: 21:32:09.195 - Outbound ENet: MaxInboundMessageSize: 512000
35664: 21:32:09.195 - Outbound ENet: MaxOutboundMessageSize: 512000
35664: 21:32:09.196 - GetRuntime - About to load CLR - versions available:
35664: 21:32:09.196 - v2.0.50727
35664: 21:32:09.196 - v4.0.30319
35664: 21:32:09.196 - Configuration requests: "v2.0.50727"
35664: 21:32:09.196 - About to load version: "v2.0.50727"
35664: 21:32:09.231 - About to load runtime: PhotonHostRuntime.PhotonDomainManager from PhotonHostRuntime, Culture=neutral, PublicKeyToken=02C301B61B060C4D
35664: 21:32:09.231 - CLRBaseDirectory set to "C:\Users\Gerar\Desktop\LocalHostUberStrikeServer\UberServer-4.8.7\ServerSetup\PhotonRealtimeServer"
35664: 21:32:09.231 - Optimising event broadcast for 20 or more peers
35664: 21:32:09.232 - Start: About to load CLR - versions available:
35664: 21:32:09.232 - v2.0.50727
35664: 21:32:09.232 - v4.0.30319
35664: 21:32:09.232 - No preference in configuration file, will load latest.
35664: 21:32:09.232 - About to load version: "v4.0.30319"
35664: 21:32:09.233 - Loaded version: "v4.0.30319"
35664: 21:32:09.312 - Photon host runtime loaded
35664: 21:32:10.663 - LICENSE: No license file was found. Starting with Bootstrap License.
35664: 21:32:10.663 - License is valid.
35664: 21:32:10.663 - Licensed for 20 concurrent connections.
35664: 21:32:10.663 - ENet: Max Reliable Data In Transit (awaiting ACKs) per peer : 16384 bytes
35664: 21:32:10.663 - ENet: Per peer bandwidth limit
35664: 21:32:10.663 - ENet: Transmit Rate Limit: 256 KB/Sec
35664: 21:32:10.663 - ENet: Limit period: 200ms
35664: 21:32:10.663 - ENet: Limit per period: 52428 bytes
35664: 21:32:10.663 - ENet: Max queued data for transmission per peer: 163840 bytes
35664: 21:32:10.663 - ENet: Minimum retransmit timeout: 200
35664: 21:32:10.663 - No Maximum retransmit timeout
35664: 21:32:10.663 - ENet: Minimum timeout: 5000ms
35664: 21:32:10.663 - ENet: Maximum timeout: 30000ms
35664: 21:32:10.663 - ENet: Max Inbound Reliable Data Queued (awaiting resends of earlier sequence numbers) per peer : 163840 bytes
35664: 21:32:10.663 - No RTT ACK adjustment timeout
35664: 21:32:10.663 - About to load application: UberStrok.Realtime.Server.Comm from UberStrok.Realtime.Server.Comm
35664: 21:32:10.663 - Auto restart is enabled for application, existing connections will be terminated during restart
35664: 21:32:10.663 - Application will restart 1000ms after the last change detected
35664: 21:32:10.663 - Application will restart if files matching the following are changed: "dll;config"
35664: 21:32:10.663 - Application will NOT restart if files matching the following are changed: "log4net.config"
35664: 21:32:10.703 - Taking reference on default app domain
35664: 21:32:10.734 - Application: "UberStrok.Realtime.Server.Comm" started in app domain: 2
35664: 21:32:10.734 - About to load application: UberStrok.Realtime.Server.Game from UberStrok.Realtime.Server.Game
35664: 21:32:10.734 - Auto restart is enabled for application, existing connections will be terminated during restart
35664: 21:32:10.734 - Application will restart 1000ms after the last change detected
35664: 21:32:10.734 - Application will restart if files matching the following are changed: "dll;config"
35664: 21:32:10.734 - Application will NOT restart if files matching the following are changed: "log4net.config"
35664: 21:32:10.768 - Taking reference on default app domain
35664: 21:32:10.800 - Application: "UberStrok.Realtime.Server.Game" started in app domain: 3
35664: 21:32:10.800 - Forcing all applications ids to: "UberStrok.Realtime.Server.Comm"
35664: 21:32:10.800 - MaxInboundMessageSize: 512000
35664: 21:32:10.800 - MaxOutboundMessageSize: 512000
35664: 21:32:10.800 - UDP address specified as: "0.0.0.0" adding listener to each available IPv4 address
35664: 21:32:10.800 - Adding UDP listener on: 192.168.0.31: 5055 with a listen backlog of: 500
35664: 21:32:10.800 - Adding UDP listener on: 127.0.0.1: 5055 with a listen backlog of: 500
35664: 21:32:10.800 - Forcing all applications ids to: "UberStrok.Realtime.Server.Game"
35664: 21:32:10.800 - MaxInboundMessageSize: 512000
35664: 21:32:10.800 - MaxOutboundMessageSize: 512000
35664: 21:32:10.800 - UDP address specified as: "0.0.0.0" adding listener to each available IPv4 address
35664: 21:32:10.800 - Adding UDP listener on: 192.168.0.31: 5056 with a listen backlog of: 500
35664: 21:32:10.800 - Adding UDP listener on: 127.0.0.1: 5056 with a listen backlog of: 500
35664: 21:32:10.809 - Service is running...
35664: 21:42:43.696 - Service is stopped...
35664: 21:42:43.696 - Server shutting down...
35664: 21:42:43.696 - Shutdown monitoring enabled, 30000ms before process abort
35664: 21:42:43.696 - Notifying CLR applications of shutdown...
35664: 21:42:43.696 - RequestApplicationStop: 2
35664: 21:42:43.698 - RequestApplicationStop: 3
35664: 21:42:43.698 - RequestStop: defalt app domain
35664: 21:42:43.699 - Shutting down WebSocket Outbound Connection Manager...
35664: 21:42:43.699 - Shutting down TCP Outbound Connection Manager...
35664: 21:42:43.699 - Shutting down ENet Outbound Connection Manager...
35664: 21:42:43.699 - Disconnecting all outbound peers...
35664: 21:42:43.699 - Shutting down ENet host...
35664: 21:42:43.699 - Disconnecting all peers...
35664: 21:42:43.699 - Shutting down socket servers...
35664: 21:42:43.699 - Shutting down ENet thread pool...
35664: 21:42:43.699 - Shutting down TCP inactivity timers...
35664: 21:42:43.699 - WaitingForShutdownToComplete: UDP:127.0.0.1:5055
35664: 21:42:43.699 - OnShutdownCompleted: UDP:127.0.0.1:5055
35664: 21:42:43.699 - WaitingForShutdownToComplete: UDP:127.0.0.1:5056
35664: 21:42:43.699 - OnShutdownCompleted: UDP:127.0.0.1:5056
35664: 21:42:43.699 - WaitingForShutdownToComplete: UDP:192.168.0.31:5055
35664: 21:42:43.699 - OnShutdownCompleted: UDP:192.168.0.31:5055
35664: 21:42:43.699 - WaitingForShutdownToComplete: UDP:192.168.0.31:5056
35664: 21:42:43.699 - OnShutdownCompleted: UDP:192.168.0.31:5056
35664: 21:42:43.699 - Shutting down CLR applications...
31024: 21:42:43.700 - CManagedHost::OnDefaultAction() - OPR_AppDomainUnload - eUnloadAppDomain
27556: 21:42:43.704 - Unloading Domain: ApplicationName = 'UberStrok.Realtime.Server.Comm', DomainId='2'
35664: 21:42:43.754 - Shutting down business logic thread pool...
35664: 21:42:43.754 - Shutting down I/O thread pool...
35664: 21:42:43.754 - Destroying servers
35664: 21:42:43.754 - Destroying WebSocket Outbound Connection Manager
35664: 21:42:43.754 - Destroying TCP Outbound Connection Manager
35664: 21:42:43.754 - Destroying TCP inactivity timer
35664: 21:42:43.754 - Destroying ENet timer wheel
35664: 21:42:43.754 - Destroying ENet host
35664: 21:42:43.754 - Destroying ENet outbound host
35664: 21:42:43.754 - Destroying HTTP inactivity timer
35664: 21:42:43.754 - Destroying HTTP host
35664: 21:42:43.754 - Destroying HTTP Chunk host
35664: 21:42:43.754 - Flushing ENET buffer allocator...
35664: 21:42:43.755 - Flushing TCP buffer handle allocator...
35664: 21:42:43.755 - Flushing stream socket allocator...
35664: 21:42:43.755 - Flushing inbound datagram socket allocator...
35664: 21:42:43.756 - Flushing outbound datagram socket allocator...
35664: 21:42:43.756 - Destroying CLR dispatcher
35664: 21:42:43.756 - Destroying CLR applications
35664: 21:42:43.756 - ~CCLRApplicationCollection() - Waiting up to 10 seconds for the CLR to release all of our objects
35664: 21:42:53.759 - ~CCLRApplicationCollection() - CLR failed to release all COM objects. Photon peers and application sinks may have leaked
35664: 21:42:53.759 - ~CManagedHost() - Release default app domain
35664: 21:42:53.759 - CManagedHost::OnDomainUnload() - 1
35664: 21:42:53.759 - ~CManagedHost() - Waiting up to 10 seconds for CLR shutdown...
35664: 21:42:53.759 - ~CManagedHost
35664: 21:42:53.759 - Destroying ENet thread pool
35664: 21:42:53.760 - Destroying Business logic thread pool
35664: 21:42:53.760 - Destroying I/O thread pool
35664: 21:42:53.760 - Destroying ENet buffer allocator
35664: 21:42:53.760 - Destroying TCP buffer allocator
35664: 21:42:53.760 - Destroying TCP socket allocator
35664: 21:42:53.760 - Destroying ENet inbound socket allocator
35664: 21:42:53.760 - Destroying ENet outbound socket allocator
35664: 21:42:53.760 - Destroying shared datagram flow control data
35664: 21:42:53.760 - 
35664: 21:42:53.760 - WARNING: ***************************************************************
35664: 21:42:53.760 - WARNING: CPhotonPeer leaks detected
35664: 21:42:53.760 - WARNING: ***************************************************************
35664: 21:42:53.760 - 
35664: 21:42:53.760 - Shutdown complete...
35664: 21:42:53.760 - Service shutting down: leaks detected. Errorcode: 106
35664: 21:42:53.764 - Service shut down complete
37672: 21:43:06.700 - ---
37672: 21:43:06.700 - Service: "Photon Socket Server" starting
37672: 21:43:06.700 - Config File: C:\Users\Gerar\Desktop\LocalHostUberStrikeServer\UberServer-4.8.7\ServerSetup\PhotonRealtimeServer\bin_Win64\PhotonServer.config
37672: 21:43:06.702 - Will produce at most: 10 crash dumps
37672: 21:43:06.702 - Action: run as exe
37672: 21:43:06.702 - Server Starting...
37672: 21:43:06.702 -    Tick count: 162572250 (wraps in: 47.8286 days)
37672: 21:43:06.702 - Tick count 64: 162572250
37672: 21:43:06.702 - Photon Version: 4.0.28.2962
37672: 21:43:06.702 - PID: 38012
37672: 21:43:06.702 - Config File: C:\Users\Gerar\Desktop\LocalHostUberStrikeServer\UberServer-4.8.7\ServerSetup\PhotonRealtimeServer\bin_Win64\PhotonServer.config
37672: 21:43:06.702 - Will NOT log unimportant exceptions
37672: 21:43:06.702 - Not using performance counters as they are not currently installed. Run the service with /InstallCounters to install them.
37672: 21:43:06.702 - Shutdown timeout enabled: 30000ms
37672: 21:43:06.702 - Starting I/O thread pool with 2 threads
37672: 21:43:06.702 - Using Standard allocator
37672: 21:43:06.702 - Max message size: 512000
37672: 21:43:06.702 - Starting business logic thread pool with the following settings
37672: 21:43:06.702 - InitialThreads: 4 threads
37672: 21:43:06.702 - MinThreads: 4 threads
37672: 21:43:06.702 - Thread pool is fixed size
37672: 21:43:06.703 - Starting ENet thread pool with the following settings
37672: 21:43:06.703 - InitialThreads: 2 threads
37672: 21:43:06.703 - MinThreads: 2 threads
37672: 21:43:06.703 - Thread pool is fixed size
37672: 21:43:06.703 - OnlyDispatchTimers: False
37672: 21:43:06.703 - S2S: flow control: Max pending writes: 50
37672: 21:43:06.703 - S2S: flow control: Max queued buffers: 200
37672: 21:43:06.703 - S2S: flow control: Max pending writes MUX: 500
37672: 21:43:06.703 - S2S: flow control: Max queued buffers MUX: 2000
37672: 21:43:06.703 - S2S: MaxInboundMessageSize: 512000
37672: 21:43:06.703 - S2S: MaxOutboundMessageSize: 512000
37672: 21:43:06.703 - S2S: No inactivity timeout
37672: 21:43:06.704 - WebSocket S2S: MaxInboundMessageSize: 512000
37672: 21:43:06.704 - WebSocket S2S: MaxOutboundMessageSize: 512000
37672: 21:43:06.704 - WebSocket S2S: No inactivity timeout
37672: 21:43:06.704 - Max Reliable Data In Transit (awaiting ACKs) per peer : 16384 bytes
37672: 21:43:06.704 - Per peer bandwidth limit
37672: 21:43:06.704 - Transmit Rate Limit: 256 KB/Sec
37672: 21:43:06.704 - Limit period: 200ms
37672: 21:43:06.704 - Limit per period: 52428 bytes
37672: 21:43:06.704 - Max queued data for transmission per peer: 163840 bytes
37672: 21:43:06.704 - Minimum retransmit timeout: 200
37672: 21:43:06.704 - No Maximum retransmit timeout
37672: 21:43:06.704 - Minimum ENet timeout: 5000ms
37672: 21:43:06.704 - Maximum ENet timeout: 30000ms
37672: 21:43:06.704 - Max Inbound Reliable Data Queued (awaiting resends of earlier sequence numbers) per peer : 163840 bytes
37672: 21:43:06.704 - No RTT ACK adjustment timeout
37672: 21:43:06.704 - Outbound ENet: MaxInboundMessageSize: 512000
37672: 21:43:06.704 - Outbound ENet: MaxOutboundMessageSize: 512000
37672: 21:43:06.705 - GetRuntime - About to load CLR - versions available:
37672: 21:43:06.705 - v2.0.50727
37672: 21:43:06.705 - v4.0.30319
37672: 21:43:06.705 - Configuration requests: "v2.0.50727"
37672: 21:43:06.705 - About to load version: "v2.0.50727"
37672: 21:43:06.707 - About to load runtime: PhotonHostRuntime.PhotonDomainManager from PhotonHostRuntime, Culture=neutral, PublicKeyToken=02C301B61B060C4D
37672: 21:43:06.707 - CLRBaseDirectory set to "C:\Users\Gerar\Desktop\LocalHostUberStrikeServer\UberServer-4.8.7\ServerSetup\PhotonRealtimeServer"
37672: 21:43:06.707 - Optimising event broadcast for 20 or more peers
37672: 21:43:06.707 - Start: About to load CLR - versions available:
37672: 21:43:06.707 - v2.0.50727
37672: 21:43:06.707 - v4.0.30319
37672: 21:43:06.707 - No preference in configuration file, will load latest.
37672: 21:43:06.707 - About to load version: "v4.0.30319"
37672: 21:43:06.708 - Loaded version: "v4.0.30319"
37672: 21:43:06.775 - Photon host runtime loaded
37672: 21:43:08.220 - LICENSE: No license file was found. Starting with Bootstrap License.
37672: 21:43:08.220 - License is valid.
37672: 21:43:08.220 - Licensed for 20 concurrent connections.
37672: 21:43:08.220 - ENet: Max Reliable Data In Transit (awaiting ACKs) per peer : 16384 bytes
37672: 21:43:08.220 - ENet: Per peer bandwidth limit
37672: 21:43:08.220 - ENet: Transmit Rate Limit: 256 KB/Sec
37672: 21:43:08.220 - ENet: Limit period: 200ms
37672: 21:43:08.220 - ENet: Limit per period: 52428 bytes
37672: 21:43:08.220 - ENet: Max queued data for transmission per peer: 163840 bytes
37672: 21:43:08.220 - ENet: Minimum retransmit timeout: 200
37672: 21:43:08.220 - No Maximum retransmit timeout
37672: 21:43:08.220 - ENet: Minimum timeout: 5000ms
37672: 21:43:08.221 - ENet: Maximum timeout: 30000ms
37672: 21:43:08.221 - ENet: Max Inbound Reliable Data Queued (awaiting resends of earlier sequence numbers) per peer : 163840 bytes
37672: 21:43:08.221 - No RTT ACK adjustment timeout
37672: 21:43:08.221 - About to load application: UberStrok.Realtime.Server.Comm from UberStrok.Realtime.Server.Comm
37672: 21:43:08.221 - Auto restart is enabled for application, existing connections will be terminated during restart
37672: 21:43:08.221 - Application will restart 1000ms after the last change detected
37672: 21:43:08.221 - Application will restart if files matching the following are changed: "dll;config"
37672: 21:43:08.221 - Application will NOT restart if files matching the following are changed: "log4net.config"
37672: 21:43:08.272 - Taking reference on default app domain
37672: 21:43:08.293 - Application: "UberStrok.Realtime.Server.Comm" started in app domain: 2
37672: 21:43:08.293 - About to load application: UberStrok.Realtime.Server.Game from UberStrok.Realtime.Server.Game
37672: 21:43:08.293 - Auto restart is enabled for application, existing connections will be terminated during restart
37672: 21:43:08.293 - Application will restart 1000ms after the last change detected
37672: 21:43:08.293 - Application will restart if files matching the following are changed: "dll;config"
37672: 21:43:08.293 - Application will NOT restart if files matching the following are changed: "log4net.config"
37672: 21:43:08.324 - Taking reference on default app domain
37672: 21:43:08.344 - Application: "UberStrok.Realtime.Server.Game" started in app domain: 3
37672: 21:43:08.344 - Forcing all applications ids to: "UberStrok.Realtime.Server.Comm"
37672: 21:43:08.344 - MaxInboundMessageSize: 512000
37672: 21:43:08.344 - MaxOutboundMessageSize: 512000
37672: 21:43:08.344 - UDP address specified as: "0.0.0.0" adding listener to each available IPv4 address
37672: 21:43:08.345 - Adding UDP listener on: 192.168.0.31: 5055 with a listen backlog of: 500
37672: 21:43:08.345 - Adding UDP listener on: 127.0.0.1: 5055 with a listen backlog of: 500
37672: 21:43:08.345 - Forcing all applications ids to: "UberStrok.Realtime.Server.Game"
37672: 21:43:08.345 - MaxInboundMessageSize: 512000
37672: 21:43:08.345 - MaxOutboundMessageSize: 512000
37672: 21:43:08.345 - UDP address specified as: "0.0.0.0" adding listener to each available IPv4 address
37672: 21:43:08.345 - Adding UDP listener on: 192.168.0.31: 5056 with a listen backlog of: 500
37672: 21:43:08.345 - Adding UDP listener on: 127.0.0.1: 5056 with a listen backlog of: 500
37672: 21:43:08.352 - Service is running...
2160: 21:48:35.665 - Restarting application: "UberStrok.Realtime.Server.Comm" due to file changes
2160: 21:48:35.665 - Application: "UberStrok.Realtime.Server.Comm" restart request (abort existing connections)
2160: 21:48:35.695 - Taking reference on default app domain
2160: 21:48:35.721 - Application: "UberStrok.Realtime.Server.Comm" started in app domain: 4
2160: 21:48:39.615 - RequestApplicationStop: 2
2160: 21:48:39.616 - Application: "UberStrok.Realtime.Server.Comm" stopped in app domain: 2 (abort existing connections)
2160: 21:48:39.616 - Application: "UberStrok.Realtime.Server.Comm" restart complete.
37944: 21:48:39.616 - CManagedHost::OnDefaultAction() - OPR_AppDomainUnload - eUnloadAppDomain
20664: 21:48:39.619 - Unloading Domain: ApplicationName = 'UberStrok.Realtime.Server.Comm', DomainId='2'
37944: 21:48:54.635 - CManagedHost::OnTimeout() - OPR_AppDomainUnload - eRudeUnloadAppDomain
37944: 21:48:54.651 - CManagedHost::OnTimeout() - OPR_AppDomainRudeUnload - eDisableRuntime
37944: 21:48:54.651 - CManagedHost::OnDefaultAction() - OPR_ProcessExit - eDisableRuntime
37944: 21:48:54.651 - CManagedHost::OnCLRDisabled()
37944: 21:48:54.651 - Shutdown request from PhotonHostRuntime: CLR Disabled Exit code: 107
37944: 21:48:54.651 - Shutdown requested.
37672: 21:48:54.653 - Service is stopped...
37672: 21:48:54.653 - Server shutting down...
37672: 21:48:54.653 - Shutdown monitoring enabled, 30000ms before process abort
37672: 21:48:54.653 - Notifying CLR applications of shutdown...
37672: 21:48:54.653 - RequestApplicationStop: 4
37672: 21:48:54.653 - RequestApplicationStop - Exception: CManagedHost::RequestApplicationStop() - Failed to request application to stop in AppDomain: 4 - The process terminated unexpectedly.
37672: 21:48:54.653 - RequestApplicationStop: 3
37672: 21:48:54.653 - RequestApplicationStop - Exception: CManagedHost::RequestApplicationStop() - Failed to request application to stop in AppDomain: 3 - The process terminated unexpectedly.
37672: 21:48:54.653 - RequestStop: defalt app domain
37672: 21:48:54.653 - RequestApplicationStop - Exception: CManagedHost::RequestStop() - Failed to request default app domain to stop - The process terminated unexpectedly.
37672: 21:48:54.653 - Shutting down WebSocket Outbound Connection Manager...
37672: 21:48:54.653 - Shutting down TCP Outbound Connection Manager...
37672: 21:48:54.653 - Shutting down ENet Outbound Connection Manager...
37672: 21:48:54.653 - Disconnecting all outbound peers...
37672: 21:48:54.653 - Shutting down ENet host...
37672: 21:48:54.653 - Disconnecting all peers...
37672: 21:48:54.653 - Shutting down socket servers...
37672: 21:48:54.653 - Shutting down ENet thread pool...
37672: 21:48:54.653 - Shutting down TCP inactivity timers...
37672: 21:48:54.653 - WaitingForShutdownToComplete: UDP:127.0.0.1:5055
37672: 21:48:54.653 - OnShutdownCompleted: UDP:127.0.0.1:5055
37672: 21:48:54.653 - WaitingForShutdownToComplete: UDP:127.0.0.1:5056
37672: 21:48:54.653 - OnShutdownCompleted: UDP:127.0.0.1:5056
37672: 21:48:54.653 - WaitingForShutdownToComplete: UDP:192.168.0.31:5055
37672: 21:48:54.653 - OnShutdownCompleted: UDP:192.168.0.31:5055
37672: 21:48:54.653 - WaitingForShutdownToComplete: UDP:192.168.0.31:5056
37672: 21:48:54.654 - OnShutdownCompleted: UDP:192.168.0.31:5056
37672: 21:48:54.654 - Shutting down CLR applications...
37672: 21:48:54.654 - Shutting down business logic thread pool...
37672: 21:48:54.654 - Shutting down I/O thread pool...
37672: 21:48:54.654 - Destroying servers
37672: 21:48:54.654 - Destroying WebSocket Outbound Connection Manager
37672: 21:48:54.654 - Destroying TCP Outbound Connection Manager
37672: 21:48:54.654 - Destroying TCP inactivity timer
37672: 21:48:54.654 - Destroying ENet timer wheel
37672: 21:48:54.654 - Destroying ENet host
37672: 21:48:54.654 - Destroying ENet outbound host
37672: 21:48:54.654 - Destroying HTTP inactivity timer
37672: 21:48:54.654 - Destroying HTTP host
37672: 21:48:54.654 - Destroying HTTP Chunk host
37672: 21:48:54.654 - Flushing ENET buffer allocator...
37672: 21:48:54.655 - Flushing TCP buffer handle allocator...
37672: 21:48:54.655 - Flushing stream socket allocator...
37672: 21:48:54.655 - Flushing inbound datagram socket allocator...
37672: 21:48:54.655 - Flushing outbound datagram socket allocator...
37672: 21:48:54.655 - Destroying CLR dispatcher
37672: 21:48:54.655 - Destroying CLR applications
37672: 21:48:54.656 - ~CCLRApplicationCollection() - Waiting up to 10 seconds for the CLR to release all of our objects
37672: 21:49:04.662 - ~CCLRApplicationCollection() - CLR failed to release all COM objects. Photon peers and application sinks may have leaked
37672: 21:49:04.662 - ~CManagedHost() - Release default app domain
37672: 21:49:04.662 - CManagedHost::OnDomainUnload() - 1
37672: 21:49:04.662 - ~CManagedHost() - Waiting up to 10 seconds for CLR shutdown...
37672: 21:49:14.668 - ~CManagedHost() - Timeout waiting for CLR shutdown, we may report Photon peer leaks...
37672: 21:49:14.668 - Release domain manager: 3
37672: 21:49:14.668 - Release domain manager: 4
37672: 21:49:14.668 - ~CManagedHost
37672: 21:49:14.668 - Destroying ENet thread pool
37672: 21:49:14.668 - Destroying Business logic thread pool
37672: 21:49:14.668 - Destroying I/O thread pool
37672: 21:49:14.668 - Destroying ENet buffer allocator
37672: 21:49:14.668 - Destroying TCP buffer allocator
37672: 21:49:14.668 - Destroying TCP socket allocator
37672: 21:49:14.668 - Destroying ENet inbound socket allocator
37672: 21:49:14.668 - Destroying ENet outbound socket allocator
37672: 21:49:14.668 - Destroying shared datagram flow control data
37672: 21:49:14.668 - 
37672: 21:49:14.668 - WARNING: ***************************************************************
37672: 21:49:14.668 - WARNING: CPhotonPeer leaks detected
37672: 21:49:14.668 - WARNING: ***************************************************************
37672: 21:49:14.668 - 
37672: 21:49:14.668 - Shutdown complete...
37672: 21:49:14.668 - Service shutting down: leaks detected. Errorcode: 106
37672: 21:49:14.669 - CLR was disabled, skipping normal at-exit processing and calling ExitProcess()...
37672: 21:49:14.669 - Service shut down complete
23080: 21:49:18.688 - ---
23080: 21:49:18.688 - Service: "Photon Socket Server" starting
23080: 21:49:18.688 - Config File: C:\Users\Gerar\Desktop\LocalHostUberStrikeServer\UberServer-4.8.7\ServerSetup\PhotonRealtimeServer\bin_Win64\PhotonServer.config
23080: 21:49:18.689 - Will produce at most: 10 crash dumps
23080: 21:49:18.689 - Action: run as exe
23080: 21:49:18.689 - Server Starting...
23080: 21:49:18.689 -    Tick count: 162944234 (wraps in: 47.8243 days)
23080: 21:49:18.689 - Tick count 64: 162944234
23080: 21:49:18.689 - Photon Version: 4.0.28.2962
23080: 21:49:18.689 - PID: 38328
23080: 21:49:18.689 - Config File: C:\Users\Gerar\Desktop\LocalHostUberStrikeServer\UberServer-4.8.7\ServerSetup\PhotonRealtimeServer\bin_Win64\PhotonServer.config
23080: 21:49:18.689 - Will NOT log unimportant exceptions
23080: 21:49:18.690 - Not using performance counters as they are not currently installed. Run the service with /InstallCounters to install them.
23080: 21:49:18.690 - Shutdown timeout enabled: 30000ms
23080: 21:49:18.690 - Starting I/O thread pool with 2 threads
23080: 21:49:18.690 - Using Standard allocator
23080: 21:49:18.690 - Max message size: 512000
23080: 21:49:18.690 - Starting business logic thread pool with the following settings
23080: 21:49:18.690 - InitialThreads: 4 threads
23080: 21:49:18.690 - MinThreads: 4 threads
23080: 21:49:18.690 - Thread pool is fixed size
23080: 21:49:18.691 - Starting ENet thread pool with the following settings
23080: 21:49:18.691 - InitialThreads: 2 threads
23080: 21:49:18.691 - MinThreads: 2 threads
23080: 21:49:18.691 - Thread pool is fixed size
23080: 21:49:18.691 - OnlyDispatchTimers: False
23080: 21:49:18.691 - S2S: flow control: Max pending writes: 50
23080: 21:49:18.691 - S2S: flow control: Max queued buffers: 200
23080: 21:49:18.691 - S2S: flow control: Max pending writes MUX: 500
23080: 21:49:18.691 - S2S: flow control: Max queued buffers MUX: 2000
23080: 21:49:18.691 - S2S: MaxInboundMessageSize: 512000
23080: 21:49:18.691 - S2S: MaxOutboundMessageSize: 512000
23080: 21:49:18.691 - S2S: No inactivity timeout
23080: 21:49:18.692 - WebSocket S2S: MaxInboundMessageSize: 512000
23080: 21:49:18.692 - WebSocket S2S: MaxOutboundMessageSize: 512000
23080: 21:49:18.692 - WebSocket S2S: No inactivity timeout
23080: 21:49:18.692 - Max Reliable Data In Transit (awaiting ACKs) per peer : 16384 bytes
23080: 21:49:18.692 - Per peer bandwidth limit
23080: 21:49:18.692 - Transmit Rate Limit: 256 KB/Sec
23080: 21:49:18.692 - Limit period: 200ms
23080: 21:49:18.692 - Limit per period: 52428 bytes
23080: 21:49:18.692 - Max queued data for transmission per peer: 163840 bytes
23080: 21:49:18.692 - Minimum retransmit timeout: 200
23080: 21:49:18.692 - No Maximum retransmit timeout
23080: 21:49:18.692 - Minimum ENet timeout: 5000ms
23080: 21:49:18.692 - Maximum ENet timeout: 30000ms
23080: 21:49:18.692 - Max Inbound Reliable Data Queued (awaiting resends of earlier sequence numbers) per peer : 163840 bytes
23080: 21:49:18.692 - No RTT ACK adjustment timeout
23080: 21:49:18.692 - Outbound ENet: MaxInboundMessageSize: 512000
23080: 21:49:18.692 - Outbound ENet: MaxOutboundMessageSize: 512000
23080: 21:49:18.693 - GetRuntime - About to load CLR - versions available:
23080: 21:49:18.693 - v2.0.50727
23080: 21:49:18.693 - v4.0.30319
23080: 21:49:18.693 - Configuration requests: "v2.0.50727"
23080: 21:49:18.693 - About to load version: "v2.0.50727"
23080: 21:49:18.695 - About to load runtime: PhotonHostRuntime.PhotonDomainManager from PhotonHostRuntime, Culture=neutral, PublicKeyToken=02C301B61B060C4D
23080: 21:49:18.695 - CLRBaseDirectory set to "C:\Users\Gerar\Desktop\LocalHostUberStrikeServer\UberServer-4.8.7\ServerSetup\PhotonRealtimeServer"
23080: 21:49:18.695 - Optimising event broadcast for 20 or more peers
23080: 21:49:18.695 - Start: About to load CLR - versions available:
23080: 21:49:18.695 - v2.0.50727
23080: 21:49:18.695 - v4.0.30319
23080: 21:49:18.695 - No preference in configuration file, will load latest.
23080: 21:49:18.695 - About to load version: "v4.0.30319"
23080: 21:49:18.696 - Loaded version: "v4.0.30319"
23080: 21:49:18.762 - Photon host runtime loaded
23080: 21:49:20.217 - LICENSE: No license file was found. Starting with Bootstrap License.
23080: 21:49:20.217 - License is valid.
23080: 21:49:20.217 - Licensed for 20 concurrent connections.
23080: 21:49:20.217 - ENet: Max Reliable Data In Transit (awaiting ACKs) per peer : 16384 bytes
23080: 21:49:20.217 - ENet: Per peer bandwidth limit
23080: 21:49:20.217 - ENet: Transmit Rate Limit: 256 KB/Sec
23080: 21:49:20.217 - ENet: Limit period: 200ms
23080: 21:49:20.217 - ENet: Limit per period: 52428 bytes
23080: 21:49:20.217 - ENet: Max queued data for transmission per peer: 163840 bytes
23080: 21:49:20.217 - ENet: Minimum retransmit timeout: 200
23080: 21:49:20.217 - No Maximum retransmit timeout
23080: 21:49:20.217 - ENet: Minimum timeout: 5000ms
23080: 21:49:20.217 - ENet: Maximum timeout: 30000ms
23080: 21:49:20.217 - ENet: Max Inbound Reliable Data Queued (awaiting resends of earlier sequence numbers) per peer : 163840 bytes
23080: 21:49:20.217 - No RTT ACK adjustment timeout
23080: 21:49:20.217 - About to load application: UberStrok.Realtime.Server.Comm from UberStrok.Realtime.Server.Comm
23080: 21:49:20.217 - Auto restart is enabled for application, existing connections will be terminated during restart
23080: 21:49:20.217 - Application will restart 1000ms after the last change detected
23080: 21:49:20.217 - Application will restart if files matching the following are changed: "dll;config"
23080: 21:49:20.217 - Application will NOT restart if files matching the following are changed: "log4net.config"
23080: 21:49:20.253 - Taking reference on default app domain
23080: 21:49:20.273 - Application: "UberStrok.Realtime.Server.Comm" started in app domain: 2
23080: 21:49:20.273 - About to load application: UberStrok.Realtime.Server.Game from UberStrok.Realtime.Server.Game
23080: 21:49:20.273 - Auto restart is enabled for application, existing connections will be terminated during restart
23080: 21:49:20.273 - Application will restart 1000ms after the last change detected
23080: 21:49:20.273 - Application will restart if files matching the following are changed: "dll;config"
23080: 21:49:20.273 - Application will NOT restart if files matching the following are changed: "log4net.config"
23080: 21:49:20.303 - Taking reference on default app domain
23080: 21:49:20.324 - Application: "UberStrok.Realtime.Server.Game" started in app domain: 3
23080: 21:49:20.324 - Forcing all applications ids to: "UberStrok.Realtime.Server.Comm"
23080: 21:49:20.324 - MaxInboundMessageSize: 512000
23080: 21:49:20.324 - MaxOutboundMessageSize: 512000
23080: 21:49:20.324 - UDP address specified as: "0.0.0.0" adding listener to each available IPv4 address
23080: 21:49:20.324 - Adding UDP listener on: 192.168.0.31: 5055 with a listen backlog of: 500
23080: 21:49:20.324 - Adding UDP listener on: 127.0.0.1: 5055 with a listen backlog of: 500
23080: 21:49:20.324 - Forcing all applications ids to: "UberStrok.Realtime.Server.Game"
23080: 21:49:20.324 - MaxInboundMessageSize: 512000
23080: 21:49:20.324 - MaxOutboundMessageSize: 512000
23080: 21:49:20.324 - UDP address specified as: "0.0.0.0" adding listener to each available IPv4 address
23080: 21:49:20.324 - Adding UDP listener on: 192.168.0.31: 5056 with a listen backlog of: 500
23080: 21:49:20.324 - Adding UDP listener on: 127.0.0.1: 5056 with a listen backlog of: 500
23080: 21:49:20.332 - Service is running...
23080: 21:51:43.683 - Service is stopped...
23080: 21:51:43.683 - Server shutting down...
23080: 21:51:43.683 - Shutdown monitoring enabled, 30000ms before process abort
23080: 21:51:43.683 - Notifying CLR applications of shutdown...
23080: 21:51:43.683 - RequestApplicationStop: 2
23080: 21:51:43.684 - RequestApplicationStop: 3
23080: 21:51:43.685 - RequestStop: defalt app domain
23080: 21:51:43.685 - Shutting down WebSocket Outbound Connection Manager...
23080: 21:51:43.685 - Shutting down TCP Outbound Connection Manager...
23080: 21:51:43.685 - Shutting down ENet Outbound Connection Manager...
23080: 21:51:43.685 - Disconnecting all outbound peers...
23080: 21:51:43.685 - Shutting down ENet host...
23080: 21:51:43.685 - Disconnecting all peers...
23080: 21:51:43.686 - CUDPSocketServer::OnError() - CUDPSocketServer::OnSendToCompletionError(): An operation was attempted on something that is not a socket.
23080: 21:51:43.686 - 1 disconnected
23080: 21:51:43.686 - Shutting down socket servers...
23080: 21:51:43.686 - Shutting down ENet thread pool...
23080: 21:51:43.686 - Shutting down TCP inactivity timers...
23080: 21:51:43.686 - ENet Host - Resetting all peers...
23080: 21:51:43.686 - WaitingForShutdownToComplete: UDP:127.0.0.1:5055
23080: 21:51:43.686 - OnShutdownCompleted: UDP:127.0.0.1:5055
23080: 21:51:43.686 - WaitingForShutdownToComplete: UDP:127.0.0.1:5056
23080: 21:51:43.686 - OnShutdownCompleted: UDP:127.0.0.1:5056
23080: 21:51:43.686 - WaitingForShutdownToComplete: UDP:192.168.0.31:5055
23080: 21:51:43.686 - OnShutdownCompleted: UDP:192.168.0.31:5055
23080: 21:51:43.686 - WaitingForShutdownToComplete: UDP:192.168.0.31:5056
23080: 21:51:43.686 - OnShutdownCompleted: UDP:192.168.0.31:5056
23080: 21:51:43.686 - Shutting down CLR applications...
38584: 21:51:43.687 - CManagedHost::OnDefaultAction() - OPR_AppDomainUnload - eUnloadAppDomain
2768: 21:51:43.692 - Unloading Domain: ApplicationName = 'UberStrok.Realtime.Server.Comm', DomainId='2'
23080: 21:51:43.697 - Shutting down business logic thread pool...
23080: 21:51:43.697 - Shutting down I/O thread pool...
23080: 21:51:43.697 - Destroying servers
23080: 21:51:43.697 - Destroying WebSocket Outbound Connection Manager
23080: 21:51:43.697 - Destroying TCP Outbound Connection Manager
23080: 21:51:43.697 - Destroying TCP inactivity timer
23080: 21:51:43.697 - Destroying ENet timer wheel
23080: 21:51:43.697 - Destroying ENet host
23080: 21:51:43.697 - Destroying ENet outbound host
23080: 21:51:43.697 - Destroying HTTP inactivity timer
23080: 21:51:43.697 - Destroying HTTP host
23080: 21:51:43.697 - Destroying HTTP Chunk host
23080: 21:51:43.697 - Flushing ENET buffer allocator...
23080: 21:51:43.698 - Flushing TCP buffer handle allocator...
23080: 21:51:43.698 - Flushing stream socket allocator...
23080: 21:51:43.698 - Flushing inbound datagram socket allocator...
23080: 21:51:43.699 - Flushing outbound datagram socket allocator...
23080: 21:51:43.699 - Destroying CLR dispatcher
23080: 21:51:43.699 - Destroying CLR applications
23080: 21:51:43.699 - ~CCLRApplicationCollection() - Waiting up to 10 seconds for the CLR to release all of our objects
23080: 21:51:53.712 - ~CCLRApplicationCollection() - CLR failed to release all COM objects. Photon peers and application sinks may have leaked
23080: 21:51:53.712 - ~CManagedHost() - Release default app domain
23080: 21:51:53.712 - CManagedHost::OnDomainUnload() - 1
23080: 21:51:53.712 - ~CManagedHost() - Waiting up to 10 seconds for CLR shutdown...
23080: 21:51:53.713 - ~CManagedHost
23080: 21:51:53.713 - Destroying ENet thread pool
23080: 21:51:53.713 - Destroying Business logic thread pool
23080: 21:51:53.713 - Destroying I/O thread pool
23080: 21:51:53.713 - Destroying ENet buffer allocator
23080: 21:51:53.713 - Destroying TCP buffer allocator
23080: 21:51:53.713 - Destroying TCP socket allocator
23080: 21:51:53.713 - Destroying ENet inbound socket allocator
23080: 21:51:53.713 - Destroying ENet outbound socket allocator
23080: 21:51:53.713 - Destroying shared datagram flow control data
23080: 21:51:53.713 - 
23080: 21:51:53.713 - WARNING: ***************************************************************
23080: 21:51:53.713 - WARNING: CPhotonPeer leaks detected
23080: 21:51:53.713 - WARNING: ***************************************************************
23080: 21:51:53.713 - 
23080: 21:51:53.713 - Shutdown complete...
23080: 21:51:53.714 - Service shutting down: leaks detected. Errorcode: 106
23080: 21:51:53.717 - Service shut down complete
