17528: 22:48:17.928 - ---
17528: 22:48:17.928 - Service: "Photon Socket Server" starting
17528: 22:48:17.928 - Config File: C:\Users\Gerar\Desktop\ServerSetup - Copy\PhotonRealtimeServer\bin_Win64\PhotonServer.config
17528: 22:48:17.929 - Will produce at most: 10 crash dumps
17528: 22:48:17.929 - Action: run as exe
17528: 22:48:17.929 - Server Starting...
17528: 22:48:17.930 -    Tick count: 529785531 (wraps in: 43.5785 days)
17528: 22:48:17.930 - Tick count 64: 529785531
17528: 22:48:17.930 - Photon Version: 4.0.28.2962
17528: 22:48:17.930 - PID: 48148
17528: 22:48:17.930 - Config File: C:\Users\Gerar\Desktop\ServerSetup - Copy\PhotonRealtimeServer\bin_Win64\PhotonServer.config
17528: 22:48:17.930 - Will NOT log unimportant exceptions
17528: 22:48:17.933 - Not using performance counters as they are not currently installed. Run the service with /InstallCounters to install them.
17528: 22:48:17.933 - Shutdown timeout enabled: 30000ms
17528: 22:48:17.934 - Starting I/O thread pool with 2 threads
17528: 22:48:17.934 - Using Standard allocator
17528: 22:48:17.934 - Max message size: 512000
17528: 22:48:17.934 - Starting business logic thread pool with the following settings
17528: 22:48:17.934 - InitialThreads: 4 threads
17528: 22:48:17.934 - MinThreads: 4 threads
17528: 22:48:17.934 - Thread pool is fixed size
17528: 22:48:17.934 - Starting ENet thread pool with the following settings
17528: 22:48:17.934 - InitialThreads: 2 threads
17528: 22:48:17.934 - MinThreads: 2 threads
17528: 22:48:17.934 - Thread pool is fixed size
17528: 22:48:17.934 - OnlyDispatchTimers: False
17528: 22:48:17.935 - S2S: flow control: Max pending writes: 50
17528: 22:48:17.935 - S2S: flow control: Max queued buffers: 200
17528: 22:48:17.935 - S2S: flow control: Max pending writes MUX: 500
17528: 22:48:17.935 - S2S: flow control: Max queued buffers MUX: 2000
17528: 22:48:17.935 - S2S: MaxInboundMessageSize: 512000
17528: 22:48:17.935 - S2S: MaxOutboundMessageSize: 512000
17528: 22:48:17.935 - S2S: No inactivity timeout
17528: 22:48:17.937 - WebSocket S2S: MaxInboundMessageSize: 512000
17528: 22:48:17.937 - WebSocket S2S: MaxOutboundMessageSize: 512000
17528: 22:48:17.937 - WebSocket S2S: No inactivity timeout
17528: 22:48:17.937 - Max Reliable Data In Transit (awaiting ACKs) per peer : 16384 bytes
17528: 22:48:17.937 - Per peer bandwidth limit
17528: 22:48:17.937 - Transmit Rate Limit: 256 KB/Sec
17528: 22:48:17.937 - Limit period: 200ms
17528: 22:48:17.937 - Limit per period: 52428 bytes
17528: 22:48:17.937 - Max queued data for transmission per peer: 163840 bytes
17528: 22:48:17.937 - Minimum retransmit timeout: 200
17528: 22:48:17.937 - No Maximum retransmit timeout
17528: 22:48:17.937 - Minimum ENet timeout: 5000ms
17528: 22:48:17.937 - Maximum ENet timeout: 30000ms
17528: 22:48:17.937 - Max Inbound Reliable Data Queued (awaiting resends of earlier sequence numbers) per peer : 163840 bytes
17528: 22:48:17.937 - No RTT ACK adjustment timeout
17528: 22:48:17.937 - Outbound ENet: MaxInboundMessageSize: 512000
17528: 22:48:17.937 - Outbound ENet: MaxOutboundMessageSize: 512000
17528: 22:48:17.940 - GetRuntime - About to load CLR - versions available:
17528: 22:48:17.940 - v2.0.50727
17528: 22:48:17.940 - v4.0.30319
17528: 22:48:17.940 - Configuration requests: "v2.0.50727"
17528: 22:48:17.940 - About to load version: "v2.0.50727"
17528: 22:48:17.971 - About to load runtime: PhotonHostRuntime.PhotonDomainManager from PhotonHostRuntime, Culture=neutral, PublicKeyToken=02C301B61B060C4D
17528: 22:48:17.971 - CLRBaseDirectory set to "C:\Users\Gerar\Desktop\ServerSetup - Copy\PhotonRealtimeServer"
17528: 22:48:17.971 - Optimising event broadcast for 20 or more peers
17528: 22:48:17.972 - Start: About to load CLR - versions available:
17528: 22:48:17.972 - v2.0.50727
17528: 22:48:17.972 - v4.0.30319
17528: 22:48:17.972 - No preference in configuration file, will load latest.
17528: 22:48:17.972 - About to load version: "v4.0.30319"
17528: 22:48:17.973 - Loaded version: "v4.0.30319"
17528: 22:48:18.051 - Photon host runtime loaded
17528: 22:48:19.433 - LICENSE: No license file was found. Starting with Bootstrap License.
17528: 22:48:19.433 - License is valid.
17528: 22:48:19.433 - Licensed for 20 concurrent connections.
17528: 22:48:19.433 - ENet: Max Reliable Data In Transit (awaiting ACKs) per peer : 16384 bytes
17528: 22:48:19.433 - ENet: Per peer bandwidth limit
17528: 22:48:19.433 - ENet: Transmit Rate Limit: 256 KB/Sec
17528: 22:48:19.433 - ENet: Limit period: 200ms
17528: 22:48:19.433 - ENet: Limit per period: 52428 bytes
17528: 22:48:19.433 - ENet: Max queued data for transmission per peer: 163840 bytes
17528: 22:48:19.433 - ENet: Minimum retransmit timeout: 200
17528: 22:48:19.433 - No Maximum retransmit timeout
17528: 22:48:19.433 - ENet: Minimum timeout: 5000ms
17528: 22:48:19.433 - ENet: Maximum timeout: 30000ms
17528: 22:48:19.433 - ENet: Max Inbound Reliable Data Queued (awaiting resends of earlier sequence numbers) per peer : 163840 bytes
17528: 22:48:19.433 - No RTT ACK adjustment timeout
17528: 22:48:19.433 - About to load application: UberStrok.Realtime.Server.Comm from UberStrok.Realtime.Server.Comm
17528: 22:48:19.433 - Auto restart is enabled for application, existing connections will be terminated during restart
17528: 22:48:19.433 - Application will restart 1000ms after the last change detected
17528: 22:48:19.433 - Application will restart if files matching the following are changed: "dll;config"
17528: 22:48:19.433 - Application will NOT restart if files matching the following are changed: "log4net.config"
17528: 22:48:19.479 - Taking reference on default app domain
17528: 22:48:19.513 - Application: "UberStrok.Realtime.Server.Comm" started in app domain: 2
17528: 22:48:19.514 - About to load application: UberStrok.Realtime.Server.Game from UberStrok.Realtime.Server.Game
17528: 22:48:19.514 - Auto restart is enabled for application, existing connections will be terminated during restart
17528: 22:48:19.514 - Application will restart 1000ms after the last change detected
17528: 22:48:19.514 - Application will restart if files matching the following are changed: "dll;config"
17528: 22:48:19.514 - Application will NOT restart if files matching the following are changed: "log4net.config"
17528: 22:48:19.549 - Taking reference on default app domain
17528: 22:48:19.579 - Application: "UberStrok.Realtime.Server.Game" started in app domain: 3
17528: 22:48:19.579 - Forcing all applications ids to: "UberStrok.Realtime.Server.Comm"
17528: 22:48:19.579 - MaxInboundMessageSize: 512000
17528: 22:48:19.579 - MaxOutboundMessageSize: 512000
17528: 22:48:19.579 - UDP address specified as: "0.0.0.0" adding listener to each available IPv4 address
17528: 22:48:19.579 - Adding UDP listener on: 192.168.0.31: 5055 with a listen backlog of: 500
17528: 22:48:19.579 - Adding UDP listener on: 127.0.0.1: 5055 with a listen backlog of: 500
17528: 22:48:19.579 - Forcing all applications ids to: "UberStrok.Realtime.Server.Game"
17528: 22:48:19.579 - MaxInboundMessageSize: 512000
17528: 22:48:19.579 - MaxOutboundMessageSize: 512000
17528: 22:48:19.579 - UDP address specified as: "0.0.0.0" adding listener to each available IPv4 address
17528: 22:48:19.579 - Adding UDP listener on: 192.168.0.31: 5056 with a listen backlog of: 500
17528: 22:48:19.579 - Adding UDP listener on: 127.0.0.1: 5056 with a listen backlog of: 500
17528: 22:48:19.588 - Service is running...
17528: 22:48:19.958 - UberStrok.Realtime.Server.Comm:2 - PhotonRunning() failed.
Exception:
System.IO.DirectoryNotFoundException: Could not find a part of the path 'C:\UberBeatDB\Database.json'.
   at System.IO.__Error.WinIOError(Int32 errorCode, String maybeFullPath)
   at System.IO.FileStream.Init(String path, FileMode mode, FileAccess access, Int32 rights, Boolean useRights, FileShare share, Int32 bufferSize, FileOptions options, SECURITY_ATTRIBUTES secAttrs, String msgPath, Boolean bFromProxy, Boolean useLongPath, Boolean checkHost)
   at System.IO.FileStream..ctor(String path, FileMode mode, FileAccess access, FileShare share, Int32 bufferSize, FileOptions options, String msgPath, Boolean bFromProxy, Boolean useLongPath, Boolean checkHost)
   at System.IO.StreamWriter.CreateFile(String path, Boolean append, Boolean checkHost)
   at System.IO.StreamWriter..ctor(String path, Boolean append, Encoding encoding, Int32 bufferSize, Boolean checkHost)
   at System.IO.File.InternalWriteAllText(String path, String contents, Encoding encoding, Boolean checkHost)
   at UberStrok.Realtime.Server.Comm.UberBeat.UberBeatManager..ctor() in C:\Users\Gerar\Desktop\UberServer-4.8.7-discord-alts-fix\src\UberStrok.Realtime.Server.Comm\UberBeat\UberBeatManager.cs:line 66
   at UberStrok.Realtime.Server.Comm.LobbyRoom..ctor() in C:\Users\Gerar\Desktop\UberServer-4.8.7-discord-alts-fix\src\UberStrok.Realtime.Server.Comm\LobbyRoom.Handler.cs:line 19
   at UberStrok.Realtime.Server.Comm.LobbyRoomManager..ctor() in C:\Users\Gerar\Desktop\UberServer-4.8.7-discord-alts-fix\src\UberStrok.Realtime.Server.Comm\LobbyRoomManager.cs:line 9
   at UberStrok.Realtime.Server.Comm.CommApplication.OnSetup() in C:\Users\Gerar\Desktop\UberServer-4.8.7-discord-alts-fix\src\UberStrok.Realtime.Server.Comm\CommApplication.cs:line 14
   at Application.Setup() in C:\Users\Gerar\Desktop\UberServer-4.8.7-discord-alts-fix\src\UberStrok.Realtime.Server\Application.cs:line 81
   at Photon.SocketServer.ApplicationBase.PhotonHostRuntimeInterfaces.IPhotonControl.OnPhotonRunning() in h:\svncontent\photon-socketserver-sdk_cloud\src\Photon.SocketServer\ApplicationBase.cs:line 1189
   at PhotonHostRuntime.PhotonDomainManager.PhotonPlainAppDomainBehavior.PhotonRunning()
   at PhotonHostRuntime.PhotonDomainManager.PhotonRunning()
17528: 22:48:19.959 - CService::OnException() - Exception: CManagedHost::PhotonRunning() - Failed in AppDomain: 2 - The system cannot find the path specified.
17528: 22:48:19.959 - Server shutting down...
17528: 22:48:19.959 - Shutdown monitoring enabled, 30000ms before process abort
17528: 22:48:19.959 - Notifying CLR applications of shutdown...
17528: 22:48:19.959 - RequestApplicationStop: 2
17528: 22:48:19.960 - RequestApplicationStop: 3
17528: 22:48:19.961 - RequestStop: defalt app domain
17528: 22:48:19.962 - Shutting down WebSocket Outbound Connection Manager...
17528: 22:48:19.962 - Shutting down TCP Outbound Connection Manager...
17528: 22:48:19.962 - Shutting down ENet Outbound Connection Manager...
17528: 22:48:19.963 - Disconnecting all outbound peers...
17528: 22:48:19.963 - Shutting down ENet host...
17528: 22:48:19.963 - Disconnecting all peers...
17528: 22:48:19.963 - Shutting down socket servers...
17528: 22:48:19.964 - Shutting down ENet thread pool...
17528: 22:48:19.965 - Shutting down TCP inactivity timers...
17528: 22:48:19.965 - WaitingForShutdownToComplete: UDP:127.0.0.1:5055
17528: 22:48:19.965 - OnShutdownCompleted: UDP:127.0.0.1:5055
17528: 22:48:19.965 - WaitingForShutdownToComplete: UDP:127.0.0.1:5056
17528: 22:48:19.965 - OnShutdownCompleted: UDP:127.0.0.1:5056
17528: 22:48:19.965 - WaitingForShutdownToComplete: UDP:192.168.0.31:5055
17528: 22:48:19.965 - OnShutdownCompleted: UDP:192.168.0.31:5055
17528: 22:48:19.965 - WaitingForShutdownToComplete: UDP:192.168.0.31:5056
17528: 22:48:19.965 - OnShutdownCompleted: UDP:192.168.0.31:5056
17528: 22:48:19.965 - Shutting down CLR applications...
43292: 22:48:19.966 - CManagedHost::OnDefaultAction() - OPR_AppDomainUnload - eUnloadAppDomain
17528: 22:48:19.968 - Shutting down business logic thread pool...
17528: 22:48:19.968 - Shutting down I/O thread pool...
17528: 22:48:19.968 - Destroying servers
17528: 22:48:19.968 - Destroying WebSocket Outbound Connection Manager
17528: 22:48:19.968 - Destroying TCP Outbound Connection Manager
17528: 22:48:19.968 - Destroying TCP inactivity timer
17528: 22:48:19.968 - Destroying ENet timer wheel
17528: 22:48:19.968 - Destroying ENet host
17528: 22:48:19.968 - Destroying ENet outbound host
17528: 22:48:19.968 - Destroying HTTP inactivity timer
17528: 22:48:19.968 - Destroying HTTP host
17528: 22:48:19.968 - Destroying HTTP Chunk host
17528: 22:48:19.968 - Flushing ENET buffer allocator...
17528: 22:48:19.969 - Flushing TCP buffer handle allocator...
17528: 22:48:19.969 - Flushing stream socket allocator...
17528: 22:48:19.969 - Flushing inbound datagram socket allocator...
17528: 22:48:19.969 - Flushing outbound datagram socket allocator...
17528: 22:48:19.969 - Destroying CLR dispatcher
17528: 22:48:19.969 - Destroying CLR applications
17528: 22:48:19.970 - ~CCLRApplicationCollection() - Waiting up to 10 seconds for the CLR to release all of our objects
7584: 22:48:19.971 - Unloading Domain: ApplicationName = 'UberStrok.Realtime.Server.Comm', DomainId='2'
43292: 22:48:19.996 - CManagedHost::OnDomainUnload() - 2
43292: 22:48:19.999 - CManagedHost::OnDefaultAction() - OPR_AppDomainUnload - eUnloadAppDomain
7584: 22:48:20.002 - Unloading Domain: ApplicationName = 'UberStrok.Realtime.Server.Game', DomainId='3'
43292: 22:48:20.002 - CManagedHost::OnDomainUnload() - 3
17528: 22:48:20.002 - ~CCLRApplicationCollection() - Done. All objects released
17528: 22:48:20.002 - ~CManagedHost() - Release default app domain
17528: 22:48:20.002 - CManagedHost::OnDomainUnload() - 1
17528: 22:48:20.002 - ~CManagedHost() - Waiting up to 10 seconds for CLR shutdown...
17528: 22:48:20.003 - ~CManagedHost
17528: 22:48:20.003 - Destroying ENet thread pool
17528: 22:48:20.003 - Destroying Business logic thread pool
17528: 22:48:20.003 - Destroying I/O thread pool
17528: 22:48:20.003 - Destroying ENet buffer allocator
17528: 22:48:20.003 - Destroying TCP buffer allocator
17528: 22:48:20.003 - Destroying TCP socket allocator
17528: 22:48:20.003 - Destroying ENet inbound socket allocator
17528: 22:48:20.003 - Destroying ENet outbound socket allocator
17528: 22:48:20.003 - Destroying shared datagram flow control data
17528: 22:48:20.003 - Shutdown complete...
17528: 22:48:20.004 - Service shutting down
17528: 22:48:20.005 - Service shut down complete
2600: 22:48:32.061 - ---
2600: 22:48:32.061 - Service: "Photon Socket Server" starting
2600: 22:48:32.061 - Config File: C:\Users\Gerar\Desktop\ServerSetup - Copy\PhotonRealtimeServer\bin_Win64\PhotonServer.config
2600: 22:48:32.062 - Will produce at most: 10 crash dumps
2600: 22:48:32.062 - Action: run as exe
2600: 22:48:32.062 - Server Starting...
2600: 22:48:32.062 -    Tick count: 529799671 (wraps in: 43.5783 days)
2600: 22:48:32.062 - Tick count 64: 529799671
2600: 22:48:32.062 - Photon Version: 4.0.28.2962
2600: 22:48:32.062 - PID: 35824
2600: 22:48:32.062 - Config File: C:\Users\Gerar\Desktop\ServerSetup - Copy\PhotonRealtimeServer\bin_Win64\PhotonServer.config
2600: 22:48:32.062 - Will NOT log unimportant exceptions
2600: 22:48:32.063 - Not using performance counters as they are not currently installed. Run the service with /InstallCounters to install them.
2600: 22:48:32.063 - Shutdown timeout enabled: 30000ms
2600: 22:48:32.063 - Starting I/O thread pool with 2 threads
2600: 22:48:32.063 - Using Standard allocator
2600: 22:48:32.063 - Max message size: 512000
2600: 22:48:32.063 - Starting business logic thread pool with the following settings
2600: 22:48:32.063 - InitialThreads: 4 threads
2600: 22:48:32.063 - MinThreads: 4 threads
2600: 22:48:32.063 - Thread pool is fixed size
2600: 22:48:32.064 - Starting ENet thread pool with the following settings
2600: 22:48:32.064 - InitialThreads: 2 threads
2600: 22:48:32.064 - MinThreads: 2 threads
2600: 22:48:32.064 - Thread pool is fixed size
2600: 22:48:32.064 - OnlyDispatchTimers: False
2600: 22:48:32.064 - S2S: flow control: Max pending writes: 50
2600: 22:48:32.064 - S2S: flow control: Max queued buffers: 200
2600: 22:48:32.064 - S2S: flow control: Max pending writes MUX: 500
2600: 22:48:32.064 - S2S: flow control: Max queued buffers MUX: 2000
2600: 22:48:32.064 - S2S: MaxInboundMessageSize: 512000
2600: 22:48:32.064 - S2S: MaxOutboundMessageSize: 512000
2600: 22:48:32.064 - S2S: No inactivity timeout
2600: 22:48:32.065 - WebSocket S2S: MaxInboundMessageSize: 512000
2600: 22:48:32.065 - WebSocket S2S: MaxOutboundMessageSize: 512000
2600: 22:48:32.065 - WebSocket S2S: No inactivity timeout
2600: 22:48:32.065 - Max Reliable Data In Transit (awaiting ACKs) per peer : 16384 bytes
2600: 22:48:32.065 - Per peer bandwidth limit
2600: 22:48:32.065 - Transmit Rate Limit: 256 KB/Sec
2600: 22:48:32.065 - Limit period: 200ms
2600: 22:48:32.065 - Limit per period: 52428 bytes
2600: 22:48:32.065 - Max queued data for transmission per peer: 163840 bytes
2600: 22:48:32.065 - Minimum retransmit timeout: 200
2600: 22:48:32.065 - No Maximum retransmit timeout
2600: 22:48:32.065 - Minimum ENet timeout: 5000ms
2600: 22:48:32.065 - Maximum ENet timeout: 30000ms
2600: 22:48:32.065 - Max Inbound Reliable Data Queued (awaiting resends of earlier sequence numbers) per peer : 163840 bytes
2600: 22:48:32.065 - No RTT ACK adjustment timeout
2600: 22:48:32.065 - Outbound ENet: MaxInboundMessageSize: 512000
2600: 22:48:32.065 - Outbound ENet: MaxOutboundMessageSize: 512000
2600: 22:48:32.066 - GetRuntime - About to load CLR - versions available:
2600: 22:48:32.066 - v2.0.50727
2600: 22:48:32.066 - v4.0.30319
2600: 22:48:32.066 - Configuration requests: "v2.0.50727"
2600: 22:48:32.066 - About to load version: "v2.0.50727"
2600: 22:48:32.068 - About to load runtime: PhotonHostRuntime.PhotonDomainManager from PhotonHostRuntime, Culture=neutral, PublicKeyToken=02C301B61B060C4D
2600: 22:48:32.068 - CLRBaseDirectory set to "C:\Users\Gerar\Desktop\ServerSetup - Copy\PhotonRealtimeServer"
2600: 22:48:32.068 - Optimising event broadcast for 20 or more peers
2600: 22:48:32.068 - Start: About to load CLR - versions available:
2600: 22:48:32.068 - v2.0.50727
2600: 22:48:32.068 - v4.0.30319
2600: 22:48:32.068 - No preference in configuration file, will load latest.
2600: 22:48:32.068 - About to load version: "v4.0.30319"
2600: 22:48:32.069 - Loaded version: "v4.0.30319"
2600: 22:48:32.137 - Photon host runtime loaded
2600: 22:48:33.466 - LICENSE: No license file was found. Starting with Bootstrap License.
2600: 22:48:33.466 - License is valid.
2600: 22:48:33.466 - Licensed for 20 concurrent connections.
2600: 22:48:33.466 - ENet: Max Reliable Data In Transit (awaiting ACKs) per peer : 16384 bytes
2600: 22:48:33.466 - ENet: Per peer bandwidth limit
2600: 22:48:33.466 - ENet: Transmit Rate Limit: 256 KB/Sec
2600: 22:48:33.466 - ENet: Limit period: 200ms
2600: 22:48:33.466 - ENet: Limit per period: 52428 bytes
2600: 22:48:33.466 - ENet: Max queued data for transmission per peer: 163840 bytes
2600: 22:48:33.466 - ENet: Minimum retransmit timeout: 200
2600: 22:48:33.466 - No Maximum retransmit timeout
2600: 22:48:33.466 - ENet: Minimum timeout: 5000ms
2600: 22:48:33.466 - ENet: Maximum timeout: 30000ms
2600: 22:48:33.466 - ENet: Max Inbound Reliable Data Queued (awaiting resends of earlier sequence numbers) per peer : 163840 bytes
2600: 22:48:33.466 - No RTT ACK adjustment timeout
2600: 22:48:33.466 - About to load application: UberStrok.Realtime.Server.Comm from UberStrok.Realtime.Server.Comm
2600: 22:48:33.466 - Auto restart is enabled for application, existing connections will be terminated during restart
2600: 22:48:33.466 - Application will restart 1000ms after the last change detected
2600: 22:48:33.466 - Application will restart if files matching the following are changed: "dll;config"
2600: 22:48:33.466 - Application will NOT restart if files matching the following are changed: "log4net.config"
2600: 22:48:33.500 - Taking reference on default app domain
2600: 22:48:33.521 - Application: "UberStrok.Realtime.Server.Comm" started in app domain: 2
2600: 22:48:33.521 - About to load application: UberStrok.Realtime.Server.Game from UberStrok.Realtime.Server.Game
2600: 22:48:33.521 - Auto restart is enabled for application, existing connections will be terminated during restart
2600: 22:48:33.521 - Application will restart 1000ms after the last change detected
2600: 22:48:33.521 - Application will restart if files matching the following are changed: "dll;config"
2600: 22:48:33.521 - Application will NOT restart if files matching the following are changed: "log4net.config"
2600: 22:48:33.551 - Taking reference on default app domain
2600: 22:48:33.571 - Application: "UberStrok.Realtime.Server.Game" started in app domain: 3
2600: 22:48:33.571 - Forcing all applications ids to: "UberStrok.Realtime.Server.Comm"
2600: 22:48:33.571 - MaxInboundMessageSize: 512000
2600: 22:48:33.571 - MaxOutboundMessageSize: 512000
2600: 22:48:33.571 - UDP address specified as: "0.0.0.0" adding listener to each available IPv4 address
2600: 22:48:33.571 - Adding UDP listener on: 192.168.0.31: 5055 with a listen backlog of: 500
2600: 22:48:33.571 - Adding UDP listener on: 127.0.0.1: 5055 with a listen backlog of: 500
2600: 22:48:33.571 - Forcing all applications ids to: "UberStrok.Realtime.Server.Game"
2600: 22:48:33.571 - MaxInboundMessageSize: 512000
2600: 22:48:33.571 - MaxOutboundMessageSize: 512000
2600: 22:48:33.571 - UDP address specified as: "0.0.0.0" adding listener to each available IPv4 address
2600: 22:48:33.571 - Adding UDP listener on: 192.168.0.31: 5056 with a listen backlog of: 500
2600: 22:48:33.571 - Adding UDP listener on: 127.0.0.1: 5056 with a listen backlog of: 500
2600: 22:48:33.579 - Service is running...
2600: 22:48:33.874 - UberStrok.Realtime.Server.Comm:2 - PhotonRunning() failed.
Exception:
System.IO.DirectoryNotFoundException: Could not find a part of the path 'C:\UberBeatDB\Database.json'.
   at System.IO.__Error.WinIOError(Int32 errorCode, String maybeFullPath)
   at System.IO.FileStream.Init(String path, FileMode mode, FileAccess access, Int32 rights, Boolean useRights, FileShare share, Int32 bufferSize, FileOptions options, SECURITY_ATTRIBUTES secAttrs, String msgPath, Boolean bFromProxy, Boolean useLongPath, Boolean checkHost)
   at System.IO.FileStream..ctor(String path, FileMode mode, FileAccess access, FileShare share, Int32 bufferSize, FileOptions options, String msgPath, Boolean bFromProxy, Boolean useLongPath, Boolean checkHost)
   at System.IO.StreamWriter.CreateFile(String path, Boolean append, Boolean checkHost)
   at System.IO.StreamWriter..ctor(String path, Boolean append, Encoding encoding, Int32 bufferSize, Boolean checkHost)
   at System.IO.File.InternalWriteAllText(String path, String contents, Encoding encoding, Boolean checkHost)
   at UberStrok.Realtime.Server.Comm.UberBeat.UberBeatManager..ctor() in C:\Users\Gerar\Desktop\UberServer-4.8.7-discord-alts-fix\src\UberStrok.Realtime.Server.Comm\UberBeat\UberBeatManager.cs:line 66
   at UberStrok.Realtime.Server.Comm.LobbyRoom..ctor() in C:\Users\Gerar\Desktop\UberServer-4.8.7-discord-alts-fix\src\UberStrok.Realtime.Server.Comm\LobbyRoom.Handler.cs:line 19
   at UberStrok.Realtime.Server.Comm.LobbyRoomManager..ctor() in C:\Users\Gerar\Desktop\UberServer-4.8.7-discord-alts-fix\src\UberStrok.Realtime.Server.Comm\LobbyRoomManager.cs:line 9
   at UberStrok.Realtime.Server.Comm.CommApplication.OnSetup() in C:\Users\Gerar\Desktop\UberServer-4.8.7-discord-alts-fix\src\UberStrok.Realtime.Server.Comm\CommApplication.cs:line 14
   at Application.Setup() in C:\Users\Gerar\Desktop\UberServer-4.8.7-discord-alts-fix\src\UberStrok.Realtime.Server\Application.cs:line 81
   at Photon.SocketServer.ApplicationBase.PhotonHostRuntimeInterfaces.IPhotonControl.OnPhotonRunning() in h:\svncontent\photon-socketserver-sdk_cloud\src\Photon.SocketServer\ApplicationBase.cs:line 1189
   at PhotonHostRuntime.PhotonDomainManager.PhotonPlainAppDomainBehavior.PhotonRunning()
   at PhotonHostRuntime.PhotonDomainManager.PhotonRunning()
2600: 22:48:33.874 - CService::OnException() - Exception: CManagedHost::PhotonRunning() - Failed in AppDomain: 2 - The system cannot find the path specified.
2600: 22:48:33.874 - Server shutting down...
2600: 22:48:33.874 - Shutdown monitoring enabled, 30000ms before process abort
2600: 22:48:33.874 - Notifying CLR applications of shutdown...
2600: 22:48:33.874 - RequestApplicationStop: 2
2600: 22:48:33.875 - RequestApplicationStop: 3
2600: 22:48:33.876 - RequestStop: defalt app domain
2600: 22:48:33.876 - Shutting down WebSocket Outbound Connection Manager...
2600: 22:48:33.876 - Shutting down TCP Outbound Connection Manager...
2600: 22:48:33.876 - Shutting down ENet Outbound Connection Manager...
2600: 22:48:33.876 - Disconnecting all outbound peers...
2600: 22:48:33.876 - Shutting down ENet host...
2600: 22:48:33.876 - Disconnecting all peers...
2600: 22:48:33.876 - Shutting down socket servers...
2600: 22:48:33.878 - Shutting down ENet thread pool...
2600: 22:48:33.878 - Shutting down TCP inactivity timers...
2600: 22:48:33.879 - WaitingForShutdownToComplete: UDP:127.0.0.1:5055
2600: 22:48:33.879 - OnShutdownCompleted: UDP:127.0.0.1:5055
2600: 22:48:33.879 - WaitingForShutdownToComplete: UDP:127.0.0.1:5056
2600: 22:48:33.879 - OnShutdownCompleted: UDP:127.0.0.1:5056
2600: 22:48:33.879 - WaitingForShutdownToComplete: UDP:192.168.0.31:5055
2600: 22:48:33.879 - OnShutdownCompleted: UDP:192.168.0.31:5055
2600: 22:48:33.879 - WaitingForShutdownToComplete: UDP:192.168.0.31:5056
2600: 22:48:33.879 - OnShutdownCompleted: UDP:192.168.0.31:5056
2600: 22:48:33.879 - Shutting down CLR applications...
16288: 22:48:33.880 - CManagedHost::OnDefaultAction() - OPR_AppDomainUnload - eUnloadAppDomain
2600: 22:48:33.882 - Shutting down business logic thread pool...
2600: 22:48:33.882 - Shutting down I/O thread pool...
2600: 22:48:33.882 - Destroying servers
2600: 22:48:33.882 - Destroying WebSocket Outbound Connection Manager
2600: 22:48:33.882 - Destroying TCP Outbound Connection Manager
2600: 22:48:33.882 - Destroying TCP inactivity timer
2600: 22:48:33.882 - Destroying ENet timer wheel
2600: 22:48:33.882 - Destroying ENet host
2600: 22:48:33.882 - Destroying ENet outbound host
2600: 22:48:33.882 - Destroying HTTP inactivity timer
2600: 22:48:33.882 - Destroying HTTP host
2600: 22:48:33.882 - Destroying HTTP Chunk host
2600: 22:48:33.882 - Flushing ENET buffer allocator...
2600: 22:48:33.883 - Flushing TCP buffer handle allocator...
2600: 22:48:33.883 - Flushing stream socket allocator...
2600: 22:48:33.883 - Flushing inbound datagram socket allocator...
2600: 22:48:33.883 - Flushing outbound datagram socket allocator...
2600: 22:48:33.883 - Destroying CLR dispatcher
2600: 22:48:33.883 - Destroying CLR applications
2600: 22:48:33.884 - ~CCLRApplicationCollection() - Waiting up to 10 seconds for the CLR to release all of our objects
31532: 22:48:33.885 - Unloading Domain: ApplicationName = 'UberStrok.Realtime.Server.Comm', DomainId='2'
16288: 22:48:33.911 - CManagedHost::OnDomainUnload() - 2
16288: 22:48:33.925 - CManagedHost::OnDefaultAction() - OPR_AppDomainUnload - eUnloadAppDomain
31532: 22:48:33.928 - Unloading Domain: ApplicationName = 'UberStrok.Realtime.Server.Game', DomainId='3'
16288: 22:48:33.928 - CManagedHost::OnDomainUnload() - 3
2600: 22:48:33.928 - ~CCLRApplicationCollection() - Done. All objects released
2600: 22:48:33.929 - ~CManagedHost() - Release default app domain
2600: 22:48:33.929 - CManagedHost::OnDomainUnload() - 1
2600: 22:48:33.929 - ~CManagedHost() - Waiting up to 10 seconds for CLR shutdown...
2600: 22:48:33.929 - ~CManagedHost
2600: 22:48:33.929 - Destroying ENet thread pool
2600: 22:48:33.929 - Destroying Business logic thread pool
2600: 22:48:33.929 - Destroying I/O thread pool
2600: 22:48:33.929 - Destroying ENet buffer allocator
2600: 22:48:33.929 - Destroying TCP buffer allocator
2600: 22:48:33.929 - Destroying TCP socket allocator
2600: 22:48:33.929 - Destroying ENet inbound socket allocator
2600: 22:48:33.929 - Destroying ENet outbound socket allocator
2600: 22:48:33.929 - Destroying shared datagram flow control data
2600: 22:48:33.929 - Shutdown complete...
2600: 22:48:33.929 - Service shutting down
2600: 22:48:33.930 - Service shut down complete
27836: 22:49:04.278 - ---
27836: 22:49:04.278 - Service: "Photon Socket Server" starting
27836: 22:49:04.278 - Config File: C:\Users\Gerar\Desktop\ServerSetup - Copy\PhotonRealtimeServer\bin_Win64\PhotonServer.config
27836: 22:49:04.279 - Will produce at most: 10 crash dumps
27836: 22:49:04.279 - Action: run as exe
27836: 22:49:04.279 - Server Starting...
27836: 22:49:04.279 -    Tick count: 529831890 (wraps in: 43.578 days)
27836: 22:49:04.279 - Tick count 64: 529831890
27836: 22:49:04.279 - Photon Version: 4.0.28.2962
27836: 22:49:04.279 - PID: 17424
27836: 22:49:04.279 - Config File: C:\Users\Gerar\Desktop\ServerSetup - Copy\PhotonRealtimeServer\bin_Win64\PhotonServer.config
27836: 22:49:04.280 - Will NOT log unimportant exceptions
27836: 22:49:04.281 - Not using performance counters as they are not currently installed. Run the service with /InstallCounters to install them.
27836: 22:49:04.281 - Shutdown timeout enabled: 30000ms
27836: 22:49:04.281 - Starting I/O thread pool with 2 threads
27836: 22:49:04.281 - Using Standard allocator
27836: 22:49:04.281 - Max message size: 512000
27836: 22:49:04.281 - Starting business logic thread pool with the following settings
27836: 22:49:04.281 - InitialThreads: 4 threads
27836: 22:49:04.281 - MinThreads: 4 threads
27836: 22:49:04.281 - Thread pool is fixed size
27836: 22:49:04.281 - Starting ENet thread pool with the following settings
27836: 22:49:04.281 - InitialThreads: 2 threads
27836: 22:49:04.281 - MinThreads: 2 threads
27836: 22:49:04.281 - Thread pool is fixed size
27836: 22:49:04.281 - OnlyDispatchTimers: False
27836: 22:49:04.281 - S2S: flow control: Max pending writes: 50
27836: 22:49:04.281 - S2S: flow control: Max queued buffers: 200
27836: 22:49:04.281 - S2S: flow control: Max pending writes MUX: 500
27836: 22:49:04.281 - S2S: flow control: Max queued buffers MUX: 2000
27836: 22:49:04.281 - S2S: MaxInboundMessageSize: 512000
27836: 22:49:04.281 - S2S: MaxOutboundMessageSize: 512000
27836: 22:49:04.281 - S2S: No inactivity timeout
27836: 22:49:04.283 - WebSocket S2S: MaxInboundMessageSize: 512000
27836: 22:49:04.283 - WebSocket S2S: MaxOutboundMessageSize: 512000
27836: 22:49:04.283 - WebSocket S2S: No inactivity timeout
27836: 22:49:04.283 - Max Reliable Data In Transit (awaiting ACKs) per peer : 16384 bytes
27836: 22:49:04.283 - Per peer bandwidth limit
27836: 22:49:04.283 - Transmit Rate Limit: 256 KB/Sec
27836: 22:49:04.283 - Limit period: 200ms
27836: 22:49:04.283 - Limit per period: 52428 bytes
27836: 22:49:04.283 - Max queued data for transmission per peer: 163840 bytes
27836: 22:49:04.283 - Minimum retransmit timeout: 200
27836: 22:49:04.283 - No Maximum retransmit timeout
27836: 22:49:04.283 - Minimum ENet timeout: 5000ms
27836: 22:49:04.283 - Maximum ENet timeout: 30000ms
27836: 22:49:04.283 - Max Inbound Reliable Data Queued (awaiting resends of earlier sequence numbers) per peer : 163840 bytes
27836: 22:49:04.283 - No RTT ACK adjustment timeout
27836: 22:49:04.283 - Outbound ENet: MaxInboundMessageSize: 512000
27836: 22:49:04.283 - Outbound ENet: MaxOutboundMessageSize: 512000
27836: 22:49:04.284 - GetRuntime - About to load CLR - versions available:
27836: 22:49:04.284 - v2.0.50727
27836: 22:49:04.284 - v4.0.30319
27836: 22:49:04.284 - Configuration requests: "v2.0.50727"
27836: 22:49:04.284 - About to load version: "v2.0.50727"
27836: 22:49:04.286 - About to load runtime: PhotonHostRuntime.PhotonDomainManager from PhotonHostRuntime, Culture=neutral, PublicKeyToken=02C301B61B060C4D
27836: 22:49:04.286 - CLRBaseDirectory set to "C:\Users\Gerar\Desktop\ServerSetup - Copy\PhotonRealtimeServer"
27836: 22:49:04.286 - Optimising event broadcast for 20 or more peers
27836: 22:49:04.286 - Start: About to load CLR - versions available:
27836: 22:49:04.286 - v2.0.50727
27836: 22:49:04.286 - v4.0.30319
27836: 22:49:04.286 - No preference in configuration file, will load latest.
27836: 22:49:04.286 - About to load version: "v4.0.30319"
27836: 22:49:04.287 - Loaded version: "v4.0.30319"
27836: 22:49:04.353 - Photon host runtime loaded
27836: 22:49:05.665 - LICENSE: No license file was found. Starting with Bootstrap License.
27836: 22:49:05.665 - License is valid.
27836: 22:49:05.665 - Licensed for 20 concurrent connections.
27836: 22:49:05.666 - ENet: Max Reliable Data In Transit (awaiting ACKs) per peer : 16384 bytes
27836: 22:49:05.666 - ENet: Per peer bandwidth limit
27836: 22:49:05.666 - ENet: Transmit Rate Limit: 256 KB/Sec
27836: 22:49:05.666 - ENet: Limit period: 200ms
27836: 22:49:05.666 - ENet: Limit per period: 52428 bytes
27836: 22:49:05.666 - ENet: Max queued data for transmission per peer: 163840 bytes
27836: 22:49:05.666 - ENet: Minimum retransmit timeout: 200
27836: 22:49:05.666 - No Maximum retransmit timeout
27836: 22:49:05.666 - ENet: Minimum timeout: 5000ms
27836: 22:49:05.666 - ENet: Maximum timeout: 30000ms
27836: 22:49:05.666 - ENet: Max Inbound Reliable Data Queued (awaiting resends of earlier sequence numbers) per peer : 163840 bytes
27836: 22:49:05.666 - No RTT ACK adjustment timeout
27836: 22:49:05.666 - About to load application: UberStrok.Realtime.Server.Comm from UberStrok.Realtime.Server.Comm
27836: 22:49:05.666 - Auto restart is enabled for application, existing connections will be terminated during restart
27836: 22:49:05.666 - Application will restart 1000ms after the last change detected
27836: 22:49:05.666 - Application will restart if files matching the following are changed: "dll;config"
27836: 22:49:05.666 - Application will NOT restart if files matching the following are changed: "log4net.config"
27836: 22:49:05.699 - Taking reference on default app domain
27836: 22:49:05.720 - Application: "UberStrok.Realtime.Server.Comm" started in app domain: 2
27836: 22:49:05.720 - About to load application: UberStrok.Realtime.Server.Game from UberStrok.Realtime.Server.Game
27836: 22:49:05.720 - Auto restart is enabled for application, existing connections will be terminated during restart
27836: 22:49:05.720 - Application will restart 1000ms after the last change detected
27836: 22:49:05.720 - Application will restart if files matching the following are changed: "dll;config"
27836: 22:49:05.720 - Application will NOT restart if files matching the following are changed: "log4net.config"
27836: 22:49:05.749 - Taking reference on default app domain
27836: 22:49:05.768 - Application: "UberStrok.Realtime.Server.Game" started in app domain: 3
27836: 22:49:05.768 - Forcing all applications ids to: "UberStrok.Realtime.Server.Comm"
27836: 22:49:05.768 - MaxInboundMessageSize: 512000
27836: 22:49:05.768 - MaxOutboundMessageSize: 512000
27836: 22:49:05.768 - UDP address specified as: "0.0.0.0" adding listener to each available IPv4 address
27836: 22:49:05.769 - Adding UDP listener on: 192.168.0.31: 5055 with a listen backlog of: 500
27836: 22:49:05.769 - Adding UDP listener on: 127.0.0.1: 5055 with a listen backlog of: 500
27836: 22:49:05.769 - Forcing all applications ids to: "UberStrok.Realtime.Server.Game"
27836: 22:49:05.769 - MaxInboundMessageSize: 512000
27836: 22:49:05.769 - MaxOutboundMessageSize: 512000
27836: 22:49:05.769 - UDP address specified as: "0.0.0.0" adding listener to each available IPv4 address
27836: 22:49:05.769 - Adding UDP listener on: 192.168.0.31: 5056 with a listen backlog of: 500
27836: 22:49:05.769 - Adding UDP listener on: 127.0.0.1: 5056 with a listen backlog of: 500
27836: 22:49:05.776 - Service is running...
27836: 22:49:06.061 - UberStrok.Realtime.Server.Comm:2 - PhotonRunning() failed.
Exception:
System.IO.DirectoryNotFoundException: Could not find a part of the path 'C:\UberBeatDB\Database.json'.
   at System.IO.__Error.WinIOError(Int32 errorCode, String maybeFullPath)
   at System.IO.FileStream.Init(String path, FileMode mode, FileAccess access, Int32 rights, Boolean useRights, FileShare share, Int32 bufferSize, FileOptions options, SECURITY_ATTRIBUTES secAttrs, String msgPath, Boolean bFromProxy, Boolean useLongPath, Boolean checkHost)
   at System.IO.FileStream..ctor(String path, FileMode mode, FileAccess access, FileShare share, Int32 bufferSize, FileOptions options, String msgPath, Boolean bFromProxy, Boolean useLongPath, Boolean checkHost)
   at System.IO.StreamWriter.CreateFile(String path, Boolean append, Boolean checkHost)
   at System.IO.StreamWriter..ctor(String path, Boolean append, Encoding encoding, Int32 bufferSize, Boolean checkHost)
   at System.IO.File.InternalWriteAllText(String path, String contents, Encoding encoding, Boolean checkHost)
   at UberStrok.Realtime.Server.Comm.UberBeat.UberBeatManager..ctor() in C:\Users\Gerar\Desktop\UberServer-4.8.7-discord-alts-fix\src\UberStrok.Realtime.Server.Comm\UberBeat\UberBeatManager.cs:line 66
   at UberStrok.Realtime.Server.Comm.LobbyRoom..ctor() in C:\Users\Gerar\Desktop\UberServer-4.8.7-discord-alts-fix\src\UberStrok.Realtime.Server.Comm\LobbyRoom.Handler.cs:line 19
   at UberStrok.Realtime.Server.Comm.LobbyRoomManager..ctor() in C:\Users\Gerar\Desktop\UberServer-4.8.7-discord-alts-fix\src\UberStrok.Realtime.Server.Comm\LobbyRoomManager.cs:line 9
   at UberStrok.Realtime.Server.Comm.CommApplication.OnSetup() in C:\Users\Gerar\Desktop\UberServer-4.8.7-discord-alts-fix\src\UberStrok.Realtime.Server.Comm\CommApplication.cs:line 14
   at Application.Setup() in C:\Users\Gerar\Desktop\UberServer-4.8.7-discord-alts-fix\src\UberStrok.Realtime.Server\Application.cs:line 81
   at Photon.SocketServer.ApplicationBase.PhotonHostRuntimeInterfaces.IPhotonControl.OnPhotonRunning() in h:\svncontent\photon-socketserver-sdk_cloud\src\Photon.SocketServer\ApplicationBase.cs:line 1189
   at PhotonHostRuntime.PhotonDomainManager.PhotonPlainAppDomainBehavior.PhotonRunning()
   at PhotonHostRuntime.PhotonDomainManager.PhotonRunning()
27836: 22:49:06.061 - CService::OnException() - Exception: CManagedHost::PhotonRunning() - Failed in AppDomain: 2 - The system cannot find the path specified.
27836: 22:49:06.061 - Server shutting down...
27836: 22:49:06.061 - Shutdown monitoring enabled, 30000ms before process abort
27836: 22:49:06.061 - Notifying CLR applications of shutdown...
27836: 22:49:06.061 - RequestApplicationStop: 2
27836: 22:49:06.062 - RequestApplicationStop: 3
27836: 22:49:06.063 - RequestStop: defalt app domain
27836: 22:49:06.064 - Shutting down WebSocket Outbound Connection Manager...
27836: 22:49:06.064 - Shutting down TCP Outbound Connection Manager...
27836: 22:49:06.064 - Shutting down ENet Outbound Connection Manager...
27836: 22:49:06.064 - Disconnecting all outbound peers...
27836: 22:49:06.064 - Shutting down ENet host...
27836: 22:49:06.064 - Disconnecting all peers...
27836: 22:49:06.064 - Shutting down socket servers...
27836: 22:49:06.065 - Shutting down ENet thread pool...
27836: 22:49:06.066 - Shutting down TCP inactivity timers...
27836: 22:49:06.066 - WaitingForShutdownToComplete: UDP:127.0.0.1:5055
27836: 22:49:06.066 - OnShutdownCompleted: UDP:127.0.0.1:5055
27836: 22:49:06.066 - WaitingForShutdownToComplete: UDP:127.0.0.1:5056
27836: 22:49:06.066 - OnShutdownCompleted: UDP:127.0.0.1:5056
27836: 22:49:06.066 - WaitingForShutdownToComplete: UDP:192.168.0.31:5055
27836: 22:49:06.066 - OnShutdownCompleted: UDP:192.168.0.31:5055
27836: 22:49:06.066 - WaitingForShutdownToComplete: UDP:192.168.0.31:5056
27836: 22:49:06.066 - OnShutdownCompleted: UDP:192.168.0.31:5056
27836: 22:49:06.066 - Shutting down CLR applications...
43148: 22:49:06.067 - CManagedHost::OnDefaultAction() - OPR_AppDomainUnload - eUnloadAppDomain
27836: 22:49:06.069 - Shutting down business logic thread pool...
27836: 22:49:06.069 - Shutting down I/O thread pool...
27836: 22:49:06.069 - Destroying servers
27836: 22:49:06.069 - Destroying WebSocket Outbound Connection Manager
27836: 22:49:06.069 - Destroying TCP Outbound Connection Manager
27836: 22:49:06.069 - Destroying TCP inactivity timer
27836: 22:49:06.069 - Destroying ENet timer wheel
27836: 22:49:06.069 - Destroying ENet host
27836: 22:49:06.069 - Destroying ENet outbound host
27836: 22:49:06.069 - Destroying HTTP inactivity timer
27836: 22:49:06.069 - Destroying HTTP host
27836: 22:49:06.069 - Destroying HTTP Chunk host
27836: 22:49:06.069 - Flushing ENET buffer allocator...
27836: 22:49:06.070 - Flushing TCP buffer handle allocator...
27836: 22:49:06.070 - Flushing stream socket allocator...
27836: 22:49:06.070 - Flushing inbound datagram socket allocator...
27836: 22:49:06.071 - Flushing outbound datagram socket allocator...
27836: 22:49:06.071 - Destroying CLR dispatcher
27836: 22:49:06.071 - Destroying CLR applications
27836: 22:49:06.071 - ~CCLRApplicationCollection() - Waiting up to 10 seconds for the CLR to release all of our objects
50912: 22:49:06.072 - Unloading Domain: ApplicationName = 'UberStrok.Realtime.Server.Comm', DomainId='2'
43148: 22:49:06.098 - CManagedHost::OnDomainUnload() - 2
43148: 22:49:06.102 - CManagedHost::OnDefaultAction() - OPR_AppDomainUnload - eUnloadAppDomain
50912: 22:49:06.105 - Unloading Domain: ApplicationName = 'UberStrok.Realtime.Server.Game', DomainId='3'
43148: 22:49:06.106 - CManagedHost::OnDomainUnload() - 3
27836: 22:49:06.106 - ~CCLRApplicationCollection() - Done. All objects released
27836: 22:49:06.106 - ~CManagedHost() - Release default app domain
27836: 22:49:06.106 - CManagedHost::OnDomainUnload() - 1
27836: 22:49:06.106 - ~CManagedHost() - Waiting up to 10 seconds for CLR shutdown...
27836: 22:49:06.106 - ~CManagedHost
27836: 22:49:06.106 - Destroying ENet thread pool
27836: 22:49:06.106 - Destroying Business logic thread pool
27836: 22:49:06.106 - Destroying I/O thread pool
27836: 22:49:06.106 - Destroying ENet buffer allocator
27836: 22:49:06.106 - Destroying TCP buffer allocator
27836: 22:49:06.106 - Destroying TCP socket allocator
27836: 22:49:06.106 - Destroying ENet inbound socket allocator
27836: 22:49:06.106 - Destroying ENet outbound socket allocator
27836: 22:49:06.106 - Destroying shared datagram flow control data
27836: 22:49:06.106 - Shutdown complete...
27836: 22:49:06.106 - Service shutting down
27836: 22:49:06.107 - Service shut down complete
23588: 22:49:30.863 - ---
23588: 22:49:30.863 - Service: "Photon Socket Server" starting
23588: 22:49:30.863 - Config File: C:\Users\Gerar\Desktop\ServerSetup - Copy\PhotonRealtimeServer\bin_Win64\PhotonServer.config
23588: 22:49:30.864 - Will produce at most: 10 crash dumps
23588: 22:49:30.864 - Action: run as exe
23588: 22:49:30.864 - Server Starting...
23588: 22:49:30.864 -    Tick count: 529858468 (wraps in: 43.5776 days)
23588: 22:49:30.864 - Tick count 64: 529858468
23588: 22:49:30.864 - Photon Version: 4.0.28.2962
23588: 22:49:30.864 - PID: 11856
23588: 22:49:30.864 - Config File: C:\Users\Gerar\Desktop\ServerSetup - Copy\PhotonRealtimeServer\bin_Win64\PhotonServer.config
23588: 22:49:30.865 - Will NOT log unimportant exceptions
23588: 22:49:30.866 - Not using performance counters as they are not currently installed. Run the service with /InstallCounters to install them.
23588: 22:49:30.866 - Shutdown timeout enabled: 30000ms
23588: 22:49:30.866 - Starting I/O thread pool with 2 threads
23588: 22:49:30.866 - Using Standard allocator
23588: 22:49:30.866 - Max message size: 512000
23588: 22:49:30.866 - Starting business logic thread pool with the following settings
23588: 22:49:30.866 - InitialThreads: 4 threads
23588: 22:49:30.866 - MinThreads: 4 threads
23588: 22:49:30.866 - Thread pool is fixed size
23588: 22:49:30.866 - Starting ENet thread pool with the following settings
23588: 22:49:30.866 - InitialThreads: 2 threads
23588: 22:49:30.866 - MinThreads: 2 threads
23588: 22:49:30.866 - Thread pool is fixed size
23588: 22:49:30.866 - OnlyDispatchTimers: False
23588: 22:49:30.866 - S2S: flow control: Max pending writes: 50
23588: 22:49:30.866 - S2S: flow control: Max queued buffers: 200
23588: 22:49:30.866 - S2S: flow control: Max pending writes MUX: 500
23588: 22:49:30.866 - S2S: flow control: Max queued buffers MUX: 2000
23588: 22:49:30.866 - S2S: MaxInboundMessageSize: 512000
23588: 22:49:30.866 - S2S: MaxOutboundMessageSize: 512000
23588: 22:49:30.866 - S2S: No inactivity timeout
23588: 22:49:30.868 - WebSocket S2S: MaxInboundMessageSize: 512000
23588: 22:49:30.868 - WebSocket S2S: MaxOutboundMessageSize: 512000
23588: 22:49:30.868 - WebSocket S2S: No inactivity timeout
23588: 22:49:30.868 - Max Reliable Data In Transit (awaiting ACKs) per peer : 16384 bytes
23588: 22:49:30.868 - Per peer bandwidth limit
23588: 22:49:30.868 - Transmit Rate Limit: 256 KB/Sec
23588: 22:49:30.868 - Limit period: 200ms
23588: 22:49:30.868 - Limit per period: 52428 bytes
23588: 22:49:30.868 - Max queued data for transmission per peer: 163840 bytes
23588: 22:49:30.868 - Minimum retransmit timeout: 200
23588: 22:49:30.868 - No Maximum retransmit timeout
23588: 22:49:30.868 - Minimum ENet timeout: 5000ms
23588: 22:49:30.868 - Maximum ENet timeout: 30000ms
23588: 22:49:30.868 - Max Inbound Reliable Data Queued (awaiting resends of earlier sequence numbers) per peer : 163840 bytes
23588: 22:49:30.868 - No RTT ACK adjustment timeout
23588: 22:49:30.868 - Outbound ENet: MaxInboundMessageSize: 512000
23588: 22:49:30.868 - Outbound ENet: MaxOutboundMessageSize: 512000
23588: 22:49:30.869 - GetRuntime - About to load CLR - versions available:
23588: 22:49:30.869 - v2.0.50727
23588: 22:49:30.869 - v4.0.30319
23588: 22:49:30.869 - Configuration requests: "v2.0.50727"
23588: 22:49:30.869 - About to load version: "v2.0.50727"
23588: 22:49:30.871 - About to load runtime: PhotonHostRuntime.PhotonDomainManager from PhotonHostRuntime, Culture=neutral, PublicKeyToken=02C301B61B060C4D
23588: 22:49:30.871 - CLRBaseDirectory set to "C:\Users\Gerar\Desktop\ServerSetup - Copy\PhotonRealtimeServer"
23588: 22:49:30.871 - Optimising event broadcast for 20 or more peers
23588: 22:49:30.871 - Start: About to load CLR - versions available:
23588: 22:49:30.871 - v2.0.50727
23588: 22:49:30.871 - v4.0.30319
23588: 22:49:30.871 - No preference in configuration file, will load latest.
23588: 22:49:30.871 - About to load version: "v4.0.30319"
23588: 22:49:30.872 - Loaded version: "v4.0.30319"
23588: 22:49:30.939 - Photon host runtime loaded
23588: 22:49:32.241 - LICENSE: No license file was found. Starting with Bootstrap License.
23588: 22:49:32.241 - License is valid.
23588: 22:49:32.241 - Licensed for 20 concurrent connections.
23588: 22:49:32.242 - ENet: Max Reliable Data In Transit (awaiting ACKs) per peer : 16384 bytes
23588: 22:49:32.242 - ENet: Per peer bandwidth limit
23588: 22:49:32.242 - ENet: Transmit Rate Limit: 256 KB/Sec
23588: 22:49:32.242 - ENet: Limit period: 200ms
23588: 22:49:32.242 - ENet: Limit per period: 52428 bytes
23588: 22:49:32.242 - ENet: Max queued data for transmission per peer: 163840 bytes
23588: 22:49:32.242 - ENet: Minimum retransmit timeout: 200
23588: 22:49:32.242 - No Maximum retransmit timeout
23588: 22:49:32.242 - ENet: Minimum timeout: 5000ms
23588: 22:49:32.242 - ENet: Maximum timeout: 30000ms
23588: 22:49:32.242 - ENet: Max Inbound Reliable Data Queued (awaiting resends of earlier sequence numbers) per peer : 163840 bytes
23588: 22:49:32.242 - No RTT ACK adjustment timeout
23588: 22:49:32.242 - About to load application: UberStrok.Realtime.Server.Comm from UberStrok.Realtime.Server.Comm
23588: 22:49:32.242 - Auto restart is enabled for application, existing connections will be terminated during restart
23588: 22:49:32.242 - Application will restart 1000ms after the last change detected
23588: 22:49:32.242 - Application will restart if files matching the following are changed: "dll;config"
23588: 22:49:32.242 - Application will NOT restart if files matching the following are changed: "log4net.config"
23588: 22:49:32.279 - Taking reference on default app domain
23588: 22:49:32.302 - Application: "UberStrok.Realtime.Server.Comm" started in app domain: 2
23588: 22:49:32.302 - About to load application: UberStrok.Realtime.Server.Game from UberStrok.Realtime.Server.Game
23588: 22:49:32.302 - Auto restart is enabled for application, existing connections will be terminated during restart
23588: 22:49:32.302 - Application will restart 1000ms after the last change detected
23588: 22:49:32.302 - Application will restart if files matching the following are changed: "dll;config"
23588: 22:49:32.302 - Application will NOT restart if files matching the following are changed: "log4net.config"
23588: 22:49:32.334 - Taking reference on default app domain
23588: 22:49:32.357 - Application: "UberStrok.Realtime.Server.Game" started in app domain: 3
23588: 22:49:32.358 - Forcing all applications ids to: "UberStrok.Realtime.Server.Comm"
23588: 22:49:32.358 - MaxInboundMessageSize: 512000
23588: 22:49:32.358 - MaxOutboundMessageSize: 512000
23588: 22:49:32.358 - UDP address specified as: "0.0.0.0" adding listener to each available IPv4 address
23588: 22:49:32.358 - Adding UDP listener on: 192.168.0.31: 5055 with a listen backlog of: 500
23588: 22:49:32.358 - Adding UDP listener on: 127.0.0.1: 5055 with a listen backlog of: 500
23588: 22:49:32.358 - Forcing all applications ids to: "UberStrok.Realtime.Server.Game"
23588: 22:49:32.358 - MaxInboundMessageSize: 512000
23588: 22:49:32.358 - MaxOutboundMessageSize: 512000
23588: 22:49:32.358 - UDP address specified as: "0.0.0.0" adding listener to each available IPv4 address
23588: 22:49:32.358 - Adding UDP listener on: 192.168.0.31: 5056 with a listen backlog of: 500
23588: 22:49:32.358 - Adding UDP listener on: 127.0.0.1: 5056 with a listen backlog of: 500
23588: 22:49:32.366 - Service is running...
23588: 22:49:32.665 - UberStrok.Realtime.Server.Comm:2 - PhotonRunning() failed.
Exception:
System.IO.DirectoryNotFoundException: Could not find a part of the path 'C:\UberBeatDB\Database.json'.
   at System.IO.__Error.WinIOError(Int32 errorCode, String maybeFullPath)
   at System.IO.FileStream.Init(String path, FileMode mode, FileAccess access, Int32 rights, Boolean useRights, FileShare share, Int32 bufferSize, FileOptions options, SECURITY_ATTRIBUTES secAttrs, String msgPath, Boolean bFromProxy, Boolean useLongPath, Boolean checkHost)
   at System.IO.FileStream..ctor(String path, FileMode mode, FileAccess access, FileShare share, Int32 bufferSize, FileOptions options, String msgPath, Boolean bFromProxy, Boolean useLongPath, Boolean checkHost)
   at System.IO.StreamWriter.CreateFile(String path, Boolean append, Boolean checkHost)
   at System.IO.StreamWriter..ctor(String path, Boolean append, Encoding encoding, Int32 bufferSize, Boolean checkHost)
   at System.IO.File.InternalWriteAllText(String path, String contents, Encoding encoding, Boolean checkHost)
   at UberStrok.Realtime.Server.Comm.UberBeat.UberBeatManager..ctor() in C:\Users\Gerar\Desktop\UberServer-4.8.7-discord-alts-fix\src\UberStrok.Realtime.Server.Comm\UberBeat\UberBeatManager.cs:line 66
   at UberStrok.Realtime.Server.Comm.LobbyRoom..ctor() in C:\Users\Gerar\Desktop\UberServer-4.8.7-discord-alts-fix\src\UberStrok.Realtime.Server.Comm\LobbyRoom.Handler.cs:line 19
   at UberStrok.Realtime.Server.Comm.LobbyRoomManager..ctor() in C:\Users\Gerar\Desktop\UberServer-4.8.7-discord-alts-fix\src\UberStrok.Realtime.Server.Comm\LobbyRoomManager.cs:line 9
   at UberStrok.Realtime.Server.Comm.CommApplication.OnSetup() in C:\Users\Gerar\Desktop\UberServer-4.8.7-discord-alts-fix\src\UberStrok.Realtime.Server.Comm\CommApplication.cs:line 14
   at Application.Setup() in C:\Users\Gerar\Desktop\UberServer-4.8.7-discord-alts-fix\src\UberStrok.Realtime.Server\Application.cs:line 81
   at Photon.SocketServer.ApplicationBase.PhotonHostRuntimeInterfaces.IPhotonControl.OnPhotonRunning() in h:\svncontent\photon-socketserver-sdk_cloud\src\Photon.SocketServer\ApplicationBase.cs:line 1189
   at PhotonHostRuntime.PhotonDomainManager.PhotonPlainAppDomainBehavior.PhotonRunning()
   at PhotonHostRuntime.PhotonDomainManager.PhotonRunning()
23588: 22:49:32.666 - CService::OnException() - Exception: CManagedHost::PhotonRunning() - Failed in AppDomain: 2 - The system cannot find the path specified.
23588: 22:49:32.666 - Server shutting down...
23588: 22:49:32.666 - Shutdown monitoring enabled, 30000ms before process abort
23588: 22:49:32.666 - Notifying CLR applications of shutdown...
23588: 22:49:32.666 - RequestApplicationStop: 2
23588: 22:49:32.666 - RequestApplicationStop: 3
23588: 22:49:32.668 - RequestStop: defalt app domain
23588: 22:49:32.669 - Shutting down WebSocket Outbound Connection Manager...
23588: 22:49:32.669 - Shutting down TCP Outbound Connection Manager...
23588: 22:49:32.669 - Shutting down ENet Outbound Connection Manager...
23588: 22:49:32.669 - Disconnecting all outbound peers...
23588: 22:49:32.669 - Shutting down ENet host...
23588: 22:49:32.669 - Disconnecting all peers...
23588: 22:49:32.669 - Shutting down socket servers...
23588: 22:49:32.671 - Shutting down ENet thread pool...
23588: 22:49:32.671 - Shutting down TCP inactivity timers...
23588: 22:49:32.671 - WaitingForShutdownToComplete: UDP:127.0.0.1:5055
23588: 22:49:32.671 - OnShutdownCompleted: UDP:127.0.0.1:5055
23588: 22:49:32.671 - WaitingForShutdownToComplete: UDP:127.0.0.1:5056
23588: 22:49:32.671 - OnShutdownCompleted: UDP:127.0.0.1:5056
23588: 22:49:32.671 - WaitingForShutdownToComplete: UDP:192.168.0.31:5055
23588: 22:49:32.671 - OnShutdownCompleted: UDP:192.168.0.31:5055
23588: 22:49:32.671 - WaitingForShutdownToComplete: UDP:192.168.0.31:5056
23588: 22:49:32.671 - OnShutdownCompleted: UDP:192.168.0.31:5056
23588: 22:49:32.671 - Shutting down CLR applications...
43092: 22:49:32.672 - CManagedHost::OnDefaultAction() - OPR_AppDomainUnload - eUnloadAppDomain
23588: 22:49:32.674 - Shutting down business logic thread pool...
23588: 22:49:32.674 - Shutting down I/O thread pool...
23588: 22:49:32.674 - Destroying servers
23588: 22:49:32.674 - Destroying WebSocket Outbound Connection Manager
23588: 22:49:32.674 - Destroying TCP Outbound Connection Manager
23588: 22:49:32.674 - Destroying TCP inactivity timer
23588: 22:49:32.674 - Destroying ENet timer wheel
23588: 22:49:32.674 - Destroying ENet host
23588: 22:49:32.674 - Destroying ENet outbound host
23588: 22:49:32.674 - Destroying HTTP inactivity timer
23588: 22:49:32.674 - Destroying HTTP host
23588: 22:49:32.674 - Destroying HTTP Chunk host
23588: 22:49:32.674 - Flushing ENET buffer allocator...
23588: 22:49:32.675 - Flushing TCP buffer handle allocator...
23588: 22:49:32.675 - Flushing stream socket allocator...
23588: 22:49:32.675 - Flushing inbound datagram socket allocator...
23588: 22:49:32.675 - Flushing outbound datagram socket allocator...
23588: 22:49:32.675 - Destroying CLR dispatcher
23588: 22:49:32.675 - Destroying CLR applications
23588: 22:49:32.676 - ~CCLRApplicationCollection() - Waiting up to 10 seconds for the CLR to release all of our objects
26708: 22:49:32.677 - Unloading Domain: ApplicationName = 'UberStrok.Realtime.Server.Comm', DomainId='2'
43092: 22:49:32.705 - CManagedHost::OnDomainUnload() - 2
43092: 22:49:32.707 - CManagedHost::OnDefaultAction() - OPR_AppDomainUnload - eUnloadAppDomain
26708: 22:49:32.711 - Unloading Domain: ApplicationName = 'UberStrok.Realtime.Server.Game', DomainId='3'
43092: 22:49:32.711 - CManagedHost::OnDomainUnload() - 3
23588: 22:49:32.711 - ~CCLRApplicationCollection() - Done. All objects released
23588: 22:49:32.711 - ~CManagedHost() - Release default app domain
23588: 22:49:32.711 - CManagedHost::OnDomainUnload() - 1
23588: 22:49:32.711 - ~CManagedHost() - Waiting up to 10 seconds for CLR shutdown...
23588: 22:49:32.711 - ~CManagedHost
23588: 22:49:32.711 - Destroying ENet thread pool
23588: 22:49:32.711 - Destroying Business logic thread pool
23588: 22:49:32.711 - Destroying I/O thread pool
23588: 22:49:32.711 - Destroying ENet buffer allocator
23588: 22:49:32.711 - Destroying TCP buffer allocator
23588: 22:49:32.711 - Destroying TCP socket allocator
23588: 22:49:32.711 - Destroying ENet inbound socket allocator
23588: 22:49:32.711 - Destroying ENet outbound socket allocator
23588: 22:49:32.711 - Destroying shared datagram flow control data
23588: 22:49:32.711 - Shutdown complete...
23588: 22:49:32.712 - Service shutting down
23588: 22:49:32.713 - Service shut down complete
