12964: 19:52:29.039 - ---
12964: 19:52:29.039 - Service: "Photon Socket Server" starting
12964: 19:52:29.039 - Config File: C:\Users\Gerar\Desktop\ServerSetup - Copy\PhotonRealtimeServer\bin_Win64\PhotonServer.config
12964: 19:52:29.040 - Will produce at most: 10 crash dumps
12964: 19:52:29.041 - Service shutting down
12964: 19:52:29.041 - Service shut down complete
39080: 20:20:07.209 - ---
39080: 20:20:07.209 - Service: "Photon Socket Server" starting
39080: 20:20:07.209 - Config File: C:\Users\Gerar\Desktop\ServerSetup - Copy\PhotonRealtimeServer\bin_Win64\PhotonServer.config
39080: 20:20:07.210 - Will produce at most: 10 crash dumps
39080: 20:20:07.210 - Service shutting down
39080: 20:20:07.211 - Service shut down complete
8544: 20:35:14.420 - ---
8544: 20:35:14.420 - Service: "Photon Socket Server" starting
8544: 20:35:14.420 - Config File: C:\Users\Gerar\Desktop\ServerSetup - Copy\PhotonRealtimeServer\bin_Win64\PhotonServer.config
8544: 20:35:14.422 - Will produce at most: 10 crash dumps
8544: 20:35:14.422 - Service shutting down
8544: 20:35:14.422 - Service shut down complete
52088: 20:42:37.639 - ---
52088: 20:42:37.639 - Service: "Photon Socket Server" starting
52088: 20:42:37.639 - Config File: C:\Users\Gerar\Desktop\ServerSetup - Copy\PhotonRealtimeServer\bin_Win64\PhotonServer.config
52088: 20:42:37.640 - Will produce at most: 10 crash dumps
52088: 20:42:37.640 - Service shutting down
52088: 20:42:37.641 - Service shut down complete
61880: 20:50:59.392 - ---
61880: 20:50:59.392 - Service: "Photon Socket Server" starting
61880: 20:50:59.392 - Config File: C:\Users\Gerar\Desktop\ServerSetup - Copy\PhotonRealtimeServer\bin_Win64\PhotonServer.config
61880: 20:50:59.393 - Will produce at most: 10 crash dumps
61880: 20:50:59.393 - Service shutting down
61880: 20:50:59.395 - Service shut down complete
2988: 21:15:24.918 - ---
2988: 21:15:24.918 - Service: "Photon Socket Server" starting
2988: 21:15:24.918 - Config File: C:\Users\Gerar\Desktop\ServerSetup - Copy\PhotonRealtimeServer\bin_Win64\PhotonServer.config
2988: 21:15:24.919 - Will produce at most: 10 crash dumps
2988: 21:15:24.919 - Service shutting down
2988: 21:15:24.920 - Service shut down complete
