41300: 19:06:56.133 - ---
41300: 19:06:56.133 - Service: "Photon Socket Server" starting
41300: 19:06:56.133 - Config File: C:\Users\Gerar\Desktop\ServerSetup\PhotonRealtimeServer\bin_Win64\PhotonServer.config
41300: 19:06:56.135 - Will produce at most: 10 crash dumps
41300: 19:06:56.135 - Action: run as exe
41300: 19:06:56.135 - Server Starting...
41300: 19:06:56.135 -    Tick count: 37953921 (wraps in: 49.271 days)
41300: 19:06:56.135 - Tick count 64: 37953921
41300: 19:06:56.135 - Photon Version: 4.0.28.2962
41300: 19:06:56.135 - PID: 57560
41300: 19:06:56.135 - Config File: C:\Users\Gerar\Desktop\ServerSetup\PhotonRealtimeServer\bin_Win64\PhotonServer.config
41300: 19:06:56.135 - Will NOT log unimportant exceptions
41300: 19:06:56.137 - Not using performance counters as they are not currently installed. Run the service with /InstallCounters to install them.
41300: 19:06:56.137 - Shutdown timeout enabled: 30000ms
41300: 19:06:56.138 - Starting I/O thread pool with 2 threads
41300: 19:06:56.138 - Using Standard allocator
41300: 19:06:56.138 - Max message size: 512000
41300: 19:06:56.138 - Starting business logic thread pool with the following settings
41300: 19:06:56.138 - InitialThreads: 4 threads
41300: 19:06:56.138 - MinThreads: 4 threads
41300: 19:06:56.138 - Thread pool is fixed size
41300: 19:06:56.139 - Starting ENet thread pool with the following settings
41300: 19:06:56.139 - InitialThreads: 2 threads
41300: 19:06:56.139 - MinThreads: 2 threads
41300: 19:06:56.139 - Thread pool is fixed size
41300: 19:06:56.139 - OnlyDispatchTimers: False
41300: 19:06:56.139 - S2S: flow control: Max pending writes: 50
41300: 19:06:56.139 - S2S: flow control: Max queued buffers: 200
41300: 19:06:56.139 - S2S: flow control: Max pending writes MUX: 500
41300: 19:06:56.139 - S2S: flow control: Max queued buffers MUX: 2000
41300: 19:06:56.139 - S2S: MaxInboundMessageSize: 512000
41300: 19:06:56.139 - S2S: MaxOutboundMessageSize: 512000
41300: 19:06:56.139 - S2S: No inactivity timeout
41300: 19:06:56.142 - WebSocket S2S: MaxInboundMessageSize: 512000
41300: 19:06:56.142 - WebSocket S2S: MaxOutboundMessageSize: 512000
41300: 19:06:56.142 - WebSocket S2S: No inactivity timeout
41300: 19:06:56.142 - Max Reliable Data In Transit (awaiting ACKs) per peer : 16384 bytes
41300: 19:06:56.142 - Per peer bandwidth limit
41300: 19:06:56.142 - Transmit Rate Limit: 256 KB/Sec
41300: 19:06:56.142 - Limit period: 200ms
41300: 19:06:56.142 - Limit per period: 52428 bytes
41300: 19:06:56.142 - Max queued data for transmission per peer: 163840 bytes
41300: 19:06:56.142 - Minimum retransmit timeout: 200
41300: 19:06:56.142 - No Maximum retransmit timeout
41300: 19:06:56.142 - Minimum ENet timeout: 5000ms
41300: 19:06:56.142 - Maximum ENet timeout: 30000ms
41300: 19:06:56.142 - Max Inbound Reliable Data Queued (awaiting resends of earlier sequence numbers) per peer : 163840 bytes
41300: 19:06:56.142 - No RTT ACK adjustment timeout
41300: 19:06:56.142 - Outbound ENet: MaxInboundMessageSize: 512000
41300: 19:06:56.142 - Outbound ENet: MaxOutboundMessageSize: 512000
41300: 19:06:56.146 - GetRuntime - About to load CLR - versions available:
41300: 19:06:56.146 - v2.0.50727
41300: 19:06:56.146 - v4.0.30319
41300: 19:06:56.146 - Configuration requests: "v2.0.50727"
41300: 19:06:56.146 - About to load version: "v2.0.50727"
41300: 19:06:56.179 - About to load runtime: PhotonHostRuntime.PhotonDomainManager from PhotonHostRuntime, Culture=neutral, PublicKeyToken=02C301B61B060C4D
41300: 19:06:56.179 - CLRBaseDirectory set to "C:\Users\Gerar\Desktop\ServerSetup\PhotonRealtimeServer"
41300: 19:06:56.179 - Optimising event broadcast for 20 or more peers
41300: 19:06:56.180 - Start: About to load CLR - versions available:
41300: 19:06:56.180 - v2.0.50727
41300: 19:06:56.180 - v4.0.30319
41300: 19:06:56.180 - No preference in configuration file, will load latest.
41300: 19:06:56.180 - About to load version: "v4.0.30319"
41300: 19:06:56.181 - Loaded version: "v4.0.30319"
41300: 19:06:56.277 - Photon host runtime loaded
41300: 19:06:57.686 - LICENSE: No license file was found. Starting with Bootstrap License.
41300: 19:06:57.686 - License is valid.
41300: 19:06:57.686 - Licensed for 20 concurrent connections.
41300: 19:06:57.686 - ENet: Max Reliable Data In Transit (awaiting ACKs) per peer : 16384 bytes
41300: 19:06:57.686 - ENet: Per peer bandwidth limit
41300: 19:06:57.686 - ENet: Transmit Rate Limit: 256 KB/Sec
41300: 19:06:57.686 - ENet: Limit period: 200ms
41300: 19:06:57.686 - ENet: Limit per period: 52428 bytes
41300: 19:06:57.686 - ENet: Max queued data for transmission per peer: 163840 bytes
41300: 19:06:57.686 - ENet: Minimum retransmit timeout: 200
41300: 19:06:57.686 - No Maximum retransmit timeout
41300: 19:06:57.686 - ENet: Minimum timeout: 5000ms
41300: 19:06:57.686 - ENet: Maximum timeout: 30000ms
41300: 19:06:57.686 - ENet: Max Inbound Reliable Data Queued (awaiting resends of earlier sequence numbers) per peer : 163840 bytes
41300: 19:06:57.686 - No RTT ACK adjustment timeout
41300: 19:06:57.686 - About to load application: UberStrok.Realtime.Server.Comm from UberStrok.Realtime.Server.Comm
41300: 19:06:57.686 - Auto restart is enabled for application, existing connections will be terminated during restart
41300: 19:06:57.686 - Application will restart 1000ms after the last change detected
41300: 19:06:57.686 - Application will restart if files matching the following are changed: "dll;config"
41300: 19:06:57.686 - Application will NOT restart if files matching the following are changed: "log4net.config"
41300: 19:06:57.740 - Taking reference on default app domain
41300: 19:06:57.780 - Application: "UberStrok.Realtime.Server.Comm" started in app domain: 2
41300: 19:06:57.780 - About to load application: UberStrok.Realtime.Server.Game from UberStrok.Realtime.Server.Game
41300: 19:06:57.780 - Auto restart is enabled for application, existing connections will be terminated during restart
41300: 19:06:57.780 - Application will restart 1000ms after the last change detected
41300: 19:06:57.780 - Application will restart if files matching the following are changed: "dll;config"
41300: 19:06:57.780 - Application will NOT restart if files matching the following are changed: "log4net.config"
41300: 19:06:57.821 - Taking reference on default app domain
41300: 19:06:57.852 - Application: "UberStrok.Realtime.Server.Game" started in app domain: 3
41300: 19:06:57.852 - Forcing all applications ids to: "UberStrok.Realtime.Server.Comm"
41300: 19:06:57.852 - MaxInboundMessageSize: 512000
41300: 19:06:57.852 - MaxOutboundMessageSize: 512000
41300: 19:06:57.852 - UDP address specified as: "0.0.0.0" adding listener to each available IPv4 address
41300: 19:06:57.853 - Adding UDP listener on: 192.168.0.31: 5055 with a listen backlog of: 500
41300: 19:06:57.853 - Adding UDP listener on: 127.0.0.1: 5055 with a listen backlog of: 500
41300: 19:06:57.853 - Forcing all applications ids to: "UberStrok.Realtime.Server.Game"
41300: 19:06:57.853 - MaxInboundMessageSize: 512000
41300: 19:06:57.853 - MaxOutboundMessageSize: 512000
41300: 19:06:57.853 - UDP address specified as: "0.0.0.0" adding listener to each available IPv4 address
41300: 19:06:57.853 - Adding UDP listener on: 192.168.0.31: 5056 with a listen backlog of: 500
41300: 19:06:57.853 - Adding UDP listener on: 127.0.0.1: 5056 with a listen backlog of: 500
41300: 19:06:57.875 - Service is running...
41300: 19:09:39.675 - Service is stopped...
41300: 19:09:39.675 - Server shutting down...
41300: 19:09:39.675 - Shutdown monitoring enabled, 30000ms before process abort
41300: 19:09:39.675 - Notifying CLR applications of shutdown...
41300: 19:09:39.675 - RequestApplicationStop: 2
41300: 19:09:39.676 - RequestApplicationStop: 3
41300: 19:09:39.677 - RequestStop: defalt app domain
41300: 19:09:39.677 - Shutting down WebSocket Outbound Connection Manager...
41300: 19:09:39.677 - Shutting down TCP Outbound Connection Manager...
41300: 19:09:39.677 - Shutting down ENet Outbound Connection Manager...
41300: 19:09:39.677 - Disconnecting all outbound peers...
41300: 19:09:39.677 - Shutting down ENet host...
41300: 19:09:39.677 - Disconnecting all peers...
41300: 19:09:39.677 - CUDPSocketServer::OnError() - CUDPSocketServer::OnSendToCompletionError(): An operation was attempted on something that is not a socket.
41300: 19:09:39.677 - 1 disconnected
41300: 19:09:39.677 - Shutting down socket servers...
41300: 19:09:39.677 - Shutting down ENet thread pool...
41300: 19:09:39.677 - Shutting down TCP inactivity timers...
41300: 19:09:39.677 - ENet Host - Resetting all peers...
41300: 19:09:39.678 - WaitingForShutdownToComplete: UDP:127.0.0.1:5055
41300: 19:09:39.678 - OnShutdownCompleted: UDP:127.0.0.1:5055
41300: 19:09:39.678 - WaitingForShutdownToComplete: UDP:127.0.0.1:5056
41300: 19:09:39.678 - OnShutdownCompleted: UDP:127.0.0.1:5056
41300: 19:09:39.678 - WaitingForShutdownToComplete: UDP:192.168.0.31:5055
41300: 19:09:39.678 - OnShutdownCompleted: UDP:192.168.0.31:5055
41300: 19:09:39.678 - WaitingForShutdownToComplete: UDP:192.168.0.31:5056
41300: 19:09:39.678 - OnShutdownCompleted: UDP:192.168.0.31:5056
41300: 19:09:39.678 - Shutting down CLR applications...
55376: 19:09:39.679 - CManagedHost::OnDefaultAction() - OPR_AppDomainUnload - eUnloadAppDomain
11980: 19:09:39.683 - Unloading Domain: ApplicationName = 'UberStrok.Realtime.Server.Comm', DomainId='2'
41300: 19:09:39.697 - Shutting down business logic thread pool...
41300: 19:09:39.697 - Shutting down I/O thread pool...
41300: 19:09:39.697 - Destroying servers
41300: 19:09:39.697 - Destroying WebSocket Outbound Connection Manager
41300: 19:09:39.697 - Destroying TCP Outbound Connection Manager
41300: 19:09:39.697 - Destroying TCP inactivity timer
41300: 19:09:39.697 - Destroying ENet timer wheel
41300: 19:09:39.697 - Destroying ENet host
41300: 19:09:39.697 - Destroying ENet outbound host
41300: 19:09:39.697 - Destroying HTTP inactivity timer
41300: 19:09:39.697 - Destroying HTTP host
41300: 19:09:39.697 - Destroying HTTP Chunk host
41300: 19:09:39.697 - Flushing ENET buffer allocator...
41300: 19:09:39.698 - Flushing TCP buffer handle allocator...
41300: 19:09:39.698 - Flushing stream socket allocator...
41300: 19:09:39.698 - Flushing inbound datagram socket allocator...
41300: 19:09:39.698 - Flushing outbound datagram socket allocator...
41300: 19:09:39.698 - Destroying CLR dispatcher
41300: 19:09:39.698 - Destroying CLR applications
41300: 19:09:39.699 - ~CCLRApplicationCollection() - Waiting up to 10 seconds for the CLR to release all of our objects
41300: 19:09:49.707 - ~CCLRApplicationCollection() - CLR failed to release all COM objects. Photon peers and application sinks may have leaked
41300: 19:09:49.707 - ~CManagedHost() - Release default app domain
41300: 19:09:49.707 - CManagedHost::OnDomainUnload() - 1
41300: 19:09:49.707 - ~CManagedHost() - Waiting up to 10 seconds for CLR shutdown...
41300: 19:09:49.707 - ~CManagedHost
41300: 19:09:49.707 - Destroying ENet thread pool
41300: 19:09:49.707 - Destroying Business logic thread pool
41300: 19:09:49.707 - Destroying I/O thread pool
41300: 19:09:49.707 - Destroying ENet buffer allocator
41300: 19:09:49.707 - Destroying TCP buffer allocator
41300: 19:09:49.707 - Destroying TCP socket allocator
41300: 19:09:49.707 - Destroying ENet inbound socket allocator
41300: 19:09:49.707 - Destroying ENet outbound socket allocator
41300: 19:09:49.707 - Destroying shared datagram flow control data
41300: 19:09:49.707 - 
41300: 19:09:49.707 - WARNING: ***************************************************************
41300: 19:09:49.707 - WARNING: CPhotonPeer leaks detected
41300: 19:09:49.707 - WARNING: ***************************************************************
41300: 19:09:49.707 - 
41300: 19:09:49.707 - Shutdown complete...
41300: 19:09:49.707 - Service shutting down: leaks detected. Errorcode: 106
41300: 19:09:49.708 - Service shut down complete
63096: 21:55:41.145 - ---
63096: 21:55:41.145 - Service: "Photon Socket Server" starting
63096: 21:55:41.145 - Config File: C:\Users\Gerar\Desktop\ServerSetup\PhotonRealtimeServer\bin_Win64\PhotonServer.config
63096: 21:55:41.148 - Will produce at most: 10 crash dumps
63096: 21:55:41.148 - Action: run as exe
63096: 21:55:41.149 - Server Starting...
63096: 21:55:41.149 -    Tick count: 48078781 (wraps in: 49.1538 days)
63096: 21:55:41.149 - Tick count 64: 48078781
63096: 21:55:41.149 - Photon Version: 4.0.28.2962
63096: 21:55:41.149 - PID: 21492
63096: 21:55:41.149 - Config File: C:\Users\Gerar\Desktop\ServerSetup\PhotonRealtimeServer\bin_Win64\PhotonServer.config
63096: 21:55:41.149 - Will NOT log unimportant exceptions
63096: 21:55:41.152 - Not using performance counters as they are not currently installed. Run the service with /InstallCounters to install them.
63096: 21:55:41.152 - Shutdown timeout enabled: 30000ms
63096: 21:55:41.153 - Starting I/O thread pool with 2 threads
63096: 21:55:41.153 - Using Standard allocator
63096: 21:55:41.153 - Max message size: 512000
63096: 21:55:41.154 - Starting business logic thread pool with the following settings
63096: 21:55:41.154 - InitialThreads: 4 threads
63096: 21:55:41.154 - MinThreads: 4 threads
63096: 21:55:41.154 - Thread pool is fixed size
63096: 21:55:41.154 - Starting ENet thread pool with the following settings
63096: 21:55:41.154 - InitialThreads: 2 threads
63096: 21:55:41.154 - MinThreads: 2 threads
63096: 21:55:41.154 - Thread pool is fixed size
63096: 21:55:41.154 - OnlyDispatchTimers: False
63096: 21:55:41.154 - S2S: flow control: Max pending writes: 50
63096: 21:55:41.154 - S2S: flow control: Max queued buffers: 200
63096: 21:55:41.154 - S2S: flow control: Max pending writes MUX: 500
63096: 21:55:41.154 - S2S: flow control: Max queued buffers MUX: 2000
63096: 21:55:41.154 - S2S: MaxInboundMessageSize: 512000
63096: 21:55:41.154 - S2S: MaxOutboundMessageSize: 512000
63096: 21:55:41.154 - S2S: No inactivity timeout
63096: 21:55:41.156 - WebSocket S2S: MaxInboundMessageSize: 512000
63096: 21:55:41.156 - WebSocket S2S: MaxOutboundMessageSize: 512000
63096: 21:55:41.156 - WebSocket S2S: No inactivity timeout
63096: 21:55:41.157 - Max Reliable Data In Transit (awaiting ACKs) per peer : 16384 bytes
63096: 21:55:41.157 - Per peer bandwidth limit
63096: 21:55:41.157 - Transmit Rate Limit: 256 KB/Sec
63096: 21:55:41.157 - Limit period: 200ms
63096: 21:55:41.157 - Limit per period: 52428 bytes
63096: 21:55:41.157 - Max queued data for transmission per peer: 163840 bytes
63096: 21:55:41.157 - Minimum retransmit timeout: 200
63096: 21:55:41.157 - No Maximum retransmit timeout
63096: 21:55:41.157 - Minimum ENet timeout: 5000ms
63096: 21:55:41.157 - Maximum ENet timeout: 30000ms
63096: 21:55:41.157 - Max Inbound Reliable Data Queued (awaiting resends of earlier sequence numbers) per peer : 163840 bytes
63096: 21:55:41.157 - No RTT ACK adjustment timeout
63096: 21:55:41.157 - Outbound ENet: MaxInboundMessageSize: 512000
63096: 21:55:41.157 - Outbound ENet: MaxOutboundMessageSize: 512000
63096: 21:55:41.161 - GetRuntime - About to load CLR - versions available:
63096: 21:55:41.161 - v2.0.50727
63096: 21:55:41.161 - v4.0.30319
63096: 21:55:41.161 - Configuration requests: "v2.0.50727"
63096: 21:55:41.161 - About to load version: "v2.0.50727"
63096: 21:55:41.187 - About to load runtime: PhotonHostRuntime.PhotonDomainManager from PhotonHostRuntime, Culture=neutral, PublicKeyToken=02C301B61B060C4D
63096: 21:55:41.187 - CLRBaseDirectory set to "C:\Users\Gerar\Desktop\ServerSetup\PhotonRealtimeServer"
63096: 21:55:41.187 - Optimising event broadcast for 20 or more peers
63096: 21:55:41.188 - Start: About to load CLR - versions available:
63096: 21:55:41.188 - v2.0.50727
63096: 21:55:41.188 - v4.0.30319
63096: 21:55:41.188 - No preference in configuration file, will load latest.
63096: 21:55:41.188 - About to load version: "v4.0.30319"
63096: 21:55:41.189 - Loaded version: "v4.0.30319"
63096: 21:55:41.271 - Photon host runtime loaded
63096: 21:55:42.611 - LICENSE: No license file was found. Starting with Bootstrap License.
63096: 21:55:42.611 - License is valid.
63096: 21:55:42.611 - Licensed for 20 concurrent connections.
63096: 21:55:42.611 - ENet: Max Reliable Data In Transit (awaiting ACKs) per peer : 16384 bytes
63096: 21:55:42.611 - ENet: Per peer bandwidth limit
63096: 21:55:42.611 - ENet: Transmit Rate Limit: 256 KB/Sec
63096: 21:55:42.611 - ENet: Limit period: 200ms
63096: 21:55:42.611 - ENet: Limit per period: 52428 bytes
63096: 21:55:42.611 - ENet: Max queued data for transmission per peer: 163840 bytes
63096: 21:55:42.611 - ENet: Minimum retransmit timeout: 200
63096: 21:55:42.611 - No Maximum retransmit timeout
63096: 21:55:42.611 - ENet: Minimum timeout: 5000ms
63096: 21:55:42.611 - ENet: Maximum timeout: 30000ms
63096: 21:55:42.611 - ENet: Max Inbound Reliable Data Queued (awaiting resends of earlier sequence numbers) per peer : 163840 bytes
63096: 21:55:42.611 - No RTT ACK adjustment timeout
63096: 21:55:42.611 - About to load application: UberStrok.Realtime.Server.Comm from UberStrok.Realtime.Server.Comm
63096: 21:55:42.611 - Auto restart is enabled for application, existing connections will be terminated during restart
63096: 21:55:42.611 - Application will restart 1000ms after the last change detected
63096: 21:55:42.611 - Application will restart if files matching the following are changed: "dll;config"
63096: 21:55:42.611 - Application will NOT restart if files matching the following are changed: "log4net.config"
63096: 21:55:42.659 - Taking reference on default app domain
63096: 21:55:42.695 - Application: "UberStrok.Realtime.Server.Comm" started in app domain: 2
63096: 21:55:42.695 - About to load application: UberStrok.Realtime.Server.Game from UberStrok.Realtime.Server.Game
63096: 21:55:42.695 - Auto restart is enabled for application, existing connections will be terminated during restart
63096: 21:55:42.695 - Application will restart 1000ms after the last change detected
63096: 21:55:42.695 - Application will restart if files matching the following are changed: "dll;config"
63096: 21:55:42.695 - Application will NOT restart if files matching the following are changed: "log4net.config"
63096: 21:55:42.731 - Taking reference on default app domain
63096: 21:55:42.760 - Application: "UberStrok.Realtime.Server.Game" started in app domain: 3
63096: 21:55:42.760 - Forcing all applications ids to: "UberStrok.Realtime.Server.Comm"
63096: 21:55:42.760 - MaxInboundMessageSize: 512000
63096: 21:55:42.760 - MaxOutboundMessageSize: 512000
63096: 21:55:42.760 - UDP address specified as: "0.0.0.0" adding listener to each available IPv4 address
63096: 21:55:42.761 - Adding UDP listener on: 192.168.0.31: 5055 with a listen backlog of: 500
63096: 21:55:42.761 - Adding UDP listener on: 127.0.0.1: 5055 with a listen backlog of: 500
63096: 21:55:42.761 - Forcing all applications ids to: "UberStrok.Realtime.Server.Game"
63096: 21:55:42.761 - MaxInboundMessageSize: 512000
63096: 21:55:42.761 - MaxOutboundMessageSize: 512000
63096: 21:55:42.761 - UDP address specified as: "0.0.0.0" adding listener to each available IPv4 address
63096: 21:55:42.761 - Adding UDP listener on: 192.168.0.31: 5056 with a listen backlog of: 500
63096: 21:55:42.761 - Adding UDP listener on: 127.0.0.1: 5056 with a listen backlog of: 500
63096: 21:55:42.769 - Service is running...
63096: 21:58:50.582 - Service is stopped...
63096: 21:58:50.582 - Server shutting down...
63096: 21:58:50.582 - Shutdown monitoring enabled, 30000ms before process abort
63096: 21:58:50.583 - Notifying CLR applications of shutdown...
63096: 21:58:50.583 - RequestApplicationStop: 2
63096: 21:58:50.584 - RequestApplicationStop: 3
63096: 21:58:50.584 - RequestStop: defalt app domain
63096: 21:58:50.585 - Shutting down WebSocket Outbound Connection Manager...
63096: 21:58:50.585 - Shutting down TCP Outbound Connection Manager...
63096: 21:58:50.585 - Shutting down ENet Outbound Connection Manager...
63096: 21:58:50.585 - Disconnecting all outbound peers...
63096: 21:58:50.585 - Shutting down ENet host...
63096: 21:58:50.585 - Disconnecting all peers...
63096: 21:58:50.585 - CUDPSocketServer::OnError() - CUDPSocketServer::OnSendToCompletionError(): An operation was attempted on something that is not a socket.
63096: 21:58:50.585 - CUDPSocketServer::OnError() - CUDPSocketServer::OnSendToCompletionError(): An operation was attempted on something that is not a socket.
63096: 21:58:50.585 - 2 disconnected
63096: 21:58:50.585 - Shutting down socket servers...
63096: 21:58:50.585 - Shutting down ENet thread pool...
63096: 21:58:50.585 - Shutting down TCP inactivity timers...
63096: 21:58:50.585 - ENet Host - Resetting all peers...
63096: 21:58:50.585 - WaitingForShutdownToComplete: UDP:127.0.0.1:5055
63096: 21:58:50.587 - OnShutdownCompleted: UDP:127.0.0.1:5055
63096: 21:58:50.587 - WaitingForShutdownToComplete: UDP:127.0.0.1:5056
63096: 21:58:50.587 - OnShutdownCompleted: UDP:127.0.0.1:5056
63096: 21:58:50.587 - WaitingForShutdownToComplete: UDP:192.168.0.31:5055
63096: 21:58:50.587 - OnShutdownCompleted: UDP:192.168.0.31:5055
63096: 21:58:50.587 - WaitingForShutdownToComplete: UDP:192.168.0.31:5056
63096: 21:58:50.587 - OnShutdownCompleted: UDP:192.168.0.31:5056
63096: 21:58:50.587 - Shutting down CLR applications...
67252: 21:58:50.588 - CManagedHost::OnDefaultAction() - OPR_AppDomainUnload - eUnloadAppDomain
63096: 21:58:50.591 - Shutting down business logic thread pool...
63096: 21:58:50.591 - Shutting down I/O thread pool...
63096: 21:58:50.591 - Destroying servers
63096: 21:58:50.591 - Destroying WebSocket Outbound Connection Manager
63096: 21:58:50.591 - Destroying TCP Outbound Connection Manager
63096: 21:58:50.591 - Destroying TCP inactivity timer
63096: 21:58:50.591 - Destroying ENet timer wheel
63096: 21:58:50.591 - Destroying ENet host
63096: 21:58:50.591 - Destroying ENet outbound host
63096: 21:58:50.591 - Destroying HTTP inactivity timer
63096: 21:58:50.591 - Destroying HTTP host
63096: 21:58:50.591 - Destroying HTTP Chunk host
63096: 21:58:50.591 - Flushing ENET buffer allocator...
63096: 21:58:50.592 - Flushing TCP buffer handle allocator...
63096: 21:58:50.592 - Flushing stream socket allocator...
63096: 21:58:50.592 - Flushing inbound datagram socket allocator...
63096: 21:58:50.592 - Flushing outbound datagram socket allocator...
63096: 21:58:50.592 - Destroying CLR dispatcher
63096: 21:58:50.592 - Destroying CLR applications
63096: 21:58:50.593 - ~CCLRApplicationCollection() - Waiting up to 10 seconds for the CLR to release all of our objects
50324: 21:58:50.593 - Unloading Domain: ApplicationName = 'UberStrok.Realtime.Server.Comm', DomainId='2'
63096: 21:59:00.594 - ~CCLRApplicationCollection() - CLR failed to release all COM objects. Photon peers and application sinks may have leaked
63096: 21:59:00.594 - ~CManagedHost() - Release default app domain
63096: 21:59:00.594 - CManagedHost::OnDomainUnload() - 1
63096: 21:59:00.594 - ~CManagedHost() - Waiting up to 10 seconds for CLR shutdown...
63096: 21:59:00.594 - ~CManagedHost
63096: 21:59:00.594 - Destroying ENet thread pool
63096: 21:59:00.594 - Destroying Business logic thread pool
63096: 21:59:00.594 - Destroying I/O thread pool
63096: 21:59:00.594 - Destroying ENet buffer allocator
63096: 21:59:00.594 - Destroying TCP buffer allocator
63096: 21:59:00.594 - Destroying TCP socket allocator
63096: 21:59:00.594 - Destroying ENet inbound socket allocator
63096: 21:59:00.594 - Destroying ENet outbound socket allocator
63096: 21:59:00.594 - Destroying shared datagram flow control data
63096: 21:59:00.594 - 
63096: 21:59:00.594 - WARNING: ***************************************************************
63096: 21:59:00.594 - WARNING: CPhotonPeer leaks detected
63096: 21:59:00.595 - WARNING: ***************************************************************
63096: 21:59:00.595 - 
63096: 21:59:00.595 - Shutdown complete...
63096: 21:59:00.595 - Service shutting down: leaks detected. Errorcode: 106
63096: 21:59:00.597 - Service shut down complete
