12952: 00:12:26.983 - ---
12952: 00:12:26.983 - Service: "Photon Socket Server" starting
12952: 00:12:26.983 - Config File: C:\Users\Gerar\Desktop\ServerSetup - Copy\PhotonRealtimeServer\bin_Win64\PhotonServer.config
12952: 00:12:26.984 - Will produce at most: 10 crash dumps
12952: 00:12:26.984 - Service shutting down
12952: 00:12:26.986 - Service shut down complete
27544: 00:28:13.853 - ---
27544: 00:28:13.853 - Service: "Photon Socket Server" starting
27544: 00:28:13.853 - Config File: C:\Users\Gerar\Desktop\ServerSetup - Copy\PhotonRealtimeServer\bin_Win64\PhotonServer.config
27544: 00:28:13.855 - Will produce at most: 10 crash dumps
27544: 00:28:13.855 - Service shutting down
27544: 00:28:13.856 - Service shut down complete
14188: 00:45:33.775 - ---
14188: 00:45:33.775 - Service: "Photon Socket Server" starting
14188: 00:45:33.775 - Config File: C:\Users\Gerar\Desktop\ServerSetup - Copy\PhotonRealtimeServer\bin_Win64\PhotonServer.config
14188: 00:45:33.776 - Will produce at most: 10 crash dumps
14188: 00:45:33.776 - Service shutting down
14188: 00:45:33.777 - Service shut down complete
25384: 00:53:07.750 - ---
25384: 00:53:07.750 - Service: "Photon Socket Server" starting
25384: 00:53:07.750 - Config File: C:\Users\Gerar\Desktop\ServerSetup - Copy\PhotonRealtimeServer\bin_Win64\PhotonServer.config
25384: 00:53:07.751 - Will produce at most: 10 crash dumps
25384: 00:53:07.751 - Service shutting down
25384: 00:53:07.752 - Service shut down complete
28848: 00:57:37.183 - ---
28848: 00:57:37.183 - Service: "Photon Socket Server" starting
28848: 00:57:37.183 - Config File: C:\Users\Gerar\Desktop\ServerSetup - Copy\PhotonRealtimeServer\bin_Win64\PhotonServer.config
28848: 00:57:37.184 - Will produce at most: 10 crash dumps
28848: 00:57:37.184 - Service shutting down
28848: 00:57:37.185 - Service shut down complete
12380: 01:01:18.115 - ---
12380: 01:01:18.115 - Service: "Photon Socket Server" starting
12380: 01:01:18.115 - Config File: C:\Users\Gerar\Desktop\ServerSetup - Copy\PhotonRealtimeServer\bin_Win64\PhotonServer.config
12380: 01:01:18.116 - Will produce at most: 10 crash dumps
12380: 01:01:18.116 - Service shutting down
12380: 01:01:18.118 - Service shut down complete
34088: 01:10:26.957 - ---
34088: 01:10:26.957 - Service: "Photon Socket Server" starting
34088: 01:10:26.957 - Config File: C:\Users\Gerar\Desktop\ServerSetup - Copy\PhotonRealtimeServer\bin_Win64\PhotonServer.config
34088: 01:10:26.958 - Will produce at most: 10 crash dumps
34088: 01:10:26.958 - Service shutting down
34088: 01:10:26.959 - Service shut down complete
