[INFO] 12:09:16 GameApplication - Loading configuration at C:\Users\Gerar\Desktop\ServerSetup - Copy\PhotonRealtimeServer\UberStrok.Realtime.Server.Game\bin\uberstrok.realtime.server.json
[INFO] 12:09:16 GameApplication - uberstrok.realtime.server.json loaded ->
[INFO] 12:09:16 GameApplication - 	CompositeHashes(0)
[INFO] 12:09:16 GameApplication - 	JunkHashes(0)
[INFO] 12:09:16 GameApplication - 	HeartbeatTimeout = 5
[INFO] 12:09:16 GameApplication - 	HeartbeatInterval = 5
[INFO] 12:09:16 GameApplication - Setup GameApplication... Complete
[INFO] 12:12:27 GameApplication - TearDown GameApplication... Complete
[INFO] 12:25:11 GameApplication - Loading configuration at C:\Users\Gerar\Desktop\ServerSetup - Copy\PhotonRealtimeServer\UberStrok.Realtime.Server.Game\bin\uberstrok.realtime.server.json
[INFO] 12:25:11 GameApplication - uberstrok.realtime.server.json loaded ->
[INFO] 12:25:11 GameApplication - 	CompositeHashes(0)
[INFO] 12:25:11 GameApplication - 	JunkHashes(0)
[INFO] 12:25:11 GameApplication - 	HeartbeatTimeout = 5
[INFO] 12:25:11 GameApplication - 	HeartbeatInterval = 5
[INFO] 12:25:11 GameApplication - Setup GameApplication... Complete
[INFO] 12:28:13 GameApplication - TearDown GameApplication... Complete
[INFO] 12:38:59 GameApplication - Loading configuration at C:\Users\Gerar\Desktop\ServerSetup - Copy\PhotonRealtimeServer\UberStrok.Realtime.Server.Game\bin\uberstrok.realtime.server.json
[INFO] 12:39:00 GameApplication - uberstrok.realtime.server.json loaded ->
[INFO] 12:39:00 GameApplication - 	CompositeHashes(0)
[INFO] 12:39:00 GameApplication - 	JunkHashes(0)
[INFO] 12:39:00 GameApplication - 	HeartbeatTimeout = 5
[INFO] 12:39:00 GameApplication - 	HeartbeatInterval = 5
[INFO] 12:39:00 GameApplication - Setup GameApplication... Complete
[INFO] 12:45:33 GameApplication - TearDown GameApplication... Complete
[INFO] 12:46:13 GameApplication - Loading configuration at C:\Users\Gerar\Desktop\ServerSetup - Copy\PhotonRealtimeServer\UberStrok.Realtime.Server.Game\bin\uberstrok.realtime.server.json
[INFO] 12:46:13 GameApplication - uberstrok.realtime.server.json loaded ->
[INFO] 12:46:13 GameApplication - 	CompositeHashes(0)
[INFO] 12:46:13 GameApplication - 	JunkHashes(0)
[INFO] 12:46:13 GameApplication - 	HeartbeatTimeout = 5
[INFO] 12:46:13 GameApplication - 	HeartbeatInterval = 5
[INFO] 12:46:13 GameApplication - Setup GameApplication... Complete
[INFO] 12:53:07 GameApplication - TearDown GameApplication... Complete
[INFO] 12:53:58 GameApplication - Loading configuration at C:\Users\Gerar\Desktop\ServerSetup - Copy\PhotonRealtimeServer\UberStrok.Realtime.Server.Game\bin\uberstrok.realtime.server.json
[INFO] 12:53:58 GameApplication - uberstrok.realtime.server.json loaded ->
[INFO] 12:53:58 GameApplication - 	CompositeHashes(0)
[INFO] 12:53:58 GameApplication - 	JunkHashes(0)
[INFO] 12:53:58 GameApplication - 	HeartbeatTimeout = 5
[INFO] 12:53:58 GameApplication - 	HeartbeatInterval = 5
[INFO] 12:53:58 GameApplication - Setup GameApplication... Complete
[INFO] 12:57:37 GameApplication - TearDown GameApplication... Complete
[INFO] 12:57:53 GameApplication - Loading configuration at C:\Users\Gerar\Desktop\ServerSetup - Copy\PhotonRealtimeServer\UberStrok.Realtime.Server.Game\bin\uberstrok.realtime.server.json
[INFO] 12:57:53 GameApplication - uberstrok.realtime.server.json loaded ->
[INFO] 12:57:53 GameApplication - 	CompositeHashes(0)
[INFO] 12:57:53 GameApplication - 	JunkHashes(0)
[INFO] 12:57:53 GameApplication - 	HeartbeatTimeout = 5
[INFO] 12:57:53 GameApplication - 	HeartbeatInterval = 5
[INFO] 12:57:53 GameApplication - Setup GameApplication... Complete
[INFO] 01:01:18 GameApplication - TearDown GameApplication... Complete
[INFO] 01:02:03 GameApplication - Loading configuration at C:\Users\Gerar\Desktop\ServerSetup - Copy\PhotonRealtimeServer\UberStrok.Realtime.Server.Game\bin\uberstrok.realtime.server.json
[INFO] 01:02:03 GameApplication - uberstrok.realtime.server.json loaded ->
[INFO] 01:02:03 GameApplication - 	CompositeHashes(0)
[INFO] 01:02:03 GameApplication - 	JunkHashes(0)
[INFO] 01:02:03 GameApplication - 	HeartbeatTimeout = 5
[INFO] 01:02:03 GameApplication - 	HeartbeatInterval = 5
[INFO] 01:02:03 GameApplication - Setup GameApplication... Complete
[INFO] 01:10:26 GameApplication - TearDown GameApplication... Complete
