[INFO] 07:41:08 GameApplication - Loading configuration at C:\Users\Gerar\Desktop\ServerSetup - Copy\PhotonRealtimeServer\UberStrok.Realtime.Server.Game\bin\uberstrok.realtime.server.json
[INFO] 07:41:08 GameApplication - uberstrok.realtime.server.json loaded ->
[INFO] 07:41:08 GameApplication - 	CompositeHashes(0)
[INFO] 07:41:08 GameApplication - 	JunkHashes(0)
[INFO] 07:41:08 GameApplication - 	HeartbeatTimeout = 5
[INFO] 07:41:08 GameApplication - 	HeartbeatInterval = 5
[INFO] 07:41:08 GameApplication - Setup GameApplication... Complete
[INFO] 07:52:29 GameApplication - TearDown GameApplication... Complete
[INFO] 07:53:28 GameApplication - Loading configuration at C:\Users\Gerar\Desktop\ServerSetup - Copy\PhotonRealtimeServer\UberStrok.Realtime.Server.Game\bin\uberstrok.realtime.server.json
[INFO] 07:53:28 GameApplication - uberstrok.realtime.server.json loaded ->
[INFO] 07:53:28 GameApplication - 	CompositeHashes(0)
[INFO] 07:53:28 GameApplication - 	JunkHashes(0)
[INFO] 07:53:28 GameApplication - 	HeartbeatTimeout = 5
[INFO] 07:53:28 GameApplication - 	HeartbeatInterval = 5
[INFO] 07:53:28 GameApplication - Setup GameApplication... Complete
[INFO] 07:53:53 GameApplication - Accepted new connection at 127.0.0.1:56939.
[INFO] 08:20:07 GameApplication - TearDown GameApplication... Complete
[INFO] 08:31:51 GameApplication - Loading configuration at C:\Users\Gerar\Desktop\ServerSetup - Copy\PhotonRealtimeServer\UberStrok.Realtime.Server.Game\bin\uberstrok.realtime.server.json
[INFO] 08:31:51 GameApplication - uberstrok.realtime.server.json loaded ->
[INFO] 08:31:51 GameApplication - 	CompositeHashes(0)
[INFO] 08:31:51 GameApplication - 	JunkHashes(0)
[INFO] 08:31:51 GameApplication - 	HeartbeatTimeout = 5
[INFO] 08:31:51 GameApplication - 	HeartbeatInterval = 5
[INFO] 08:31:51 GameApplication - Setup GameApplication... Complete
[INFO] 08:35:14 GameApplication - TearDown GameApplication... Complete
[INFO] 08:40:44 GameApplication - Loading configuration at C:\Users\Gerar\Desktop\ServerSetup - Copy\PhotonRealtimeServer\UberStrok.Realtime.Server.Game\bin\uberstrok.realtime.server.json
[INFO] 08:40:44 GameApplication - uberstrok.realtime.server.json loaded ->
[INFO] 08:40:44 GameApplication - 	CompositeHashes(0)
[INFO] 08:40:44 GameApplication - 	JunkHashes(0)
[INFO] 08:40:44 GameApplication - 	HeartbeatTimeout = 5
[INFO] 08:40:44 GameApplication - 	HeartbeatInterval = 5
[INFO] 08:40:44 GameApplication - Setup GameApplication... Complete
[INFO] 08:42:37 GameApplication - TearDown GameApplication... Complete
[INFO] 08:47:05 GameApplication - Loading configuration at C:\Users\Gerar\Desktop\ServerSetup - Copy\PhotonRealtimeServer\UberStrok.Realtime.Server.Game\bin\uberstrok.realtime.server.json
[INFO] 08:47:05 GameApplication - uberstrok.realtime.server.json loaded ->
[INFO] 08:47:05 GameApplication - 	CompositeHashes(0)
[INFO] 08:47:05 GameApplication - 	JunkHashes(0)
[INFO] 08:47:05 GameApplication - 	HeartbeatTimeout = 5
[INFO] 08:47:05 GameApplication - 	HeartbeatInterval = 5
[INFO] 08:47:05 GameApplication - Setup GameApplication... Complete
[INFO] 08:50:59 GameApplication - TearDown GameApplication... Complete
[INFO] 08:55:38 GameApplication - Loading configuration at C:\Users\Gerar\Desktop\ServerSetup - Copy\PhotonRealtimeServer\UberStrok.Realtime.Server.Game\bin\uberstrok.realtime.server.json
[INFO] 08:55:38 GameApplication - uberstrok.realtime.server.json loaded ->
[INFO] 08:55:38 GameApplication - 	CompositeHashes(0)
[INFO] 08:55:38 GameApplication - 	JunkHashes(0)
[INFO] 08:55:38 GameApplication - 	HeartbeatTimeout = 5
[INFO] 08:55:38 GameApplication - 	HeartbeatInterval = 5
[INFO] 08:55:38 GameApplication - Setup GameApplication... Complete
[INFO] 09:15:24 GameApplication - TearDown GameApplication... Complete
